============================================================
::: repricing_agent --apply :::
============================================================
  → 306937663074: $3.99 → $2.99  (-25.1%)
  → 306939333836: $43.99 → $36.99  (-15.9%)
  → 306939367849: $4.99 → $5.99  (+20.0%)
  → 306950542310: $4.99 → $3.99  (-20.0%)
  → 306951588245: $4.99 → $3.99  (-20.0%)
  → 306951619756: $5.99 → $4.99  (-16.7%)
  → 306952170626: $4.99 → $3.99  (-20.0%)
  → 306953125963: $7.99 → $6.99  (-12.5%)
  → 306953375292: $3.99 → $4.99  (+25.1%)
  → 306953377589: $3.99 → $4.99  (+25.1%)
  → 306953378457: $3.99 → $2.99  (-25.1%)
  → 306953380753: $5.99 → $6.99  (+16.7%)
  → 306953382811: $5.99 → $6.99  (+16.7%)
  → 306953384024: $5.99 → $6.99  (+16.7%)
  → 306953385368: $3.99 → $2.99  (-25.1%)
  → 306953386722: $4.99 → $3.99  (-20.0%)
  → 306953387885: $4.99 → $3.99  (-20.0%)

  Result: 16/25 applied successfully.
  Report: /Users/jason.chletsos/Documents/GitHub/jason_chletsos_ebay_lots/docs/repricing.html

============================================================
::: relist_agent --apply :::
============================================================
  Mookie Wilson (Relist) reporting in.
  Getting eBay access token...
  Fetching UnsoldList (last 14 days)...
  Found 6 unsold listing(s).
  Relisting 306937606464 as FP at $11.99...
  Relisting 306937463442 as FP at $15.99...
  Relisting 306934532731 as FP at $1.99...
  Relisting 306930914782 as FP at $3.46...
  Relisting 306930562031 as FP at $2.00...
  Relisting 306829826433 as FP at $4.51...
  Report: /Users/jason.chletsos/Documents/GitHub/jason_chletsos_ebay_lots/docs/relist.html
  Plan:   /Users/jason.chletsos/Documents/GitHub/jason_chletsos_ebay_lots/output/relist_plan.json

============================================================
::: best_offer_agent --apply :::
============================================================
  Getting eBay access token for GetItem hydration...
  GetItem hydrated 34 listings (0 from cache)
  Plan: fp_eligible=35  would_apply=11  vault_eligible=0  skipped=181

  Applying Best Offer settings to eBay...
  → 306913790653: ack=Success  (accept $32.29 / min $25.49)
  → 306913934898: ack=Success  (accept $11.88 / min $9.38)
  → 306758076966: ack=Success  (accept $2.84 / min $2.24)
  → 306931278274: ack=Success  (accept $8.54 / min $6.74)
  → 306931303163: ack=Success  (accept $30.39 / min $23.99)
  → 306939345538: ack=Success  (accept $1.90 / min $1.50)
  → 306953380753: ack=Success  (accept $1.74 / min $1.37)
  → 306953382811: ack=Success  (accept $1.84 / min $1.46)
  → 306953384024: ack=Success  (accept $1.84 / min $1.46)
  → 306953991770: ack=Success  (accept $4.28 / min $3.38)
  → 306956335494: ack=Success  (accept $11.00 / min $10.66)

  Result: 11/11 applied successfully.
  Report:  /Users/jason.chletsos/Documents/GitHub/jason_chletsos_ebay_lots/docs/best_offer.html
  Plan:    /Users/jason.chletsos/Documents/GitHub/jason_chletsos_ebay_lots/output/best_offer_plan.json

============================================================
::: watchers_offer_agent --apply :::
============================================================

  Plan summary: 12 to send · 180 no-watchers · 0 blocked · expected uplift $3.30

  Sending offers to eBay...
  WARN: marketing-scope token request returned 400; falling back to standard token. Body: {"error":"invalid_scope","error_description":"The requested scope is invalid, unknown, malformed, or exceeds the scope granted to the client"}
  → 306939333836: 2w · $43.99 → $38.71 (12%)
  → 306913790653: 1w · $41.99 → $36.95 (12%)
  → 306904078786: 1w · $10.99 → $9.67 (12%)
  → 306904203738: 1w · $8.99 → $7.91 (12%)
  → 306914911040: 3w · $2.99 → $2.63 (12%)
  → 306914169081: 2w · $2.99 → $2.63 (12%)
  → 306947434271: 1w · $5.99 → $5.27 (12%)
  → 306930930898: 1w · $2.99 → $2.63 (12%)
  → 306941728262: 1w · $2.99 → $2.63 (12%)
  → 306914248743: 1w · $1.99 → $1.75 (12%)
  → 306930807722: 1w · $1.99 → $1.75 (12%)
  → 306931285504: 1w · $2.22 → $1.95 (12%)

  Result: 0/12 offers sent successfully.
  Report: /Users/jason.chletsos/Documents/GitHub/jason_chletsos_ebay_lots/docs/watchers.html

============================================================
::: promoted_listings_agent --apply :::
============================================================
  Mike Piazza (Promoted Listings) reporting in.

  Tier breakdown across 192 listings:
         NO_AD ( 14)
           LOW (  0)
      STANDARD (178)
    AGGRESSIVE (  0)
           MAX (  0)
  Projected 30-day ad spend: $17.65

  Applying bid changes to eBay Marketing API...
  Using existing campaign 162250355019 (Harpua2001 Priority 20260517-1944)
  Pushing 178 per-listing bid percentages...
  Result: 178/178 bids accepted.
  Report: /Users/jason.chletsos/Documents/GitHub/jason_chletsos_ebay_lots/docs/promoted_listings.html

============================================================
::: repeat_buyers_agent --apply :::
============================================================
  Unique buyers : 62
  VIP           : 1
  Repeat        : 3
  One-and-done  : 58

  Top buyers by lifetime spend:
    rucketrevo                 1 orders     $205.00  [VIP]
    mon968698                  1 orders     $180.00  [One-and-done]
    bamcg-77                   1 orders      $65.00  [One-and-done]
    culturesyndicate           1 orders      $54.00  [One-and-done]
    preciseclothing            1 orders      $40.00  [One-and-done]

  Report: /Users/jason.chletsos/Documents/GitHub/jason_chletsos_ebay_lots/docs/buyers.html
  Plan:   /Users/jason.chletsos/Documents/GitHub/jason_chletsos_ebay_lots/output/repeat_buyers_plan.json

  Sending promo messages to 4 buyer(s) [tier=both]...
  → rucketrevo: ack=Success
  → playhardcards: ack=Success
  → spear_core: ack=Success
  → kk_sportscards9: ack=Success

============================================================
::: email_campaign_agent --apply :::
============================================================
  Tom Seaver (Email Campaign) reporting in.
  Loaded seller_hub_plan (6 featured), 192 snapshot listings, 192 market comps, 180 SCP entries
  Selected 6 steals for the email (price range $23.99-$49.99)
  Plan: /Users/jason.chletsos/Documents/GitHub/jason_chletsos_ebay_lots/output/email_campaign_plan.json
  Subject: This week's steals from Harpua2001 — up to 20% off
  Send result: FAILED  campaign_id=None  errors=[[{'errorId': 35202, 'domain': 'STORE_CRM', 'subdomain': 'Public API', 'category': 'REQUEST', 'message': 'CAMPAIGN_TYPE_IS_INVALID', 'longMessage': "'emailCampaignType' value is not supported. For the valid values, see the documentation for this call."}]]
  Report: /Users/jason.chletsos/Documents/GitHub/jason_chletsos_ebay_lots/docs/email_campaign.html

============================================================
::: daily_digest_agent (refresh after apply) :::
============================================================
  Bob Murphy (Daily Digest) reporting in.
  Daily digest @ 2026-05-23 05:32 UTC
  Yesterday: $0.00 on 0 order(s)
  7-day: $48.00 | 30-day: $397.82
  Active: 192 | Watchers: 0 | Offers pending: 0 | Msgs: 0
  TODO items: 3
  Wrote /Users/jason.chletsos/Documents/GitHub/jason_chletsos_ebay_lots/docs/daily.html
