::: inventory_agent :::
  Inventory: 0 cards loaded  (0 ready, 0 need photos)
  Plan:   /Users/jason.chletsos/Documents/GitHub/jason_chletsos_ebay_lots/output/inventory_plan.json
  Report: /Users/jason.chletsos/Documents/GitHub/jason_chletsos_ebay_lots/docs/inventory.html

::: cassini_score_agent :::
  Biggest mover: +25 -> 65 · 306931446668 2025 Panini Donruss Optic - My House DK Metcalf #8 Black Pan

  Top 3 RED rescue candidates (by price):
    $ 39.99  score=40  306758076966  Charcadet 022 Mega Evolution Promo Holo Pokemon Card NM
    $ 31.99  score=40  306904174454  Boomer Esiason Cincinnati Bengals New York Jets Footbal
    $ 26.99  score=40  306913790653  11 Raghib And Quadry Ismail Cards Raiders Vikings

  Report: /Users/jason.chletsos/Documents/GitHub/jason_chletsos_ebay_lots/docs/cassini.html
  Plan:   /Users/jason.chletsos/Documents/GitHub/jason_chletsos_ebay_lots/output/cassini_score_plan.json
  Snap:   /Users/jason.chletsos/Documents/GitHub/jason_chletsos_ebay_lots/output/cassini_score_snapshot.json

::: photo_audit_agent :::

  Severity tally: 90 severe · 84 poor · 2 ok · 1 good

  Top reshoot priorities:
    #1  306939333836  POOR   pri=   285.9  $ 43.99  2025-26 Topps Chrome Cam Ward RC Pink X Fractor Mega Exclusi
    #2  306904174454  SEVERE pri=   147.2  $ 31.99  Boomer Esiason Cincinnati Bengals New York Jets Football Car
    #3  306913790653  SEVERE pri=   124.2  $ 26.99  11 Raghib And Quadry Ismail Cards Raiders Vikings

  Report: /Users/jason.chletsos/Documents/GitHub/jason_chletsos_ebay_lots/docs/photo_audit.html
  JSON:   /Users/jason.chletsos/Documents/GitHub/jason_chletsos_ebay_lots/output/photo_audit.json

::: price_consistency_agent :::
  David Wright (Price Consistency) reporting in.
  Loading live prices from eBay GetMyeBaySelling...
  Fetched 192 listings
  Live listings: 189
  Clean: 0 drift across 171 files / 189 live listings.

::: price_drops_agent :::
  Mike Richter (Price Drops) reporting in.
[snapshot] 367 tracked listings across 7 plan files
[diff] drops=0 new=5 gone=2 (prior=364, current=367)
[wrote] /Users/jason.chletsos/Documents/GitHub/jason_chletsos_ebay_lots/output/price_drops_snapshot.json
[wrote] /Users/jason.chletsos/Documents/GitHub/jason_chletsos_ebay_lots/output/price_drops_plan.json
[wrote] /Users/jason.chletsos/Documents/GitHub/jason_chletsos_ebay_lots/docs/price_drops.html

::: repricing_agent :::
  Fetching market comps for 192 listings...
  Market comps done — 25 underpriced, 78 overpriced
  Loading sold history...
  Aggregating multi-source pricing...
  Loaded 192 active listings

  Plan summary: 54 to apply · 116 dead-zone · 22 blocked

  Dry run only. Re-run with --apply to push changes.
  Report: /Users/jason.chletsos/Documents/GitHub/jason_chletsos_ebay_lots/docs/repricing.html

::: relist_agent :::
  Fetching UnsoldList (last 14 days)...
  Found 6 unsold listing(s).
  [dry-run] would relist 306937606464 as FP at $11.99
  [dry-run] would relist 306937463442 as FP at $15.99
  [dry-run] would relist 306934532731 as FP at $1.99
  [dry-run] would relist 306930914782 as FP at $3.46
  [dry-run] would relist 306930562031 as FP at $2.00
  [dry-run] would relist 306829826433 as FP at $4.51
  Report: /Users/jason.chletsos/Documents/GitHub/jason_chletsos_ebay_lots/docs/relist.html
  Plan:   /Users/jason.chletsos/Documents/GitHub/jason_chletsos_ebay_lots/output/relist_plan.json

::: returns_agent :::
  Getting eBay access token...
  Fetching active returns (Post-Order v2 /return/search)...
  Post-Order GET /return/search → 200 (header style: iaf)
  Found 0 open return(s).

  Dry run only — dashboard rendered for review.
  Report: /Users/jason.chletsos/Documents/GitHub/jason_chletsos_ebay_lots/docs/returns.html
  Plan:   /Users/jason.chletsos/Documents/GitHub/jason_chletsos_ebay_lots/output/returns_plan.json

::: seller_hub_agent :::
  Plan written: /Users/jason.chletsos/Documents/GitHub/jason_chletsos_ebay_lots/output/seller_hub_plan.json
  Report written: /Users/jason.chletsos/Documents/GitHub/jason_chletsos_ebay_lots/docs/seller_hub.html
  Categories: 8  · Listings: 192
  Featured: 6  · PL queued: 163

::: promoted_listings_agent :::
  Tier breakdown across 192 listings:
         NO_AD ( 14)
           LOW (  0)
      STANDARD (178)
    AGGRESSIVE (  0)
           MAX (  0)
  Projected 30-day ad spend: $17.65

  Dry run only. Re-run with --apply to push bids to eBay.
  Report: /Users/jason.chletsos/Documents/GitHub/jason_chletsos_ebay_lots/docs/promoted_listings.html

::: best_offer_agent :::
  Fetching market medians (Browse API)...
  Fetching market comps for 192 listings...
  Market comps done — 25 underpriced, 78 overpriced
  Getting eBay access token for GetItem hydration...
  GetItem hydrated 34 listings (0 from cache)
  Plan: fp_eligible=35  would_apply=11  vault_eligible=0  skipped=181

  Dry run only. Re-run with --apply to push to eBay.
  Report:  /Users/jason.chletsos/Documents/GitHub/jason_chletsos_ebay_lots/docs/best_offer.html
  Plan:    /Users/jason.chletsos/Documents/GitHub/jason_chletsos_ebay_lots/output/best_offer_plan.json

::: best_offer_autorespond_agent :::
  Loaded 192 listings from best_offer_plan.json
  Fetching eBay access token...
  GetBestOffers (status=Pending)...
  Found 0 pending offer(s)
  Decisions: accept=0  decline=0  counter=0  leave=0  uplift≈$0.00

  Nothing to do — inbox empty.
  Inbox:  /Users/jason.chletsos/Documents/GitHub/jason_chletsos_ebay_lots/docs/best_offer_inbox.html

::: watchers_offer_agent :::
  Fetching access token + active listings...
  Fetched 192 listings
  Loaded 192 active listings · 73 sold history records
  Fetching watcher counts (Trading API GetMyeBaySelling)...
  Got watcher counts for 192 listings (12 with ≥1 watcher)

  Plan summary: 12 to send · 180 no-watchers · 0 blocked · expected uplift $3.15

  Dry run only. Re-run with --apply to send offers.
  Report: /Users/jason.chletsos/Documents/GitHub/jason_chletsos_ebay_lots/docs/watchers.html

::: buyer_watchlist_agent :::
  John Starks (Buyer Watchlist) reporting in.
  → Jaxson Dart (Giants)
  → Cam Skattebo (Giants)
  Players: 2  ·  Listings scanned: 545  ·  Deals: 166
  Plan:   /Users/jason.chletsos/Documents/GitHub/jason_chletsos_ebay_lots/output/buyer_watchlist_plan.json
  Report: /Users/jason.chletsos/Documents/GitHub/jason_chletsos_ebay_lots/docs/collect.html

::: repeat_buyers_agent :::
    rucketrevo                 1 orders     $205.00  [VIP]
    mon968698                  1 orders     $180.00  [One-and-done]
    bamcg-77                   1 orders      $65.00  [One-and-done]
    culturesyndicate           1 orders      $54.00  [One-and-done]
    preciseclothing            1 orders      $40.00  [One-and-done]

  Report: /Users/jason.chletsos/Documents/GitHub/jason_chletsos_ebay_lots/docs/buyers.html
  Plan:   /Users/jason.chletsos/Documents/GitHub/jason_chletsos_ebay_lots/output/repeat_buyers_plan.json

  Dry run only. Re-run with --apply to send messages.

::: top_sellers_agent :::
  -> DCSports87
  -> COMC
  -> Greg Morris Cards
  -> Burbank Sports Cards
  -> Probstein123
  -> 4 Sharp Corners
  -> Remember When Sports Cards
  Sellers: 7  ·  Listings indexed: 12
  Plan:   /Users/jason.chletsos/Documents/GitHub/jason_chletsos_ebay_lots/output/top_sellers_plan.json
  Report: /Users/jason.chletsos/Documents/GitHub/jason_chletsos_ebay_lots/docs/top_sellers.html

::: under_10_agent :::
  -> Jaxson Dart (under $10)
  -> Cam Skattebo (under $10)
  -> Pikachu (under $10)
  -> Charizard (under $10)
  -> Mew (under $10)
  -> Mewtwo (under $10)
  -> Eevee (under $10)
  Buckets: 12  ·  Listings: 364
  Plan:   /Users/jason.chletsos/Documents/GitHub/jason_chletsos_ebay_lots/output/under_10_plan.json
  Report: /Users/jason.chletsos/Documents/GitHub/jason_chletsos_ebay_lots/docs/under_10.html

::: vault_eligibility :::
  Eli Manning (Vault) reporting in.
  Plan written: /Users/jason.chletsos/Documents/GitHub/jason_chletsos_ebay_lots/output/vault_plan.json
  Report written: /Users/jason.chletsos/Documents/GitHub/jason_chletsos_ebay_lots/docs/vault.html
  Route: 0  · Consider: 0  · Skipped: 0  · 30d lift est: $0.00

::: pokemon_news_agent :::
  -> Mega Brave
  -> Mega Symphonia
  -> Destined Rivals
  -> Black Bolt & White Flare
  -> Journey Together
  -> Prismatic Evolutions
  -> Surging Sparks
  Sets: 8  ·  Listings: 28  ·  Pre-orders: 1
  Plan:   /Users/jason.chletsos/Documents/GitHub/jason_chletsos_ebay_lots/output/pokemon_news_plan.json
  Report: /Users/jason.chletsos/Documents/GitHub/jason_chletsos_ebay_lots/docs/pokemon_news.html

::: email_campaign_agent :::
  Tom Seaver (Email Campaign) reporting in.
  Loaded seller_hub_plan (6 featured), 192 snapshot listings, 192 market comps, 180 SCP entries
  Selected 6 steals for the email (price range $23.99-$49.99)
  Plan: /Users/jason.chletsos/Documents/GitHub/jason_chletsos_ebay_lots/output/email_campaign_plan.json
  Subject: This week's steals from Harpua2001 — up to 20% off
  Dry run only. Preview written. Re-run with --apply to send.
  Report: /Users/jason.chletsos/Documents/GitHub/jason_chletsos_ebay_lots/docs/email_campaign.html

::: orders_watch_agent :::
  Got 48 order row(s).

  Today        : $4.19 across 1 order(s)
  7-day total  : $106.68
  30-day total : $456.50
  Rows in plan : 48

  Plan:   /Users/jason.chletsos/Documents/GitHub/jason_chletsos_ebay_lots/output/orders_watch_plan.json
  Live:   /Users/jason.chletsos/Documents/GitHub/jason_chletsos_ebay_lots/docs/orders_watch_plan.json
  Page:   /Users/jason.chletsos/Documents/GitHub/jason_chletsos_ebay_lots/docs/orders_watch.html

::: daily_digest_agent :::
  Bob Murphy (Daily Digest) reporting in.
  Daily digest @ 2026-05-23 05:11 UTC
  Yesterday: $0.00 on 0 order(s)
  7-day: $48.00 | 30-day: $397.82
  Active: 192 | Watchers: 0 | Offers pending: 0 | Msgs: 0
  TODO items: 3
  Wrote /Users/jason.chletsos/Documents/GitHub/jason_chletsos_ebay_lots/docs/daily.html

