::: inventory_agent (dry) :::
  Inventory: 0 cards loaded  (0 ready, 0 need photos)
  Plan:   /Users/jason.chletsos/Documents/GitHub/jason_chletsos_ebay_lots/output/inventory_plan.json
  Report: /Users/jason.chletsos/Documents/GitHub/jason_chletsos_ebay_lots/docs/inventory.html

::: cassini_score_agent (dry) :::
  Top 3 RED rescue candidates (by price):
    $ 61.99  score=40  306904174454  Boomer Esiason Cincinnati Bengals New York Jets Footbal
    $ 53.99  score=40  306758076966  Charcadet 022 Mega Evolution Promo Holo Pokemon Card NM
    $ 51.99  score=40  306913790653  11 Raghib And Quadry Ismail Cards Raiders Vikings

  Report: /Users/jason.chletsos/Documents/GitHub/jason_chletsos_ebay_lots/docs/cassini.html
  Plan:   /Users/jason.chletsos/Documents/GitHub/jason_chletsos_ebay_lots/output/cassini_score_plan.json
  Snap:   /Users/jason.chletsos/Documents/GitHub/jason_chletsos_ebay_lots/output/cassini_score_snapshot.json

::: photo_audit_agent (dry) :::

  Top reshoot priorities:
    #1  306939333836  POOR   pri=   285.9  $ 43.99  2025-26 Topps Chrome Cam Ward RC Pink X Fractor Mega Exclusi
    #2  306904174454  SEVERE pri=   285.1  $ 61.99  Boomer Esiason Cincinnati Bengals New York Jets Football Car
    #3  306913790653  SEVERE pri=   239.2  $ 51.99  11 Raghib And Quadry Ismail Cards Raiders Vikings

  Report: /Users/jason.chletsos/Documents/GitHub/jason_chletsos_ebay_lots/docs/photo_audit.html
  JSON:   /Users/jason.chletsos/Documents/GitHub/jason_chletsos_ebay_lots/output/photo_audit.json

::: price_consistency_agent (dry) :::
  David Wright (Price Consistency) reporting in.
  Loading live prices from eBay GetMyeBaySelling...
  Fetched 200 listings
  Live listings: 197
  Clean: 0 drift across 168 files / 197 live listings.

::: price_drops_agent (dry) :::
  Mike Richter (Price Drops) reporting in.
[snapshot] 368 tracked listings across 7 plan files
[diff] drops=0 new=1 gone=0 (prior=367, current=368)
[wrote] /Users/jason.chletsos/Documents/GitHub/jason_chletsos_ebay_lots/output/price_drops_snapshot.json
[wrote] /Users/jason.chletsos/Documents/GitHub/jason_chletsos_ebay_lots/output/price_drops_plan.json
[wrote] /Users/jason.chletsos/Documents/GitHub/jason_chletsos_ebay_lots/docs/price_drops.html

::: repricing_agent (dry) :::
  Loading sold history...
  Aggregating multi-source pricing...
  Loaded 200 active listings

  Plan summary: 54 to apply · 125 dead-zone · 21 blocked

  Dry run only. Re-run with --apply to push changes.
  Report: /Users/jason.chletsos/Documents/GitHub/jason_chletsos_ebay_lots/docs/repricing.html

::: relist_agent (dry) :::
  [dry-run] would relist 306937606464 as FP at $11.99
  [dry-run] would relist 306937463442 as FP at $15.99
  [dry-run] would relist 306934532731 as FP at $1.99
  [dry-run] would relist 306930914782 as FP at $3.46
  [dry-run] would relist 306930562031 as FP at $2.00
  [dry-run] would relist 306829826433 as FP at $4.51
  Report: /Users/jason.chletsos/Documents/GitHub/jason_chletsos_ebay_lots/docs/relist.html
  Plan:   /Users/jason.chletsos/Documents/GitHub/jason_chletsos_ebay_lots/output/relist_plan.json

::: returns_agent (dry) :::
  Getting eBay access token...
  Fetching active returns (Post-Order v2 /return/search)...
  Post-Order GET /return/search → 200 (header style: iaf)
  Found 0 open return(s).

  Dry run only — dashboard rendered for review.
  Report: /Users/jason.chletsos/Documents/GitHub/jason_chletsos_ebay_lots/docs/returns.html
  Plan:   /Users/jason.chletsos/Documents/GitHub/jason_chletsos_ebay_lots/output/returns_plan.json

::: seller_hub_agent (dry) :::
  Plan written: /Users/jason.chletsos/Documents/GitHub/jason_chletsos_ebay_lots/output/seller_hub_plan.json
  Report written: /Users/jason.chletsos/Documents/GitHub/jason_chletsos_ebay_lots/docs/seller_hub.html
  Categories: 8  · Listings: 200
  Featured: 6  · PL queued: 186

::: promoted_listings_agent (dry) :::
           LOW (  0)
      STANDARD (185)
    AGGRESSIVE (  0)
           MAX (  0)
  Projected 30-day ad spend: $18.21

  Dry run only. Re-run with --apply to push bids to eBay.
  Report: /Users/jason.chletsos/Documents/GitHub/jason_chletsos_ebay_lots/docs/promoted_listings.html

::: best_offer_agent (dry) :::
  Market comps done — 27 underpriced, 82 overpriced
  Getting eBay access token for GetItem hydration...
  GetItem hydrated 36 listings (0 from cache)
  Plan: fp_eligible=36  would_apply=4  vault_eligible=0  skipped=196

  Dry run only. Re-run with --apply to push to eBay.
  Report:  /Users/jason.chletsos/Documents/GitHub/jason_chletsos_ebay_lots/docs/best_offer.html
  Plan:    /Users/jason.chletsos/Documents/GitHub/jason_chletsos_ebay_lots/output/best_offer_plan.json

::: best_offer_autorespond_agent (dry) :::
  Loaded 200 listings from best_offer_plan.json
  Fetching eBay access token...
  GetBestOffers (status=Pending)...
  Found 0 pending offer(s)
  Decisions: accept=0  decline=0  counter=0  leave=0  uplift≈$0.00

  Nothing to do — inbox empty.
  Inbox:  /Users/jason.chletsos/Documents/GitHub/jason_chletsos_ebay_lots/docs/best_offer_inbox.html

::: watchers_offer_agent (dry) :::
  Loaded 200 active listings · 73 sold history records
  Fetching watcher counts (Trading API GetMyeBaySelling)...
  Got watcher counts for 223 listings (11 with ≥1 watcher)

  Plan summary: 11 to send · 189 no-watchers · 0 blocked · expected uplift $5.06

  Dry run only. Re-run with --apply to send offers.
  Report: /Users/jason.chletsos/Documents/GitHub/jason_chletsos_ebay_lots/docs/watchers.html

::: buyer_watchlist_agent (dry) :::
  John Starks (Buyer Watchlist) reporting in.
  → Jaxson Dart (Giants)
  → Cam Skattebo (Giants)
  Players: 2  ·  Listings scanned: 492  ·  Deals: 165
  Plan:   /Users/jason.chletsos/Documents/GitHub/jason_chletsos_ebay_lots/output/buyer_watchlist_plan.json
  Report: /Users/jason.chletsos/Documents/GitHub/jason_chletsos_ebay_lots/docs/collect.html

::: repeat_buyers_agent (dry) :::
    bamcg-77                   1 orders      $65.00  [One-and-done]
    culturesyndicate           1 orders      $54.00  [One-and-done]
    preciseclothing            1 orders      $40.00  [One-and-done]

  Report: /Users/jason.chletsos/Documents/GitHub/jason_chletsos_ebay_lots/docs/buyers.html
  Plan:   /Users/jason.chletsos/Documents/GitHub/jason_chletsos_ebay_lots/output/repeat_buyers_plan.json

  Dry run only. Re-run with --apply to send messages.

::: top_sellers_agent (dry) :::
  -> Greg Morris Cards
  -> Burbank Sports Cards
  -> Probstein123
  -> 4 Sharp Corners
  -> Remember When Sports Cards
  Sellers: 7  ·  Listings indexed: 12
  Plan:   /Users/jason.chletsos/Documents/GitHub/jason_chletsos_ebay_lots/output/top_sellers_plan.json
  Report: /Users/jason.chletsos/Documents/GitHub/jason_chletsos_ebay_lots/docs/top_sellers.html

::: under_10_agent (dry) :::
  -> Pikachu (under $10)
  -> Charizard (under $10)
  -> Mew (under $10)
  -> Mewtwo (under $10)
  -> Eevee (under $10)
  Buckets: 12  ·  Listings: 375
  Plan:   /Users/jason.chletsos/Documents/GitHub/jason_chletsos_ebay_lots/output/under_10_plan.json
  Report: /Users/jason.chletsos/Documents/GitHub/jason_chletsos_ebay_lots/docs/under_10.html

::: vault_eligibility (dry) :::
  Eli Manning (Vault) reporting in.
  Plan written: /Users/jason.chletsos/Documents/GitHub/jason_chletsos_ebay_lots/output/vault_plan.json
  Report written: /Users/jason.chletsos/Documents/GitHub/jason_chletsos_ebay_lots/docs/vault.html
  Route: 0  · Consider: 0  · Skipped: 0  · 30d lift est: $0.00

::: pokemon_news_agent (dry) :::
  -> Destined Rivals
  -> Black Bolt & White Flare
  -> Journey Together
  -> Prismatic Evolutions
  -> Surging Sparks
  Sets: 8  ·  Listings: 27  ·  Pre-orders: 0
  Plan:   /Users/jason.chletsos/Documents/GitHub/jason_chletsos_ebay_lots/output/pokemon_news_plan.json
  Report: /Users/jason.chletsos/Documents/GitHub/jason_chletsos_ebay_lots/docs/pokemon_news.html

::: email_campaign_agent (dry) :::
  Tom Seaver (Email Campaign) reporting in.
  Loaded seller_hub_plan (6 featured), 200 snapshot listings, 200 market comps, 180 SCP entries
  Selected 6 steals for the email (price range $20.99-$64.99)
  Plan: /Users/jason.chletsos/Documents/GitHub/jason_chletsos_ebay_lots/output/email_campaign_plan.json
  Subject: This week's steals from Harpua2001 — up to 20% off
  Dry run only. Preview written. Re-run with --apply to send.
  Report: /Users/jason.chletsos/Documents/GitHub/jason_chletsos_ebay_lots/docs/email_campaign.html

::: orders_watch_agent (dry) :::
  Today        : $20.86 across 3 order(s)
  7-day total  : $120.02
  30-day total : $473.17
  Rows in plan : 50

  Plan:   /Users/jason.chletsos/Documents/GitHub/jason_chletsos_ebay_lots/output/orders_watch_plan.json
  Live:   /Users/jason.chletsos/Documents/GitHub/jason_chletsos_ebay_lots/docs/orders_watch_plan.json
  Page:   /Users/jason.chletsos/Documents/GitHub/jason_chletsos_ebay_lots/docs/orders_watch.html

============ APPLIES ============
::: repricing_agent --apply :::
  → 306953389827: $8.99 → $10.99  (+22.2%)
  → 306953391681: $6.99 → $7.99  (+14.3%)
  → 306953637845: $4.99 → $3.99  (-20.0%)
  → 306953888258: $8.90 → $7.99  (-10.2%)
  → 306953930331: $4.99 → $3.99  (-20.0%)
  → 306953932686: $4.99 → $5.99  (+20.0%)
  → 306953987205: $3.99 → $2.99  (-25.1%)
  → 306953991770: $5.99 → $4.99  (-16.7%)
  → 306954025783: $3.45 → $3.99  (+15.7%)

  Result: 13/25 applied successfully.
  Report: /Users/jason.chletsos/Documents/GitHub/jason_chletsos_ebay_lots/docs/repricing.html

::: relist_agent --apply :::
  Mookie Wilson (Relist) reporting in.
  Getting eBay access token...
  Fetching UnsoldList (last 14 days)...
  Found 6 unsold listing(s).
  Relisting 306937606464 as FP at $11.99...
  Relisting 306937463442 as FP at $15.99...
  Relisting 306934532731 as FP at $1.99...
  Relisting 306930914782 as FP at $3.46...
  Relisting 306930562031 as FP at $2.00...
  Relisting 306829826433 as FP at $4.51...
  Report: /Users/jason.chletsos/Documents/GitHub/jason_chletsos_ebay_lots/docs/relist.html
  Plan:   /Users/jason.chletsos/Documents/GitHub/jason_chletsos_ebay_lots/output/relist_plan.json

::: best_offer_agent --apply :::
  GetItem hydrated 36 listings (0 from cache)
  Plan: fp_eligible=36  would_apply=4  vault_eligible=0  skipped=196

  Applying Best Offer settings to eBay...
  → 306913790653: ack=Success  (accept $61.74 / min $48.74)
  → 306913934898: ack=Success  (accept $18.99 / min $14.99)
  → 306931278274: ack=Success  (accept $14.24 / min $11.24)
  → 306931303163: ack=Success  (accept $58.89 / min $46.49)

  Result: 4/4 applied successfully.
  Report:  /Users/jason.chletsos/Documents/GitHub/jason_chletsos_ebay_lots/docs/best_offer.html
  Plan:    /Users/jason.chletsos/Documents/GitHub/jason_chletsos_ebay_lots/output/best_offer_plan.json

::: watchers_offer_agent --apply :::
  → 306956577061: 3w · $11.84 → $10.06 (15%)
  → 306904078786: 1w · $10.99 → $9.34 (15%)
  → 306914169081: 2w · $2.99 → $2.54 (15%)
  → 306947434271: 1w · $5.99 → $5.09 (15%)
  → 306930930898: 1w · $2.99 → $2.54 (15%)
  → 306941728262: 1w · $2.99 → $2.54 (15%)
  → 306914248743: 1w · $1.99 → $1.69 (15%)
  → 306930807722: 1w · $1.99 → $1.69 (15%)
  → 306931285504: 1w · $2.22 → $1.89 (15%)

  Result: 0/11 offers sent successfully.
  Report: /Users/jason.chletsos/Documents/GitHub/jason_chletsos_ebay_lots/docs/watchers.html

::: promoted_listings_agent --apply :::
         NO_AD ( 15)
           LOW (  0)
      STANDARD (185)
    AGGRESSIVE (  0)
           MAX (  0)
  Projected 30-day ad spend: $18.21

  Applying bid changes to eBay Marketing API...
  Using existing campaign 162250355019 (Harpua2001 Priority 20260517-1944)
  Pushing 185 per-listing bid percentages...
  Result: 185/185 bids accepted.
  Report: /Users/jason.chletsos/Documents/GitHub/jason_chletsos_ebay_lots/docs/promoted_listings.html

::: repeat_buyers_agent --apply :::
    bamcg-77                   1 orders      $65.00  [One-and-done]
    culturesyndicate           1 orders      $54.00  [One-and-done]
    preciseclothing            1 orders      $40.00  [One-and-done]

  Report: /Users/jason.chletsos/Documents/GitHub/jason_chletsos_ebay_lots/docs/buyers.html
  Plan:   /Users/jason.chletsos/Documents/GitHub/jason_chletsos_ebay_lots/output/repeat_buyers_plan.json

  Sending promo messages to 4 buyer(s) [tier=both]...
  → rucketrevo: ack=Success
  → playhardcards: ack=Success
  → spear_core: ack=Success
  → kk_sportscards9: ack=Success

::: email_campaign_agent --apply :::
  Tom Seaver (Email Campaign) reporting in.
  Loaded seller_hub_plan (6 featured), 200 snapshot listings, 200 market comps, 180 SCP entries
  Selected 6 steals for the email (price range $20.99-$64.99)
  Plan: /Users/jason.chletsos/Documents/GitHub/jason_chletsos_ebay_lots/output/email_campaign_plan.json
  Subject: This week's steals from Harpua2001 — up to 20% off
  Send result: FAILED  campaign_id=None  errors=[[{'errorId': 35202, 'domain': 'STORE_CRM', 'subdomain': 'Public API', 'category': 'REQUEST', 'message': 'CAMPAIGN_TYPE_IS_INVALID', 'longMessage': "'emailCampaignType' value is not supported. For the valid values, see the documentation for this call."}]]
  Report: /Users/jason.chletsos/Documents/GitHub/jason_chletsos_ebay_lots/docs/email_campaign.html

::: daily_digest :::
  Bob Murphy (Daily Digest) reporting in.
  Daily digest @ 2026-05-23 23:24 UTC
  Yesterday: $0.00 on 0 order(s)
  7-day: $44.67 | 30-day: $397.82
  Active: 200 | Watchers: 0 | Offers pending: 0 | Msgs: 0
  TODO items: 3
  Wrote /Users/jason.chletsos/Documents/GitHub/jason_chletsos_ebay_lots/docs/daily.html
