Pricing 122 listings (of 2479 total). Rate: 1 req/sec.
Estimated runtime: ~256s (2 API calls each).

[1/122] 307043940621  2025 Topps Icons Pickens/Lamb Paramount Pairings Cowboys Football
    → low conf (0.49): George Pickens [Black] #80
[2/122] 307043940672  Panini Mosaic Kurt Warner Touchdown Masters Green Rams Football
    → low conf (0.40): Kurt Warner #19
[3/122] 307043940733  2025 Topps Icons Hurts/Barkley Paramount Pairings Eagles Football
    → Jalen Hurts [Refractor] #63 · raw $1.00 · conf 0.45
[4/122] 307043940818  2025 Topps Icons CeeDee Lamb The Pick Cowboys Football
    → low conf (0.51): CeeDee Lamb [Red] #76
[5/122] 307043940953  2025 Topps Icons Gibbs/Montgomery Paramount Pairings Lions Football
    → low conf (0.47): Morgan Gibbs-White
[6/122] 307043941109  Panini Mosaic Calvin Johnson Touchdown Masters Lions Football
    → Calvin Johnson #16 · raw $1.38 · conf 0.42
[7/122] 307043941193  2025 Topps Icons Love/Jacobs Paramount Pairings Packers Football
    → low conf (0.47): Jordan Love / Josh Jacobs #19
[8/122] 307043941237  2025 Topps Icons Kelce/Mahomes Paramount Pairings Chiefs Football
    → Travis Kelce / Patrick Mahomes II #SC-12 · raw $12.51 · conf 0.49
[9/122] 307043941299  2025 Topps Icons Lamar/Henry Paramount Pairings Ravens Football
    → low conf (0.45): Thierry Henry #ML-5
[10/122] 307043941373  2025 Topps Icons Maye/Diggs Paramount Pairings Patriots Football
    → Marcelo Mayer #67 · raw $65.50 · conf 0.47
[11/122] 307043941442  Panini Prizm Brock Bowers Fractal Raiders Football
    → Brock Bowers #6 · raw $0.99 · conf 0.43
[12/122] 307043941567  2025 Topps Icons Caleb Williams/Odunze Paramount Pairings Bears Footba
    → low conf (0.54): Caleb Williams [Red] #52
[13/122] 307043941638  Panini Prizm Trevor Lawrence Jaguars Football
    → low conf (0.52): Trevor Lawrence [Jacksonville Jaguars] #TL
[14/122] 307043941813  Panini Prizm Josh Allen Fractal Bills Football
    → Josh Allen #14 · raw $1.88 · conf 0.41
[15/122] 307043941913  2025 Topps Icons TreVeyon Henderson The Pick RC Patriots Football
    → low conf (0.56): TreVeyon Henderson [Red] #328
[16/122] 307043941956  Panini Prizm Jalen Hurts Fireworks Green Eagles Football
    → Jalen Hurts #F-1 · raw $1.75 · conf 0.42
[17/122] 307043942021  Panini Prizm Emeka Egbuka Fireworks Green RC Buccaneers Football
    → Emeka Egbuka #2 · raw $1.25 · conf 0.42
[18/122] 307043942073  Panini Prizm Quinshon Judkins Fireworks RC Browns Football
    → Quinshon Judkins #19 · raw $1.19 · conf 0.43
[19/122] 307043942153  2025 Panini Select Xavier Worthy Select Certified RC Chiefs Football
    → Xavier Worthy  [Prizm] #13 · raw $0.99 · conf 0.59
[20/122] 307043942320  2025 Topps Icons Zay Flowers Baltimore Ravens Football
    → low conf (0.51): Zay Flowers [Red] #22
[21/122] 307043942391  2025 Panini Select Matthew Golden Future RC Packers Football
    → Matthew Golden #6 · raw $1.54 · conf 0.66
[22/122] 307043942462  2025 Panini Select Colston Loveland Future RC Bears Football
    → Colston Loveland #8 · raw $1.00 · conf 0.66
[23/122] 307043942518  2025 Topps Signature Class Jalen Hurts Eagles Football
    → Saquon Barkley / Jalen Hurts #PP-5 · raw $2.00 · conf 0.45
[24/122] 307043942569  2025 Topps Signature Class Cam Ward RC Titans Football
    → Cam Whitmore #CCA-CW · raw $45.00 · conf 0.43
[25/122] 307043942625  2025 Topps Signature Class Joe Burrow Bengals Football
    → low conf (0.40): Joe Cribbs #PI-JC
[26/122] 307043942769  Panini Select Mason Taylor Future RC Jets Football
    → Mason Taylor #21 · raw $1.18 · conf 0.43
[27/122] 307043942846  Panini Select Cam Ward Numbers RC Titans Football
    → low conf (0.39): Cam Ward #24
[28/122] 307043942919  Panini Select Micah Parsons Numbers Packers Football
    → Micah Parsons #5 · raw $1.50 · conf 0.44
[29/122] 307043943114  2025 Topps Chrome Cosmic Ja'Marr Chase Round 1 Pick 5 Bengals Football
    → Ja'Marr Chase #20 · raw $2.83 · conf 0.62
[30/122] 307044251763  Panini Phoenix Michael Penix Jr Paragon Falcons Football
    → Michael Penix Jr. [Phoenix] #229 · raw $6.60 · conf 0.42
[31/122] 307044251955  Panini Phoenix Ashton Jeanty Paragon Orange RC Raiders Football
    → low conf (0.37): Ashton Jeanty #6
[32/122] 307044252136  Panini Select TreVeyon Henderson Future RC Patriots Football
    → TreVeyon Henderson #15 · raw $1.00 · conf 0.46
[33/122] 307044252308  Panini Select Matthew Golden Future RC Packers Football
    → Matthew Golden #6 · raw $1.54 · conf 0.46
[34/122] 307044252511  Panini Phoenix Bo Nix Paragon Orange Broncos Football
    → Bo Nix [Phoenix] #83 · raw $10.00 · conf 0.41
[35/122] 307044252717  Panini Select Colston Loveland Future RC Bears Football
    → Colston Loveland #8 · raw $1.00 · conf 0.46
[36/122] 307044252912  Panini Select Michael Penix Jr Numbers Falcons Football
    → Michael Penix Jr. #9 · raw $1.00 · conf 0.65
[37/122] 307044253064  Panini Select Ashton Jeanty Select Certified RC Raiders Football
    → Ashton Jeanty #4 · raw $1.24 · conf 0.42
[38/122] 307044253276  Panini Select Quinshon Judkins Select Certified RC Browns Football
    → Quinshon Judkins #20 · raw $1.22 · conf 0.43
[39/122] 307044253359  Panini Select Matthew Golden Select Certified RC Packers Football
    → Matthew Golden #18 · raw $1.25 · conf 0.42
[40/122] 307044253430  Panini Totally Certified Patrick Mahomes Franchise Foundations Chiefs 
    → low conf (0.20): Patrick Ewing #19
[41/122] 307044253505  Panini Prizm Luther Burden III Prizmatic RC Bears Football
    → Luther Burden III #14 · raw $1959.33 · conf 0.65
[42/122] 307044253559  Panini Donruss Sam LaPorta Lions Football
    → Sam LaPorta [Pink] #5 · raw $2.30 · conf 0.43
[43/122] 307044253622  Panini Select Bijan Robinson Numbers RC Falcons Football
    → Bijan Robinson #SN-BR · raw $1.08 · conf 0.48
[44/122] 307044253698  Panini Revolution Brock Bowers Raiders Football
    → low conf (0.33): Brock Bowers #1
[45/122] 307044253744  Panini Phoenix Ashton Jeanty RC Raiders Football
    → low conf (0.37): Ashton Jeanty #6
[46/122] 307044253792  Panini Revolution Colston Loveland RC Bears Football
    → low conf (0.36): Colston Loveland #14
[47/122] 307044253833  Panini Mosaic Emeka Egbuka Elevate Green RC Buccaneers Football
    → Emeka Egbuka #2 · raw $1.00 · conf 0.43
[48/122] 307044253915  Panini Prizm Cam Ward Prizmatic Green RC Titans Football
    → low conf (0.38): Cam Ward #4
[49/122] 307044253956  Panini Prizm Omarion Hampton Green Cracked Ice RC Chargers Football
    → Omarion Hampton [Green] #9 · raw $1.25 · conf 0.65
[50/122] 307044253993  Panini Select Travis Hunter Turbocharged Orange RC Jaguars Football
    → low conf (0.39): Travis Hunter #11
[51/122] 307044254033  Topps Chrome Mark Andrews XFractor Ravens Football
    → Mark Andrews [X-Fractor] #23 · raw $1.24 · conf 0.49
[52/122] 307044254082  Panini Phoenix Contours TreVeyon Henderson Cyan RC Patriots Football
    → low conf (0.20): TreVeyon Henderson #22
[53/122] 307044254144  Panini Phoenix Contours Tetairoa McMillan Cyan RC Panthers Football
    → low conf (0.21): Tetairoa McMillan #5
[54/122] 307044254236  Panini Phoenix Contours Xavier Worthy Red Chiefs Football
    → low conf (0.18): Xavier Worthy #16
[55/122] 307044254281  Panini Phoenix Contours RJ Harvey Black RC Broncos Football
    → low conf (0.25): Michael Penix Jr. #CON-MPJ
[56/122] 307044254320  Panini Phoenix Mark Andrews Blue Ravens Football
    → low conf (0.35): Mark Andrews #14
[57/122] 307044254467  Panini Phoenix Christian McCaffrey Blue 49ers Football
    → low conf (0.40): Christian McCaffrey #2
[58/122] 307044254565  Panini Phoenix TreVeyon Henderson Thunderbirds RC Patriots Football
    → TreVeyon Henderson [Phoenix] #187 · raw $7.50 · conf 0.47
[59/122] 307044254632  Panini Phoenix Travis Kelce Thunderbirds Chiefs Football
    → low conf (0.35): Travis Kelce #25
[60/122] 307044254696  Panini Phoenix Drake Maye Thunderbirds Patriots Football
    → Drake Maye [Phoenix] #111 · raw $16.68 · conf 0.41
[61/122] 307044254761  Panini Phoenix Contours Kyler Murray Red Cardinals Football
    → low conf (0.17): Kyler Murray #1
[62/122] 307044254826  Panini Phoenix Contours Bijan Robinson Red Falcons Football
    → low conf (0.17): Bijan Robinson #2
[63/122] 307044254878  Panini Phoenix Bo Nix Silver Broncos Football
    → Bo Nix [Phoenix] #83 · raw $10.00 · conf 0.41
[64/122] 307044254924  Panini Phoenix Lamar Jackson Thunderbirds Ravens Football
    → Lamar Jackson [Phoenix] #102 · raw $4.18 · conf 0.44
[65/122] 307044254980  Panini Donruss Optic Brock Bowers Raiders Football
    → Brock Bowers [Stars] #3 · raw $1.87 · conf 0.48
[66/122] 307044255020  Panini Phoenix Contours Cam Ward RC Titans Football
    → low conf (0.13): Cam Ward #31
[67/122] 307044255048  Panini Phoenix Drake Maye Paragon Orange Patriots Football
    → Drake Maye [Phoenix] #111 · raw $16.68 · conf 0.41
[68/122] 307044255082  Panini Phoenix Dak Prescott Thunderbirds Cowboys Football
    → Dak Prescott [Phoenix] #31 · raw $2.62 · conf 0.43
[69/122] 307044255119  Panini Select Travis Kelce Numbers Chiefs Football
    → Travis Kelce #24 · raw $1.47 · conf 0.42
[70/122] 307044255155  Panini Select Bijan Robinson Red Falcons Football
    → Bijan Robinson [Red] #7 · raw $4.69 · conf 0.65
[71/122] 307044255186  Panini Select Christian McCaffrey Turbocharged 49ers Football
    → Christian McCaffrey #TUR-CMC · raw $1.27 · conf 0.46
[72/122] 307044255260  Panini Select Luther Burden III Future RC Bears Football
    → Luther Burden III #2 · raw $1.85 · conf 0.66
[73/122] 307044255290  Panini Select Jaxon Smith-Njigba Numbers Seahawks Football
    → Jaxon Smith-Njigba #20 · raw $1.05 · conf 0.46
[74/122] 307044255321  Panini Select Patrick Mahomes Chiefs Football
    → Patrick Mahomes II · raw $3.00 · conf 0.48
[75/122] 307044255355  Panini Phoenix Mason Graham Orange /385 RC Browns Football
    → Mason Graham [Phoenix] #162 · raw $1.88 · conf 0.43
[76/122] 307044255375  Panini Select Bhayshul Tuten Copper /899 RC Jaguars Football
    → Bhayshul Tuten [Copper] #RSW-BTN · raw $12.00 · conf 0.61
[77/122] 307044255417  Panini Select TreVeyon Henderson Tri-Color RC Patriots Football
    → TreVeyon Henderson [Tri-Color Prizm] #78 · raw $6.94 · conf 0.62
[78/122] 307044255451  Panini Select Justin Jefferson Sparks Vikings Football
    → Justin Jefferson #SPR-JJ · raw $1.90 · conf 0.48
[79/122] 307044255497  3 Card Lot Chrome Cosmic Round-Pick Warren Ertz Ezeiruaku Football RC
    → lot listing — skipped
[80/122] 307044255533  3 Card Lot Chrome Cosmic Round-Pick Adams Moore Scourton Football RC
    → lot listing — skipped
[81/122] 307044255594  3 Card Lot Chrome XFractor Johnson Alt Tuipulotu Football RC
    → lot listing — skipped
[82/122] 307044255629  3 Card Lot Chrome XFractor Watson Brown Williams Football RC
    → lot listing — skipped
[83/122] 307044255645  3 Card Lot Chrome XFractor Smith Bradbury To'oto'o Football RC
    → lot listing — skipped
[84/122] 307044255678  1 Card Lot Donruss Adams Football RC
    → lot listing — skipped
[85/122] 307044255718  4 Card Lot Mosaic Darnold Sampson Royals Emmanwori Football RC
    → lot listing — skipped
[86/122] 307044255759  3 Card Lot Mosaic Mellott Blue Ertz Football RC
    → lot listing — skipped
[87/122] 307044255904  4 Card Lot Phoenix McCarthy Odunze McLaurin Zorn Football RC
    → lot listing — skipped
[88/122] 307044255947  4 Card Lot Phoenix Shough Odunze Highsmith Chambers Football RC
    → lot listing — skipped
[89/122] 307044255974  4 Card Lot Phoenix Brown Odunze Bullock Fouts Football RC
    → lot listing — skipped
[90/122] 307044256001  3 Card Lot Phoenix Bigsby Coleman Surtain Football RC
    → lot listing — skipped
[91/122] 307044256057  4 Card Lot Prizm Tagovailoa Tagovailoa Harris Addison Football RC
    → lot listing — skipped
[92/122] 307044256082  3 Card Lot 2025 Panini Prizm Banks RJ Harvey Tai Felton Football RC
    → lot listing — skipped
[93/122] 307044256122  3 Card Lot 2025 Panini Prizm Caleb Williams Royals Vrabel Football RC
    → lot listing — skipped
[94/122] 307044256145  4 Card Lot Select Certified Milroe Corley Thornton Ferguson Football R
    → lot listing — skipped
[95/122] 307044256168  4 Card Lot Select Certified Shough Burton Felton Walker Football RC
    → lot listing — skipped
[96/122] 307044256197  4 Card Lot Select Certified Milton Reed Arroyo Bonitto Football RC
    → lot listing — skipped
[97/122] 307044256227  4 Card Lot Select Certified Corum Bech Kincaid Collins Football RC
    → lot listing — skipped
[98/122] 307044256277  4 Card Lot Select Certified Worthy Green Warren Barron Football RC
    → lot listing — skipped
[99/122] 307044256309  3 Card Lot Select Future Shough Johnson Starks Football RC
    → lot listing — skipped
[100/122] 307044256352  2 Card Lot Select Future Shough Coleman Football RC
    → lot listing — skipped
[101/122] 307044256389  3 Card Lot Select Numbers McCarthy Mayfield Adams Football RC
    → lot listing — skipped
[102/122] 307044256415  3 Card Lot Select Numbers Love McCarthy Adams Football RC
    → lot listing — skipped
[103/122] 307044256440  4 Card Lot Select Turbocharged Rodgers Fields Addison Watt Football RC
    → lot listing — skipped
[104/122] 307044256466  4 Card Lot Select Turbocharged Rodgers Kamara Worthy Watt Football RC
    → lot listing — skipped
[105/122] 307044256503  1 Card Lot Topps Class Action Pickens Football RC
    → lot listing — skipped
[106/122] 307044256527  4 Card Lot Topps Icons Rookies Smith Mims Sawyer Savaiinaea Football R
    → lot listing — skipped
[107/122] 307044256557  4 Card Lot Topps Icons Rookies Mellott Hudson Moore Riley Football RC
    → lot listing — skipped
[108/122] 307044256580  4 Card Lot Topps Icons Rookies James Njoku Kennard Powell-Ryland Footb
    → lot listing — skipped
[109/122] 307044256603  3 Card Lot Topps Icons Rookies Samuel Riley Green Football RC
    → lot listing — skipped
[110/122] 307044256630  3 Card Lot Topps Icons Rookies Flowers Booker Moore Football RC
    → lot listing — skipped
[111/122] 307044256660  3 Card Lot Totally Certified Richardson Moore Liufau Football RC
    → lot listing — skipped
[112/122] 307044256705  2 Card Lot Totally Certified Jones Turner Football RC
    → lot listing — skipped
[113/122] 307044329407  Panini Phoenix Contours TreVeyon Henderson Black RC Patriots Football
    → low conf (0.20): TreVeyon Henderson #22
[114/122] 307044329457  4 Card Lot Optic Rookies Smith Ouzts Hawes Williams Football RC
    → lot listing — skipped
[115/122] 307044329510  2 Card Lot Optic Rated Rookies Pat Bryant Tyleik Williams Football RC
    → lot listing — skipped
[116/122] 307044447834  2025 Panini Prizm Prizmatic Ashton Jeanty RC Las Vegas Raiders Footbal
    → Ashton Jeanty #7 · raw $1.31 · conf 0.60
[117/122] 307044468986  2025 Panini Prizm Derwin James Jr Green Los Angeles Chargers Football
    → Derwin James Jr. #15 · raw $0.99 · conf 0.84
[118/122] 307044529894  2025 Panini Prizm Draft Arch Manning Instant Impact Texas Football
    → Arch Manning #3 · raw $499.46 · conf 0.63
[119/122] 307044529909  2025 Panini Donruss Optic Cole Kmet Blue Stars Chicago Bears Football
    → Cole Kmet [Blue] #71 · raw $0.99 · conf 0.87
[120/122] 307044529927  2025 Donruss Optic Tez Johnson Rated Rookie RC Buccaneers Football
    → Tez Johnson #RPA-TJN · raw $25.74 · conf 0.71
[121/122] 307044529947  2025 Panini Prizm Draft Jalen Milroe Fearless RC Alabama Football
    → Jalen Milroe #5 · raw $1.00 · conf 0.63
[122/122] 307044529966  5 Card Lot Prizm Draft RC Wingo Leonard Alexander Watts Sanders Footba
    → lot listing — skipped

Done. matched=55  low_conf=30  no_match=0  lots=37
Wrote /Users/jason.chletsos/Documents/GitHub/jason_chletsos_ebay_lots/sportscardspro_prices.json
