########## relist --apply ##########
  Mookie Wilson (Relist) reporting in.
  Getting eBay access token...
  Fetching UnsoldList (last 14 days)...
  Found 200 unsold listing(s).
  GUARD: excluded 42 already-SOLD card(s) from relist.
  GUARD: excluded 58 already-ACTIVE card(s) from relist (dup prevention).
  GUARD: excluded 96 lot / lot-component listing(s) from relist.
  Relisting 306997193414 as FP at $5.46...
  Relisting 306996442093 as FP at $5.46...
  Relisting 306996441984 as FP at $5.46...
  Relisting 306996233122 as FP at $3.12...
  Report: /Users/jason.chletsos/Documents/GitHub/jason_chletsos_ebay_lots/docs/relist.html
  Plan:   /Users/jason.chletsos/Documents/GitHub/jason_chletsos_ebay_lots/output/relist_plan.json

########## watchers_offer --apply ##########
  Patrick Ewing (Watchers Offer) reporting in.
  Fetching access token + active listings...
  Fetched 2409 listings across 13 page(s)
  Loaded 2409 active listings · 262 sold history records
  Fetching watcher counts (Trading API GetMyeBaySelling)...
  Got watcher counts for 2409 listings (55 with ≥1 watcher)

  Plan summary: 43 to send · 2354 no-watchers · 12 blocked · expected uplift $8.09

  Sending offers to eBay...
  Checking findEligibleItems for eBay-confirmed eligible listings...
  eBay reports 12 listing(s) with eligible buyers.
  → 307001220474: 2w · $7.99 → $6.79 (15%)
  → 307021549572: 1w · $3.99 → $3.39 (15%)
  → 306993419942: 1w · $2.99 → $2.54 (15%)
  → 307021790704: 1w · $2.99 → $2.54 (15%)
  → 307021792308: 1w · $2.49 → $2.12 (15%)
  → 307006958490: 1w · $1.99 → $1.69 (15%)

  Result: 6/6 offers sent successfully.
  Report: /Users/jason.chletsos/Documents/GitHub/jason_chletsos_ebay_lots/docs/watchers.html

########## promoted_listings --apply ##########
  Mike Piazza (Promoted Listings) reporting in.

  Tier breakdown across 2409 listings:
         NO_AD (  0)
           LOW (386)
      STANDARD (  0)
    AGGRESSIVE (  0)
           MAX (  0)
  Projected 30-day ad spend: $257.58

  Applying bid changes to eBay Marketing API...
  Using existing campaign 155010049019 (Campaign 12/12/2025 18:05:01)
  Pushing 2409 per-listing bid percentages...
  Result: 2409/2409 bids accepted.
  Report: /Users/jason.chletsos/Documents/GitHub/jason_chletsos_ebay_lots/docs/promoted_listings.html
APPLY2_DONE
