========== inventory_agent ==========
  Inventory: 1443 cards loaded  (1443 ready, 0 need photos)
  Plan:   /Users/jason.chletsos/Documents/GitHub/jason_chletsos_ebay_lots/output/inventory_plan.json
  Report: /Users/jason.chletsos/Documents/GitHub/jason_chletsos_ebay_lots/docs/inventory.html

========== cassini_score_agent ==========
  Top 3 RED rescue candidates (by price):
    $ 79.99  score=20  307033427842  2025 Topps Signature Class Auto Ashton Jeanty RC Raider
    $ 49.99  score=20  307033427920  2025 Topps Signature Class Auto Will Johnson /150 RC Ca
    $ 34.99  score=20  307003202154  2025 Panini Prizm Draft Picks Jalen Milroe Saturday Sta

  Report: /Users/jason.chletsos/Documents/GitHub/jason_chletsos_ebay_lots/docs/cassini.html
  Plan:   /Users/jason.chletsos/Documents/GitHub/jason_chletsos_ebay_lots/output/cassini_score_plan.json
  Snap:   /Users/jason.chletsos/Documents/GitHub/jason_chletsos_ebay_lots/output/cassini_score_snapshot.json

========== photo_audit_agent ==========

  Top reshoot priorities:
    #1  306997074779  SEVERE pri=    52.9  $  8.57  2024-25 Panini Contenders NIL Karleigh Reutzel Private Signi
    #2  306931303163  POOR   pri=    45.5  $ 13.99  4 1991 Playball U.S.A. - Darryl Strawberry NFL
    #3  306996196578  SEVERE pri=    41.3  $  8.57  2025 Topps Signature Class Paramount Pairings CeeDee Lamb Ge

  Report: /Users/jason.chletsos/Documents/GitHub/jason_chletsos_ebay_lots/docs/photo_audit.html
  JSON:   /Users/jason.chletsos/Documents/GitHub/jason_chletsos_ebay_lots/output/photo_audit.json

========== price_consistency_agent ==========
    docs/items/307020770992.html: 307020770992 rendered $3.99 vs live $2.99
    docs/items/307020771105.html: 307020771105 rendered $4.99 vs live $3.99
    docs/items/307020771155.html: 307020771155 rendered $3.99 vs live $2.99
    docs/items/307020771673.html: 307020771673 rendered $5.99 vs live $4.99
    docs/items/307020771951.html: 307020771951 rendered $3.99 vs live $2.99
    docs/items/307020772185.html: 307020772185 rendered $8.99 vs live $7.99
    docs/items/307020772233.html: 307020772233 rendered $3.99 vs live $2.99
    docs/items/307020772579.html: 307020772579 rendered $3.99 vs live $2.99

========== price_drops_agent ==========
  Mike Richter (Price Drops) reporting in.
[snapshot] 319 tracked listings across 7 plan files
[diff] drops=0 new=0 gone=0 (prior=319, current=319)
[wrote] /Users/jason.chletsos/Documents/GitHub/jason_chletsos_ebay_lots/output/price_drops_snapshot.json
[wrote] /Users/jason.chletsos/Documents/GitHub/jason_chletsos_ebay_lots/output/price_drops_plan.json
[wrote] /Users/jason.chletsos/Documents/GitHub/jason_chletsos_ebay_lots/docs/price_drops.html

========== card_price_agent ==========
    → Christian McCaffrey #44 · raw $1.49 · conf 0.45
[74/75] 307037738499  2025 Panini Phoenix Thunderbirds QB Mayfield Darnold Nix Smith Fields 
    → Shedeur Sanders #13 · raw $1.33 · conf 0.44
[75/75] 307037738519  2025 Panini Phoenix Thunderbirds Young Penix Shough Harrison RC Footba
    → Bryce Young #6 · raw $1.02 · conf 0.41

Done. matched=22  low_conf=33  no_match=2  lots=18
Wrote /Users/jason.chletsos/Documents/GitHub/jason_chletsos_ebay_lots/sportscardspro_prices.json

========== repricing_agent ==========
  Snapshot at output/listings_snapshot.json is fresh (<6h); reusing.
  Using cached snapshot at output/listings_snapshot.json
  Loaded 250 active listings

  Plan summary: 84 to apply · 166 dead-zone · 0 blocked

  Dry run only. Re-run with --apply to push changes.
  Report: /Users/jason.chletsos/Documents/GitHub/jason_chletsos_ebay_lots/docs/repricing.html

========== relist_agent ==========
  GUARD: excluded 96 lot / lot-component listing(s) from relist.
  [dry-run] would relist 306997193414 as FP at $5.46
  [dry-run] would relist 306996442093 as FP at $5.46
  [dry-run] would relist 306996441984 as FP at $5.46
  [dry-run] would relist 306996233122 as FP at $3.12
  [dry-run] would relist 307009045898 as FP at $5.99
  Report: /Users/jason.chletsos/Documents/GitHub/jason_chletsos_ebay_lots/docs/relist.html
  Plan:   /Users/jason.chletsos/Documents/GitHub/jason_chletsos_ebay_lots/output/relist_plan.json

========== returns_agent ==========
  Getting eBay access token...
  Fetching active returns (Post-Order v2 /return/search)...
  Post-Order GET /return/search → 200 (header style: iaf)
  Found 2 open return(s).

  Dry run only — dashboard rendered for review.
  Report: /Users/jason.chletsos/Documents/GitHub/jason_chletsos_ebay_lots/docs/returns.html
  Plan:   /Users/jason.chletsos/Documents/GitHub/jason_chletsos_ebay_lots/output/returns_plan.json

========== seller_hub_agent ==========
  Plan written: /Users/jason.chletsos/Documents/GitHub/jason_chletsos_ebay_lots/output/seller_hub_plan.json
  Report written: /Users/jason.chletsos/Documents/GitHub/jason_chletsos_ebay_lots/docs/seller_hub.html
  Categories: 7  · Listings: 2482
  Featured: 6  · PL queued: 2482

========== promoted_listings_agent ==========
           LOW (387)
      STANDARD (  0)
    AGGRESSIVE (  0)
           MAX (  0)
  Projected 30-day ad spend: $273.04

  Dry run only. Re-run with --apply to push bids to eBay.
  Report: /Users/jason.chletsos/Documents/GitHub/jason_chletsos_ebay_lots/docs/promoted_listings.html

========== best_offer_agent ==========
  Market comps done — 0 underpriced, 0 overpriced
  Getting eBay access token for GetItem hydration...
  GetItem hydrated 200 listings (parallel; capped this run)
  Plan: fp_eligible=1940  would_apply=10  vault_eligible=0  skipped=2472

  Dry run only. Re-run with --apply to push to eBay.
  Report:  /Users/jason.chletsos/Documents/GitHub/jason_chletsos_ebay_lots/docs/best_offer.html
  Plan:    /Users/jason.chletsos/Documents/GitHub/jason_chletsos_ebay_lots/output/best_offer_plan.json

========== best_offer_autorespond_agent ==========
  Loaded 2482 listings from best_offer_plan.json
  Fetching eBay access token...
  GetBestOffers (status=Pending)...
  Found 0 pending offer(s)
  Decisions: accept=0  decline=0  counter=0  leave=0  uplift≈$0.00

  Nothing to do — inbox empty.
  Inbox:  /Users/jason.chletsos/Documents/GitHub/jason_chletsos_ebay_lots/docs/best_offer_inbox.html

========== watchers_offer_agent ==========
  Loaded 2518 active listings · 262 sold history records
  Fetching watcher counts (Trading API GetMyeBaySelling)...
  Got watcher counts for 2518 listings (58 with ≥1 watcher)

  Plan summary: 38 to send · 2460 no-watchers · 20 blocked · expected uplift $8.62

  Dry run only. Re-run with --apply to send offers.
  Report: /Users/jason.chletsos/Documents/GitHub/jason_chletsos_ebay_lots/docs/watchers.html

========== buyer_watchlist_agent ==========
  Browse failed for 'punisher marvel cover': 429 Client Error: Too Many Requests for url: https://api.ebay.com/buy/browse/v1/item_summary/search?q=punisher+marvel+cover&limit=100&filter=buyingOptions%3A%7BFIXED_PRICE%7CAUCTION%7D%2CitemLocationCountry%3AUS%2Cprice%3A%5B5..300%5D%2CpriceCurrency%3AUSD
  → Marvel's Wolverine (Marvel)
  Browse failed for 'wolverine marvel psa 10': 429 Client Error: Too Many Requests for url: https://api.ebay.com/buy/browse/v1/item_summary/search?q=wolverine+marvel+psa+10&limit=100&filter=buyingOptions%3A%7BFIXED_PRICE%7CAUCTION%7D%2CitemLocationCountry%3AUS%2Cprice%3A%5B30..2500%5D%2CpriceCurrency%3AUSD
  Browse failed for 'wolverine marvel card': 429 Client Error: Too Many Requests for url: https://api.ebay.com/buy/browse/v1/item_summary/search?q=wolverine+marvel+card&limit=100&filter=buyingOptions%3A%7BFIXED_PRICE%7CAUCTION%7D%2CitemLocationCountry%3AUS%2Cprice%3A%5B5..250%5D%2CpriceCurrency%3AUSD
  Browse failed for 'wolverine x-men card': 429 Client Error: Too Many Requests for url: https://api.ebay.com/buy/browse/v1/item_summary/search?q=wolverine+x-men+card&limit=100&filter=buyingOptions%3A%7BFIXED_PRICE%7CAUCTION%7D%2CitemLocationCountry%3AUS%2Cprice%3A%5B5..300%5D%2CpriceCurrency%3AUSD
  Players: 5  ·  Listings scanned: 0  ·  Deals: 0
  Plan:   /Users/jason.chletsos/Documents/GitHub/jason_chletsos_ebay_lots/output/buyer_watchlist_plan.json
  Report: /Users/jason.chletsos/Documents/GitHub/jason_chletsos_ebay_lots/docs/collect.html

========== repeat_buyers_agent ==========
    briadelvecchi-0            1 orders     $124.00  [One-and-done]
    1016lee                    1 orders      $90.00  [One-and-done]
    grhill_0                   4 orders      $72.32  [Repeat]

  Report: /Users/jason.chletsos/Documents/GitHub/jason_chletsos_ebay_lots/docs/buyers.html
  Plan:   /Users/jason.chletsos/Documents/GitHub/jason_chletsos_ebay_lots/output/repeat_buyers_plan.json

  Dry run only. (Apply path is disabled — see kill switch in source.)

========== top_sellers_agent ==========
  Browse failed for seller=4sharpcorners q='graded': 429 Client Error: Too Many Requests for url: https://api.ebay.com/buy/browse/v1/item_summary/search?q=graded&limit=50&filter=sellers%3A%7B4sharpcorners%7D%2CbuyingOptions%3A%7BFIXED_PRICE%7CAUCTION%7D%2CitemLocationCountry%3AUS%2Cprice%3A%5B1..100%5D%2CpriceCurrency%3AUSD&sort=price
  -> Remember When Sports Cards
  Browse failed for seller=rememberwhensportscards q='vintage': 429 Client Error: Too Many Requests for url: https://api.ebay.com/buy/browse/v1/item_summary/search?q=vintage&limit=50&filter=sellers%3A%7Brememberwhensportscards%7D%2CbuyingOptions%3A%7BFIXED_PRICE%7CAUCTION%7D%2CitemLocationCountry%3AUS%2Cprice%3A%5B1..100%5D%2CpriceCurrency%3AUSD&sort=price
  Browse failed for seller=rememberwhensportscards q='1960': 429 Client Error: Too Many Requests for url: https://api.ebay.com/buy/browse/v1/item_summary/search?q=1960&limit=50&filter=sellers%3A%7Brememberwhensportscards%7D%2CbuyingOptions%3A%7BFIXED_PRICE%7CAUCTION%7D%2CitemLocationCountry%3AUS%2Cprice%3A%5B1..100%5D%2CpriceCurrency%3AUSD&sort=price
  Browse failed for seller=rememberwhensportscards q='1970': 429 Client Error: Too Many Requests for url: https://api.ebay.com/buy/browse/v1/item_summary/search?q=1970&limit=50&filter=sellers%3A%7Brememberwhensportscards%7D%2CbuyingOptions%3A%7BFIXED_PRICE%7CAUCTION%7D%2CitemLocationCountry%3AUS%2Cprice%3A%5B1..100%5D%2CpriceCurrency%3AUSD&sort=price
  Sellers: 7  ·  Listings indexed: 0
  Plan:   /Users/jason.chletsos/Documents/GitHub/jason_chletsos_ebay_lots/output/top_sellers_plan.json
  Report: /Users/jason.chletsos/Documents/GitHub/jason_chletsos_ebay_lots/docs/top_sellers.html

========== under_10_agent ==========
  Browse failed for 'mewtwo card': 429 Client Error: Too Many Requests for url: https://api.ebay.com/buy/browse/v1/item_summary/search?q=mewtwo+card&limit=100&filter=buyingOptions%3A%7BFIXED_PRICE%7CAUCTION%7D%2CitemLocationCountry%3AUS%2Cprice%3A%5B1.0..10.0%5D%2CpriceCurrency%3AUSD
  Browse failed for 'mewtwo holo': 429 Client Error: Too Many Requests for url: https://api.ebay.com/buy/browse/v1/item_summary/search?q=mewtwo+holo&limit=100&filter=buyingOptions%3A%7BFIXED_PRICE%7CAUCTION%7D%2CitemLocationCountry%3AUS%2Cprice%3A%5B1.0..10.0%5D%2CpriceCurrency%3AUSD
  -> Eevee (under $10)
  Browse failed for 'eevee card': 429 Client Error: Too Many Requests for url: https://api.ebay.com/buy/browse/v1/item_summary/search?q=eevee+card&limit=100&filter=buyingOptions%3A%7BFIXED_PRICE%7CAUCTION%7D%2CitemLocationCountry%3AUS%2Cprice%3A%5B1.0..10.0%5D%2CpriceCurrency%3AUSD
  Browse failed for 'eevee holo': 429 Client Error: Too Many Requests for url: https://api.ebay.com/buy/browse/v1/item_summary/search?q=eevee+holo&limit=100&filter=buyingOptions%3A%7BFIXED_PRICE%7CAUCTION%7D%2CitemLocationCountry%3AUS%2Cprice%3A%5B1.0..10.0%5D%2CpriceCurrency%3AUSD
  Buckets: 15  ·  Listings: 0
  Plan:   /Users/jason.chletsos/Documents/GitHub/jason_chletsos_ebay_lots/output/under_10_plan.json
  Report: /Users/jason.chletsos/Documents/GitHub/jason_chletsos_ebay_lots/docs/under_10.html

========== orders_watch_agent ==========
  Today        : $0.00 across 0 order(s)
  7-day total  : $0.00
  30-day total : $475.60
  Rows in plan : 50

  Plan:   /Users/jason.chletsos/Documents/GitHub/jason_chletsos_ebay_lots/output/orders_watch_plan.json
  Live:   /Users/jason.chletsos/Documents/GitHub/jason_chletsos_ebay_lots/docs/orders_watch_plan.json
  Page:   /Users/jason.chletsos/Documents/GitHub/jason_chletsos_ebay_lots/docs/orders_watch.html

========== site_health_agent ==========
  Plan file freshness     YELLOW  stale: browse_index_plan.json (98h)
  Active listing count    GREEN   2482 listings (0.0% change from 2482)
  Sold history            GREEN   last sale 2.3d ago (2026-06-30)

  Report JSON: /Users/jason.chletsos/Documents/GitHub/jason_chletsos_ebay_lots/output/site_health_report.json
  Report HTML: /Users/jason.chletsos/Documents/GitHub/jason_chletsos_ebay_lots/docs/health.html

  Overall: All checks passed.

========== daily_digest_agent ==========
  Bob Murphy (Daily Digest) reporting in.
  Daily digest @ 2026-07-02 18:49 UTC
  Yesterday: $0.00 on 0 order(s)
  7-day: $211.29 | 30-day: $1,293.09
  Active: 2482 | Watchers: 0 | Offers pending: 0 | Msgs: 0
  TODO items: 3
  Wrote /Users/jason.chletsos/Documents/GitHub/jason_chletsos_ebay_lots/docs/daily.html

