
########## card_price_agent.py ##########
Pricing 224 listings (of 2409 total). Rate: 1 req/sec.
Estimated runtime: ~470s (2 API calls each).

[1/224] 306903937710  Jerome Bettis Los Angeles Rams Notre Dame Football Card Lot (10) HOF T
    → lot listing — skipped
[2/224] 306903941543  Tim Brown Los Angeles Raiders Football Card Lot (14) HOF Wide Receiver
    → lot listing — skipped
[3/224] 306903947932  Carl Banks New York Giants Football Card Lot (8) Super Bowl LB
    → lot listing — skipped
[4/224] 307027551621  2025 Panini Revolution Bryce Young New Wave Insert Carolina Panthers Q
    → Bryce Young #17 · raw $1.20 · conf 0.52
[5/224] 307027551645  2025 Panini Revolution Ashton Jeanty New Wave Insert RC Las Vegas Raid
    → Ashton Jeanty #5 · raw $1.13 · conf 0.54
[6/224] 307027551707  2025 Panini Revolution Myles Garrett Star Gazing Insert Cleveland Brow
    → Myles Garrett #7 · raw $1.25 · conf 0.54
[7/224] 307027551750  2025 Panini Revolution Bucky Irving Futures Insert RC Tampa Bay Buccan
    → Bucky Irving #12 · raw $1.38 · conf 0.53
[8/224] 307027551858  2025 Panini Revolution Bo Jackson Gridiron Legends Insert Las Vegas Ra
    → Bo Jackson #11 · raw $1.63 · conf 0.51
[9/224] 307027551916  2025 Panini Revolution D'Andre Swift 113/175 Chicago Bears RB Football
    → D'Andre Swift #165 · raw $1.50 · conf 0.53
[10/224] 307027551959  2025 Panini Revolution Rome Odunze Futures Insert RC Chicago Bears WR 
    → Rome Odunze #9 · raw $1.55 · conf 0.53
[11/224] 307027552022  2025 Panini Revolution Michael Vick Gridiron Legends Insert Atlanta Fa
    → Michael Vick #24 · raw $1.22 · conf 0.53
[12/224] 307027552048  2025 Panini Revolution Javonte Williams 306/549 Dallas Cowboys RB Foot
    → Javonte Williams #79 · raw $1.49 · conf 0.56
[13/224] 307027605145  2025 Topps Signature Class Nick Martin RC Round 3 Pick 11 #215 49ers L
    → Nick Martin #215 · raw $1.49 · conf 0.50
[14/224] 307027605205  2025 Panini Revolution Matthew Golden RC Green Green Bay Packers WR Fo
    → Matthew Golden #23 · raw $1.28 · conf 0.54
[15/224] 307027605286  2025 Panini Revolution Ashton Jeanty RC Las Vegas Raiders RB Football
    → Ashton Jeanty #5 · raw $1.13 · conf 0.54
[16/224] 307027605320  2025 Topps Signature Class CJ Stroud Round 1 Pick 2 Houston Texans QB 
    → low conf (0.44): CJ Stroud [Red Lava] #23
[17/224] 307027605405  2025 Panini Revolution Luther Burden III RC Orange Chicago Bears WR Fo
    → Luther Burden III #2 · raw $1.18 · conf 0.52
[18/224] 307027605481  2025 Panini Revolution Matthew Golden RC Red Green Bay Packers WR Foot
    → Matthew Golden #23 · raw $1.28 · conf 0.54
[19/224] 307027605584  2025 Panini Select Tyleik Williams 216/249 Detroit Lions DT Football
    → low conf (0.64): Tyleik Williams #15
[20/224] 307027605687  2025 Panini Revolution Luther Burden III RC Red Chicago Bears WR Footb
    → Luther Burden III #2 · raw $1.18 · conf 0.52
[21/224] 307027605741  2025 Panini Revolution Tetairoa McMillan RC Blue Carolina Panthers WR 
    → Tetairoa McMillan #4 · raw $1.29 · conf 0.57
[22/224] 307027606087  2025 Panini Prizm FIFA Boulaye Dia Red Mosaic SS Lazio Soccer
    → low conf (0.61): Boulaye Dia #128
[23/224] 307027606157  2025 Panini Prizm FIFA Enner Valencia Red Mosaic CF Pachuca Soccer
    → low conf (0.63): Enner Valencia #154
[24/224] 307027606296  2025 Panini Prizm FIFA Ansgar Knauff Fireworks Insert Eintracht Frankf
    → low conf (0.63): Ansgar Knauff #25
[25/224] 307027606431  2025 Panini Prizm FIFA Jude Bellingham Red Gold Mosaic Real Madrid Soc
    → Jude Bellingham #8 · raw $3000.00 · conf 0.66
[26/224] 307027606500  2025 Panini Prizm FIFA Denis Zakaria Purple Mosaic AS Monaco Soccer
    → Denis Zakaria #164 · raw $1.79 · conf 0.62
[27/224] 307027606563  2025 Panini Prizm FIFA Trent Alexander-Arnold Kaleidoscope Insert Real
    → Trent Alexander-Arnold #2 · raw $700.00 · conf 0.68
[28/224] 307027606646  2025 Panini Prizm FIFA Alan Varela Red Mosaic FC Porto Soccer
    → Alan Varela #14 · raw $0.99 · conf 0.62
[29/224] 307027606792  2025 Panini Prizm FIFA Antonio Silva Purple Mosaic SL Benfica Soccer
    → Antonio Silva #28 · raw $2.80 · conf 0.63
[30/224] 307027606863  2025 Panini Prizm FIFA Nicolo Barella Base Silver FC Internazionale In
    → Nicolo Barella #9 · raw $9.59 · conf 0.65
[31/224] 306904068997  Marcus Allen Los Angeles Raiders Kansas City Chiefs Football Card Lot 
    → lot listing — skipped
[32/224] 306904078786  Steve Atwater Denver Broncos Football Card Lot (7) Includes Rookie Car
    → lot listing — skipped
[33/224] 307027733469  2025 Topps Chrome Night Terrors Shohei Ohtani Los Angeles Dodgers Base
    → Shohei Ohtani #NT-2 · raw $11.50 · conf 0.44
[34/224] 307027733480  2025 Topps Chrome Juan Morillo RC Auto #031/199 Arizona Diamondbacks B
    → Juan Morillo #AC-JMO · raw $3.12 · conf 0.79
[35/224] 307027733491  2025 Topps Chrome Fortune 15 Corbin Carroll Arizona Diamondbacks Baseb
    → Corbin Carroll #F15-15 · raw $1.23 · conf 0.59
[36/224] 307027733505  2025 Topps Chrome Night Terrors Bobby Witt Jr Kansas City Royals Baseb
    → Bobby Witt Jr. #NT-4 · raw $1.48 · conf 0.41
[37/224] 307027733523  2025 Topps Chrome 1989 Topps Design Fernando Tatis Jr San Diego Padres
    → low conf (0.62): Fernando Tatis Jr. [Design Variation]
[38/224] 307027733528  2025 Topps Chrome Fortune 15 Jose Ramirez Cleveland Guardians Baseball
    → Jose Ramirez #F15-8 · raw $1.21 · conf 0.58
[39/224] 307027733542  2025 Topps Chrome Night Terrors Rafael Devers San Francisco Giants Bas
    → Rafael Devers #NT-22 · raw $2.00 · conf 0.43
[40/224] 307027733556  2025 Topps Chrome Power Players Oneil Cruz Pittsburgh Pirates Baseball
    → Oneil Cruz #PP-42 · raw $1.49 · conf 0.42
[41/224] 307027733574  2025 Topps Chrome Fortune 15 Marcelo Mayer RC Boston Red Sox Baseball
    → Marcelo Mayer #F15-20 · raw $1.35 · conf 0.58
[42/224] 306904174454  Boomer Esiason Cincinnati Bengals New York Jets Football Card Lot (7)
    → lot listing — skipped
[43/224] 306904189481  4 Aaron Glenn Rookie Cards New York Jets Football Card Lot NFL
    → lot listing — skipped
[44/224] 306904215389  12 Jim Everett Cards Los Angeles Rams New Orleans Saints Football Card
    → lot listing — skipped
[45/224] 306965296746  2025 Panini Prizm Draft Picks Antwane Wells Jr. #94 Football
    → Antwane Wells Jr. #94 · raw $0.99 · conf 0.61
[46/224] 307028044478  2025 Topps Chrome In Session Puka Nacua Los Angeles Rams Football
    → low conf (0.40): Puka Nacua [Red] #166
[47/224] 307028044756  2025 Panini Prizm Star Gazing Justin Jefferson Minnesota Vikings Footb
    → low conf (0.67): 2021 Absolute Star Gazing 1 Justin Herbert
[48/224] 307028044790  2025 Topps Signature Class Class Jones Brock Purdy Round 7 Pick 41 San
    → Jaxson Dart #SS-1 · raw $4.25 · conf 0.42
[49/224] 307028044850  2025 Panini Revolution Chad Johnson Cincinnati Bengals Football
    → Chad Johnson #19 · raw $1.00 · conf 0.53
[50/224] 307028044880  2025 Topps Signature Class Davante Adams Round 2 Pick 21 Magenta Paral
    → Davante Adams #82 · raw $1.37 · conf 0.41
[51/224] 307028044938  2025 Panini Elite Jordan Travis RC #260/399 New York Jets Football
    → Jordan Travis #260 · raw $0.99 · conf 0.52
[52/224] 307028045828  2025 Panini Prizm Star Gazing Travis Kelce Kansas City Chiefs Football
    → Travis Kelce #18 · raw $1.30 · conf 0.41
[53/224] 307029503113  2023 Panini Select Future Brock Purdy San Francisco 49ers Football
    → Brock Purdy #FUT-BPU · raw $1.82 · conf 0.56
[54/224] 307029503257  2023 Panini Select Lamar Jackson Baltimore Ravens Football
    → Lamar Jackson [Blue] #35 · raw $0.99 · conf 0.63
[55/224] 307029503440  2023 Panini Select Turbo Charged Sam LaPorta RC Detroit Lions Football
    → low conf (0.35): Dalvin Cook [Turbo Charged] #TUR-8
[56/224] 307029503600  2023 Panini Select Patrick Mahomes Kansas City Chiefs Football
    → Patrick Mahomes II #2 · raw $1.92 · conf 0.64
[57/224] 307029503736  2023 Panini Select C.J. Stroud RC Houston Texans Football
    → C.J. Stroud #TUR-CST · raw $1.74 · conf 0.65  search error: HTTPSConnectionPool(host='www.sportscardspro.com', port=443): Read timed out. (read timeout=15)

[58/224] 307029503917  2023 Panini Select C.J. Stroud RC Houston Texans Football
    → C.J. Stroud #TUR-CST · raw $1.74 · conf 0.65
[59/224] 307029503949  2023 Panini Select Josh Allen Buffalo Bills Football
    → Josh Allen #13 · raw $1.74 · conf 0.61
[60/224] 307029503965  2023 Panini Select Justin Jefferson Minnesota Vikings Football
    → low conf (0.62): Justin Jefferson [White] #4
[61/224] 307029504005  2023 Panini Select Puka Nacua RC Los Angeles Rams Football
    → Puka Nacua [Gold] #5 · cgc10 $168.00 · conf 0.62
[62/224] 307029504025  2023 Panini Select Field Level Die-Cut CeeDee Lamb Cowboys Football
    → Justin Fields [Silver Prizm Die-Cut] #249 · raw $1.23 · conf 0.56
[63/224] 307029504047  2023 Panini Select Field Level Die-Cut Derrick Henry Titans Football
    → Justin Fields [Silver Prizm Die-Cut] #249 · raw $1.23 · conf 0.56
[64/224] 307029504085  2023 Panini Select Numbers Brock Purdy 49ers Football
    → Brock Purdy #5 · raw $1.44 · conf 0.60
[65/224] 307029504121  2023 Panini Select Field Level Die-Cut Color CeeDee Lamb Cowboys Footb
    → Justin Fields [Silver Prizm Die-Cut] #249 · raw $1.23 · conf 0.56
[66/224] 307029504175  2023 Panini Select Numbers Sam LaPorta RC Lions Football
    → Sam LaPorta #25 · raw $1.73 · conf 0.59
[67/224] 307029504220  2023 Panini Select Turbo Charged Jaxon Smith-Njigba RC Seahawks Footba
    → low conf (0.34): Dalvin Cook [Turbo Charged] #TUR-8
[68/224] 307029504270  2023 Panini Select Patrick Mahomes Chiefs Football
    → Patrick Mahomes II #2 · raw $1.92 · conf 0.66
[69/224] 307029504308  2023 Panini Select Turbo Charged Brock Purdy 49ers Football
    → low conf (0.35): Dalvin Cook [Turbo Charged] #TUR-8
[70/224] 307029504390  2023 Panini Select Field Level Die-Cut Justin Herbert Chargers Footbal
    → Justin Fields [Silver Prizm Die-Cut] #249 · raw $1.23 · conf 0.56
[71/224] 307029504454  2023 Panini Select Field Level Die-Cut Josh Downs RC Colts Football
    → Justin Fields [Silver Prizm Die-Cut] #249 · raw $1.23 · conf 0.56
[72/224] 307029504585  2023 Panini Select Trey McBride Cardinals Football
    → Trey McBride #1 · raw $1.50 · conf 0.62
[73/224] 307029504654  2023 Panini Select Select Certified Puka Nacua RC Rams Football
    → Puka Nacua #CRO-PNA · raw $1.25 · conf 0.53
[74/224] 307029504689  2023 Panini Select Numbers Tyreek Hill Dolphins Football
    → Tyreek Hill #23 · raw $1.00 · conf 0.59
[75/224] 307029504746  2023 Panini Select Justin Herbert Chargers Football
    → Justin Herbert [Hyper] #34 · raw $5.99 · conf 0.63
[76/224] 307029504786  2023 Panini Select Turbo Charged Derrick Henry Titans Football
    → low conf (0.34): Dalvin Cook [Turbo Charged] #TUR-8
[77/224] 307029504812  2023 Panini Select Turbo Charged Patrick Mahomes Chiefs Football
    → low conf (0.36): Dalvin Cook [Turbo Charged] #TUR-8
[78/224] 307029504870  2023 Panini Select Field Level Die-Cut Justin Jefferson Vikings Footba
    → Justin Fields [Silver Prizm Die-Cut] #249 · raw $1.23 · conf 0.56
[79/224] 307029504901  2023 Panini Select Field Level Die-Cut Fred Warner 49ers Football
    → Justin Fields [Silver Prizm Die-Cut] #249 · raw $1.23 · conf 0.56
[80/224] 307029504919  2023 Panini Select Numbers Puka Nacua RC Rams Football
    → no match
[81/224] 307029504941  2023 Panini Select Field Level Die-Cut Puka Nacua RC Rams Football
    → Justin Fields [Silver Prizm Die-Cut] #249 · raw $1.23 · conf 0.56
[82/224] 307029504972  2023 Panini Select Field Level Die-Cut Travis Kelce Chiefs Football
    → Justin Fields [Silver Prizm Die-Cut] #249 · raw $1.23 · conf 0.56
[83/224] 307029505030  2023 Panini Select Turbo Charged Ja'Marr Chase Bengals Football
    → low conf (0.34): Dalvin Cook [Turbo Charged] #TUR-8
[84/224] 307029505179  2023 Panini Select Field Level Die-Cut Jaxon Smith-Njigba RC Seahawks 
    → Justin Fields [Silver Prizm Die-Cut] #249 · raw $1.23 · conf 0.56
[85/224] 307029505235  2023 Panini Select Josh Allen Bills Football
    → Josh Allen #13 · raw $1.74 · conf 0.63
[86/224] 307029505277  2023 Panini Select Christian McCaffrey 49ers Football
    → Christian McCaffrey #3 · raw $1.18 · conf 0.66
[87/224] 307029505315  2023 Panini Select Jalen Hurts Eagles Football
    → Jalen Hurts [Gold] #21 · cgc10 $141.00 · conf 0.61
[88/224] 307029505366  2023 Panini Select Field Level Die-Cut C.J. Stroud RC Texans Football
    → Justin Fields [Silver Prizm Die-Cut] #249 · raw $1.23 · conf 0.56
[89/224] 307029505403  2023 Panini Select Jalen Hurts Eagles Football
    → Jalen Hurts [Gold] #21 · cgc10 $141.00 · conf 0.61
[90/224] 307029505416  2023 Panini Select Sam LaPorta RC Lions Football
    → Sam LaPorta [Disco] #11 · raw $73.00 · conf 0.61
[91/224] 307029505446  2023 Panini Select Select Certified Jahmyr Gibbs RC Lions Football
    → Jahmyr Gibbs #SCR-JG · raw $2.94 · conf 0.56
[92/224] 307029505462  2023 Panini Select Future Jahmyr Gibbs RC Lions Football
    → Jahmyr Gibbs [Future] #FUT-16 · raw $1.13 · conf 0.68
[93/224] 307029505539  2023 Panini Select Future Puka Nacua RC Rams Football
    → Puka Nacua #FUT-PNA · raw $1.49 · conf 0.55
[94/224] 307029505769  2023 Panini Select Field Level Die-Cut George Kittle 49ers Football
    → Justin Fields [Silver Prizm Die-Cut] #249 · raw $1.23 · conf 0.56
[95/224] 307029505791  2023 Panini Select Jahmyr Gibbs RC Lions Football
    → Jahmyr Gibbs #34 · raw $1.71 · conf 0.64
[96/224] 307029505800  2023 Panini Select Numbers Justin Jefferson Vikings Football
    → Justin Jefferson #20 · raw $1.69 · conf 0.63
[97/224] 307029578148  2025 Panini Prizm Prizmatic Joe Montana San Francisco 49ers Football
    → Joe Montana #5 · raw $1.16 · conf 0.58
[98/224] 307029578188  2025 Panini Prizm Hyper Derrick Henry Baltimore Ravens Football
    → Derrick Henry [Hyper] #168 · raw $5.00 · conf 0.71
[99/224] 307029578234  2025 Panini Prizm Fractal Green Jayden Daniels Washington Commanders
    → Jayden Daniels [Green Wave] #1 · raw $1.99 · conf 0.52
[100/224] 307029578255  2025 Panini Prizm Green Dave Casper Minnesota Vikings Football
    → Dave Casper [Green Ice] #256 · raw $2.00 · conf 0.67
[101/224] 307029578278  2025 Panini Prizm Fireworks Green TreVeyon Henderson RC Patriots Footb
    → TreVeyon Henderson [Green] #24 · raw $1.70 · conf 0.43
[102/224] 307029578313  2025 Panini Prizm Global Reach Green Jayden Reed Packers Football
    → Will Reichard [Green] #4 · raw $2.12 · conf 0.58
[103/224] 307029578335  2025 Panini Prizm Green Wave TreVeyon Henderson RC Patriots Football
    → TreVeyon Henderson [Green Wave] #24 · raw $1.99 · conf 0.63
[104/224] 307029578391  2025 Panini Prizm Green Wave Brock Bowers Raiders Football
    → Brock Bowers [Green Wave] #6 · raw $1.30 · conf 0.68
[105/224] 307029578438  2025 Panini Prizm Emergent Emeka Egbuka RC Buccaneers Football
    → Emeka Egbuka #3 · raw $1.48 · conf 0.60
[106/224] 307029578473  2025 Panini Prizm Green Wave Leonard Fournette Jaguars Football
    → Riley Leonard [Green Wave] #342 · raw $1.74 · conf 0.65
[107/224] 307029578497  2025 Panini Prizm Green Wave Vince Ferragamo Rams Football
    → low conf (0.65): Vince Ferragamo [Green Wave] #240
[108/224] 307029578547  2025 Panini Prizm Fractal Joe Burrow Bengals Football
    → Joe Burrow #8 · raw $1.58 · conf 0.59
[109/224] 307029578942  2025 Panini Prizm Hyper Rome Odunze Chicago Bears Football
    → Rome Odunze [Hyper] #8 · raw $7.41 · conf 0.70
[110/224] 307029578973  2025 Panini Prizm Green Wave Tyrann Mathieu Saints Football
    → Tyrann Mathieu [Green Wave] #196 · raw $1.03 · conf 0.65
[111/224] 306967210472  2025 Bowman University Chrome - Bryce Underwood #196 Pink Lava Refract
    → Bryce Underwood #196 · raw $1.50 · conf 0.74
[112/224] 307029729053  2023 Panini Select Tyjae Spears RC Titans Football
    → Tyjae Spears #97 · raw $0.69 · conf 0.63
[113/224] 307029729191  2023 Panini Select Future De'Von Achane RC Dolphins Football
    → De'Von Achane #FUT-DAC · raw $1.45 · conf 0.58
[114/224] 307029729374  2023 Panini Select Brian Robinson Jr Commanders Football  search error: HTTPSConnectionPool(host='www.sportscardspro.com', port=443): Read timed out. (read timeout=15)
  search error: HTTPSConnectionPool(host='www.sportscardspro.com', port=443): Read timed out. (read timeout=15)

    → low conf (0.84): Brian Robinson Jr. #13
[115/224] 307029729532  2023 Panini Select Turbo Charged Jordan Addison RC Vikings Football
    → low conf (0.35): Dalvin Cook [Turbo Charged] #TUR-8
[116/224] 307029729704  2023 Panini Select Field Level Die-Cut Dalton Kincaid RC Bills Footbal
    → Justin Fields [Silver Prizm Die-Cut] #249 · raw $1.23 · conf 0.56
[117/224] 307029729869  2023 Panini Select Turbo Charged Bijan Robinson RC Falcons Football
    → low conf (0.34): Dalvin Cook [Turbo Charged] #TUR-8
[118/224] 307029730038  2023 Panini Select Field Level Die-Cut Nick Bosa 49ers Football
    → Justin Fields [Silver Prizm Die-Cut] #249 · raw $1.23 · conf 0.56
[119/224] 307029730261  2023 Panini Select Numbers Bijan Robinson RC Falcons Football
    → Bijan Robinson #11 · raw $1.25 · conf 0.61
[120/224] 307029730515  2023 Panini Select Select Certified Jayden Reed RC Packers Football
    → Jayden Reed #CRO-JRE · raw $1.49 · conf 0.54
[121/224] 307029730635  2023 Panini Select Select Certified Jordan Addison RC Vikings Football
    → Jordan Addison #SCR-JA · raw $3.25 · conf 0.57
[122/224] 307029730769  2023 Panini Select Turbo Charged Mike Evans Buccaneers Football
    → low conf (0.34): Dalvin Cook [Turbo Charged] #TUR-8
[123/224] 307029731041  2023 Panini Select Future Breece Hall Jets Football
    → Breece Hall #FUT-BHA · raw $1.15 · conf 0.56
[124/224] 307029731164  2023 Panini Select Select Certified Zay Flowers RC Ravens Football
    → Zay Flowers #CRO-ZFL · raw $0.99 · conf 0.54
[125/224] 307029731350  2023 Panini Select De'Von Achane RC Dolphins Football
    → De'Von Achane #2 · raw $2.05 · conf 0.63
[126/224] 307029732826  2023 Panini Select Future Chris Olave Saints Football
    → Chris Olave #FUT-COL · raw $1.09 · conf 0.56
[127/224] 307029733006  2023 Panini Select Bryce Young RC Panthers Football
    → low conf (0.62): Bryce Young [Tiger] #1
[128/224] 307029733245  2023 Panini Select Select Certified Dalton Kincaid RC Bills Football
    → Dalton Kincaid #CRO-DKI · raw $0.99 · conf 0.57
[129/224] 307029733852  2023 Panini Select Turbo Charged Bryce Young RC Panthers Football
    → low conf (0.35): Dalvin Cook [Turbo Charged] #TUR-8
[130/224] 307030693260  2025 Panini Select Shedeur Sanders RC Green Prizm #54 Concourse Clevel
    → Shedeur Sanders [Green Prizm] #54 · raw $600.00 · conf 0.95
[131/224] 307030693348  2025 Revolution Cam Ward RC Titans Football
    → Cam Ward #4 · raw $1.29 · conf 0.44
[132/224] 307030950111  Josh Allen 5 Card Lot Buffalo Bills Select Mosaic Inserts Football
    → lot listing — skipped
[133/224] 307030968595  Patrick Mahomes 5 Card Lot Kansas City Chiefs Prizm Select Football
    → lot listing — skipped
[134/224] 307030973530  2024-25 Panini Select Orange Flash Victor Wembanyama Spurs Basketball
    → Victor Wembanyama [Orange Flash Prizm] #9 · raw $9.01 · conf 0.66
[135/224] 307030973561  2024-25 Panini Select Orange Flash Keyonte George Jazz Basketball
    → Keyonte George [Orange Flash Prizm] #49 · raw $1.36 · conf 0.65
[136/224] 307030973593  2024-25 Panini Select Neon Icons Jayson Tatum Celtics Basketball
    → Keon Coleman #2 · raw $1.25 · conf 0.53
[137/224] 307030973641  2024-25 Panini Select Orange Flash Tristan da Silva RC Magic Basketbal
    → Tristan da Silva [Orange Flash Prizm] #83 · raw $1.15 · conf 0.67
[138/224] 307030973719  2024-25 Panini Select Green DeMar DeRozan Kings Basketball
    → low conf (0.69): DeMar DeRozan [Green Prizm] #4
[139/224] 307030973794  2024-25 Panini Select Neon Icons Nikola Jokic Nuggets Basketball
    → Keon Coleman #2 · raw $1.25 · conf 0.53
[140/224] 307030973870  2024-25 Panini Select Orange Flash Chet Holmgren Thunder Basketball
    → Chet Holmgren [Orange Flash Prizm] #1 · raw $1.95 · conf 0.67
[141/224] 307030973923  2024-25 Panini Select Certified Ja Morant Grizzlies Basketball
    → Ja Morant #15 · raw $1.27 · conf 0.55
[142/224] 307030973950  2024-25 Panini Select Concourse Kawhi Leonard Clippers Basketball
    → Kawhi Leonard [Blue] #61 · raw $0.99 · conf 0.55
[143/224] 307030973990  2024-25 Panini Select Concourse Draymond Green Warriors Basketball
    → Draymond Green #27 · raw $2.61 · conf 0.60
[144/224] 307030974026  2024-25 Panini Select Concourse Anthony Davis Mavericks Basketball
    → Anthony Davis #25 · raw $0.58 · conf 0.59
[145/224] 307030974066  2024-25 Panini Select Concourse Stephen Curry Warriors Basketball
    → Stephen Curry [Blue] #7 · raw $1.50 · conf 0.55
[146/224] 307030974098  2024-25 Panini Select Concourse Bam Adebayo Heat Basketball
    → Bam Adebayo [Blue] #15 · raw $0.99 · conf 0.53
[147/224] 307030974150  2024-25 Panini Select Concourse Zion Williamson Pelicans Basketball
    → Zion Williamson #4 · raw $78.32 · conf 0.61
[148/224] 307030974205  2024-25 Panini Select Concourse Shai Gilgeous-Alexander Thunder Basket
    → Shai Gilgeous-Alexander #8 · raw $1.41 · conf 0.65
[149/224] 307030974236  2024-25 Panini Select Concourse Devin Booker Suns Basketball
    → Devin Booker #16 · raw $1.99 · conf 0.58
[150/224] 307030974261  2024-25 Panini Select Concourse Tyrese Haliburton Pacers Basketball
    → Tyrese Haliburton [Blue] #64 · raw $0.76 · conf 0.58
[151/224] 307031003900  2024-25 Panini Select Concourse Kevin Durant Suns Basketball
    → Kevin Durant [Blue] #51 · raw $1.00 · conf 0.54
[152/224] 307031003938  2024-25 Panini Select Concourse Bronny James Jr RC Lakers Basketball
    → Bronny James Jr. #2 · raw $0.99 · conf 0.56
[153/224] 307031003986  2024-25 Panini Select Concourse Karl-Anthony Towns Knicks Basketball
    → Karl-Anthony Towns #2 · raw $4.50 · conf 0.63
[154/224] 307031004046  2024-25 Panini Select Orange Flash Reed Sheppard RC Rockets Basketball
    → Julius Creed [Orange Flash Prizm] #70 · raw $1.50 · conf 0.68
[155/224] 307031004088  2024-25 Panini Select Concourse Stephen Curry Warriors Basketball
    → Stephen Curry [Blue] #7 · raw $1.50 · conf 0.55
[156/224] 307031004151  2024-25 Panini Select Concourse James Harden Clippers Basketball
    → James Harden #7 · raw $98.33 · conf 0.59
[157/224] 307031004210  2024-25 Panini Select Concourse LaMelo Ball Hornets Basketball
    → LaMelo Ball #31 · raw $1.00 · conf 0.57
[158/224] 307031004253  2024-25 Panini Select Concourse Shai Gilgeous-Alexander Thunder Basket
    → Shai Gilgeous-Alexander #8 · raw $1.41 · conf 0.65
[159/224] 307031004274  2024-25 Panini Select Concourse Yves Missi RC Pelicans Basketball
    → Yves Missi #9 · raw $0.99 · conf 0.57
[160/224] 307031004307  2024-25 Panini Select Concourse LeBron James Lakers Basketball
    → LeBron James #3 · raw $3.46 · conf 0.59
[161/224] 307031004348  2024-25 Panini Select Concourse Silver Jaylen Wells RC Grizzlies Baske
    → Jaylen Waddle [Silver] #7 · raw $2.65 · conf 0.49
[162/224] 307031004381  2024-25 Panini Select Concourse Blue Damian Lillard Bucks Basketball
    → no match
[163/224] 307031004428  2024-25 Panini Select Concourse Shai Gilgeous-Alexander OKC Thunder Ba
    → Shai Gilgeous-Alexander #8 · raw $1.41 · conf 0.65
[164/224] 307031004469  2024-25 Panini Select Premier Level Silver Paolo Banchero Magic Basket
    → Magic Johnson [Silver] #5 · raw $1.75 · conf 0.45
[165/224] 307031004502  2024-25 Panini Select Premier Level Blue Josh Hart Knicks Basketball
    → no match
[166/224] 307031004525  2024-25 Panini Select Concourse Keshad Johnson RC Heat Basketball
    → Keshad Johnson #33 · raw $2.80 · conf 0.60
[167/224] 307031004560  2024-25 Panini Select Premier Level Tri-Color Trae Young Hawks Basketb
    → Mike Boeve [Tri-Color Prizm] #46 · raw $0.99 · conf 0.58
[168/224] 307031004606  2024-25 Panini Select Premier Level Blue Kawhi Leonard Clippers Basket
    → no match
[169/224] 307031075053  Cam Ward 5 Card Rookie Lot Tennessee Titans RC Prizm Select Football
    → lot listing — skipped
[170/224] 307031096889  Ashton Jeanty 5 Card Rookie Lot Raiders RC Select Donruss Mosaic Footb
    → lot listing — skipped
[171/224] 307031226263  2025 Panini Prizm Global Reach Green Ice Brian Thomas Jr Jaguars Footb  search error: HTTPSConnectionPool(host='www.sportscardspro.com', port=443): Read timed out. (read timeout=15)
  search error: HTTPSConnectionPool(host='www.sportscardspro.com', port=443): Read timed out. (read timeout=15)
  search error: HTTPSConnectionPool(host='www.sportscardspro.com', port=443): Read timed out. (read timeout=15)

    → Will Reichard [Green] #4 · raw $2.12 · conf 0.58
[172/224] 307031226292  2024 Panini Prizm Checkerboard Rhamondre Stevenson Patriots Football
    → Rhamondre Stevenson [Black Red Checker] #195 · raw $6.29 · conf 0.53
[173/224] 307031226335  2025 Panini Prizm Prizm Break Green Ice Caleb Williams Bears Football
    → no match
[174/224] 307031226360  2024 Panini Prizm Green Cracked Ice Josey Jewell Panthers Football
    → Jalen Green [Red Cracked Ice Prizm] #47 · raw $1.46 · conf 0.67
[175/224] 307031226404  2025 Panini Prizm Prizmatic Green Ice Larry Fitzgerald Cardinals Footb
    → Omarion Hampton [Green Ice] #9 · raw $1.66 · conf 0.56
[176/224] 307031226433  2025 Panini Prizm Checkerboard Chris Boswell Steelers Football
    → low conf (0.48): Chris Boswell [Black Red Checker] #174
[177/224] 307031483335  Joe Burrow 5 Card Lot Cincinnati Bengals Prizm Select Football
    → lot listing — skipped
[178/224] 307031515377  C.J. Stroud 5 Card Lot Houston Texans Select Donruss Topps Football
    → lot listing — skipped
[179/224] 307031769705  2025 Panini Prizm NIL Jeremiah Smith Ohio State Football
    → Jeremiah Smith #5 · raw $5.22 · conf 0.66
[180/224] 307031769730  2025 Panini Contenders NIL Legendary Eddie George Ohio State Football
    → no match
[181/224] 307031769764  2025 Panini Contenders NIL Legendary Quinshon Judkins Ohio State Footb
    → low conf (0.33): Neil Simon #TSCS-NS
[182/224] 307031769803  Panini Prizm Premier Pink James Cook Jersey Relic Buffalo Bills Footba
    → low conf (0.31): James Garner [Pink Stars] #230
[183/224] 307031769852  2025 Panini Contenders NIL Legendary Cris Carter Ohio State Football
    → low conf (0.33): Neil Simon #TSCS-NS
[184/224] 307031769884  2024 Panini Prizm Pink Terry McLaurin Washington Commanders Football
    → Terry McLaurin [Pink] #289 · raw $1.99 · conf 0.73
[185/224] 307031769929  2024 Donruss Optic Rated Rookie Green Ricky Pearsall RC 49ers Football
    → Bralen Trice [Green] #212 · raw $24.50 · conf 0.59
[186/224] 307031769969  2025 Panini Prizm Pink Geno Smith Las Vegas Raiders Football
    → Geno Smith [Pink] #103 · raw $0.25 · conf 0.69
[187/224] 307031769985  2025 Panini Prizm Global Reach Chuba Hubbard Carolina Panthers Footbal
    → Chuba Hubbard #9 · raw $1.33 · conf 0.43
[188/224] 307031770009  2025 Panini Contenders NIL Campus Legends Cardale Jones Ohio State Foo
    → low conf (0.48): 2021 Contenders Draft Picks Campus ID 1 Ja'Marr Chase
[189/224] 307031770064  Jayden Daniels 5 Card Rookie Lot Washington Commanders RC Football
    → lot listing — skipped
[190/224] 307031770067  2024 Topps Chrome Jayden Daniels RC Washington Commanders Football
    → Jayden Daniels [Variation] #RA-JDA · raw $250.75 · conf 0.60
[191/224] 307031770101  2023 Panini Select Bryce Young RC Carolina Panthers Football
    → Bryce Young [Gold] #5 · raw $209.83 · conf 0.61
[192/224] 307031770129  2025 SAGE All Rookie Team Tetairoa McMillan Arizona Football
    → low conf (0.26): Sam Ehlinger [Gold] #RT-SE
[193/224] 307031770149  2023 Panini Select Future Jaxon Smith-Njigba RC Seattle Seahawks Footb
    → Jaxon Smith-Njigba #FUT-7 · raw $1.25 · conf 0.62
[194/224] 307031770182  2025 Panini Prizm Fireworks TreVeyon Henderson RC Patriots Football
    → TreVeyon Henderson #24 · raw $1.18 · conf 0.62
[195/224] 307031770218  2025 SAGE All Rookie Team Tyler Warren Penn State Football
    → low conf (0.26): Sam Ehlinger [Gold] #RT-SE
[196/224] 307031770281  2023 Panini Absolute De'Von Achane RC Miami Dolphins Football
    → De'Von Achane #130 · raw $1.65 · conf 0.54
[197/224] 307031770311  Panini Donruss Optic Maxx Crosby Las Vegas Raiders Football
    → Maxx Crosby [Stars] #100 · raw $2.62 · conf 0.47
[198/224] 307031770335  2025 SAGE Omarion Hampton North Carolina Football
    → Omarion Hampton #90 · raw $1.25 · conf 0.55
[199/224] 307031770350  2024 Panini Prizm Pink Torry Holt St. Louis Rams Football
    → Torry Holt [Pink] #300 · raw $1.30 · conf 0.69
[200/224] 307031793229  Lamar Jackson 5 Card Lot Baltimore Ravens Optic Donruss Topps Football
    → lot listing — skipped
[201/224] 307033427842  2025 Topps Signature Class Auto Ashton Jeanty RC Raiders Football
    → low conf (0.39): Ashton Jeanty #102
[202/224] 307033427920  2025 Topps Signature Class Auto Will Johnson /150 RC Cardinals Footbal
    → Drake Powell / Will Riley #DA-WD · raw $100.00 · conf 0.41
[203/224] 307033427974  2025 Topps Signature Class In Session Tyler Warren RC Colts Football
    → Tre Harris III #OD-13 · raw $49.99 · conf 0.43
[204/224] 307033428038  2025 Topps Signature Class Class Icons Aidan Hutchinson /225 Lions Foo
    → Jaxson Dart #SS-1 · raw $4.25 · conf 0.42
[205/224] 307033428080  2025 Topps Signature Class Total Yards Trey McBride Cardinals Football
    → low conf (0.44): Trey Amos [Autograph] #156
[206/224] 307033428161  2025 Topps Signature Class Total Yards George Kittle 49ers Football
    → low conf (0.44): Trey Amos [Autograph] #156
[207/224] 307034995152  2024 Prizm Drake Maye RC Patriots Football
    → Drake Maye [Pink] #6 · raw $8.00 · conf 0.55
[208/224] 307035198224  2025 Topps Signature Class Pink Tai Felton RC /250 Vikings Football
    → Sion James [Pink] #126 · raw $0.99 · conf 0.49
[209/224] 307035198244  2025 Panini Phoenix Green Bucky Irving /285 Tampa Bay Buccaneers Footb
    → Bucky Irving [Green] #6 · raw $3.50 · conf 0.42
[210/224] 307035198265  2025 Topps Signature Class The Pick Kenneth Walker III Seahawks Footba
    → Tetairoa McMillan #TP-5 · raw $1.99 · conf 0.42
[211/224] 307035198315  2025 Donruss Rookie Gridiron Kings Matthew Golden RC Packers Football
    → Matthew Golden #RGK-MGN · raw $1.30 · conf 0.44
[212/224] 307035198353  2025 Topps Signature Class After Image Deebo Samuel Commanders Footbal
    → Austin Reaves #AF-13 · raw $1.88 · conf 0.47
[213/224] 307035198457  2025 Topps Signature Class The Pick Tetairoa McMillan RC Panthers Foot
    → Tetairoa McMillan #TP-5 · raw $1.99 · conf 0.42
[214/224] 307035198481  2025 Panini Phoenix Teal Jayden Reed /225 Green Bay Packers Football
    → low conf (0.37): Jayden Reed [Teal Lava] #39
[215/224] 307035198497  2025 Topps Signature Class The Pick Shedeur Sanders RC Browns Football
    → no match
[216/224] 307035198526  2025 Topps Signature Class After Image Keon Coleman Bills Football
    → Austin Reaves #AF-13 · raw $1.88 · conf 0.47
[217/224] 307036849966  2024 Mosaic Notoriety Pink Derrick Henry Baltimore Ravens Football
    → Victor Wembanyama [Pink] #3 · raw $26.09 · conf 0.45
[218/224] 307036849998  2025 Mosaic Green Kelvin Banks Jr RC New Orleans Saints Football
    → Kelvin Banks Jr. [Green] #338 · raw $1.24 · conf 0.63
[219/224] 307036850038  2025 Mosaic Quinshon Judkins RC Cleveland Browns Football
    → low conf (0.72): Quinshon Judkins Cleveland Browns #26
[220/224] 307036850076  2024 Mosaic Notoriety Ladd McConkey RC Los Angeles Chargers Football
    → Ladd McConkey #13 · raw $4.55 · conf 0.54
[221/224] 307036850118  2025 Mosaic Elevate Jack Bech RC Las Vegas Raiders Football
    → Jack Bech #11 · raw $1.20 · conf 0.52
[222/224] 307036850162  2025 Mosaic Green Davante Adams Los Angeles Rams Football
    → Davante Adams [Green] #38 · raw $1.61 · conf 0.67
[223/224] 307036850219  2025 Mosaic Hall of Fame Green Barry Sanders Detroit Lions Football
    → Breece Hall [Green] #236 · raw $1.00 · conf 0.48
[224/224] 307036850261  2025 Mosaic Epic Performers Derek Stingley Jr Houston Texans Football
    → low conf (0.36): Derek Stingley Jr. #6

Done. matched=165  low_conf=36  no_match=7  lots=16
Wrote /Users/jason.chletsos/Documents/GitHub/jason_chletsos_ebay_lots/sportscardspro_prices.json
[exit 0] card_price_agent.py

########## repricing_agent.py ##########
  Keith Hernandez (Repricing) reporting in.
  Getting eBay access token...
  Fetching active listings...
  Fetched 2409 listings across 13 page(s)
  Evaluating 250 of 2409 listings this run (rotating slice from offset 1372)
  Fetching market comps...
  Fetching market comps for 250 listings (243 unique queries, parallel)...
  Browse rate limit (429) exhausted — comps skipped this run (falls back to sold_history/pricecharting). Quota resets daily.
  Market comps done — 0 underpriced, 0 overpriced
  Loading sold history...
  Aggregating multi-source pricing...
  Loaded 250 active listings

  Plan summary: 230 to apply · 19 dead-zone · 1 blocked

  Dry run only. Re-run with --apply to push changes.
  Report: /Users/jason.chletsos/Documents/GitHub/jason_chletsos_ebay_lots/docs/repricing.html
[exit 0] repricing_agent.py

########## relist_agent.py ##########
  Mookie Wilson (Relist) reporting in.
  Getting eBay access token...
  Fetching UnsoldList (last 14 days)...
  Found 200 unsold listing(s).
  GUARD: excluded 42 already-SOLD card(s) from relist.
  GUARD: excluded 58 already-ACTIVE card(s) from relist (dup prevention).
  GUARD: excluded 96 lot / lot-component listing(s) from relist.
  [dry-run] would relist 306997193414 as FP at $5.46
  [dry-run] would relist 306996442093 as FP at $5.46
  [dry-run] would relist 306996441984 as FP at $5.46
  [dry-run] would relist 306996233122 as FP at $3.12
  Report: /Users/jason.chletsos/Documents/GitHub/jason_chletsos_ebay_lots/docs/relist.html
  Plan:   /Users/jason.chletsos/Documents/GitHub/jason_chletsos_ebay_lots/output/relist_plan.json
[exit 0] relist_agent.py

########## returns_agent.py ##########
  Getting eBay access token...
  Fetching active returns (Post-Order v2 /return/search)...
  Post-Order GET /return/search → 200 (header style: iaf)
  Found 2 open return(s).

  Dry run only — dashboard rendered for review.
  Report: /Users/jason.chletsos/Documents/GitHub/jason_chletsos_ebay_lots/docs/returns.html
  Plan:   /Users/jason.chletsos/Documents/GitHub/jason_chletsos_ebay_lots/output/returns_plan.json
[exit 0] returns_agent.py

########## seller_hub_agent.py ##########
  Plan written: /Users/jason.chletsos/Documents/GitHub/jason_chletsos_ebay_lots/output/seller_hub_plan.json
  Report written: /Users/jason.chletsos/Documents/GitHub/jason_chletsos_ebay_lots/docs/seller_hub.html
  Categories: 7  · Listings: 2409
  Featured: 6  · PL queued: 2393
[exit 0] seller_hub_agent.py

########## promoted_listings_agent.py ##########
  Mike Piazza (Promoted Listings) reporting in.

  Tier breakdown across 2409 listings:
         NO_AD (  0)
           LOW (386)
      STANDARD (  0)
    AGGRESSIVE (  0)
           MAX (  0)
  Projected 30-day ad spend: $257.58

  Dry run only. Re-run with --apply to push bids to eBay.
  Report: /Users/jason.chletsos/Documents/GitHub/jason_chletsos_ebay_lots/docs/promoted_listings.html
[exit 0] promoted_listings_agent.py

########## best_offer_agent.py ##########
  Phil Simms (Best Offer) reporting in.
  Loaded 2409 listings from listings_snapshot.json
  Fetching market medians (Browse API)...
  Fetching market comps for 2409 listings (2220 unique queries, parallel)...
  Browse rate limit (429) exhausted — comps skipped this run (falls back to sold_history/pricecharting). Quota resets daily.
  Market comps done — 0 underpriced, 0 overpriced
  Getting eBay access token for GetItem hydration...
  GetItem hydrated 200 listings (parallel; capped this run)
  Plan: fp_eligible=1878  would_apply=0  vault_eligible=0  skipped=2409

  Dry run only. Re-run with --apply to push to eBay.
  Report:  /Users/jason.chletsos/Documents/GitHub/jason_chletsos_ebay_lots/docs/best_offer.html
  Plan:    /Users/jason.chletsos/Documents/GitHub/jason_chletsos_ebay_lots/output/best_offer_plan.json
[exit 0] best_offer_agent.py

########## best_offer_autorespond_agent.py ##########
  Loaded 2409 listings from best_offer_plan.json
  Fetching eBay access token...
  GetBestOffers (status=Pending)...
  Found 0 pending offer(s)
  Decisions: accept=0  decline=0  counter=0  leave=0  uplift≈$0.00

  Nothing to do — inbox empty.
  Inbox:  /Users/jason.chletsos/Documents/GitHub/jason_chletsos_ebay_lots/docs/best_offer_inbox.html
[exit 0] best_offer_autorespond_agent.py

########## watchers_offer_agent.py ##########
  Patrick Ewing (Watchers Offer) reporting in.
  Fetching access token + active listings...
  Fetched 2409 listings across 13 page(s)
  Loaded 2409 active listings · 262 sold history records
  Fetching watcher counts (Trading API GetMyeBaySelling)...
  Got watcher counts for 2409 listings (55 with ≥1 watcher)

  Plan summary: 43 to send · 2354 no-watchers · 12 blocked · expected uplift $8.09

  Dry run only. Re-run with --apply to send offers.
  Report: /Users/jason.chletsos/Documents/GitHub/jason_chletsos_ebay_lots/docs/watchers.html
[exit 0] watchers_offer_agent.py

########## buyer_watchlist_agent.py ##########
  John Starks (Buyer Watchlist) reporting in.
  → Jaxson Dart (Giants)
  Browse failed for 'jaxson dart psa 10': 429 Client Error: Too Many Requests for url: https://api.ebay.com/buy/browse/v1/item_summary/search?q=jaxson+dart+psa+10&limit=100&filter=buyingOptions%3A%7BFIXED_PRICE%7CAUCTION%7D%2CitemLocationCountry%3AUS%2Cprice%3A%5B30..500%5D%2CpriceCurrency%3AUSD
  Browse failed for 'jaxson dart rookie': 429 Client Error: Too Many Requests for url: https://api.ebay.com/buy/browse/v1/item_summary/search?q=jaxson+dart+rookie&limit=100&filter=buyingOptions%3A%7BFIXED_PRICE%7CAUCTION%7D%2CitemLocationCountry%3AUS%2Cprice%3A%5B4..25%5D%2CpriceCurrency%3AUSD
  Browse failed for 'jaxson dart refractor': 429 Client Error: Too Many Requests for url: https://api.ebay.com/buy/browse/v1/item_summary/search?q=jaxson+dart+refractor&limit=100&filter=buyingOptions%3A%7BFIXED_PRICE%7CAUCTION%7D%2CitemLocationCountry%3AUS%2Cprice%3A%5B5..60%5D%2CpriceCurrency%3AUSD
  → Cam Skattebo (Giants)
  Browse failed for 'cam skattebo psa 10': 429 Client Error: Too Many Requests for url: https://api.ebay.com/buy/browse/v1/item_summary/search?q=cam+skattebo+psa+10&limit=100&filter=buyingOptions%3A%7BFIXED_PRICE%7CAUCTION%7D%2CitemLocationCountry%3AUS%2Cprice%3A%5B30..500%5D%2CpriceCurrency%3AUSD
  Browse failed for 'cam skattebo bowman chrome': 429 Client Error: Too Many Requests for url: https://api.ebay.com/buy/browse/v1/item_summary/search?q=cam+skattebo+bowman+chrome&limit=100&filter=buyingOptions%3A%7BFIXED_PRICE%7CAUCTION%7D%2CitemLocationCountry%3AUS%2Cprice%3A%5B4..150%5D%2CpriceCurrency%3AUSD
  Browse failed for 'cam skattebo rookie': 429 Client Error: Too Many Requests for url: https://api.ebay.com/buy/browse/v1/item_summary/search?q=cam+skattebo+rookie&limit=100&filter=buyingOptions%3A%7BFIXED_PRICE%7CAUCTION%7D%2CitemLocationCountry%3AUS%2Cprice%3A%5B4..25%5D%2CpriceCurrency%3AUSD
  → Saquon Barkley (Eagles)
  Browse failed for 'saquon barkley psa 10': 429 Client Error: Too Many Requests for url: https://api.ebay.com/buy/browse/v1/item_summary/search?q=saquon+barkley+psa+10&limit=100&filter=buyingOptions%3A%7BFIXED_PRICE%7CAUCTION%7D%2CitemLocationCountry%3AUS%2Cprice%3A%5B25..600%5D%2CpriceCurrency%3AUSD
  Browse failed for 'saquon barkley rookie': 429 Client Error: Too Many Requests for url: https://api.ebay.com/buy/browse/v1/item_summary/search?q=saquon+barkley+rookie&limit=100&filter=buyingOptions%3A%7BFIXED_PRICE%7CAUCTION%7D%2CitemLocationCountry%3AUS%2Cprice%3A%5B5..60%5D%2CpriceCurrency%3AUSD
  Browse failed for 'saquon barkley prizm': 429 Client Error: Too Many Requests for url: https://api.ebay.com/buy/browse/v1/item_summary/search?q=saquon+barkley+prizm&limit=100&filter=buyingOptions%3A%7BFIXED_PRICE%7CAUCTION%7D%2CitemLocationCountry%3AUS%2Cprice%3A%5B8..120%5D%2CpriceCurrency%3AUSD
  → Marvel's Punisher (Marvel)
  Browse failed for 'punisher marvel psa 10': 429 Client Error: Too Many Requests for url: https://api.ebay.com/buy/browse/v1/item_summary/search?q=punisher+marvel+psa+10&limit=100&filter=buyingOptions%3A%7BFIXED_PRICE%7CAUCTION%7D%2CitemLocationCountry%3AUS%2Cprice%3A%5B30..1500%5D%2CpriceCurrency%3AUSD
  Browse failed for 'punisher marvel card': 429 Client Error: Too Many Requests for url: https://api.ebay.com/buy/browse/v1/item_summary/search?q=punisher+marvel+card&limit=100&filter=buyingOptions%3A%7BFIXED_PRICE%7CAUCTION%7D%2CitemLocationCountry%3AUS%2Cprice%3A%5B5..200%5D%2CpriceCurrency%3AUSD
  Browse failed for 'punisher marvel cover': 429 Client Error: Too Many Requests for url: https://api.ebay.com/buy/browse/v1/item_summary/search?q=punisher+marvel+cover&limit=100&filter=buyingOptions%3A%7BFIXED_PRICE%7CAUCTION%7D%2CitemLocationCountry%3AUS%2Cprice%3A%5B5..300%5D%2CpriceCurrency%3AUSD
  → Marvel's Wolverine (Marvel)
  Browse failed for 'wolverine marvel psa 10': 429 Client Error: Too Many Requests for url: https://api.ebay.com/buy/browse/v1/item_summary/search?q=wolverine+marvel+psa+10&limit=100&filter=buyingOptions%3A%7BFIXED_PRICE%7CAUCTION%7D%2CitemLocationCountry%3AUS%2Cprice%3A%5B30..2500%5D%2CpriceCurrency%3AUSD
  Browse failed for 'wolverine marvel card': 429 Client Error: Too Many Requests for url: https://api.ebay.com/buy/browse/v1/item_summary/search?q=wolverine+marvel+card&limit=100&filter=buyingOptions%3A%7BFIXED_PRICE%7CAUCTION%7D%2CitemLocationCountry%3AUS%2Cprice%3A%5B5..250%5D%2CpriceCurrency%3AUSD
  Browse failed for 'wolverine x-men card': 429 Client Error: Too Many Requests for url: https://api.ebay.com/buy/browse/v1/item_summary/search?q=wolverine+x-men+card&limit=100&filter=buyingOptions%3A%7BFIXED_PRICE%7CAUCTION%7D%2CitemLocationCountry%3AUS%2Cprice%3A%5B5..300%5D%2CpriceCurrency%3AUSD
  Players: 5  ·  Listings scanned: 0  ·  Deals: 0
  Plan:   /Users/jason.chletsos/Documents/GitHub/jason_chletsos_ebay_lots/output/buyer_watchlist_plan.json
  Report: /Users/jason.chletsos/Documents/GitHub/jason_chletsos_ebay_lots/docs/collect.html
[exit 0] buyer_watchlist_agent.py

########## repeat_buyers_agent.py ##########
  Tug McGraw (Repeat Buyers) reporting in.
  Getting eBay access token...
  Fetching orders (last 365 days)...
  GetOrders window: 2026-04-02 → 2026-07-01
  GetOrders window: 2026-01-02 → 2026-04-02
  GetOrders error: [21920384] Invalid dates in your CreateTimeFrom filters.
  GetOrders window: 2025-10-04 → 2026-01-02
  GetOrders error: [21920384] Invalid dates in your CreateTimeFrom filters.
  GetOrders window: 2025-07-06 → 2025-10-04
  GetOrders error: [21920384] Invalid dates in your CreateTimeFrom filters.
  GetOrders window: 2025-07-01 → 2025-07-06
  GetOrders error: [21920384] Invalid dates in your CreateTimeFrom filters.
  Fetched 235 order rows from 235 unique lines.

  Unique buyers : 213
  VIP           : 0
  Repeat        : 11
  One-and-done  : 202

  Top buyers by lifetime spend:
    mon968698                  2 orders     $185.94  [Repeat]
    pacifi-22                  2 orders     $152.98  [Repeat]
    briadelvecchi-0            1 orders     $124.00  [One-and-done]
    1016lee                    1 orders      $90.00  [One-and-done]
    grhill_0                   4 orders      $72.32  [Repeat]

  Report: /Users/jason.chletsos/Documents/GitHub/jason_chletsos_ebay_lots/docs/buyers.html
  Plan:   /Users/jason.chletsos/Documents/GitHub/jason_chletsos_ebay_lots/output/repeat_buyers_plan.json

  Dry run only. (Apply path is disabled — see kill switch in source.)
[exit 0] repeat_buyers_agent.py

########## top_sellers_agent.py ##########
  Wayne Gretzky (Top Sellers) reporting in.
  -> DCSports87
  Browse failed for seller=dcsports87 q='rookie card': 429 Client Error: Too Many Requests for url: https://api.ebay.com/buy/browse/v1/item_summary/search?q=rookie+card&limit=50&filter=sellers%3A%7Bdcsports87%7D%2CbuyingOptions%3A%7BFIXED_PRICE%7CAUCTION%7D%2CitemLocationCountry%3AUS%2Cprice%3A%5B1..100%5D%2CpriceCurrency%3AUSD&sort=price
  Browse failed for seller=dcsports87 q='graded card': 429 Client Error: Too Many Requests for url: https://api.ebay.com/buy/browse/v1/item_summary/search?q=graded+card&limit=50&filter=sellers%3A%7Bdcsports87%7D%2CbuyingOptions%3A%7BFIXED_PRICE%7CAUCTION%7D%2CitemLocationCountry%3AUS%2Cprice%3A%5B1..100%5D%2CpriceCurrency%3AUSD&sort=price
  -> COMC
  Browse failed for seller=comc_consignment q='single card': 429 Client Error: Too Many Requests for url: https://api.ebay.com/buy/browse/v1/item_summary/search?q=single+card&limit=50&filter=sellers%3A%7Bcomc_consignment%7D%2CbuyingOptions%3A%7BFIXED_PRICE%7CAUCTION%7D%2CitemLocationCountry%3AUS%2Cprice%3A%5B1..100%5D%2CpriceCurrency%3AUSD&sort=price
  Browse failed for seller=comc_consignment q='rookie': 429 Client Error: Too Many Requests for url: https://api.ebay.com/buy/browse/v1/item_summary/search?q=rookie&limit=50&filter=sellers%3A%7Bcomc_consignment%7D%2CbuyingOptions%3A%7BFIXED_PRICE%7CAUCTION%7D%2CitemLocationCountry%3AUS%2Cprice%3A%5B1..100%5D%2CpriceCurrency%3AUSD&sort=price
  Browse failed for seller=comc_consignment q='pokemon': 429 Client Error: Too Many Requests for url: https://api.ebay.com/buy/browse/v1/item_summary/search?q=pokemon&limit=50&filter=sellers%3A%7Bcomc_consignment%7D%2CbuyingOptions%3A%7BFIXED_PRICE%7CAUCTION%7D%2CitemLocationCountry%3AUS%2Cprice%3A%5B1..100%5D%2CpriceCurrency%3AUSD&sort=price
  -> Greg Morris Cards
  Browse failed for seller=gregmorriscards q='vintage card': 429 Client Error: Too Many Requests for url: https://api.ebay.com/buy/browse/v1/item_summary/search?q=vintage+card&limit=50&filter=sellers%3A%7Bgregmorriscards%7D%2CbuyingOptions%3A%7BFIXED_PRICE%7CAUCTION%7D%2CitemLocationCountry%3AUS%2Cprice%3A%5B1..100%5D%2CpriceCurrency%3AUSD&sort=price
  Browse failed for seller=gregmorriscards q='1970': 429 Client Error: Too Many Requests for url: https://api.ebay.com/buy/browse/v1/item_summary/search?q=1970&limit=50&filter=sellers%3A%7Bgregmorriscards%7D%2CbuyingOptions%3A%7BFIXED_PRICE%7CAUCTION%7D%2CitemLocationCountry%3AUS%2Cprice%3A%5B1..100%5D%2CpriceCurrency%3AUSD&sort=price
  Browse failed for seller=gregmorriscards q='1980': 429 Client Error: Too Many Requests for url: https://api.ebay.com/buy/browse/v1/item_summary/search?q=1980&limit=50&filter=sellers%3A%7Bgregmorriscards%7D%2CbuyingOptions%3A%7BFIXED_PRICE%7CAUCTION%7D%2CitemLocationCountry%3AUS%2Cprice%3A%5B1..100%5D%2CpriceCurrency%3AUSD&sort=price
  -> Burbank Sports Cards
  Browse failed for seller=burbanksportscards q='football single': 429 Client Error: Too Many Requests for url: https://api.ebay.com/buy/browse/v1/item_summary/search?q=football+single&limit=50&filter=sellers%3A%7Bburbanksportscards%7D%2CbuyingOptions%3A%7BFIXED_PRICE%7CAUCTION%7D%2CitemLocationCountry%3AUS%2Cprice%3A%5B1..100%5D%2CpriceCurrency%3AUSD&sort=price
  Browse failed for seller=burbanksportscards q='baseball single': 429 Client Error: Too Many Requests for url: https://api.ebay.com/buy/browse/v1/item_summary/search?q=baseball+single&limit=50&filter=sellers%3A%7Bburbanksportscards%7D%2CbuyingOptions%3A%7BFIXED_PRICE%7CAUCTION%7D%2CitemLocationCountry%3AUS%2Cprice%3A%5B1..100%5D%2CpriceCurrency%3AUSD&sort=price
  Browse failed for seller=burbanksportscards q='basketball single': 429 Client Error: Too Many Requests for url: https://api.ebay.com/buy/browse/v1/item_summary/search?q=basketball+single&limit=50&filter=sellers%3A%7Bburbanksportscards%7D%2CbuyingOptions%3A%7BFIXED_PRICE%7CAUCTION%7D%2CitemLocationCountry%3AUS%2Cprice%3A%5B1..100%5D%2CpriceCurrency%3AUSD&sort=price
  -> Probstein123
  Browse failed for seller=probstein123 q='football card': 429 Client Error: Too Many Requests for url: https://api.ebay.com/buy/browse/v1/item_summary/search?q=football+card&limit=50&filter=sellers%3A%7Bprobstein123%7D%2CbuyingOptions%3A%7BFIXED_PRICE%7CAUCTION%7D%2CitemLocationCountry%3AUS%2Cprice%3A%5B1..100%5D%2CpriceCurrency%3AUSD&sort=price
  Browse failed for seller=probstein123 q='basketball card': 429 Client Error: Too Many Requests for url: https://api.ebay.com/buy/browse/v1/item_summary/search?q=basketball+card&limit=50&filter=sellers%3A%7Bprobstein123%7D%2CbuyingOptions%3A%7BFIXED_PRICE%7CAUCTION%7D%2CitemLocationCountry%3AUS%2Cprice%3A%5B1..100%5D%2CpriceCurrency%3AUSD&sort=price
  Browse failed for seller=probstein123 q='baseball card': 429 Client Error: Too Many Requests for url: https://api.ebay.com/buy/browse/v1/item_summary/search?q=baseball+card&limit=50&filter=sellers%3A%7Bprobstein123%7D%2CbuyingOptions%3A%7BFIXED_PRICE%7CAUCTION%7D%2CitemLocationCountry%3AUS%2Cprice%3A%5B1..100%5D%2CpriceCurrency%3AUSD&sort=price
  -> 4 Sharp Corners
  Browse failed for seller=4sharpcorners q='rookie card': 429 Client Error: Too Many Requests for url: https://api.ebay.com/buy/browse/v1/item_summary/search?q=rookie+card&limit=50&filter=sellers%3A%7B4sharpcorners%7D%2CbuyingOptions%3A%7BFIXED_PRICE%7CAUCTION%7D%2CitemLocationCountry%3AUS%2Cprice%3A%5B1..100%5D%2CpriceCurrency%3AUSD&sort=price
  Browse failed for seller=4sharpcorners q='graded': 429 Client Error: Too Many Requests for url: https://api.ebay.com/buy/browse/v1/item_summary/search?q=graded&limit=50&filter=sellers%3A%7B4sharpcorners%7D%2CbuyingOptions%3A%7BFIXED_PRICE%7CAUCTION%7D%2CitemLocationCountry%3AUS%2Cprice%3A%5B1..100%5D%2CpriceCurrency%3AUSD&sort=price
  -> Remember When Sports Cards
  Browse failed for seller=rememberwhensportscards q='vintage': 429 Client Error: Too Many Requests for url: https://api.ebay.com/buy/browse/v1/item_summary/search?q=vintage&limit=50&filter=sellers%3A%7Brememberwhensportscards%7D%2CbuyingOptions%3A%7BFIXED_PRICE%7CAUCTION%7D%2CitemLocationCountry%3AUS%2Cprice%3A%5B1..100%5D%2CpriceCurrency%3AUSD&sort=price
  Browse failed for seller=rememberwhensportscards q='1960': 429 Client Error: Too Many Requests for url: https://api.ebay.com/buy/browse/v1/item_summary/search?q=1960&limit=50&filter=sellers%3A%7Brememberwhensportscards%7D%2CbuyingOptions%3A%7BFIXED_PRICE%7CAUCTION%7D%2CitemLocationCountry%3AUS%2Cprice%3A%5B1..100%5D%2CpriceCurrency%3AUSD&sort=price
  Browse failed for seller=rememberwhensportscards q='1970': 429 Client Error: Too Many Requests for url: https://api.ebay.com/buy/browse/v1/item_summary/search?q=1970&limit=50&filter=sellers%3A%7Brememberwhensportscards%7D%2CbuyingOptions%3A%7BFIXED_PRICE%7CAUCTION%7D%2CitemLocationCountry%3AUS%2Cprice%3A%5B1..100%5D%2CpriceCurrency%3AUSD&sort=price
  Sellers: 7  ·  Listings indexed: 0
  Plan:   /Users/jason.chletsos/Documents/GitHub/jason_chletsos_ebay_lots/output/top_sellers_plan.json
  Report: /Users/jason.chletsos/Documents/GitHub/jason_chletsos_ebay_lots/docs/top_sellers.html
[exit 0] top_sellers_agent.py

########## under_10_agent.py ##########
  Jeremy Lin (Under $10) reporting in.
  -> Vintage Sports Holos
  Browse failed for '1990s football holo card': 429 Client Error: Too Many Requests for url: https://api.ebay.com/buy/browse/v1/item_summary/search?q=1990s+football+holo+card&limit=100&filter=buyingOptions%3A%7BFIXED_PRICE%7CAUCTION%7D%2CitemLocationCountry%3AUS%2Cprice%3A%5B1.0..10.0%5D%2CpriceCurrency%3AUSD
  Browse failed for '1990s basketball holo card': 429 Client Error: Too Many Requests for url: https://api.ebay.com/buy/browse/v1/item_summary/search?q=1990s+basketball+holo+card&limit=100&filter=buyingOptions%3A%7BFIXED_PRICE%7CAUCTION%7D%2CitemLocationCountry%3AUS%2Cprice%3A%5B1.0..10.0%5D%2CpriceCurrency%3AUSD
  Browse failed for '1990s baseball holo card': 429 Client Error: Too Many Requests for url: https://api.ebay.com/buy/browse/v1/item_summary/search?q=1990s+baseball+holo+card&limit=100&filter=buyingOptions%3A%7BFIXED_PRICE%7CAUCTION%7D%2CitemLocationCountry%3AUS%2Cprice%3A%5B1.0..10.0%5D%2CpriceCurrency%3AUSD
  -> Modern Rookie Cards (sports)
  Browse failed for '2024 rookie card prizm': 429 Client Error: Too Many Requests for url: https://api.ebay.com/buy/browse/v1/item_summary/search?q=2024+rookie+card+prizm&limit=100&filter=buyingOptions%3A%7BFIXED_PRICE%7CAUCTION%7D%2CitemLocationCountry%3AUS%2Cprice%3A%5B1.0..10.0%5D%2CpriceCurrency%3AUSD
  Browse failed for '2025 rookie card chrome refractor': 429 Client Error: Too Many Requests for url: https://api.ebay.com/buy/browse/v1/item_summary/search?q=2025+rookie+card+chrome+refractor&limit=100&filter=buyingOptions%3A%7BFIXED_PRICE%7CAUCTION%7D%2CitemLocationCountry%3AUS%2Cprice%3A%5B1.0..10.0%5D%2CpriceCurrency%3AUSD
  Browse failed for '2024 panini rookie auto': 429 Client Error: Too Many Requests for url: https://api.ebay.com/buy/browse/v1/item_summary/search?q=2024+panini+rookie+auto&limit=100&filter=buyingOptions%3A%7BFIXED_PRICE%7CAUCTION%7D%2CitemLocationCountry%3AUS%2Cprice%3A%5B1.0..10.0%5D%2CpriceCurrency%3AUSD
  -> Loose Pokemon Boosters
  Browse failed for 'pokemon booster pack loose': 429 Client Error: Too Many Requests for url: https://api.ebay.com/buy/browse/v1/item_summary/search?q=pokemon+booster+pack+loose&limit=100&filter=buyingOptions%3A%7BFIXED_PRICE%7CAUCTION%7D%2CitemLocationCountry%3AUS%2Cprice%3A%5B1.0..10.0%5D%2CpriceCurrency%3AUSD
  Browse failed for 'pokemon booster pack scarlet violet': 429 Client Error: Too Many Requests for url: https://api.ebay.com/buy/browse/v1/item_summary/search?q=pokemon+booster+pack+scarlet+violet&limit=100&filter=buyingOptions%3A%7BFIXED_PRICE%7CAUCTION%7D%2CitemLocationCountry%3AUS%2Cprice%3A%5B1.0..10.0%5D%2CpriceCurrency%3AUSD
  -> Pokemon Singles Under $10
  Browse failed for 'pokemon holo rare card': 429 Client Error: Too Many Requests for url: https://api.ebay.com/buy/browse/v1/item_summary/search?q=pokemon+holo+rare+card&limit=100&filter=buyingOptions%3A%7BFIXED_PRICE%7CAUCTION%7D%2CitemLocationCountry%3AUS%2Cprice%3A%5B1.0..10.0%5D%2CpriceCurrency%3AUSD
  Browse failed for 'pokemon ex card': 429 Client Error: Too Many Requests for url: https://api.ebay.com/buy/browse/v1/item_summary/search?q=pokemon+ex+card&limit=100&filter=buyingOptions%3A%7BFIXED_PRICE%7CAUCTION%7D%2CitemLocationCountry%3AUS%2Cprice%3A%5B1.0..10.0%5D%2CpriceCurrency%3AUSD
  Browse failed for 'pokemon full art': 429 Client Error: Too Many Requests for url: https://api.ebay.com/buy/browse/v1/item_summary/search?q=pokemon+full+art&limit=100&filter=buyingOptions%3A%7BFIXED_PRICE%7CAUCTION%7D%2CitemLocationCountry%3AUS%2Cprice%3A%5B1.0..10.0%5D%2CpriceCurrency%3AUSD
  -> Graded Cards Under $10
  Browse failed for 'psa graded card': 429 Client Error: Too Many Requests for url: https://api.ebay.com/buy/browse/v1/item_summary/search?q=psa+graded+card&limit=100&filter=buyingOptions%3A%7BFIXED_PRICE%7CAUCTION%7D%2CitemLocationCountry%3AUS%2Cprice%3A%5B1.0..10.0%5D%2CpriceCurrency%3AUSD
  Browse failed for 'bgs graded card': 429 Client Error: Too Many Requests for url: https://api.ebay.com/buy/browse/v1/item_summary/search?q=bgs+graded+card&limit=100&filter=buyingOptions%3A%7BFIXED_PRICE%7CAUCTION%7D%2CitemLocationCountry%3AUS%2Cprice%3A%5B1.0..10.0%5D%2CpriceCurrency%3AUSD
  -> Jaxson Dart (under $10)
  Browse failed for 'jaxson dart rookie': 429 Client Error: Too Many Requests for url: https://api.ebay.com/buy/browse/v1/item_summary/search?q=jaxson+dart+rookie&limit=100&filter=buyingOptions%3A%7BFIXED_PRICE%7CAUCTION%7D%2CitemLocationCountry%3AUS%2Cprice%3A%5B1.0..10.0%5D%2CpriceCurrency%3AUSD
  Browse failed for 'jaxson dart card': 429 Client Error: Too Many Requests for url: https://api.ebay.com/buy/browse/v1/item_summary/search?q=jaxson+dart+card&limit=100&filter=buyingOptions%3A%7BFIXED_PRICE%7CAUCTION%7D%2CitemLocationCountry%3AUS%2Cprice%3A%5B1.0..10.0%5D%2CpriceCurrency%3AUSD
  -> Cam Skattebo (under $10)
  Browse failed for 'cam skattebo rookie': 429 Client Error: Too Many Requests for url: https://api.ebay.com/buy/browse/v1/item_summary/search?q=cam+skattebo+rookie&limit=100&filter=buyingOptions%3A%7BFIXED_PRICE%7CAUCTION%7D%2CitemLocationCountry%3AUS%2Cprice%3A%5B1.0..10.0%5D%2CpriceCurrency%3AUSD
  Browse failed for 'cam skattebo card': 429 Client Error: Too Many Requests for url: https://api.ebay.com/buy/browse/v1/item_summary/search?q=cam+skattebo+card&limit=100&filter=buyingOptions%3A%7BFIXED_PRICE%7CAUCTION%7D%2CitemLocationCountry%3AUS%2Cprice%3A%5B1.0..10.0%5D%2CpriceCurrency%3AUSD
  -> Saquon Barkley (under $10)
  Browse failed for 'saquon barkley rookie': 429 Client Error: Too Many Requests for url: https://api.ebay.com/buy/browse/v1/item_summary/search?q=saquon+barkley+rookie&limit=100&filter=buyingOptions%3A%7BFIXED_PRICE%7CAUCTION%7D%2CitemLocationCountry%3AUS%2Cprice%3A%5B1.0..10.0%5D%2CpriceCurrency%3AUSD
  Browse failed for 'saquon barkley card': 429 Client Error: Too Many Requests for url: https://api.ebay.com/buy/browse/v1/item_summary/search?q=saquon+barkley+card&limit=100&filter=buyingOptions%3A%7BFIXED_PRICE%7CAUCTION%7D%2CitemLocationCountry%3AUS%2Cprice%3A%5B1.0..10.0%5D%2CpriceCurrency%3AUSD
  -> Marvel's Punisher (under $10)
  Browse failed for 'marvel's punisher rookie': 429 Client Error: Too Many Requests for url: https://api.ebay.com/buy/browse/v1/item_summary/search?q=marvel%27s+punisher+rookie&limit=100&filter=buyingOptions%3A%7BFIXED_PRICE%7CAUCTION%7D%2CitemLocationCountry%3AUS%2Cprice%3A%5B1.0..10.0%5D%2CpriceCurrency%3AUSD
  Browse failed for 'marvel's punisher card': 429 Client Error: Too Many Requests for url: https://api.ebay.com/buy/browse/v1/item_summary/search?q=marvel%27s+punisher+card&limit=100&filter=buyingOptions%3A%7BFIXED_PRICE%7CAUCTION%7D%2CitemLocationCountry%3AUS%2Cprice%3A%5B1.0..10.0%5D%2CpriceCurrency%3AUSD
  -> Marvel's Wolverine (under $10)
  Browse failed for 'marvel's wolverine rookie': 429 Client Error: Too Many Requests for url: https://api.ebay.com/buy/browse/v1/item_summary/search?q=marvel%27s+wolverine+rookie&limit=100&filter=buyingOptions%3A%7BFIXED_PRICE%7CAUCTION%7D%2CitemLocationCountry%3AUS%2Cprice%3A%5B1.0..10.0%5D%2CpriceCurrency%3AUSD
  Browse failed for 'marvel's wolverine card': 429 Client Error: Too Many Requests for url: https://api.ebay.com/buy/browse/v1/item_summary/search?q=marvel%27s+wolverine+card&limit=100&filter=buyingOptions%3A%7BFIXED_PRICE%7CAUCTION%7D%2CitemLocationCountry%3AUS%2Cprice%3A%5B1.0..10.0%5D%2CpriceCurrency%3AUSD
  -> Pikachu (under $10)
  Browse failed for 'pikachu card': 429 Client Error: Too Many Requests for url: https://api.ebay.com/buy/browse/v1/item_summary/search?q=pikachu+card&limit=100&filter=buyingOptions%3A%7BFIXED_PRICE%7CAUCTION%7D%2CitemLocationCountry%3AUS%2Cprice%3A%5B1.0..10.0%5D%2CpriceCurrency%3AUSD
  Browse failed for 'pikachu holo': 429 Client Error: Too Many Requests for url: https://api.ebay.com/buy/browse/v1/item_summary/search?q=pikachu+holo&limit=100&filter=buyingOptions%3A%7BFIXED_PRICE%7CAUCTION%7D%2CitemLocationCountry%3AUS%2Cprice%3A%5B1.0..10.0%5D%2CpriceCurrency%3AUSD
  -> Charizard (under $10)
  Browse failed for 'charizard card': 429 Client Error: Too Many Requests for url: https://api.ebay.com/buy/browse/v1/item_summary/search?q=charizard+card&limit=100&filter=buyingOptions%3A%7BFIXED_PRICE%7CAUCTION%7D%2CitemLocationCountry%3AUS%2Cprice%3A%5B1.0..10.0%5D%2CpriceCurrency%3AUSD
  Browse failed for 'charizard holo': 429 Client Error: Too Many Requests for url: https://api.ebay.com/buy/browse/v1/item_summary/search?q=charizard+holo&limit=100&filter=buyingOptions%3A%7BFIXED_PRICE%7CAUCTION%7D%2CitemLocationCountry%3AUS%2Cprice%3A%5B1.0..10.0%5D%2CpriceCurrency%3AUSD
  -> Mew (under $10)
  Browse failed for 'mew card': 429 Client Error: Too Many Requests for url: https://api.ebay.com/buy/browse/v1/item_summary/search?q=mew+card&limit=100&filter=buyingOptions%3A%7BFIXED_PRICE%7CAUCTION%7D%2CitemLocationCountry%3AUS%2Cprice%3A%5B1.0..10.0%5D%2CpriceCurrency%3AUSD
  Browse failed for 'mew holo': 429 Client Error: Too Many Requests for url: https://api.ebay.com/buy/browse/v1/item_summary/search?q=mew+holo&limit=100&filter=buyingOptions%3A%7BFIXED_PRICE%7CAUCTION%7D%2CitemLocationCountry%3AUS%2Cprice%3A%5B1.0..10.0%5D%2CpriceCurrency%3AUSD
  -> Mewtwo (under $10)
  Browse failed for 'mewtwo card': 429 Client Error: Too Many Requests for url: https://api.ebay.com/buy/browse/v1/item_summary/search?q=mewtwo+card&limit=100&filter=buyingOptions%3A%7BFIXED_PRICE%7CAUCTION%7D%2CitemLocationCountry%3AUS%2Cprice%3A%5B1.0..10.0%5D%2CpriceCurrency%3AUSD
  Browse failed for 'mewtwo holo': 429 Client Error: Too Many Requests for url: https://api.ebay.com/buy/browse/v1/item_summary/search?q=mewtwo+holo&limit=100&filter=buyingOptions%3A%7BFIXED_PRICE%7CAUCTION%7D%2CitemLocationCountry%3AUS%2Cprice%3A%5B1.0..10.0%5D%2CpriceCurrency%3AUSD
  -> Eevee (under $10)
  Browse failed for 'eevee card': 429 Client Error: Too Many Requests for url: https://api.ebay.com/buy/browse/v1/item_summary/search?q=eevee+card&limit=100&filter=buyingOptions%3A%7BFIXED_PRICE%7CAUCTION%7D%2CitemLocationCountry%3AUS%2Cprice%3A%5B1.0..10.0%5D%2CpriceCurrency%3AUSD
  Browse failed for 'eevee holo': 429 Client Error: Too Many Requests for url: https://api.ebay.com/buy/browse/v1/item_summary/search?q=eevee+holo&limit=100&filter=buyingOptions%3A%7BFIXED_PRICE%7CAUCTION%7D%2CitemLocationCountry%3AUS%2Cprice%3A%5B1.0..10.0%5D%2CpriceCurrency%3AUSD
  Buckets: 15  ·  Listings: 0
  Plan:   /Users/jason.chletsos/Documents/GitHub/jason_chletsos_ebay_lots/output/under_10_plan.json
  Report: /Users/jason.chletsos/Documents/GitHub/jason_chletsos_ebay_lots/docs/under_10.html
[exit 0] under_10_agent.py

########## vault_eligibility.py ##########
/Users/jason.chletsos/.pyenv/versions/3.12.11/bin/python3: can't open file '/Users/jason.chletsos/Documents/GitHub/jason_chletsos_ebay_lots/vault_eligibility.py': [Errno 2] No such file or directory
[exit 2] vault_eligibility.py

########## pokemon_news_agent.py ##########
  Tiki Barber (Pokémon News) reporting in.
  -> Monochrome BWR: Reshiram & Zekrom
  Browse failed for 'pokemon monochrome BWR reshiram zekrom japanese': 429 Client Error: Too Many Requests for url: https://api.ebay.com/buy/browse/v1/item_summary/search?q=pokemon+monochrome+BWR+reshiram+zekrom+japanese&limit=48&filter=buyingOptions%3A%7BFIXED_PRICE%7CAUCTION%7D%2CpriceCurrency%3AUSD&sort=price
  Browse failed for 'pokemon reshiram zekrom japanese 2026': 429 Client Error: Too Many Requests for url: https://api.ebay.com/buy/browse/v1/item_summary/search?q=pokemon+reshiram+zekrom+japanese+2026&limit=48&filter=buyingOptions%3A%7BFIXED_PRICE%7CAUCTION%7D%2CpriceCurrency%3AUSD&sort=price
  Browse failed for 'Reshiram ex SAR Monochrome BWR': 429 Client Error: Too Many Requests for url: https://api.ebay.com/buy/browse/v1/item_summary/search?q=Reshiram+ex+SAR+Monochrome+BWR&limit=8&filter=buyingOptions%3A%7BFIXED_PRICE%7CAUCTION%7D%2CpriceCurrency%3AUSD&sort=price
  Browse failed for 'Zekrom ex SAR Monochrome BWR': 429 Client Error: Too Many Requests for url: https://api.ebay.com/buy/browse/v1/item_summary/search?q=Zekrom+ex+SAR+Monochrome+BWR&limit=8&filter=buyingOptions%3A%7BFIXED_PRICE%7CAUCTION%7D%2CpriceCurrency%3AUSD&sort=price
  Browse failed for 'Reshiram & Zekrom UR Monochrome BWR': 429 Client Error: Too Many Requests for url: https://api.ebay.com/buy/browse/v1/item_summary/search?q=Reshiram+%26+Zekrom+UR+Monochrome+BWR&limit=8&filter=buyingOptions%3A%7BFIXED_PRICE%7CAUCTION%7D%2CpriceCurrency%3AUSD&sort=price
  Browse failed for 'N's Reshiram Monochrome BWR': 429 Client Error: Too Many Requests for url: https://api.ebay.com/buy/browse/v1/item_summary/search?q=N%27s+Reshiram+Monochrome+BWR&limit=8&filter=buyingOptions%3A%7BFIXED_PRICE%7CAUCTION%7D%2CpriceCurrency%3AUSD&sort=price
  Browse failed for 'N's Zekrom Monochrome BWR': 429 Client Error: Too Many Requests for url: https://api.ebay.com/buy/browse/v1/item_summary/search?q=N%27s+Zekrom+Monochrome+BWR&limit=8&filter=buyingOptions%3A%7BFIXED_PRICE%7CAUCTION%7D%2CpriceCurrency%3AUSD&sort=price
  -> Mega Brave
  Browse failed for 'pokemon mega brave japanese booster': 429 Client Error: Too Many Requests for url: https://api.ebay.com/buy/browse/v1/item_summary/search?q=pokemon+mega+brave+japanese+booster&limit=48&filter=buyingOptions%3A%7BFIXED_PRICE%7CAUCTION%7D%2CpriceCurrency%3AUSD&sort=price
  Browse failed for 'pokemon mega lucario japanese 2026': 429 Client Error: Too Many Requests for url: https://api.ebay.com/buy/browse/v1/item_summary/search?q=pokemon+mega+lucario+japanese+2026&limit=48&filter=buyingOptions%3A%7BFIXED_PRICE%7CAUCTION%7D%2CpriceCurrency%3AUSD&sort=price
  Browse failed for 'Mega Lucario ex SAR Mega Brave': 429 Client Error: Too Many Requests for url: https://api.ebay.com/buy/browse/v1/item_summary/search?q=Mega+Lucario+ex+SAR+Mega+Brave&limit=8&filter=buyingOptions%3A%7BFIXED_PRICE%7CAUCTION%7D%2CpriceCurrency%3AUSD&sort=price
  Browse failed for 'Mega Garchomp ex SAR Mega Brave': 429 Client Error: Too Many Requests for url: https://api.ebay.com/buy/browse/v1/item_summary/search?q=Mega+Garchomp+ex+SAR+Mega+Brave&limit=8&filter=buyingOptions%3A%7BFIXED_PRICE%7CAUCTION%7D%2CpriceCurrency%3AUSD&sort=price
  Browse failed for 'Mega Salamence ex Mega Brave': 429 Client Error: Too Many Requests for url: https://api.ebay.com/buy/browse/v1/item_summary/search?q=Mega+Salamence+ex+Mega+Brave&limit=8&filter=buyingOptions%3A%7BFIXED_PRICE%7CAUCTION%7D%2CpriceCurrency%3AUSD&sort=price
  -> Mega Symphonia
  Browse failed for 'pokemon mega symphonia japanese': 429 Client Error: Too Many Requests for url: https://api.ebay.com/buy/browse/v1/item_summary/search?q=pokemon+mega+symphonia+japanese&limit=48&filter=buyingOptions%3A%7BFIXED_PRICE%7CAUCTION%7D%2CpriceCurrency%3AUSD&sort=price
  Browse failed for 'pokemon mega gardevoir japanese 2026': 429 Client Error: Too Many Requests for url: https://api.ebay.com/buy/browse/v1/item_summary/search?q=pokemon+mega+gardevoir+japanese+2026&limit=48&filter=buyingOptions%3A%7BFIXED_PRICE%7CAUCTION%7D%2CpriceCurrency%3AUSD&sort=price
  Browse failed for 'Mega Gardevoir ex SAR Mega Symphonia': 429 Client Error: Too Many Requests for url: https://api.ebay.com/buy/browse/v1/item_summary/search?q=Mega+Gardevoir+ex+SAR+Mega+Symphonia&limit=8&filter=buyingOptions%3A%7BFIXED_PRICE%7CAUCTION%7D%2CpriceCurrency%3AUSD&sort=price
  Browse failed for 'Mega Rayquaza ex SAR Mega Symphonia': 429 Client Error: Too Many Requests for url: https://api.ebay.com/buy/browse/v1/item_summary/search?q=Mega+Rayquaza+ex+SAR+Mega+Symphonia&limit=8&filter=buyingOptions%3A%7BFIXED_PRICE%7CAUCTION%7D%2CpriceCurrency%3AUSD&sort=price
  Browse failed for 'Mega Diancie ex Mega Symphonia': 429 Client Error: Too Many Requests for url: https://api.ebay.com/buy/browse/v1/item_summary/search?q=Mega+Diancie+ex+Mega+Symphonia&limit=8&filter=buyingOptions%3A%7BFIXED_PRICE%7CAUCTION%7D%2CpriceCurrency%3AUSD&sort=price
  -> Destined Rivals
  Browse failed for 'pokemon destined rivals booster box ETB': 429 Client Error: Too Many Requests for url: https://api.ebay.com/buy/browse/v1/item_summary/search?q=pokemon+destined+rivals+booster+box+ETB&limit=48&filter=buyingOptions%3A%7BFIXED_PRICE%7CAUCTION%7D%2CpriceCurrency%3AUSD&sort=price
  Browse failed for 'pokemon destined rivals': 429 Client Error: Too Many Requests for url: https://api.ebay.com/buy/browse/v1/item_summary/search?q=pokemon+destined+rivals&limit=48&filter=buyingOptions%3A%7BFIXED_PRICE%7CAUCTION%7D%2CpriceCurrency%3AUSD&sort=price
  Browse failed for 'Team Rocket's Mewtwo ex Destined Rivals': 429 Client Error: Too Many Requests for url: https://api.ebay.com/buy/browse/v1/item_summary/search?q=Team+Rocket%27s+Mewtwo+ex+Destined+Rivals&limit=8&filter=buyingOptions%3A%7BFIXED_PRICE%7CAUCTION%7D%2CpriceCurrency%3AUSD&sort=price
  Browse failed for 'Cynthia's Garchomp ex Destined Rivals': 429 Client Error: Too Many Requests for url: https://api.ebay.com/buy/browse/v1/item_summary/search?q=Cynthia%27s+Garchomp+ex+Destined+Rivals&limit=8&filter=buyingOptions%3A%7BFIXED_PRICE%7CAUCTION%7D%2CpriceCurrency%3AUSD&sort=price
  Browse failed for 'Marnie's Morpeko Destined Rivals': 429 Client Error: Too Many Requests for url: https://api.ebay.com/buy/browse/v1/item_summary/search?q=Marnie%27s+Morpeko+Destined+Rivals&limit=8&filter=buyingOptions%3A%7BFIXED_PRICE%7CAUCTION%7D%2CpriceCurrency%3AUSD&sort=price
  Browse failed for 'Ethan's Ho-Oh ex Destined Rivals': 429 Client Error: Too Many Requests for url: https://api.ebay.com/buy/browse/v1/item_summary/search?q=Ethan%27s+Ho-Oh+ex+Destined+Rivals&limit=8&filter=buyingOptions%3A%7BFIXED_PRICE%7CAUCTION%7D%2CpriceCurrency%3AUSD&sort=price
  -> Black Bolt & White Flare
  Browse failed for 'pokemon black bolt white flare ETB': 429 Client Error: Too Many Requests for url: https://api.ebay.com/buy/browse/v1/item_summary/search?q=pokemon+black+bolt+white+flare+ETB&limit=48&filter=buyingOptions%3A%7BFIXED_PRICE%7CAUCTION%7D%2CpriceCurrency%3AUSD&sort=price
  Browse failed for 'pokemon white flare booster': 429 Client Error: Too Many Requests for url: https://api.ebay.com/buy/browse/v1/item_summary/search?q=pokemon+white+flare+booster&limit=48&filter=buyingOptions%3A%7BFIXED_PRICE%7CAUCTION%7D%2CpriceCurrency%3AUSD&sort=price
  Browse failed for 'Reshiram ex Black Bolt & White Flare': 429 Client Error: Too Many Requests for url: https://api.ebay.com/buy/browse/v1/item_summary/search?q=Reshiram+ex+Black+Bolt+%26+White+Flare&limit=8&filter=buyingOptions%3A%7BFIXED_PRICE%7CAUCTION%7D%2CpriceCurrency%3AUSD&sort=price
  Browse failed for 'Zekrom ex Black Bolt & White Flare': 429 Client Error: Too Many Requests for url: https://api.ebay.com/buy/browse/v1/item_summary/search?q=Zekrom+ex+Black+Bolt+%26+White+Flare&limit=8&filter=buyingOptions%3A%7BFIXED_PRICE%7CAUCTION%7D%2CpriceCurrency%3AUSD&sort=price
  Browse failed for 'N's Zoroark Black Bolt & White Flare': 429 Client Error: Too Many Requests for url: https://api.ebay.com/buy/browse/v1/item_summary/search?q=N%27s+Zoroark+Black+Bolt+%26+White+Flare&limit=8&filter=buyingOptions%3A%7BFIXED_PRICE%7CAUCTION%7D%2CpriceCurrency%3AUSD&sort=price
  Browse failed for 'Hilda Full Art Black Bolt & White Flare': 429 Client Error: Too Many Requests for url: https://api.ebay.com/buy/browse/v1/item_summary/search?q=Hilda+Full+Art+Black+Bolt+%26+White+Flare&limit=8&filter=buyingOptions%3A%7BFIXED_PRICE%7CAUCTION%7D%2CpriceCurrency%3AUSD&sort=price
  -> Journey Together
  Browse failed for 'pokemon journey together booster box': 429 Client Error: Too Many Requests for url: https://api.ebay.com/buy/browse/v1/item_summary/search?q=pokemon+journey+together+booster+box&limit=48&filter=buyingOptions%3A%7BFIXED_PRICE%7CAUCTION%7D%2CpriceCurrency%3AUSD&sort=price
  Browse failed for 'pokemon journey together ETB': 429 Client Error: Too Many Requests for url: https://api.ebay.com/buy/browse/v1/item_summary/search?q=pokemon+journey+together+ETB&limit=48&filter=buyingOptions%3A%7BFIXED_PRICE%7CAUCTION%7D%2CpriceCurrency%3AUSD&sort=price
  Browse failed for 'N's Zoroark ex Journey Together': 429 Client Error: Too Many Requests for url: https://api.ebay.com/buy/browse/v1/item_summary/search?q=N%27s+Zoroark+ex+Journey+Together&limit=8&filter=buyingOptions%3A%7BFIXED_PRICE%7CAUCTION%7D%2CpriceCurrency%3AUSD&sort=price
  Browse failed for 'Iono's Bellibolt ex Journey Together': 429 Client Error: Too Many Requests for url: https://api.ebay.com/buy/browse/v1/item_summary/search?q=Iono%27s+Bellibolt+ex+Journey+Together&limit=8&filter=buyingOptions%3A%7BFIXED_PRICE%7CAUCTION%7D%2CpriceCurrency%3AUSD&sort=price
  Browse failed for 'Lillie's Clefairy ex Journey Together': 429 Client Error: Too Many Requests for url: https://api.ebay.com/buy/browse/v1/item_summary/search?q=Lillie%27s+Clefairy+ex+Journey+Together&limit=8&filter=buyingOptions%3A%7BFIXED_PRICE%7CAUCTION%7D%2CpriceCurrency%3AUSD&sort=price
  -> Prismatic Evolutions
  Browse failed for 'pokemon prismatic evolutions ETB booster bundle': 429 Client Error: Too Many Requests for url: https://api.ebay.com/buy/browse/v1/item_summary/search?q=pokemon+prismatic+evolutions+ETB+booster+bundle&limit=48&filter=buyingOptions%3A%7BFIXED_PRICE%7CAUCTION%7D%2CpriceCurrency%3AUSD&sort=price
  Browse failed for 'pokemon prismatic evolutions': 429 Client Error: Too Many Requests for url: https://api.ebay.com/buy/browse/v1/item_summary/search?q=pokemon+prismatic+evolutions&limit=48&filter=buyingOptions%3A%7BFIXED_PRICE%7CAUCTION%7D%2CpriceCurrency%3AUSD&sort=price
  Browse failed for 'Umbreon ex SIR Prismatic Evolutions': 429 Client Error: Too Many Requests for url: https://api.ebay.com/buy/browse/v1/item_summary/search?q=Umbreon+ex+SIR+Prismatic+Evolutions&limit=8&filter=buyingOptions%3A%7BFIXED_PRICE%7CAUCTION%7D%2CpriceCurrency%3AUSD&sort=price
  Browse failed for 'Sylveon ex Prismatic Evolutions': 429 Client Error: Too Many Requests for url: https://api.ebay.com/buy/browse/v1/item_summary/search?q=Sylveon+ex+Prismatic+Evolutions&limit=8&filter=buyingOptions%3A%7BFIXED_PRICE%7CAUCTION%7D%2CpriceCurrency%3AUSD&sort=price
  Browse failed for 'Espeon ex Prismatic Evolutions': 429 Client Error: Too Many Requests for url: https://api.ebay.com/buy/browse/v1/item_summary/search?q=Espeon+ex+Prismatic+Evolutions&limit=8&filter=buyingOptions%3A%7BFIXED_PRICE%7CAUCTION%7D%2CpriceCurrency%3AUSD&sort=price
  Browse failed for 'Eevee Promo Prismatic Evolutions': 429 Client Error: Too Many Requests for url: https://api.ebay.com/buy/browse/v1/item_summary/search?q=Eevee+Promo+Prismatic+Evolutions&limit=8&filter=buyingOptions%3A%7BFIXED_PRICE%7CAUCTION%7D%2CpriceCurrency%3AUSD&sort=price
  -> Surging Sparks
  Browse failed for 'pokemon surging sparks ETB booster box': 429 Client Error: Too Many Requests for url: https://api.ebay.com/buy/browse/v1/item_summary/search?q=pokemon+surging+sparks+ETB+booster+box&limit=48&filter=buyingOptions%3A%7BFIXED_PRICE%7CAUCTION%7D%2CpriceCurrency%3AUSD&sort=price
  Browse failed for 'pokemon surging sparks': 429 Client Error: Too Many Requests for url: https://api.ebay.com/buy/browse/v1/item_summary/search?q=pokemon+surging+sparks&limit=48&filter=buyingOptions%3A%7BFIXED_PRICE%7CAUCTION%7D%2CpriceCurrency%3AUSD&sort=price
  Browse failed for 'Pikachu ex Hyper Rare Surging Sparks': 429 Client Error: Too Many Requests for url: https://api.ebay.com/buy/browse/v1/item_summary/search?q=Pikachu+ex+Hyper+Rare+Surging+Sparks&limit=8&filter=buyingOptions%3A%7BFIXED_PRICE%7CAUCTION%7D%2CpriceCurrency%3AUSD&sort=price
  Browse failed for 'Latias ex Surging Sparks': 429 Client Error: Too Many Requests for url: https://api.ebay.com/buy/browse/v1/item_summary/search?q=Latias+ex+Surging+Sparks&limit=8&filter=buyingOptions%3A%7BFIXED_PRICE%7CAUCTION%7D%2CpriceCurrency%3AUSD&sort=price
  Browse failed for 'Milotic ex Surging Sparks': 429 Client Error: Too Many Requests for url: https://api.ebay.com/buy/browse/v1/item_summary/search?q=Milotic+ex+Surging+Sparks&limit=8&filter=buyingOptions%3A%7BFIXED_PRICE%7CAUCTION%7D%2CpriceCurrency%3AUSD&sort=price
  Sets: 8  ·  Listings: 0  ·  Pre-orders: 0
  Plan:   /Users/jason.chletsos/Documents/GitHub/jason_chletsos_ebay_lots/output/pokemon_news_plan.json
  Report: /Users/jason.chletsos/Documents/GitHub/jason_chletsos_ebay_lots/docs/pokemon_news.html
[exit 0] pokemon_news_agent.py

########## orders_watch_agent.py ##########
  Mark Messier (Orders Watch) reporting in.
  Getting eBay access token...
  Fetching most recent 50 orders (last 30 days)...
  Got 50 order row(s).

  Today        : $0.00 across 0 order(s)
  7-day total  : $0.00
  30-day total : $465.10
  Rows in plan : 50

  Plan:   /Users/jason.chletsos/Documents/GitHub/jason_chletsos_ebay_lots/output/orders_watch_plan.json
  Live:   /Users/jason.chletsos/Documents/GitHub/jason_chletsos_ebay_lots/docs/orders_watch_plan.json
  Page:   /Users/jason.chletsos/Documents/GitHub/jason_chletsos_ebay_lots/docs/orders_watch.html
[exit 0] orders_watch_agent.py

########## site_health_agent.py ##########
  Luc Robitaille (Site Health) reporting in.
  Site health check @ 2026-07-01 19:02 UTC

  Checking Site Index... OK
  Checking Key Pages... OK
  Checking Snapshot Freshness... OK
  Checking Daily Freshness... WARN
  Checking Lambda Health... OK
  Checking Ebay Token... OK
  Checking Plan Freshness... WARN
  Checking Listing Count... OK
  Checking Sold History... OK

  CHECK                   STATUS  DETAIL
  --------------------------------------
  GitHub Pages index      GREEN   HTTP 200 — https://fivetran-jasonchletsos.github.io/jason_chletsos_ebay_lots/index.html
  Key pages               GREEN   daily, browse, deals — all 200
  Snapshot freshness      GREEN   0.0h old
  Daily digest freshness  YELLOW  24.5h old — run daily_digest_agent.py
  Lambda /health          GREEN   HTTP 200 — https://jw0hur2091.execute-api.us-east-1.amazonaws.com/health
  eBay OAuth token        GREEN   valid — sell/account ping HTTP 200
  Plan file freshness     YELLOW  stale: browse_index_plan.json (74h)
  Active listing count    GREEN   2409 listings (1.3% change from 2378)
  Sold history            GREEN   last sale 1.3d ago (2026-06-30)

  Report JSON: /Users/jason.chletsos/Documents/GitHub/jason_chletsos_ebay_lots/output/site_health_report.json
  Report HTML: /Users/jason.chletsos/Documents/GitHub/jason_chletsos_ebay_lots/docs/health.html

  Overall: All checks passed.
[exit 0] site_health_agent.py

########## daily_digest_agent.py ##########
  Bob Murphy (Daily Digest) reporting in.
  Daily digest @ 2026-07-01 19:02 UTC
  Yesterday: $1.99 on 1 order(s)
  7-day: $318.04 | 30-day: $1,298.08
  Active: 2409 | Watchers: 0 | Offers pending: 0 | Msgs: 0
  TODO items: 1
  Wrote /Users/jason.chletsos/Documents/GitHub/jason_chletsos_ebay_lots/docs/daily.html
[exit 0] daily_digest_agent.py
PIPELINE2_DONE
