  Fetching orders awaiting feedback (GetItemsAwaitingFeedback)...
  Found 192 transaction(s) without buyer feedback.
  Leaving feedback for shol_62 on item 307001107304: "Excellent buyer! Hope you enjoy your purchase. Tha..."
  Leaving feedback for redde239 on item 307031770064: "Easy transaction, fast payment. Thank you, great b..."
  Leaving feedback for spank-7282 on item 306997074779: "Wonderful buyer — paid immediately. Hope you love ..."
  Leaving feedback for tater108fd on item 307038749544: "Highly recommended buyer. Fast payment, no issues...."
  Leaving feedback for olihil_2439 on item 307031075053: "Fast payment, great buyer. Thank you for the trans..."
  Leaving feedback for hemars-5750 on item 307027733469: "Great buyer! Fast payment, smooth transaction. Tha..."
  Leaving feedback for 2011hegebaby40 on item 307027333307: "Highly recommended buyer. Fast payment, no issues...."
  Leaving feedback for seareef33 on item 307001220474: "Great buyer, quick payment. A pleasure to do busin..."
  Leaving feedback for smoker2023 on item 307043940672: "Terrific buyer — immediate payment. Would sell to ..."
  Leaving feedback for mustwatchlost on item 307021793328: "Perfect transaction. Thank you for your purchase!..."
  Leaving feedback for andpar75 on item 307030950111: "Excellent buyer! Hope you enjoy your purchase. Tha..."
  Leaving feedback for thecardlobby on item 307048490278: "Terrific buyer — immediate payment. Would sell to ..."
  Leaving feedback for bws-35 on item 306903947932: "Fast payment, great buyer. Thank you for the trans..."
  Leaving feedback for jgcardseller on item 307021758517: "Smooth and easy transaction. Thank you for buying!..."
  Leaving feedback for blackswancc on item 307021797962: "A+ buyer! Payment received quickly. Thanks for the..."
  Leaving feedback for peters_andy on item 306999509679: "Wonderful buyer — paid immediately. Hope you love ..."
  Leaving feedback for dens8855 on item 307021785230: "Terrific buyer — immediate payment. Would sell to ..."
  Leaving feedback for joelef on item 307044254082: "Excellent buyer. Quick payment. Always welcome bac..."
  Leaving feedback for chasescardcase on item 307044329432: "Great buyer! Fast payment, smooth transaction. Tha..."
  Leaving feedback for amwil9457 on item 307021776361: "Excellent buyer. Quick payment. Always welcome bac..."
  Leaving feedback for gamezgunzcoinz on item 307044254186: "Excellent buyer. Quick payment. Always welcome bac..."
  Leaving feedback for randjcardsokc on item 307044255226: "Excellent buyer. Quick payment. Always welcome bac..."
  Leaving feedback for dyge-3455 on item 307021757702: "Outstanding buyer. Paid instantly. Thank you so mu..."
  Leaving feedback for keng1315 on item 307015234229: "Perfect transaction. Thank you for your purchase!..."
  Leaving feedback for mon_85962 on item 307021757724: "Great buyer! Fast payment, smooth transaction. Tha..."
  Leaving feedback for guitar-873 on item 307021778968: "Great buyer! Fast payment, smooth transaction. Tha..."
  Leaving feedback for jonaplas_39 on item 307031004046: "Outstanding buyer. Paid instantly. Thank you so mu..."
  Leaving feedback for kcswier on item 307037097849: "Easy transaction, fast payment. Thank you, great b..."
  Leaving feedback for b-oui25 on item 307033427842: "Excellent buyer. Quick payment. Always welcome bac..."
  Leaving feedback for stonecoldbrk on item 307021756373: "Excellent buyer. Quick payment. Always welcome bac..."
  Leaving feedback for clemscards78 on item 307030973530: "Perfect transaction. Thank you for your purchase!..."
  Leaving feedback for ihicons6811 on item 307023647854: "Excellent buyer. Quick payment. Always welcome bac..."
  Leaving feedback for grat71 on item 307034987052: "Highly recommended buyer. Fast payment, no issues...."
  Leaving feedback for revelationsportscards on item 307021758040: "Great buyer, quick payment. A pleasure to do busin..."
  Leaving feedback for nissan574 on item 307030973901: "Outstanding buyer. Paid instantly. Thank you so mu..."
  Leaving feedback for cvgustus on item 307021793996: "Great buyer, quick payment. A pleasure to do busin..."
  Leaving feedback for monkeynormadness327 on item 306993554517: "Excellent buyer. Quick payment. Always welcome bac..."
  Leaving feedback for gamecock_87 on item 307003202195: "Super fast payment. Great eBay buyer, thank you!..."
  Leaving feedback for youngvac on item 306996232904: "Excellent buyer! Hope you enjoy your purchase. Tha..."
  Leaving feedback for cour_1598 on item 306993495244: "Outstanding buyer. Paid instantly. Thank you so mu..."
  Leaving feedback for nikothegreek82 on item 307021777686: "Fast payment, great buyer. Thank you for the trans..."
  Leaving feedback for mjb0kman on item 306993553214: "Perfect transaction. Thank you for your purchase!..."
  Leaving feedback for ke_55632 on item 307018367551: "Super fast payment. Great eBay buyer, thank you!..."
  Leaving feedback for djpsycho49@hotmail.com on item 307021757669: "Super fast payment. Great eBay buyer, thank you!..."
  Leaving feedback for grhill_0 on item 307029145780: "A+ buyer! Payment received quickly. Thanks for the..."
  Leaving feedback for bighdogg21 on item 307028044813: "Smooth and easy transaction. Thank you for buying!..."
  Leaving feedback for grhill_0 on item 306995237354: "Wonderful buyer — paid immediately. Hope you love ..."
  Leaving feedback for grhill_0 on item 307028044454: "A+ buyer! Payment received quickly. Thanks for the..."
  Leaving feedback for john102764 on item 307021782134: "Terrific buyer — immediate payment. Would sell to ..."
  Leaving feedback for fryb-61 on item 307021757759: "Excellent buyer! Hope you enjoy your purchase. Tha..."
  Leaving feedback for rigo_657 on item 306998028340: "Outstanding buyer. Paid instantly. Thank you so mu..."
  Leaving feedback for pjcards2 on item 307012460049: "Great buyer! Fast payment, smooth transaction. Tha..."
  Leaving feedback for shaymcasey on item 306993602568: "Outstanding buyer. Paid instantly. Thank you so mu..."
  Leaving feedback for scvona-0 on item 306997182992: "A+ buyer! Payment received quickly. Thanks for the..."
  Leaving feedback for mat_629985 on item 307021757657: "Easy transaction, fast payment. Thank you, great b..."
  Leaving feedback for ry-ry34 on item 307004744178: "Fast payment, great communication. Highly recommen..."
  Leaving feedback for dusjoh1986 on item 307021764142: "Outstanding buyer. Paid instantly. Thank you so mu..."
  Leaving feedback for wjbubba on item 307021794643: "Highly recommended buyer. Fast payment, no issues...."
  Leaving feedback for dboinked on item 307023117468: "A+ buyer! Payment received quickly. Thanks for the..."
  Leaving feedback for reignman614 on item 307010502095: "Highly recommended buyer. Fast payment, no issues...."
  Leaving feedback for thebullgod7 on item 307021758957: "Outstanding buyer. Paid instantly. Thank you so mu..."
  Leaving feedback for samantha200650 on item 306913853080: "Smooth and easy transaction. Thank you for buying!..."
  Leaving feedback for kaner1693 on item 307005063457: "Smooth and easy transaction. Thank you for buying!..."
  Leaving feedback for grhill_0 on item 307020772939: "Outstanding buyer. Paid instantly. Thank you so mu..."
  Leaving feedback for jboogie8082010 on item 307000542419: "Perfect transaction. Thank you for your purchase!..."
  Leaving feedback for haveaniceday622 on item 307010512881: "Great buyer, quick payment. A pleasure to do busin..."
  Leaving feedback for steele8eddie on item 307020661671: "Wonderful buyer — paid immediately. Hope you love ..."
  Leaving feedback for buffaloboys2 on item 307020784856: "Smooth and easy transaction. Thank you for buying!..."
  Leaving feedback for asagaris on item 307016643556: "A+ buyer! Payment received quickly. Thanks for the..."
  Leaving feedback for 422erick on item 306998590635: "Super fast payment. Great eBay buyer, thank you!..."
  Leaving feedback for nb_collectabless on item 307007016752: "Highly recommended buyer. Fast payment, no issues...."
  Leaving feedback for hiroglifix on item 307020662072: "Smooth and easy transaction. Thank you for buying!..."
  Leaving feedback for 704_swift on item 307020663481: "Great buyer! Fast payment, smooth transaction. Tha..."
  Leaving feedback for api-57 on item 307003201283: "Great buyer, quick payment. A pleasure to do busin..."
  Leaving feedback for justinnewburn4 on item 306993413369: "A+ buyer! Payment received quickly. Thanks for the..."
  Leaving feedback for swartzm88985 on item 306999410966: "Smooth and easy transaction. Thank you for buying!..."
  Leaving feedback for steveb5205 on item 307004688710: "Fast payment, great buyer. Thank you for the trans..."
  Leaving feedback for hodudus_gdl49udscg on item 307010839462: "Great buyer! Fast payment, smooth transaction. Tha..."
  Leaving feedback for ariz-1339 on item 306984769329: "Highly recommended buyer. Fast payment, no issues...."
  Leaving feedback for 221bakerstreet on item 307016643261: "Great buyer, quick payment. A pleasure to do busin..."
  Leaving feedback for rbcardzstore on item 306947440872: "Highly recommended buyer. Fast payment, no issues...."
  Leaving feedback for xxramairbirdxx23 on item 307006088677: "Easy transaction, fast payment. Thank you, great b..."
  Leaving feedback for flbaseball10 on item 307014463607: "Smooth and easy transaction. Thank you for buying!..."
  Leaving feedback for garza_javy on item 306994554663: "Super fast payment. Great eBay buyer, thank you!..."
  Leaving feedback for rimor-33 on item 307001365275: "Outstanding buyer. Paid instantly. Thank you so mu..."
  Leaving feedback for rimor-33 on item 307001325621: "Highly recommended buyer. Fast payment, no issues...."
  Leaving feedback for rimor-33 on item 306953385368: "Highly recommended buyer. Fast payment, no issues...."
  Leaving feedback for deho_4396 on item 306994572178: "Fast payment, great buyer. Thank you for the trans..."
  Leaving feedback for jfraish on item 306995330033: "Great buyer, quick payment. A pleasure to do busin..."
  Leaving feedback for lombardi2300 on item 307014459102: "Excellent buyer. Quick payment. Always welcome bac..."
  Leaving feedback for lu_5309086 on item 307007016138: "Excellent buyer! Hope you enjoy your purchase. Tha..."
  Leaving feedback for frankiefrancis1976 on item 307012024952: "Perfect transaction. Thank you for your purchase!..."
  Leaving feedback for chrislil-0 on item 307000686494: "Perfect transaction. Thank you for your purchase!..."
  Leaving feedback for avalentin824 on item 307012613356: "Smooth and easy transaction. Thank you for buying!..."
  Leaving feedback for villa5795 on item 307010510980: "A+ buyer! Payment received quickly. Thanks for the..."
  Leaving feedback for jeffd247 on item 306996196674: "Excellent buyer. Quick payment. Always welcome bac..."
  Leaving feedback for carsons-cards on item 307010709250: "Wonderful buyer — paid immediately. Hope you love ..."
  Leaving feedback for pr0fan1ty on item 307003198518: "Wonderful buyer — paid immediately. Hope you love ..."
  Leaving feedback for nic-337747 on item 306997125758: "Terrific buyer — immediate payment. Would sell to ..."
  Leaving feedback for tbrady6199_6 on item 307010713867: "A+ buyer! Payment received quickly. Thanks for the..."
  Leaving feedback for timlac_51 on item 307010518648: "Great buyer! Fast payment, smooth transaction. Tha..."
  Leaving feedback for pinkfolk on item 307010513229: "Excellent buyer! Hope you enjoy your purchase. Tha..."
  Leaving feedback for rilosept02 on item 306984868692: "Fast payment, great communication. Highly recommen..."
  Leaving feedback for sportsheroes123 on item 306913950248: "Super fast payment. Great eBay buyer, thank you!..."
  Leaving feedback for redpandascards on item 306968539428: "Outstanding buyer. Paid instantly. Thank you so mu..."
  Leaving feedback for lvocards on item 307009715994: "Perfect transaction. Thank you for your purchase!..."
  Leaving feedback for hepgopackgo on item 306994582504: "Super fast payment. Great eBay buyer, thank you!..."
  Leaving feedback for stepheneahatc-0 on item 307001076419: "Terrific buyer — immediate payment. Would sell to ..."
  Leaving feedback for dabearden on item 307000599353: "Super fast payment. Great eBay buyer, thank you!..."
  Leaving feedback for 631peterm on item 306939349539: "Great buyer, quick payment. A pleasure to do busin..."
  Leaving feedback for dcizl-47 on item 306958230048: "Fast payment, great buyer. Thank you for the trans..."
  Leaving feedback for mzalud on item 306994572483: "Excellent buyer. Quick payment. Always welcome bac..."
  Leaving feedback for tyho_4487 on item 306993395652: "Wonderful buyer — paid immediately. Hope you love ..."
  Leaving feedback for slappydangle on item 307006131638: "Terrific buyer — immediate payment. Would sell to ..."
  Leaving feedback for evers_jorda on item 306947419189: "Terrific buyer — immediate payment. Would sell to ..."
  Leaving feedback for jac5186 on item 306934495603: "Excellent buyer. Quick payment. Always welcome bac..."
  Leaving feedback for jac5186 on item 306984784285: "Perfect transaction. Thank you for your purchase!..."
  Leaving feedback for peteyp_623 on item 306985400828: "Fast payment, great communication. Highly recommen..."
  Leaving feedback for porter_house56 on item 306956218601: "Fast payment, great communication. Highly recommen..."
  Leaving feedback for ma930245 on item 306992907356: "Outstanding buyer. Paid instantly. Thank you so mu..."
  Leaving feedback for mon968698 on item 306994581554: "Perfect transaction. Thank you for your purchase!..."
  Leaving feedback for cyclonefan75 on item 306995191927: "Great buyer, quick payment. A pleasure to do busin..."
  Leaving feedback for yes_you_need_this on item 306958930201: "Easy transaction, fast payment. Thank you, great b..."
  Leaving feedback for pedigo328 on item 306998028955: "Wonderful buyer — paid immediately. Hope you love ..."
  Leaving feedback for dalclar_64 on item 306990490830: "Perfect transaction. Thank you for your purchase!..."
  Leaving feedback for caac_7878 on item 307001076144: "Wonderful buyer — paid immediately. Hope you love ..."
  Leaving feedback for smokey_sports on item 306967174461: "Excellent buyer! Hope you enjoy your purchase. Tha..."
  Leaving feedback for roganscards on item 306999345130: "Fast payment, great buyer. Thank you for the trans..."
  Leaving feedback for brimmerssportscards on item 306939333836: "Great buyer, quick payment. A pleasure to do busin..."
  Leaving feedback for caslbnk on item 306993358730: "Highly recommended buyer. Fast payment, no issues...."
  Leaving feedback for jimrhody1 on item 306994572803: "Fast payment, great buyer. Thank you for the trans..."
  Leaving feedback for eastriverdiecast on item 306993379856: "Terrific buyer — immediate payment. Would sell to ..."
  Leaving feedback for lecus-ymosvd3i on item 306990363991: "Smooth and easy transaction. Thank you for buying!..."
  Leaving feedback for 00turbo00 on item 306997112224: "Outstanding buyer. Paid instantly. Thank you so mu..."
  Leaving feedback for zachdubs063 on item 306930930898: "Perfect transaction. Thank you for your purchase!..."
  Leaving feedback for stah.us2015 on item 306988782310: "Highly recommended buyer. Fast payment, no issues...."
  Leaving feedback for cborne3 on item 306998590757: "Easy transaction, fast payment. Thank you, great b..."
  Leaving feedback for champions-vault on item 307000542282: "Perfect transaction. Thank you for your purchase!..."
  Leaving feedback for runtodaylight22 on item 306990367662: "Wonderful buyer — paid immediately. Hope you love ..."
  Leaving feedback for iowastatebison on item 306993430396: "Easy transaction, fast payment. Thank you, great b..."
  Leaving feedback for justpika on item 306967136198: "Perfect transaction. Thank you for your purchase!..."
  Leaving feedback for justpika on item 306999550884: "Terrific buyer — immediate payment. Would sell to ..."
  Leaving feedback for briadelvecchi-0 on item 306996238391: "Terrific buyer — immediate payment. Would sell to ..."
  Leaving feedback for ho11-2989 on item 306939289562: "Perfect transaction. Thank you for your purchase!..."
  Leaving feedback for cardsontherun on item 306993358782: "Outstanding buyer. Paid instantly. Thank you so mu..."
  Leaving feedback for cardsontherun on item 306972281108: "Great buyer! Fast payment, smooth transaction. Tha..."
  Leaving feedback for cardsontherun on item 306995330469: "Perfect transaction. Thank you for your purchase!..."
  Leaving feedback for cardsontherun on item 306939373376: "Terrific buyer — immediate payment. Would sell to ..."
  Leaving feedback for cardsontherun on item 306968534667: "Highly recommended buyer. Fast payment, no issues...."
  Leaving feedback for rykra-39 on item 306960410595: "Terrific buyer — immediate payment. Would sell to ..."
  Leaving feedback for lorac915 on item 306953888258: "Perfect transaction. Thank you for your purchase!..."
  Leaving feedback for makemeanoffercards on item 306998599626: "Perfect transaction. Thank you for your purchase!..."
  Leaving feedback for retrogirl* on item 306998555802: "Great buyer, quick payment. A pleasure to do busin..."
  Leaving feedback for mitchell_rinker on item 306967151525: "Super fast payment. Great eBay buyer, thank you!..."
  Leaving feedback for hopeofglory924 on item 306985876018: "Easy transaction, fast payment. Thank you, great b..."
  Leaving feedback for alex_cards_tn on item 306998028478: "A+ buyer! Payment received quickly. Thanks for the..."
  Leaving feedback for 1016lee on item 306996434702: "Terrific buyer — immediate payment. Would sell to ..."
  Leaving feedback for 4911guy on item 306994581449: "Fast payment, great communication. Highly recommen..."
  Leaving feedback for josegibs on item 306994602934: "Fast payment, great buyer. Thank you for the trans..."
    Error: Adding feedback failed: invalid item number or invalid transaction or feedback already left.
  Leaving feedback for pudg_63 on item 306960222300: "Easy transaction, fast payment. Thank you, great b..."
    Error: Adding feedback failed: invalid item number or invalid transaction or feedback already left.
  Leaving feedback for rdma_17 on item 306956347084: "Wonderful buyer — paid immediately. Hope you love ..."
    Error: Adding feedback failed: invalid item number or invalid transaction or feedback already left.
  Leaving feedback for christiagrebsta_0 on item 306953125963: "Super fast payment. Great eBay buyer, thank you!..."
    Error: Adding feedback failed: invalid item number or invalid transaction or feedback already left.
  Leaving feedback for sportsxcom on item 306965015070: "Great buyer, quick payment. A pleasure to do busin..."
    Error: Adding feedback failed: invalid item number or invalid transaction or feedback already left.
  Leaving feedback for lilchef0311 on item 306987041477: "Excellent buyer! Hope you enjoy your purchase. Tha..."
    Error: Adding feedback failed: invalid item number or invalid transaction or feedback already left.
  Leaving feedback for lau-84424 on item 306931077943: "A+ buyer! Payment received quickly. Thanks for the..."
    Error: Adding feedback failed: invalid item number or invalid transaction or feedback already left.
  Leaving feedback for 512_breaks on item 306967149977: "Excellent buyer. Quick payment. Always welcome bac..."
    Error: Adding feedback failed: invalid item number or invalid transaction or feedback already left.
  Leaving feedback for jusbac9484 on item 306931446668: "Smooth and easy transaction. Thank you for buying!..."
    Error: Adding feedback failed: invalid item number or invalid transaction or feedback already left.
  Leaving feedback for bigdanhobby on item 306956335494: "Great buyer, quick payment. A pleasure to do busin..."
    Error: Adding feedback failed: invalid item number or invalid transaction or feedback already left.
  Leaving feedback for wqtzc58 on item 306968799790: "Great buyer! Fast payment, smooth transaction. Tha..."
    Error: Adding feedback failed: invalid item number or invalid transaction or feedback already left.
  Leaving feedback for richarcarte78 on item 306962097575: "Wonderful buyer — paid immediately. Hope you love ..."
    Error: Adding feedback failed: invalid item number or invalid transaction or feedback already left.
  Leaving feedback for pacifi-22 on item 306968929116: "Great buyer! Fast payment, smooth transaction. Tha..."
    Error: Adding feedback failed: invalid item number or invalid transaction or feedback already left.
  Leaving feedback for roganscards on item 306950542310: "Easy transaction, fast payment. Thank you, great b..."
    Error: Adding feedback failed: invalid item number or invalid transaction or feedback already left.
  Leaving feedback for vandow_619 on item 306958364587: "Fast payment, great buyer. Thank you for the trans..."
    Error: Adding feedback failed: invalid item number or invalid transaction or feedback already left.
  Leaving feedback for brste-624467 on item 306937669968: "Wonderful buyer — paid immediately. Hope you love ..."
    Error: Adding feedback failed: invalid item number or invalid transaction or feedback already left.
  Leaving feedback for bknrg38 on item 306956571892: "Excellent buyer. Quick payment. Always welcome bac..."
    Error: Adding feedback failed: invalid item number or invalid transaction or feedback already left.
  Leaving feedback for rossinmi on item 306953884593: "Fast payment, great communication. Highly recommen..."
    Error: Adding feedback failed: invalid item number or invalid transaction or feedback already left.
  Leaving feedback for sullivanssportscards on item 306956963551: "Fast payment, great communication. Highly recommen..."
    Error: Adding feedback failed: invalid item number or invalid transaction or feedback already left.
  Leaving feedback for cencalcards on item 306949802296: "Super fast payment. Great eBay buyer, thank you!..."
    Error: Adding feedback failed: invalid item number or invalid transaction or feedback already left.
  Leaving feedback for bill-484548 on item 306953120922: "Perfect transaction. Thank you for your purchase!..."
    Error: Adding feedback failed: invalid item number or invalid transaction or feedback already left.
  Leaving feedback for wilkimb_25 on item 306937601406: "Smooth and easy transaction. Thank you for buying!..."
    Error: Adding feedback failed: invalid item number or invalid transaction or feedback already left.
  Leaving feedback for skajs_gmm9wdlvvc on item 306937452121: "Great buyer, quick payment. A pleasure to do busin..."
    Error: Adding feedback failed: invalid item number or invalid transaction or feedback already left.
  Leaving feedback for aliciamays74 on item 306913939866: "Excellent buyer! Hope you enjoy your purchase. Tha..."
    Error: Adding feedback failed: invalid item number or invalid transaction or feedback already left.
  Leaving feedback for kus_6054 on item 306933928667: "Highly recommended buyer. Fast payment, no issues...."
    Error: Adding feedback failed: invalid item number or invalid transaction or feedback already left.
  Leaving feedback for jogr-4086 on item 306937677187: "Wonderful buyer — paid immediately. Hope you love ..."
    Error: Adding feedback failed: invalid item number or invalid transaction or feedback already left.
  Leaving feedback for kk_sportscards9 on item 306937598270: "Terrific buyer — immediate payment. Would sell to ..."
    Error: Adding feedback failed: invalid item number or invalid transaction or feedback already left.
  Leaving feedback for kk_sportscards9 on item 306937599747: "Outstanding buyer. Paid instantly. Thank you so mu..."
    Error: Adding feedback failed: invalid item number or invalid transaction or feedback already left.
  Leaving feedback for 779kp_31 on item 306937664217: "Great buyer, quick payment. A pleasure to do busin..."
    Error: Adding feedback failed: invalid item number or invalid transaction or feedback already left.
  Leaving feedback for knottyhead1 on item 306913908225: "Smooth and easy transaction. Thank you for buying!..."
    Error: Adding feedback failed: invalid item number or invalid transaction or feedback already left.
  Leaving feedback for bobenso-75 on item 306913787569: "A+ buyer! Payment received quickly. Thanks for the..."
    Error: Adding feedback failed: invalid item number or invalid transaction or feedback already left.
  Leaving feedback for jaoli2839 on item 306931291522: "Great buyer! Fast payment, smooth transaction. Tha..."
    Error: Adding feedback failed: invalid item number or invalid transaction or feedback already left.
  Leaving feedback for spear_core on item 306914912556: "Perfect transaction. Thank you for your purchase!..."
    Error: Adding feedback failed: invalid item number or invalid transaction or feedback already left.
  Leaving feedback for spear_core on item 306939330491: "Excellent buyer! Hope you enjoy your purchase. Tha..."
    Error: Adding feedback failed: invalid item number or invalid transaction or feedback already left.

  Result: 158/192 feedback left successfully.
[exit 0]
