===== inventory_agent =====
  Inventory: 1443 cards loaded  (1443 ready, 0 need photos)
  Plan:   /Users/jason.chletsos/Documents/GitHub/jason_chletsos_ebay_lots/output/inventory_plan.json
  Report: /Users/jason.chletsos/Documents/GitHub/jason_chletsos_ebay_lots/docs/inventory.html
[exit 0]
===== cassini_score_agent =====
  Henrik Lundqvist (Cassini Score) reporting in.

  Cassini score: green=0  yellow=0  red=2558  avg=20.6  (n=2558)
  Biggest mover: +0 -> 15 · 307051122981 2026 Garrett Nussmeier 5 Card Draw Wild Card RC 1/2 Silver H

  Top 3 RED rescue candidates (by price):
    $ 41.99  score=20  307033427920  2025 Topps Signature Class Auto Will Johnson /150 RC Ca
    $ 29.99  score=20  307003202154  2025 Panini Prizm Draft Picks Jalen Milroe Saturday Sta
    $ 24.99  score=20  307038815117  2025 Donruss Optic First Year Fresh Cam Ward Jersey Rel

  Report: /Users/jason.chletsos/Documents/GitHub/jason_chletsos_ebay_lots/docs/cassini.html
  Plan:   /Users/jason.chletsos/Documents/GitHub/jason_chletsos_ebay_lots/output/cassini_score_plan.json
  Snap:   /Users/jason.chletsos/Documents/GitHub/jason_chletsos_ebay_lots/output/cassini_score_snapshot.json
[exit 0]
===== photo_audit_agent =====
  Walt "Clyde" Frazier (Photo Audit) reporting in.
  Capping audit at 200 of 2558 listings
  Getting eBay access token...
  Auditing photos for 200 listings...
    [10/200]  306993277701  SEVERE  1 photos  pri=7.15
    [20/200]  306993344674  SEVERE  1 photos  pri=10.33
    [30/200]  306993415241  SEVERE  1 photos  pri=10.9
    [40/200]  306993420012  SEVERE  1 photos  pri=30.98
    [50/200]  306993495407  SEVERE  1 photos  pri=9.64
    [60/200]  306993605832  SEVERE  1 photos  pri=6.88
    [70/200]  306994202524  SEVERE  1 photos  pri=6.88
    [80/200]  306994603080  SEVERE  1 photos  pri=27.32
    [90/200]  306931209046  SEVERE  1 photos  pri=4.58
    [100/200]  306995192385  SEVERE  1 photos  pri=6.88
    [110/200]  306995330177  SEVERE  1 photos  pri=8.05
    [120/200]  306996196495  SEVERE  1 photos  pri=21.8
    [130/200]  306996233264  SEVERE  1 photos  pri=11.48
    [140/200]  306996418216  SEVERE  1 photos  pri=13.75
    [150/200]  306996434947  SEVERE  1 photos  pri=11.48
    [160/200]  306997074839  SEVERE  1 photos  pri=26.45
    [170/200]  306997101561  SEVERE  1 photos  pri=10.63
    [180/200]  306997183022  SEVERE  1 photos  pri=26.45
    [190/200]  306997193531  SEVERE  1 photos  pri=6.88
    [200/200]  306997263768  SEVERE  1 photos  pri=6.88

  Severity tally: 200 severe · 0 poor · 0 ok · 0 good

  Top reshoot priorities:
    #1  306996196578  SEVERE pri=    75.4  $  6.99  2025 Topps Signature Class Paramount Pairings CeeDee Lamb Ge
    #2  306997074779  SEVERE pri=    52.9  $  6.99  2024-25 Panini Contenders NIL Karleigh Reutzel Private Signi
    #3  306996337413  SEVERE pri=    32.7  $  3.11  2025 Topps Signature Class TreVeyon Henderson The Pick TP-22

  Report: /Users/jason.chletsos/Documents/GitHub/jason_chletsos_ebay_lots/docs/photo_audit.html
  JSON:   /Users/jason.chletsos/Documents/GitHub/jason_chletsos_ebay_lots/output/photo_audit.json
[exit 0]
===== price_consistency_agent =====
  David Wright (Price Consistency) reporting in.
  Loading live prices from eBay GetMyeBaySelling...
  Fetched 2552 listings across 13 page(s)
  Live listings: 2550
  Clean: 0 drift across 2559 files / 2550 live listings.
[exit 0]
===== price_drops_agent =====
  Mike Richter (Price Drops) reporting in.
[snapshot] 319 tracked listings across 7 plan files
[diff] drops=0 new=0 gone=0 (prior=319, current=319)
[wrote] /Users/jason.chletsos/Documents/GitHub/jason_chletsos_ebay_lots/output/price_drops_snapshot.json
[wrote] /Users/jason.chletsos/Documents/GitHub/jason_chletsos_ebay_lots/output/price_drops_plan.json
[wrote] /Users/jason.chletsos/Documents/GitHub/jason_chletsos_ebay_lots/docs/price_drops.html
[exit 0]
===== card_price_agent =====
Pricing 0 listings (of 2558 total). Rate: 1 req/sec.
Estimated runtime: ~0s (2 API calls each).


Done. matched=0  low_conf=0  no_match=0  lots=0
Wrote /Users/jason.chletsos/Documents/GitHub/jason_chletsos_ebay_lots/sportscardspro_prices.json
[exit 0]
===== relist_agent =====
  Mookie Wilson (Relist) reporting in.
  Getting eBay access token...
  Fetching UnsoldList (last 14 days)...
  Found 200 unsold listing(s).
  GUARD: excluded 133 already-ACTIVE card(s) from relist (dup prevention).
  GUARD: excluded 20 lot / lot-component listing(s) from relist.
  [dry-run] would relist 306956348706 as FP at $2.00
  [dry-run] would relist 306956217669 as FP at $2.00
  [dry-run] would relist 306955950156 as FP at $2.00
  [dry-run] would relist 306953991770 as FP at $2.00
  [dry-run] would relist 306953966311 as FP at $2.00
  [dry-run] would relist 306953932686 as FP at $4.00
  [dry-run] would relist 306953389827 as FP at $3.00
  [dry-run] would relist 306953384024 as FP at $3.00
  [dry-run] would relist 306953380753 as FP at $3.00
  [dry-run] would relist 306953378457 as FP at $2.00
  [dry-run] would relist 306953377589 as FP at $3.00
  [dry-run] would relist 306953130657 as FP at $2.00
  [dry-run] would relist 306952022362 as FP at $2.00
  [dry-run] would relist 306952017349 as FP at $2.00
  [dry-run] would relist 306951619756 as FP at $3.00
  [dry-run] would relist 306950551537 as FP at $2.00
  [dry-run] would relist 306949801383 as FP at $2.00
  [dry-run] would relist 306941733672 as FP at $2.00
  [dry-run] would relist 306941730763 as FP at $2.00
  [dry-run] would relist 306941729219 as FP at $2.00
  [dry-run] would relist 306941726438 as FP at $2.00
  [dry-run] would relist 306941724232 as FP at $2.00
  [dry-run] would relist 306939475594 as FP at $2.00
  [dry-run] would relist 306939473666 as FP at $2.00
  [dry-run] would relist 306939345538 as FP at $4.00
  [dry-run] would relist 306939339030 as FP at $2.00
  [dry-run] would relist 306939316823 as FP at $4.00
  [dry-run] would relist 306939312739 as FP at $2.00
  [dry-run] would relist 306939304842 as FP at $2.00
  [dry-run] would relist 306931330505 as FP at $2.00
  [dry-run] would relist 306931303163 as FP at $14.00
  [dry-run] would relist 306931070594 as FP at $2.00
  [dry-run] would relist 306931055732 as FP at $2.00
  [dry-run] would relist 306930919438 as FP at $2.00
  [dry-run] would relist 306930746886 as FP at $2.00
  [dry-run] would relist 306930745036 as FP at $2.00
  [dry-run] would relist 306930742908 as FP at $2.00
  [dry-run] would relist 306930492125 as FP at $2.00
  [dry-run] would relist 306930486853 as FP at $2.00
  [dry-run] would relist 306930465261 as FP at $2.00
  [dry-run] would relist 306914249326 as FP at $2.00
  [dry-run] would relist 306914245253 as FP at $2.00
  [dry-run] would relist 306914244468 as FP at $2.00
  [dry-run] would relist 306914176585 as FP at $2.00
  [dry-run] would relist 306913934898 as FP at $14.10
  [dry-run] would relist 306785163679 as FP at $2.00
  [dry-run] would relist 306784122664 as FP at $2.00
  Report: /Users/jason.chletsos/Documents/GitHub/jason_chletsos_ebay_lots/docs/relist.html
  Plan:   /Users/jason.chletsos/Documents/GitHub/jason_chletsos_ebay_lots/output/relist_plan.json
[exit 0]
===== returns_agent =====
  Getting eBay access token...
  Fetching active returns (Post-Order v2 /return/search)...
  Post-Order GET /return/search → 200 (header style: iaf)
  Found 2 open return(s).

  Dry run only — dashboard rendered for review.
  Report: /Users/jason.chletsos/Documents/GitHub/jason_chletsos_ebay_lots/docs/returns.html
  Plan:   /Users/jason.chletsos/Documents/GitHub/jason_chletsos_ebay_lots/output/returns_plan.json
[exit 0]
===== seller_hub_agent =====
  Plan written: /Users/jason.chletsos/Documents/GitHub/jason_chletsos_ebay_lots/output/seller_hub_plan.json
  Report written: /Users/jason.chletsos/Documents/GitHub/jason_chletsos_ebay_lots/docs/seller_hub.html
  Categories: 7  · Listings: 2558
  Featured: 6  · PL queued: 2558
[exit 0]
===== promoted_listings_agent =====
  Mike Piazza (Promoted Listings) reporting in.

  Tier breakdown across 2558 listings:
         NO_AD (  0)
           LOW (2558)
      STANDARD (  0)
    AGGRESSIVE (  0)
           MAX (  0)
  Projected 30-day ad spend: $74.02

  Dry run only. Re-run with --apply to push bids to eBay.
  Report: /Users/jason.chletsos/Documents/GitHub/jason_chletsos_ebay_lots/docs/promoted_listings.html
[exit 0]
===== best_offer_agent =====
  Phil Simms (Best Offer) reporting in.
  Loaded 2558 listings from listings_snapshot.json
  Fetching market medians (Browse API)...
  Fetching market comps for 2558 listings (2555 unique queries, parallel)...
  Browse rate limit (429) exhausted — comps skipped this run (falls back to sold_history/pricecharting). Quota resets daily.
  Market comps done — 135 underpriced, 1159 overpriced
  Getting eBay access token for GetItem hydration...
  GetItem hydrated 200 listings (parallel; capped this run)
  Plan: fp_eligible=2034  would_apply=80  vault_eligible=0  skipped=2478

  Dry run only. Re-run with --apply to push to eBay.
  Report:  /Users/jason.chletsos/Documents/GitHub/jason_chletsos_ebay_lots/docs/best_offer.html
  Plan:    /Users/jason.chletsos/Documents/GitHub/jason_chletsos_ebay_lots/output/best_offer_plan.json
[exit 0]
===== best_offer_autorespond_agent =====
  Loaded 2558 listings from best_offer_plan.json
  Fetching eBay access token...
  GetBestOffers (status=Pending)...
  Found 0 pending offer(s)
  Decisions: accept=0  decline=0  counter=0  leave=0  uplift≈$0.00

  Nothing to do — inbox empty.
  Inbox:  /Users/jason.chletsos/Documents/GitHub/jason_chletsos_ebay_lots/docs/best_offer_inbox.html
[exit 0]
===== watchers_offer_agent =====
  Patrick Ewing (Watchers Offer) reporting in.
  Fetching access token + active listings...
  Fetched 2552 listings across 13 page(s)
  Loaded 2552 active listings · 293 sold history records
  Fetching watcher counts (Trading API GetMyeBaySelling)...
  Got watcher counts for 2552 listings (91 with ≥1 watcher)

  Plan summary: 51 to send · 2461 no-watchers · 40 blocked · expected uplift $8.21

  Dry run only. Re-run with --apply to send offers.
  Report: /Users/jason.chletsos/Documents/GitHub/jason_chletsos_ebay_lots/docs/watchers.html
[exit 0]
===== buyer_watchlist_agent =====
  John Starks (Buyer Watchlist) reporting in.
  → Jaxson Dart (Giants)
  Browse failed for 'jaxson dart psa 10': 429 Client Error: Too Many Requests for url: https://api.ebay.com/buy/browse/v1/item_summary/search?q=jaxson+dart+psa+10&limit=100&filter=buyingOptions%3A%7BFIXED_PRICE%7CAUCTION%7D%2CitemLocationCountry%3AUS%2Cprice%3A%5B30..500%5D%2CpriceCurrency%3AUSD
  Browse failed for 'jaxson dart rookie': 429 Client Error: Too Many Requests for url: https://api.ebay.com/buy/browse/v1/item_summary/search?q=jaxson+dart+rookie&limit=100&filter=buyingOptions%3A%7BFIXED_PRICE%7CAUCTION%7D%2CitemLocationCountry%3AUS%2Cprice%3A%5B4..25%5D%2CpriceCurrency%3AUSD
  Browse failed for 'jaxson dart refractor': 429 Client Error: Too Many Requests for url: https://api.ebay.com/buy/browse/v1/item_summary/search?q=jaxson+dart+refractor&limit=100&filter=buyingOptions%3A%7BFIXED_PRICE%7CAUCTION%7D%2CitemLocationCountry%3AUS%2Cprice%3A%5B5..60%5D%2CpriceCurrency%3AUSD
  → Cam Skattebo (Giants)
  Browse failed for 'cam skattebo psa 10': 429 Client Error: Too Many Requests for url: https://api.ebay.com/buy/browse/v1/item_summary/search?q=cam+skattebo+psa+10&limit=100&filter=buyingOptions%3A%7BFIXED_PRICE%7CAUCTION%7D%2CitemLocationCountry%3AUS%2Cprice%3A%5B30..500%5D%2CpriceCurrency%3AUSD
  Browse failed for 'cam skattebo bowman chrome': 429 Client Error: Too Many Requests for url: https://api.ebay.com/buy/browse/v1/item_summary/search?q=cam+skattebo+bowman+chrome&limit=100&filter=buyingOptions%3A%7BFIXED_PRICE%7CAUCTION%7D%2CitemLocationCountry%3AUS%2Cprice%3A%5B4..150%5D%2CpriceCurrency%3AUSD
  Browse failed for 'cam skattebo rookie': 429 Client Error: Too Many Requests for url: https://api.ebay.com/buy/browse/v1/item_summary/search?q=cam+skattebo+rookie&limit=100&filter=buyingOptions%3A%7BFIXED_PRICE%7CAUCTION%7D%2CitemLocationCountry%3AUS%2Cprice%3A%5B4..25%5D%2CpriceCurrency%3AUSD
  → Saquon Barkley (Eagles)
  Browse failed for 'saquon barkley psa 10': 429 Client Error: Too Many Requests for url: https://api.ebay.com/buy/browse/v1/item_summary/search?q=saquon+barkley+psa+10&limit=100&filter=buyingOptions%3A%7BFIXED_PRICE%7CAUCTION%7D%2CitemLocationCountry%3AUS%2Cprice%3A%5B25..600%5D%2CpriceCurrency%3AUSD
  Browse failed for 'saquon barkley rookie': 429 Client Error: Too Many Requests for url: https://api.ebay.com/buy/browse/v1/item_summary/search?q=saquon+barkley+rookie&limit=100&filter=buyingOptions%3A%7BFIXED_PRICE%7CAUCTION%7D%2CitemLocationCountry%3AUS%2Cprice%3A%5B5..60%5D%2CpriceCurrency%3AUSD
  Browse failed for 'saquon barkley prizm': 429 Client Error: Too Many Requests for url: https://api.ebay.com/buy/browse/v1/item_summary/search?q=saquon+barkley+prizm&limit=100&filter=buyingOptions%3A%7BFIXED_PRICE%7CAUCTION%7D%2CitemLocationCountry%3AUS%2Cprice%3A%5B8..120%5D%2CpriceCurrency%3AUSD
  → Marvel's Punisher (Marvel)
  Browse failed for 'punisher marvel psa 10': 429 Client Error: Too Many Requests for url: https://api.ebay.com/buy/browse/v1/item_summary/search?q=punisher+marvel+psa+10&limit=100&filter=buyingOptions%3A%7BFIXED_PRICE%7CAUCTION%7D%2CitemLocationCountry%3AUS%2Cprice%3A%5B30..1500%5D%2CpriceCurrency%3AUSD
  Browse failed for 'punisher marvel card': 429 Client Error: Too Many Requests for url: https://api.ebay.com/buy/browse/v1/item_summary/search?q=punisher+marvel+card&limit=100&filter=buyingOptions%3A%7BFIXED_PRICE%7CAUCTION%7D%2CitemLocationCountry%3AUS%2Cprice%3A%5B5..200%5D%2CpriceCurrency%3AUSD
  Browse failed for 'punisher marvel cover': 429 Client Error: Too Many Requests for url: https://api.ebay.com/buy/browse/v1/item_summary/search?q=punisher+marvel+cover&limit=100&filter=buyingOptions%3A%7BFIXED_PRICE%7CAUCTION%7D%2CitemLocationCountry%3AUS%2Cprice%3A%5B5..300%5D%2CpriceCurrency%3AUSD
  → Marvel's Wolverine (Marvel)
  Browse failed for 'wolverine marvel psa 10': 429 Client Error: Too Many Requests for url: https://api.ebay.com/buy/browse/v1/item_summary/search?q=wolverine+marvel+psa+10&limit=100&filter=buyingOptions%3A%7BFIXED_PRICE%7CAUCTION%7D%2CitemLocationCountry%3AUS%2Cprice%3A%5B30..2500%5D%2CpriceCurrency%3AUSD
  Browse failed for 'wolverine marvel card': 429 Client Error: Too Many Requests for url: https://api.ebay.com/buy/browse/v1/item_summary/search?q=wolverine+marvel+card&limit=100&filter=buyingOptions%3A%7BFIXED_PRICE%7CAUCTION%7D%2CitemLocationCountry%3AUS%2Cprice%3A%5B5..250%5D%2CpriceCurrency%3AUSD
  Browse failed for 'wolverine x-men card': 429 Client Error: Too Many Requests for url: https://api.ebay.com/buy/browse/v1/item_summary/search?q=wolverine+x-men+card&limit=100&filter=buyingOptions%3A%7BFIXED_PRICE%7CAUCTION%7D%2CitemLocationCountry%3AUS%2Cprice%3A%5B5..300%5D%2CpriceCurrency%3AUSD
  Players: 5  ·  Listings scanned: 0  ·  Deals: 0
  Plan:   /Users/jason.chletsos/Documents/GitHub/jason_chletsos_ebay_lots/output/buyer_watchlist_plan.json
  Report: /Users/jason.chletsos/Documents/GitHub/jason_chletsos_ebay_lots/docs/collect.html
[exit 0]
===== repeat_buyers_agent =====
  Tug McGraw (Repeat Buyers) reporting in.
  Getting eBay access token...
  Fetching orders (last 365 days)...
  GetOrders window: 2026-04-12 → 2026-07-11
  GetOrders window: 2026-01-12 → 2026-04-12
  GetOrders error: [21920384] Invalid dates in your CreateTimeFrom filters.
  GetOrders window: 2025-10-14 → 2026-01-12
  GetOrders error: [21920384] Invalid dates in your CreateTimeFrom filters.
  GetOrders window: 2025-07-16 → 2025-10-14
  GetOrders error: [21920384] Invalid dates in your CreateTimeFrom filters.
  GetOrders window: 2025-07-11 → 2025-07-16
  GetOrders error: [21920384] Invalid dates in your CreateTimeFrom filters.
  Fetched 263 order rows from 263 unique lines.

  Unique buyers : 241
  VIP           : 0
  Repeat        : 11
  One-and-done  : 230

  Top buyers by lifetime spend:
    mon968698                  2 orders     $185.94  [Repeat]
    pacifi-22                  2 orders     $152.98  [Repeat]
    briadelvecchi-0            1 orders     $124.00  [One-and-done]
    1016lee                    1 orders      $90.00  [One-and-done]
    grhill_0                   4 orders      $72.32  [Repeat]

  Report: /Users/jason.chletsos/Documents/GitHub/jason_chletsos_ebay_lots/docs/buyers.html
  Plan:   /Users/jason.chletsos/Documents/GitHub/jason_chletsos_ebay_lots/output/repeat_buyers_plan.json

  Dry run only. (Apply path is disabled — see kill switch in source.)
[exit 0]
===== top_sellers_agent =====
  Wayne Gretzky (Top Sellers) reporting in.
  -> DCSports87
  Browse failed for seller=dcsports87 q='rookie card': 429 Client Error: Too Many Requests for url: https://api.ebay.com/buy/browse/v1/item_summary/search?q=rookie+card&limit=50&filter=sellers%3A%7Bdcsports87%7D%2CbuyingOptions%3A%7BFIXED_PRICE%7CAUCTION%7D%2CitemLocationCountry%3AUS%2Cprice%3A%5B1..100%5D%2CpriceCurrency%3AUSD&sort=price
  Browse failed for seller=dcsports87 q='graded card': 429 Client Error: Too Many Requests for url: https://api.ebay.com/buy/browse/v1/item_summary/search?q=graded+card&limit=50&filter=sellers%3A%7Bdcsports87%7D%2CbuyingOptions%3A%7BFIXED_PRICE%7CAUCTION%7D%2CitemLocationCountry%3AUS%2Cprice%3A%5B1..100%5D%2CpriceCurrency%3AUSD&sort=price
  -> COMC
  Browse failed for seller=comc_consignment q='single card': 429 Client Error: Too Many Requests for url: https://api.ebay.com/buy/browse/v1/item_summary/search?q=single+card&limit=50&filter=sellers%3A%7Bcomc_consignment%7D%2CbuyingOptions%3A%7BFIXED_PRICE%7CAUCTION%7D%2CitemLocationCountry%3AUS%2Cprice%3A%5B1..100%5D%2CpriceCurrency%3AUSD&sort=price
  Browse failed for seller=comc_consignment q='rookie': 429 Client Error: Too Many Requests for url: https://api.ebay.com/buy/browse/v1/item_summary/search?q=rookie&limit=50&filter=sellers%3A%7Bcomc_consignment%7D%2CbuyingOptions%3A%7BFIXED_PRICE%7CAUCTION%7D%2CitemLocationCountry%3AUS%2Cprice%3A%5B1..100%5D%2CpriceCurrency%3AUSD&sort=price
  Browse failed for seller=comc_consignment q='pokemon': 429 Client Error: Too Many Requests for url: https://api.ebay.com/buy/browse/v1/item_summary/search?q=pokemon&limit=50&filter=sellers%3A%7Bcomc_consignment%7D%2CbuyingOptions%3A%7BFIXED_PRICE%7CAUCTION%7D%2CitemLocationCountry%3AUS%2Cprice%3A%5B1..100%5D%2CpriceCurrency%3AUSD&sort=price
  -> Greg Morris Cards
  Browse failed for seller=gregmorriscards q='vintage card': 429 Client Error: Too Many Requests for url: https://api.ebay.com/buy/browse/v1/item_summary/search?q=vintage+card&limit=50&filter=sellers%3A%7Bgregmorriscards%7D%2CbuyingOptions%3A%7BFIXED_PRICE%7CAUCTION%7D%2CitemLocationCountry%3AUS%2Cprice%3A%5B1..100%5D%2CpriceCurrency%3AUSD&sort=price
  Browse failed for seller=gregmorriscards q='1970': 429 Client Error: Too Many Requests for url: https://api.ebay.com/buy/browse/v1/item_summary/search?q=1970&limit=50&filter=sellers%3A%7Bgregmorriscards%7D%2CbuyingOptions%3A%7BFIXED_PRICE%7CAUCTION%7D%2CitemLocationCountry%3AUS%2Cprice%3A%5B1..100%5D%2CpriceCurrency%3AUSD&sort=price
  Browse failed for seller=gregmorriscards q='1980': 429 Client Error: Too Many Requests for url: https://api.ebay.com/buy/browse/v1/item_summary/search?q=1980&limit=50&filter=sellers%3A%7Bgregmorriscards%7D%2CbuyingOptions%3A%7BFIXED_PRICE%7CAUCTION%7D%2CitemLocationCountry%3AUS%2Cprice%3A%5B1..100%5D%2CpriceCurrency%3AUSD&sort=price
  -> Burbank Sports Cards
  Browse failed for seller=burbanksportscards q='football single': 429 Client Error: Too Many Requests for url: https://api.ebay.com/buy/browse/v1/item_summary/search?q=football+single&limit=50&filter=sellers%3A%7Bburbanksportscards%7D%2CbuyingOptions%3A%7BFIXED_PRICE%7CAUCTION%7D%2CitemLocationCountry%3AUS%2Cprice%3A%5B1..100%5D%2CpriceCurrency%3AUSD&sort=price
  Browse failed for seller=burbanksportscards q='baseball single': 429 Client Error: Too Many Requests for url: https://api.ebay.com/buy/browse/v1/item_summary/search?q=baseball+single&limit=50&filter=sellers%3A%7Bburbanksportscards%7D%2CbuyingOptions%3A%7BFIXED_PRICE%7CAUCTION%7D%2CitemLocationCountry%3AUS%2Cprice%3A%5B1..100%5D%2CpriceCurrency%3AUSD&sort=price
  Browse failed for seller=burbanksportscards q='basketball single': 429 Client Error: Too Many Requests for url: https://api.ebay.com/buy/browse/v1/item_summary/search?q=basketball+single&limit=50&filter=sellers%3A%7Bburbanksportscards%7D%2CbuyingOptions%3A%7BFIXED_PRICE%7CAUCTION%7D%2CitemLocationCountry%3AUS%2Cprice%3A%5B1..100%5D%2CpriceCurrency%3AUSD&sort=price
  -> Probstein123
  Browse failed for seller=probstein123 q='football card': 429 Client Error: Too Many Requests for url: https://api.ebay.com/buy/browse/v1/item_summary/search?q=football+card&limit=50&filter=sellers%3A%7Bprobstein123%7D%2CbuyingOptions%3A%7BFIXED_PRICE%7CAUCTION%7D%2CitemLocationCountry%3AUS%2Cprice%3A%5B1..100%5D%2CpriceCurrency%3AUSD&sort=price
  Browse failed for seller=probstein123 q='basketball card': 429 Client Error: Too Many Requests for url: https://api.ebay.com/buy/browse/v1/item_summary/search?q=basketball+card&limit=50&filter=sellers%3A%7Bprobstein123%7D%2CbuyingOptions%3A%7BFIXED_PRICE%7CAUCTION%7D%2CitemLocationCountry%3AUS%2Cprice%3A%5B1..100%5D%2CpriceCurrency%3AUSD&sort=price
  Browse failed for seller=probstein123 q='baseball card': 429 Client Error: Too Many Requests for url: https://api.ebay.com/buy/browse/v1/item_summary/search?q=baseball+card&limit=50&filter=sellers%3A%7Bprobstein123%7D%2CbuyingOptions%3A%7BFIXED_PRICE%7CAUCTION%7D%2CitemLocationCountry%3AUS%2Cprice%3A%5B1..100%5D%2CpriceCurrency%3AUSD&sort=price
  -> 4 Sharp Corners
  Browse failed for seller=4sharpcorners q='rookie card': 429 Client Error: Too Many Requests for url: https://api.ebay.com/buy/browse/v1/item_summary/search?q=rookie+card&limit=50&filter=sellers%3A%7B4sharpcorners%7D%2CbuyingOptions%3A%7BFIXED_PRICE%7CAUCTION%7D%2CitemLocationCountry%3AUS%2Cprice%3A%5B1..100%5D%2CpriceCurrency%3AUSD&sort=price
  Browse failed for seller=4sharpcorners q='graded': 429 Client Error: Too Many Requests for url: https://api.ebay.com/buy/browse/v1/item_summary/search?q=graded&limit=50&filter=sellers%3A%7B4sharpcorners%7D%2CbuyingOptions%3A%7BFIXED_PRICE%7CAUCTION%7D%2CitemLocationCountry%3AUS%2Cprice%3A%5B1..100%5D%2CpriceCurrency%3AUSD&sort=price
  -> Remember When Sports Cards
  Browse failed for seller=rememberwhensportscards q='vintage': 429 Client Error: Too Many Requests for url: https://api.ebay.com/buy/browse/v1/item_summary/search?q=vintage&limit=50&filter=sellers%3A%7Brememberwhensportscards%7D%2CbuyingOptions%3A%7BFIXED_PRICE%7CAUCTION%7D%2CitemLocationCountry%3AUS%2Cprice%3A%5B1..100%5D%2CpriceCurrency%3AUSD&sort=price
  Browse failed for seller=rememberwhensportscards q='1960': 429 Client Error: Too Many Requests for url: https://api.ebay.com/buy/browse/v1/item_summary/search?q=1960&limit=50&filter=sellers%3A%7Brememberwhensportscards%7D%2CbuyingOptions%3A%7BFIXED_PRICE%7CAUCTION%7D%2CitemLocationCountry%3AUS%2Cprice%3A%5B1..100%5D%2CpriceCurrency%3AUSD&sort=price
  Browse failed for seller=rememberwhensportscards q='1970': 429 Client Error: Too Many Requests for url: https://api.ebay.com/buy/browse/v1/item_summary/search?q=1970&limit=50&filter=sellers%3A%7Brememberwhensportscards%7D%2CbuyingOptions%3A%7BFIXED_PRICE%7CAUCTION%7D%2CitemLocationCountry%3AUS%2Cprice%3A%5B1..100%5D%2CpriceCurrency%3AUSD&sort=price
  Sellers: 7  ·  Listings indexed: 0
  Plan:   /Users/jason.chletsos/Documents/GitHub/jason_chletsos_ebay_lots/output/top_sellers_plan.json
  Report: /Users/jason.chletsos/Documents/GitHub/jason_chletsos_ebay_lots/docs/top_sellers.html
[exit 0]
===== under_10_agent =====
  Jeremy Lin (Under $10) reporting in.
  -> Vintage Sports Holos
  Browse failed for '1990s football holo card': 429 Client Error: Too Many Requests for url: https://api.ebay.com/buy/browse/v1/item_summary/search?q=1990s+football+holo+card&limit=100&filter=buyingOptions%3A%7BFIXED_PRICE%7CAUCTION%7D%2CitemLocationCountry%3AUS%2Cprice%3A%5B1.0..10.0%5D%2CpriceCurrency%3AUSD
  Browse failed for '1990s basketball holo card': 429 Client Error: Too Many Requests for url: https://api.ebay.com/buy/browse/v1/item_summary/search?q=1990s+basketball+holo+card&limit=100&filter=buyingOptions%3A%7BFIXED_PRICE%7CAUCTION%7D%2CitemLocationCountry%3AUS%2Cprice%3A%5B1.0..10.0%5D%2CpriceCurrency%3AUSD
  Browse failed for '1990s baseball holo card': 429 Client Error: Too Many Requests for url: https://api.ebay.com/buy/browse/v1/item_summary/search?q=1990s+baseball+holo+card&limit=100&filter=buyingOptions%3A%7BFIXED_PRICE%7CAUCTION%7D%2CitemLocationCountry%3AUS%2Cprice%3A%5B1.0..10.0%5D%2CpriceCurrency%3AUSD
  -> Modern Rookie Cards (sports)
  Browse failed for '2024 rookie card prizm': 429 Client Error: Too Many Requests for url: https://api.ebay.com/buy/browse/v1/item_summary/search?q=2024+rookie+card+prizm&limit=100&filter=buyingOptions%3A%7BFIXED_PRICE%7CAUCTION%7D%2CitemLocationCountry%3AUS%2Cprice%3A%5B1.0..10.0%5D%2CpriceCurrency%3AUSD
  Browse failed for '2025 rookie card chrome refractor': 429 Client Error: Too Many Requests for url: https://api.ebay.com/buy/browse/v1/item_summary/search?q=2025+rookie+card+chrome+refractor&limit=100&filter=buyingOptions%3A%7BFIXED_PRICE%7CAUCTION%7D%2CitemLocationCountry%3AUS%2Cprice%3A%5B1.0..10.0%5D%2CpriceCurrency%3AUSD
  Browse failed for '2024 panini rookie auto': 429 Client Error: Too Many Requests for url: https://api.ebay.com/buy/browse/v1/item_summary/search?q=2024+panini+rookie+auto&limit=100&filter=buyingOptions%3A%7BFIXED_PRICE%7CAUCTION%7D%2CitemLocationCountry%3AUS%2Cprice%3A%5B1.0..10.0%5D%2CpriceCurrency%3AUSD
  -> Loose Pokemon Boosters
  Browse failed for 'pokemon booster pack loose': 429 Client Error: Too Many Requests for url: https://api.ebay.com/buy/browse/v1/item_summary/search?q=pokemon+booster+pack+loose&limit=100&filter=buyingOptions%3A%7BFIXED_PRICE%7CAUCTION%7D%2CitemLocationCountry%3AUS%2Cprice%3A%5B1.0..10.0%5D%2CpriceCurrency%3AUSD
  Browse failed for 'pokemon booster pack scarlet violet': 429 Client Error: Too Many Requests for url: https://api.ebay.com/buy/browse/v1/item_summary/search?q=pokemon+booster+pack+scarlet+violet&limit=100&filter=buyingOptions%3A%7BFIXED_PRICE%7CAUCTION%7D%2CitemLocationCountry%3AUS%2Cprice%3A%5B1.0..10.0%5D%2CpriceCurrency%3AUSD
  -> Pokemon Singles Under $10
  Browse failed for 'pokemon holo rare card': 429 Client Error: Too Many Requests for url: https://api.ebay.com/buy/browse/v1/item_summary/search?q=pokemon+holo+rare+card&limit=100&filter=buyingOptions%3A%7BFIXED_PRICE%7CAUCTION%7D%2CitemLocationCountry%3AUS%2Cprice%3A%5B1.0..10.0%5D%2CpriceCurrency%3AUSD
  Browse failed for 'pokemon ex card': 429 Client Error: Too Many Requests for url: https://api.ebay.com/buy/browse/v1/item_summary/search?q=pokemon+ex+card&limit=100&filter=buyingOptions%3A%7BFIXED_PRICE%7CAUCTION%7D%2CitemLocationCountry%3AUS%2Cprice%3A%5B1.0..10.0%5D%2CpriceCurrency%3AUSD
  Browse failed for 'pokemon full art': 429 Client Error: Too Many Requests for url: https://api.ebay.com/buy/browse/v1/item_summary/search?q=pokemon+full+art&limit=100&filter=buyingOptions%3A%7BFIXED_PRICE%7CAUCTION%7D%2CitemLocationCountry%3AUS%2Cprice%3A%5B1.0..10.0%5D%2CpriceCurrency%3AUSD
  -> Graded Cards Under $10
  Browse failed for 'psa graded card': 429 Client Error: Too Many Requests for url: https://api.ebay.com/buy/browse/v1/item_summary/search?q=psa+graded+card&limit=100&filter=buyingOptions%3A%7BFIXED_PRICE%7CAUCTION%7D%2CitemLocationCountry%3AUS%2Cprice%3A%5B1.0..10.0%5D%2CpriceCurrency%3AUSD
  Browse failed for 'bgs graded card': 429 Client Error: Too Many Requests for url: https://api.ebay.com/buy/browse/v1/item_summary/search?q=bgs+graded+card&limit=100&filter=buyingOptions%3A%7BFIXED_PRICE%7CAUCTION%7D%2CitemLocationCountry%3AUS%2Cprice%3A%5B1.0..10.0%5D%2CpriceCurrency%3AUSD
  -> Jaxson Dart (under $10)
  Browse failed for 'jaxson dart rookie': 429 Client Error: Too Many Requests for url: https://api.ebay.com/buy/browse/v1/item_summary/search?q=jaxson+dart+rookie&limit=100&filter=buyingOptions%3A%7BFIXED_PRICE%7CAUCTION%7D%2CitemLocationCountry%3AUS%2Cprice%3A%5B1.0..10.0%5D%2CpriceCurrency%3AUSD
  Browse failed for 'jaxson dart card': 429 Client Error: Too Many Requests for url: https://api.ebay.com/buy/browse/v1/item_summary/search?q=jaxson+dart+card&limit=100&filter=buyingOptions%3A%7BFIXED_PRICE%7CAUCTION%7D%2CitemLocationCountry%3AUS%2Cprice%3A%5B1.0..10.0%5D%2CpriceCurrency%3AUSD
  -> Cam Skattebo (under $10)
  Browse failed for 'cam skattebo rookie': 429 Client Error: Too Many Requests for url: https://api.ebay.com/buy/browse/v1/item_summary/search?q=cam+skattebo+rookie&limit=100&filter=buyingOptions%3A%7BFIXED_PRICE%7CAUCTION%7D%2CitemLocationCountry%3AUS%2Cprice%3A%5B1.0..10.0%5D%2CpriceCurrency%3AUSD
  Browse failed for 'cam skattebo card': 429 Client Error: Too Many Requests for url: https://api.ebay.com/buy/browse/v1/item_summary/search?q=cam+skattebo+card&limit=100&filter=buyingOptions%3A%7BFIXED_PRICE%7CAUCTION%7D%2CitemLocationCountry%3AUS%2Cprice%3A%5B1.0..10.0%5D%2CpriceCurrency%3AUSD
  -> Saquon Barkley (under $10)
  Browse failed for 'saquon barkley rookie': 429 Client Error: Too Many Requests for url: https://api.ebay.com/buy/browse/v1/item_summary/search?q=saquon+barkley+rookie&limit=100&filter=buyingOptions%3A%7BFIXED_PRICE%7CAUCTION%7D%2CitemLocationCountry%3AUS%2Cprice%3A%5B1.0..10.0%5D%2CpriceCurrency%3AUSD
  Browse failed for 'saquon barkley card': 429 Client Error: Too Many Requests for url: https://api.ebay.com/buy/browse/v1/item_summary/search?q=saquon+barkley+card&limit=100&filter=buyingOptions%3A%7BFIXED_PRICE%7CAUCTION%7D%2CitemLocationCountry%3AUS%2Cprice%3A%5B1.0..10.0%5D%2CpriceCurrency%3AUSD
  -> Marvel's Punisher (under $10)
  Browse failed for 'marvel's punisher rookie': 429 Client Error: Too Many Requests for url: https://api.ebay.com/buy/browse/v1/item_summary/search?q=marvel%27s+punisher+rookie&limit=100&filter=buyingOptions%3A%7BFIXED_PRICE%7CAUCTION%7D%2CitemLocationCountry%3AUS%2Cprice%3A%5B1.0..10.0%5D%2CpriceCurrency%3AUSD
  Browse failed for 'marvel's punisher card': 429 Client Error: Too Many Requests for url: https://api.ebay.com/buy/browse/v1/item_summary/search?q=marvel%27s+punisher+card&limit=100&filter=buyingOptions%3A%7BFIXED_PRICE%7CAUCTION%7D%2CitemLocationCountry%3AUS%2Cprice%3A%5B1.0..10.0%5D%2CpriceCurrency%3AUSD
  -> Marvel's Wolverine (under $10)
  Browse failed for 'marvel's wolverine rookie': 429 Client Error: Too Many Requests for url: https://api.ebay.com/buy/browse/v1/item_summary/search?q=marvel%27s+wolverine+rookie&limit=100&filter=buyingOptions%3A%7BFIXED_PRICE%7CAUCTION%7D%2CitemLocationCountry%3AUS%2Cprice%3A%5B1.0..10.0%5D%2CpriceCurrency%3AUSD
  Browse failed for 'marvel's wolverine card': 429 Client Error: Too Many Requests for url: https://api.ebay.com/buy/browse/v1/item_summary/search?q=marvel%27s+wolverine+card&limit=100&filter=buyingOptions%3A%7BFIXED_PRICE%7CAUCTION%7D%2CitemLocationCountry%3AUS%2Cprice%3A%5B1.0..10.0%5D%2CpriceCurrency%3AUSD
  -> Pikachu (under $10)
  Browse failed for 'pikachu card': 429 Client Error: Too Many Requests for url: https://api.ebay.com/buy/browse/v1/item_summary/search?q=pikachu+card&limit=100&filter=buyingOptions%3A%7BFIXED_PRICE%7CAUCTION%7D%2CitemLocationCountry%3AUS%2Cprice%3A%5B1.0..10.0%5D%2CpriceCurrency%3AUSD
  Browse failed for 'pikachu holo': 429 Client Error: Too Many Requests for url: https://api.ebay.com/buy/browse/v1/item_summary/search?q=pikachu+holo&limit=100&filter=buyingOptions%3A%7BFIXED_PRICE%7CAUCTION%7D%2CitemLocationCountry%3AUS%2Cprice%3A%5B1.0..10.0%5D%2CpriceCurrency%3AUSD
  -> Charizard (under $10)
  Browse failed for 'charizard card': 429 Client Error: Too Many Requests for url: https://api.ebay.com/buy/browse/v1/item_summary/search?q=charizard+card&limit=100&filter=buyingOptions%3A%7BFIXED_PRICE%7CAUCTION%7D%2CitemLocationCountry%3AUS%2Cprice%3A%5B1.0..10.0%5D%2CpriceCurrency%3AUSD
  Browse failed for 'charizard holo': 429 Client Error: Too Many Requests for url: https://api.ebay.com/buy/browse/v1/item_summary/search?q=charizard+holo&limit=100&filter=buyingOptions%3A%7BFIXED_PRICE%7CAUCTION%7D%2CitemLocationCountry%3AUS%2Cprice%3A%5B1.0..10.0%5D%2CpriceCurrency%3AUSD
  -> Mew (under $10)
  Browse failed for 'mew card': 429 Client Error: Too Many Requests for url: https://api.ebay.com/buy/browse/v1/item_summary/search?q=mew+card&limit=100&filter=buyingOptions%3A%7BFIXED_PRICE%7CAUCTION%7D%2CitemLocationCountry%3AUS%2Cprice%3A%5B1.0..10.0%5D%2CpriceCurrency%3AUSD
  Browse failed for 'mew holo': 429 Client Error: Too Many Requests for url: https://api.ebay.com/buy/browse/v1/item_summary/search?q=mew+holo&limit=100&filter=buyingOptions%3A%7BFIXED_PRICE%7CAUCTION%7D%2CitemLocationCountry%3AUS%2Cprice%3A%5B1.0..10.0%5D%2CpriceCurrency%3AUSD
  -> Mewtwo (under $10)
  Browse failed for 'mewtwo card': 429 Client Error: Too Many Requests for url: https://api.ebay.com/buy/browse/v1/item_summary/search?q=mewtwo+card&limit=100&filter=buyingOptions%3A%7BFIXED_PRICE%7CAUCTION%7D%2CitemLocationCountry%3AUS%2Cprice%3A%5B1.0..10.0%5D%2CpriceCurrency%3AUSD
  Browse failed for 'mewtwo holo': 429 Client Error: Too Many Requests for url: https://api.ebay.com/buy/browse/v1/item_summary/search?q=mewtwo+holo&limit=100&filter=buyingOptions%3A%7BFIXED_PRICE%7CAUCTION%7D%2CitemLocationCountry%3AUS%2Cprice%3A%5B1.0..10.0%5D%2CpriceCurrency%3AUSD
  -> Eevee (under $10)
  Browse failed for 'eevee card': 429 Client Error: Too Many Requests for url: https://api.ebay.com/buy/browse/v1/item_summary/search?q=eevee+card&limit=100&filter=buyingOptions%3A%7BFIXED_PRICE%7CAUCTION%7D%2CitemLocationCountry%3AUS%2Cprice%3A%5B1.0..10.0%5D%2CpriceCurrency%3AUSD
  Browse failed for 'eevee holo': 429 Client Error: Too Many Requests for url: https://api.ebay.com/buy/browse/v1/item_summary/search?q=eevee+holo&limit=100&filter=buyingOptions%3A%7BFIXED_PRICE%7CAUCTION%7D%2CitemLocationCountry%3AUS%2Cprice%3A%5B1.0..10.0%5D%2CpriceCurrency%3AUSD
  Buckets: 15  ·  Listings: 0
  Plan:   /Users/jason.chletsos/Documents/GitHub/jason_chletsos_ebay_lots/output/under_10_plan.json
  Report: /Users/jason.chletsos/Documents/GitHub/jason_chletsos_ebay_lots/docs/under_10.html
[exit 0]
===== pokemon_news_agent =====
  Tiki Barber (Pokémon News) reporting in.
  -> Monochrome BWR: Reshiram & Zekrom
  Browse failed for 'pokemon monochrome BWR reshiram zekrom japanese': 429 Client Error: Too Many Requests for url: https://api.ebay.com/buy/browse/v1/item_summary/search?q=pokemon+monochrome+BWR+reshiram+zekrom+japanese&limit=48&filter=buyingOptions%3A%7BFIXED_PRICE%7CAUCTION%7D%2CpriceCurrency%3AUSD&sort=price
  Browse failed for 'pokemon reshiram zekrom japanese 2026': 429 Client Error: Too Many Requests for url: https://api.ebay.com/buy/browse/v1/item_summary/search?q=pokemon+reshiram+zekrom+japanese+2026&limit=48&filter=buyingOptions%3A%7BFIXED_PRICE%7CAUCTION%7D%2CpriceCurrency%3AUSD&sort=price
  Browse failed for 'Reshiram ex SAR Monochrome BWR': 429 Client Error: Too Many Requests for url: https://api.ebay.com/buy/browse/v1/item_summary/search?q=Reshiram+ex+SAR+Monochrome+BWR&limit=8&filter=buyingOptions%3A%7BFIXED_PRICE%7CAUCTION%7D%2CpriceCurrency%3AUSD&sort=price
  Browse failed for 'Zekrom ex SAR Monochrome BWR': 429 Client Error: Too Many Requests for url: https://api.ebay.com/buy/browse/v1/item_summary/search?q=Zekrom+ex+SAR+Monochrome+BWR&limit=8&filter=buyingOptions%3A%7BFIXED_PRICE%7CAUCTION%7D%2CpriceCurrency%3AUSD&sort=price
  Browse failed for 'Reshiram & Zekrom UR Monochrome BWR': 429 Client Error: Too Many Requests for url: https://api.ebay.com/buy/browse/v1/item_summary/search?q=Reshiram+%26+Zekrom+UR+Monochrome+BWR&limit=8&filter=buyingOptions%3A%7BFIXED_PRICE%7CAUCTION%7D%2CpriceCurrency%3AUSD&sort=price
  Browse failed for 'N's Reshiram Monochrome BWR': 429 Client Error: Too Many Requests for url: https://api.ebay.com/buy/browse/v1/item_summary/search?q=N%27s+Reshiram+Monochrome+BWR&limit=8&filter=buyingOptions%3A%7BFIXED_PRICE%7CAUCTION%7D%2CpriceCurrency%3AUSD&sort=price
  Browse failed for 'N's Zekrom Monochrome BWR': 429 Client Error: Too Many Requests for url: https://api.ebay.com/buy/browse/v1/item_summary/search?q=N%27s+Zekrom+Monochrome+BWR&limit=8&filter=buyingOptions%3A%7BFIXED_PRICE%7CAUCTION%7D%2CpriceCurrency%3AUSD&sort=price
  -> Mega Brave
  Browse failed for 'pokemon mega brave japanese booster': 429 Client Error: Too Many Requests for url: https://api.ebay.com/buy/browse/v1/item_summary/search?q=pokemon+mega+brave+japanese+booster&limit=48&filter=buyingOptions%3A%7BFIXED_PRICE%7CAUCTION%7D%2CpriceCurrency%3AUSD&sort=price
  Browse failed for 'pokemon mega lucario japanese 2026': 429 Client Error: Too Many Requests for url: https://api.ebay.com/buy/browse/v1/item_summary/search?q=pokemon+mega+lucario+japanese+2026&limit=48&filter=buyingOptions%3A%7BFIXED_PRICE%7CAUCTION%7D%2CpriceCurrency%3AUSD&sort=price
  Browse failed for 'Mega Lucario ex SAR Mega Brave': 429 Client Error: Too Many Requests for url: https://api.ebay.com/buy/browse/v1/item_summary/search?q=Mega+Lucario+ex+SAR+Mega+Brave&limit=8&filter=buyingOptions%3A%7BFIXED_PRICE%7CAUCTION%7D%2CpriceCurrency%3AUSD&sort=price
  Browse failed for 'Mega Garchomp ex SAR Mega Brave': 429 Client Error: Too Many Requests for url: https://api.ebay.com/buy/browse/v1/item_summary/search?q=Mega+Garchomp+ex+SAR+Mega+Brave&limit=8&filter=buyingOptions%3A%7BFIXED_PRICE%7CAUCTION%7D%2CpriceCurrency%3AUSD&sort=price
  Browse failed for 'Mega Salamence ex Mega Brave': 429 Client Error: Too Many Requests for url: https://api.ebay.com/buy/browse/v1/item_summary/search?q=Mega+Salamence+ex+Mega+Brave&limit=8&filter=buyingOptions%3A%7BFIXED_PRICE%7CAUCTION%7D%2CpriceCurrency%3AUSD&sort=price
  -> Mega Symphonia
  Browse failed for 'pokemon mega symphonia japanese': 429 Client Error: Too Many Requests for url: https://api.ebay.com/buy/browse/v1/item_summary/search?q=pokemon+mega+symphonia+japanese&limit=48&filter=buyingOptions%3A%7BFIXED_PRICE%7CAUCTION%7D%2CpriceCurrency%3AUSD&sort=price
  Browse failed for 'pokemon mega gardevoir japanese 2026': 429 Client Error: Too Many Requests for url: https://api.ebay.com/buy/browse/v1/item_summary/search?q=pokemon+mega+gardevoir+japanese+2026&limit=48&filter=buyingOptions%3A%7BFIXED_PRICE%7CAUCTION%7D%2CpriceCurrency%3AUSD&sort=price
  Browse failed for 'Mega Gardevoir ex SAR Mega Symphonia': 429 Client Error: Too Many Requests for url: https://api.ebay.com/buy/browse/v1/item_summary/search?q=Mega+Gardevoir+ex+SAR+Mega+Symphonia&limit=8&filter=buyingOptions%3A%7BFIXED_PRICE%7CAUCTION%7D%2CpriceCurrency%3AUSD&sort=price
  Browse failed for 'Mega Rayquaza ex SAR Mega Symphonia': 429 Client Error: Too Many Requests for url: https://api.ebay.com/buy/browse/v1/item_summary/search?q=Mega+Rayquaza+ex+SAR+Mega+Symphonia&limit=8&filter=buyingOptions%3A%7BFIXED_PRICE%7CAUCTION%7D%2CpriceCurrency%3AUSD&sort=price
  Browse failed for 'Mega Diancie ex Mega Symphonia': 429 Client Error: Too Many Requests for url: https://api.ebay.com/buy/browse/v1/item_summary/search?q=Mega+Diancie+ex+Mega+Symphonia&limit=8&filter=buyingOptions%3A%7BFIXED_PRICE%7CAUCTION%7D%2CpriceCurrency%3AUSD&sort=price
  -> Destined Rivals
  Browse failed for 'pokemon destined rivals booster box ETB': 429 Client Error: Too Many Requests for url: https://api.ebay.com/buy/browse/v1/item_summary/search?q=pokemon+destined+rivals+booster+box+ETB&limit=48&filter=buyingOptions%3A%7BFIXED_PRICE%7CAUCTION%7D%2CpriceCurrency%3AUSD&sort=price
  Browse failed for 'pokemon destined rivals': 429 Client Error: Too Many Requests for url: https://api.ebay.com/buy/browse/v1/item_summary/search?q=pokemon+destined+rivals&limit=48&filter=buyingOptions%3A%7BFIXED_PRICE%7CAUCTION%7D%2CpriceCurrency%3AUSD&sort=price
  Browse failed for 'Team Rocket's Mewtwo ex Destined Rivals': 429 Client Error: Too Many Requests for url: https://api.ebay.com/buy/browse/v1/item_summary/search?q=Team+Rocket%27s+Mewtwo+ex+Destined+Rivals&limit=8&filter=buyingOptions%3A%7BFIXED_PRICE%7CAUCTION%7D%2CpriceCurrency%3AUSD&sort=price
  Browse failed for 'Cynthia's Garchomp ex Destined Rivals': 429 Client Error: Too Many Requests for url: https://api.ebay.com/buy/browse/v1/item_summary/search?q=Cynthia%27s+Garchomp+ex+Destined+Rivals&limit=8&filter=buyingOptions%3A%7BFIXED_PRICE%7CAUCTION%7D%2CpriceCurrency%3AUSD&sort=price
  Browse failed for 'Marnie's Morpeko Destined Rivals': 429 Client Error: Too Many Requests for url: https://api.ebay.com/buy/browse/v1/item_summary/search?q=Marnie%27s+Morpeko+Destined+Rivals&limit=8&filter=buyingOptions%3A%7BFIXED_PRICE%7CAUCTION%7D%2CpriceCurrency%3AUSD&sort=price
  Browse failed for 'Ethan's Ho-Oh ex Destined Rivals': 429 Client Error: Too Many Requests for url: https://api.ebay.com/buy/browse/v1/item_summary/search?q=Ethan%27s+Ho-Oh+ex+Destined+Rivals&limit=8&filter=buyingOptions%3A%7BFIXED_PRICE%7CAUCTION%7D%2CpriceCurrency%3AUSD&sort=price
  -> Black Bolt & White Flare
  Browse failed for 'pokemon black bolt white flare ETB': 429 Client Error: Too Many Requests for url: https://api.ebay.com/buy/browse/v1/item_summary/search?q=pokemon+black+bolt+white+flare+ETB&limit=48&filter=buyingOptions%3A%7BFIXED_PRICE%7CAUCTION%7D%2CpriceCurrency%3AUSD&sort=price
  Browse failed for 'pokemon white flare booster': 429 Client Error: Too Many Requests for url: https://api.ebay.com/buy/browse/v1/item_summary/search?q=pokemon+white+flare+booster&limit=48&filter=buyingOptions%3A%7BFIXED_PRICE%7CAUCTION%7D%2CpriceCurrency%3AUSD&sort=price
  Browse failed for 'Reshiram ex Black Bolt & White Flare': 429 Client Error: Too Many Requests for url: https://api.ebay.com/buy/browse/v1/item_summary/search?q=Reshiram+ex+Black+Bolt+%26+White+Flare&limit=8&filter=buyingOptions%3A%7BFIXED_PRICE%7CAUCTION%7D%2CpriceCurrency%3AUSD&sort=price
  Browse failed for 'Zekrom ex Black Bolt & White Flare': 429 Client Error: Too Many Requests for url: https://api.ebay.com/buy/browse/v1/item_summary/search?q=Zekrom+ex+Black+Bolt+%26+White+Flare&limit=8&filter=buyingOptions%3A%7BFIXED_PRICE%7CAUCTION%7D%2CpriceCurrency%3AUSD&sort=price
  Browse failed for 'N's Zoroark Black Bolt & White Flare': 429 Client Error: Too Many Requests for url: https://api.ebay.com/buy/browse/v1/item_summary/search?q=N%27s+Zoroark+Black+Bolt+%26+White+Flare&limit=8&filter=buyingOptions%3A%7BFIXED_PRICE%7CAUCTION%7D%2CpriceCurrency%3AUSD&sort=price
  Browse failed for 'Hilda Full Art Black Bolt & White Flare': 429 Client Error: Too Many Requests for url: https://api.ebay.com/buy/browse/v1/item_summary/search?q=Hilda+Full+Art+Black+Bolt+%26+White+Flare&limit=8&filter=buyingOptions%3A%7BFIXED_PRICE%7CAUCTION%7D%2CpriceCurrency%3AUSD&sort=price
  -> Journey Together
  Browse failed for 'pokemon journey together booster box': 429 Client Error: Too Many Requests for url: https://api.ebay.com/buy/browse/v1/item_summary/search?q=pokemon+journey+together+booster+box&limit=48&filter=buyingOptions%3A%7BFIXED_PRICE%7CAUCTION%7D%2CpriceCurrency%3AUSD&sort=price
  Browse failed for 'pokemon journey together ETB': 429 Client Error: Too Many Requests for url: https://api.ebay.com/buy/browse/v1/item_summary/search?q=pokemon+journey+together+ETB&limit=48&filter=buyingOptions%3A%7BFIXED_PRICE%7CAUCTION%7D%2CpriceCurrency%3AUSD&sort=price
  Browse failed for 'N's Zoroark ex Journey Together': 429 Client Error: Too Many Requests for url: https://api.ebay.com/buy/browse/v1/item_summary/search?q=N%27s+Zoroark+ex+Journey+Together&limit=8&filter=buyingOptions%3A%7BFIXED_PRICE%7CAUCTION%7D%2CpriceCurrency%3AUSD&sort=price
  Browse failed for 'Iono's Bellibolt ex Journey Together': 429 Client Error: Too Many Requests for url: https://api.ebay.com/buy/browse/v1/item_summary/search?q=Iono%27s+Bellibolt+ex+Journey+Together&limit=8&filter=buyingOptions%3A%7BFIXED_PRICE%7CAUCTION%7D%2CpriceCurrency%3AUSD&sort=price
  Browse failed for 'Lillie's Clefairy ex Journey Together': 429 Client Error: Too Many Requests for url: https://api.ebay.com/buy/browse/v1/item_summary/search?q=Lillie%27s+Clefairy+ex+Journey+Together&limit=8&filter=buyingOptions%3A%7BFIXED_PRICE%7CAUCTION%7D%2CpriceCurrency%3AUSD&sort=price
  -> Prismatic Evolutions
  Browse failed for 'pokemon prismatic evolutions ETB booster bundle': 429 Client Error: Too Many Requests for url: https://api.ebay.com/buy/browse/v1/item_summary/search?q=pokemon+prismatic+evolutions+ETB+booster+bundle&limit=48&filter=buyingOptions%3A%7BFIXED_PRICE%7CAUCTION%7D%2CpriceCurrency%3AUSD&sort=price
  Browse failed for 'pokemon prismatic evolutions': 429 Client Error: Too Many Requests for url: https://api.ebay.com/buy/browse/v1/item_summary/search?q=pokemon+prismatic+evolutions&limit=48&filter=buyingOptions%3A%7BFIXED_PRICE%7CAUCTION%7D%2CpriceCurrency%3AUSD&sort=price
  Browse failed for 'Umbreon ex SIR Prismatic Evolutions': 429 Client Error: Too Many Requests for url: https://api.ebay.com/buy/browse/v1/item_summary/search?q=Umbreon+ex+SIR+Prismatic+Evolutions&limit=8&filter=buyingOptions%3A%7BFIXED_PRICE%7CAUCTION%7D%2CpriceCurrency%3AUSD&sort=price
  Browse failed for 'Sylveon ex Prismatic Evolutions': 429 Client Error: Too Many Requests for url: https://api.ebay.com/buy/browse/v1/item_summary/search?q=Sylveon+ex+Prismatic+Evolutions&limit=8&filter=buyingOptions%3A%7BFIXED_PRICE%7CAUCTION%7D%2CpriceCurrency%3AUSD&sort=price
  Browse failed for 'Espeon ex Prismatic Evolutions': 429 Client Error: Too Many Requests for url: https://api.ebay.com/buy/browse/v1/item_summary/search?q=Espeon+ex+Prismatic+Evolutions&limit=8&filter=buyingOptions%3A%7BFIXED_PRICE%7CAUCTION%7D%2CpriceCurrency%3AUSD&sort=price
  Browse failed for 'Eevee Promo Prismatic Evolutions': 429 Client Error: Too Many Requests for url: https://api.ebay.com/buy/browse/v1/item_summary/search?q=Eevee+Promo+Prismatic+Evolutions&limit=8&filter=buyingOptions%3A%7BFIXED_PRICE%7CAUCTION%7D%2CpriceCurrency%3AUSD&sort=price
  -> Surging Sparks
  Browse failed for 'pokemon surging sparks ETB booster box': 429 Client Error: Too Many Requests for url: https://api.ebay.com/buy/browse/v1/item_summary/search?q=pokemon+surging+sparks+ETB+booster+box&limit=48&filter=buyingOptions%3A%7BFIXED_PRICE%7CAUCTION%7D%2CpriceCurrency%3AUSD&sort=price
  Browse failed for 'pokemon surging sparks': 429 Client Error: Too Many Requests for url: https://api.ebay.com/buy/browse/v1/item_summary/search?q=pokemon+surging+sparks&limit=48&filter=buyingOptions%3A%7BFIXED_PRICE%7CAUCTION%7D%2CpriceCurrency%3AUSD&sort=price
  Browse failed for 'Pikachu ex Hyper Rare Surging Sparks': 429 Client Error: Too Many Requests for url: https://api.ebay.com/buy/browse/v1/item_summary/search?q=Pikachu+ex+Hyper+Rare+Surging+Sparks&limit=8&filter=buyingOptions%3A%7BFIXED_PRICE%7CAUCTION%7D%2CpriceCurrency%3AUSD&sort=price
  Browse failed for 'Latias ex Surging Sparks': 429 Client Error: Too Many Requests for url: https://api.ebay.com/buy/browse/v1/item_summary/search?q=Latias+ex+Surging+Sparks&limit=8&filter=buyingOptions%3A%7BFIXED_PRICE%7CAUCTION%7D%2CpriceCurrency%3AUSD&sort=price
  Browse failed for 'Milotic ex Surging Sparks': 429 Client Error: Too Many Requests for url: https://api.ebay.com/buy/browse/v1/item_summary/search?q=Milotic+ex+Surging+Sparks&limit=8&filter=buyingOptions%3A%7BFIXED_PRICE%7CAUCTION%7D%2CpriceCurrency%3AUSD&sort=price
  Sets: 8  ·  Listings: 0  ·  Pre-orders: 0
  Plan:   /Users/jason.chletsos/Documents/GitHub/jason_chletsos_ebay_lots/output/pokemon_news_plan.json
  Report: /Users/jason.chletsos/Documents/GitHub/jason_chletsos_ebay_lots/docs/pokemon_news.html
[exit 0]
===== orders_watch_agent =====
  Mark Messier (Orders Watch) reporting in.
  Getting eBay access token...
  Fetching most recent 50 orders (last 30 days)...
  Got 50 order row(s).

  Today        : $0.00 across 0 order(s)
  7-day total  : $0.00
  30-day total : $370.24
  Rows in plan : 50

  Plan:   /Users/jason.chletsos/Documents/GitHub/jason_chletsos_ebay_lots/output/orders_watch_plan.json
  Live:   /Users/jason.chletsos/Documents/GitHub/jason_chletsos_ebay_lots/docs/orders_watch_plan.json
  Page:   /Users/jason.chletsos/Documents/GitHub/jason_chletsos_ebay_lots/docs/orders_watch.html
[exit 0]
===== site_health_agent =====
  Luc Robitaille (Site Health) reporting in.
  Site health check @ 2026-07-11 12:10 UTC

  Checking Site Index... OK
  Checking Key Pages... OK
  Checking Snapshot Freshness... WARN
  Checking Daily Freshness... OK
  Checking Lambda Health... OK
  Checking Ebay Token... OK
  Checking Plan Freshness... WARN
  Checking Listing Count... OK
  Checking Sold History... OK

  CHECK                   STATUS  DETAIL
  --------------------------------------
  GitHub Pages index      GREEN   HTTP 200 — https://fivetran-jasonchletsos.github.io/jason_chletsos_ebay_lots/index.html
  Key pages               GREEN   daily, browse, deals — all 200
  Snapshot freshness      YELLOW  45.3h old — run promote.py to refresh
  Daily digest freshness  GREEN   regenerated today at 04:01 UTC
  Lambda /health          GREEN   HTTP 200 — https://jw0hur2091.execute-api.us-east-1.amazonaws.com/health
  eBay OAuth token        GREEN   valid — sell/account ping HTTP 200
  Plan file freshness     YELLOW  stale: browse_index_plan.json (307h)
  Active listing count    GREEN   2558 listings (0.0% change from 2558)
  Sold history            GREEN   last sale 0.9d ago (2026-07-10)

  Report JSON: /Users/jason.chletsos/Documents/GitHub/jason_chletsos_ebay_lots/output/site_health_report.json
  Report HTML: /Users/jason.chletsos/Documents/GitHub/jason_chletsos_ebay_lots/docs/health.html

  Overall: All checks passed.
[exit 0]
===== daily_digest_agent =====
  Bob Murphy (Daily Digest) reporting in.
  Daily digest @ 2026-07-11 12:10 UTC
  Yesterday: $14.99 on 1 order(s)
  7-day: $154.92 | 30-day: $1,367.69
  Active: 2558 | Watchers: 0 | Offers pending: 0 | Msgs: 0
  TODO items: 1
  Wrote /Users/jason.chletsos/Documents/GitHub/jason_chletsos_ebay_lots/docs/daily.html
[exit 0]
PIPELINE_DONE
