to relist: 902  (APPLY)  batches of 30
  batch 1/31: relisted 30 ok, 0 failed so far
  batch 2/31: relisted 60 ok, 0 failed so far
  batch 3/31: relisted 90 ok, 0 failed so far
  batch 4/31: relisted 120 ok, 0 failed so far
  batch 5/31: relisted 150 ok, 0 failed so far
  batch 6/31: relisted 180 ok, 0 failed so far
  batch 7/31: relisted 210 ok, 0 failed so far
  batch 8/31: relisted 240 ok, 0 failed so far
  batch 9/31: relisted 270 ok, 0 failed so far
  batch 10/31: relisted 300 ok, 0 failed so far
  batch 11/31: relisted 330 ok, 0 failed so far
  batch 12/31: relisted 360 ok, 0 failed so far
  batch 13/31: relisted 390 ok, 0 failed so far
  batch 14/31: relisted 420 ok, 0 failed so far
  batch 15/31: relisted 450 ok, 0 failed so far
  batch 16/31: relisted 480 ok, 0 failed so far
  batch 17/31: relisted 510 ok, 0 failed so far
  batch 18/31: relisted 540 ok, 0 failed so far
  batch 19/31: relisted 570 ok, 0 failed so far
  batch 20/31: relisted 600 ok, 0 failed so far
  batch 21/31: relisted 630 ok, 0 failed so far
  batch 22/31: relisted 660 ok, 0 failed so far
  batch 23/31: relisted 690 ok, 0 failed so far
  batch 24/31: relisted 720 ok, 0 failed so far
  batch 25/31: relisted 750 ok, 0 failed so far
  batch 26/31: relisted 780 ok, 0 failed so far
  batch 27/31: relisted 810 ok, 0 failed so far
  batch 28/31: relisted 840 ok, 0 failed so far
  batch 29/31: relisted 870 ok, 0 failed so far
  batch 30/31: relisted 900 ok, 0 failed so far
  batch 31/31: relisted 902 ok, 0 failed so far

DONE: 902 relisted, 0 failed
FLAGGED for review (>= $15): 12
  $ 175.99  new=307021757636  2025 Topps Signature Class Joe Burrow Fluidity Cle
  $  81.99  new=307021757657  2025 Topps Signature Class Omarion Hampton First C
  $  71.24  new=307021757669  2025 Topps Signature Class Matthew Golden RC Auto 
  $  36.99  new=307021757702  2025 Topps Signature Class Xavier Worthy Round 4 P
  $  34.99  new=307021757724  2025 Topps Signature Class Jackson Hawes RC Auto /
  $  28.99  new=307021757759  2025 Topps Signature Class Brock Bowers Orange 12/
  $  24.99  new=307021757782  2025 Panini Donruss Threads Christian McCaffrey Re
  $  21.99  new=307021757797  2025 Topps Signature Class JJ McCarthy Round 1 Pic
  $  21.99  new=307021757816  2025 Topps Signature Class Trevor Lawrence Round 1
  $  19.99  new=307021757859  2025 Panini Select Omarion Hampton Draft Selection
  $  17.00  new=307021757867  2025 Panini Select Ashton Jeanty RC Green Prizm Co
  $  17.00  new=307021757947  2025 Panini Select Ashton Jeanty RC Green Prizm Co
