===== PASS 1 =====
  Keith Hernandez (Repricing) reporting in.
  Snapshot at output/listings_snapshot.json is fresh (<6h); reusing.
  Using cached snapshot at output/listings_snapshot.json
  Loaded 250 active listings

  Plan summary: 120 to apply ┬╖ 108 dead-zone ┬╖ 22 blocked

  Applying changes to eBay...
  Skipping 83 item(s) already revised to target (stale snapshot)
  тЖТ 306967210472: $4.99 тЖТ $3.99  (-20.0%)
    FAILED [21919474] This operation is not allowed for inventory items.
  тЖТ 307030968595: $12.99 тЖТ $10.99  (-15.4%)
  тЖТ 307031096889: $9.99 тЖТ $7.99  (-20.0%)
  тЖТ 307031483335: $8.99 тЖТ $7.99  (-11.1%)
  тЖТ 307031515377: $10.99 тЖТ $8.99  (-18.2%)
  тЖТ 307031770064: $9.99 тЖТ $7.99  (-20.0%)
  тЖТ 307031793229: $9.99 тЖТ $7.99  (-20.0%)
  тЖТ 307037552282: $12.99 тЖТ $10.99  (-15.4%)
  тЖТ 307037552327: $12.99 тЖТ $10.99  (-15.4%)
  тЖТ 307037552350: $7.99 тЖТ $6.99  (-12.5%)
  тЖТ 307037552389: $10.99 тЖТ $8.99  (-18.2%)
  тЖТ 307037552415: $7.99 тЖТ $6.99  (-12.5%)
  тЖТ 307037552466: $8.99 тЖТ $7.99  (-11.1%)
  тЖТ 307037627675: $7.99 тЖТ $6.99  (-12.5%)
  тЖТ 307037726956: $12.99 тЖТ $10.99  (-15.4%)
  тЖТ 307037727034: $9.99 тЖТ $7.99  (-20.0%)
  тЖТ 307037727084: $10.99 тЖТ $8.99  (-18.2%)
  тЖТ 307037727137: $11.99 тЖТ $9.99  (-16.7%)
  тЖТ 307037727185: $7.99 тЖТ $6.99  (-12.5%)
  тЖТ 307037727230: $9.99 тЖТ $7.99  (-20.0%)
  тЖТ 307037727297: $8.99 тЖТ $7.99  (-11.1%)
  тЖТ 307037727358: $8.99 тЖТ $7.99  (-11.1%)
  тЖТ 307037727421: $7.99 тЖТ $6.99  (-12.5%)
  тЖТ 307037734648: $14.99 тЖТ $12.99  (-13.3%)
  тЖТ 307037738472: $16.99 тЖТ $13.99  (-17.7%)
  тЖТ 307037738499: $13.99 тЖТ $11.99  (-14.3%)
  Reached 25 successful changes; 11 still queued for next run

  Failure histogram:
    1x  21919474: This operation is not allowed for inventory items.

  Result: 25/26 applied successfully.
  Report: /Users/jason.chletsos/Documents/GitHub/jason_chletsos_ebay_lots/docs/repricing.html
[pass 1 applied=25]
===== PASS 2 =====
  Keith Hernandez (Repricing) reporting in.
  Snapshot at output/listings_snapshot.json is fresh (<6h); reusing.
  Using cached snapshot at output/listings_snapshot.json
  Loaded 250 active listings

  Plan summary: 120 to apply ┬╖ 108 dead-zone ┬╖ 22 blocked

  Applying changes to eBay...
  Skipping 108 item(s) already revised to target (stale snapshot)
  тЖТ 306967210472: $4.99 тЖТ $3.99  (-20.0%)
    FAILED [21919474] This operation is not allowed for inventory items.
  тЖТ 307037738519: $13.99 тЖТ $11.99  (-14.3%)
  тЖТ 307038749544: $12.99 тЖТ $10.99  (-15.4%)
  тЖТ 307038749589: $11.99 тЖТ $9.99  (-16.7%)
  тЖТ 307038749617: $11.99 тЖТ $9.99  (-16.7%)
  тЖТ 307038800316: $13.99 тЖТ $11.99  (-14.3%)
  тЖТ 307038800406: $14.99 тЖТ $12.99  (-13.3%)
  тЖТ 307038800487: $11.99 тЖТ $9.99  (-16.7%)
  тЖТ 307038800574: $9.99 тЖТ $7.99  (-20.0%)
  тЖТ 307038800685: $11.99 тЖТ $9.99  (-16.7%)
  тЖТ 307038800855: $9.99 тЖТ $7.99  (-20.0%)
  тЖТ 307038800999: $8.99 тЖТ $7.99  (-11.1%)

  Failure histogram:
    1x  21919474: This operation is not allowed for inventory items.

  Result: 11/12 applied successfully.
  Report: /Users/jason.chletsos/Documents/GitHub/jason_chletsos_ebay_lots/docs/repricing.html
[pass 2 applied=11]
DONE after pass 2
LOTS4_DONE
