  Keith Hernandez (Repricing) reporting in.
  Getting eBay access token...
  Fetching active listings...
  Fetched 2484 listings across 13 page(s)
  Evaluating 250 of 2484 listings this run (rotating slice from offset 1824)
  Fetching market comps...
  Fetching market comps for 250 listings (250 unique queries, parallel)...
  Browse rate limit (429) exhausted — comps skipped this run (falls back to sold_history/pricecharting). Quota resets daily.
  Market comps done — 0 underpriced, 0 overpriced
  Loading sold history...
  Aggregating multi-source pricing...
  Loaded 250 active listings

  Plan summary: 120 to apply · 108 dead-zone · 22 blocked

  Applying changes to eBay...
  Skipping 1 item(s) blocked by previous eBay rejection:
    blocked 306967210472 [22003] Auto decline amount cannot be greater than or equal to the Buy It Now price.
  → 307029504025: $7.99 → $6.99  (-12.5%)
  → 307029504047: $11.99 → $9.99  (-16.7%)
  → 307029504121: $12.99 → $10.99  (-15.4%)
  → 307029504220: $3.99 → $2.99  (-25.1%)
  → 307029504390: $7.99 → $6.99  (-12.5%)
  → 307029504812: $4.99 → $3.99  (-20.0%)
  → 307029504870: $5.99 → $4.99  (-16.7%)
  → 307029504901: $4.99 → $3.99  (-20.0%)
  → 307029504919: $5.99 → $4.99  (-16.7%)
  → 307029504941: $10.99 → $8.99  (-18.2%)
  → 307029504972: $6.99 → $5.99  (-14.3%)
  → 307029505179: $7.99 → $6.99  (-12.5%)
  → 307029505366: $7.99 → $6.99  (-12.5%)
  → 307029505539: $4.99 → $3.99  (-20.0%)
  → 307029505769: $7.99 → $6.99  (-12.5%)
  → 307029505791: $4.99 → $3.99  (-20.0%)
  → 307029505800: $4.99 → $3.99  (-20.0%)
  → 307029578188: $6.99 → $5.99  (-14.3%)
  → 307029578391: $4.99 → $3.99  (-20.0%)
  → 307029578438: $3.99 → $2.99  (-25.1%)
  → 307029578942: $6.99 → $5.99  (-14.3%)
  → 307029729869: $4.99 → $3.99  (-20.0%)
  → 307029730261: $4.99 → $3.99  (-20.0%)
  → 307029731350: $4.99 → $3.99  (-20.0%)
  → 307029733006: $4.99 → $3.99  (-20.0%)
  Reached 25 successful changes; 94 still queued for next run

  Result: 25/25 applied successfully.
  Report: /Users/jason.chletsos/Documents/GitHub/jason_chletsos_ebay_lots/docs/repricing.html
[exit 0]
