Loading config...
Getting eBay access token...
Fetching active listings...
  Fetched 2475 listings across 13 page(s)

Generating site files:
  Fetching seller profile...
  Seller: harpua2001 · feedback 312 (100.0% positive) · since Dec 1998
  OG card regenerated: og-card.jpg (47.6 KB)
  Fetching sold listings (last 90 days; merged into all-time history)...
  Fetched 270 sales from eBay (last 90 days)
  Sold history: 300 total (1 new this run, persisted to sold_history.json)
  Sold items page: /Users/jason.chletsos/Documents/GitHub/jason_chletsos_ebay_lots/docs/sold.html
  Scanning Deals watchlist...
  Browse API failed for 'patrick mahomes rookie card prizm': 429 Client Error: Too Many Requests for url: https://api.ebay.com/buy/browse/v1/item_summary/search?q=patrick+mahomes+rookie+card+prizm&limit=100&filter=buyingOptions%3A%7BFIXED_PRICE%7CAUCTION%7D%2CitemLocationCountry%3AUS%2Cprice%3A%5B20..500%5D%2CpriceCurrency%3AUSD
  Browse API failed for 'ja'marr chase rookie prizm': 429 Client Error: Too Many Requests for url: https://api.ebay.com/buy/browse/v1/item_summary/search?q=ja%27marr+chase+rookie+prizm&limit=100&filter=buyingOptions%3A%7BFIXED_PRICE%7CAUCTION%7D%2CitemLocationCountry%3AUS%2Cprice%3A%5B15..300%5D%2CpriceCurrency%3AUSD
  Browse API failed for 'justin jefferson rookie prizm': 429 Client Error: Too Many Requests for url: https://api.ebay.com/buy/browse/v1/item_summary/search?q=justin+jefferson+rookie+prizm&limit=100&filter=buyingOptions%3A%7BFIXED_PRICE%7CAUCTION%7D%2CitemLocationCountry%3AUS%2Cprice%3A%5B15..300%5D%2CpriceCurrency%3AUSD
  Browse API failed for 'caleb williams rookie prizm': 429 Client Error: Too Many Requests for url: https://api.ebay.com/buy/browse/v1/item_summary/search?q=caleb+williams+rookie+prizm&limit=100&filter=buyingOptions%3A%7BFIXED_PRICE%7CAUCTION%7D%2CitemLocationCountry%3AUS%2Cprice%3A%5B15..200%5D%2CpriceCurrency%3AUSD
  Browse API failed for 'jayden daniels rookie prizm': 429 Client Error: Too Many Requests for url: https://api.ebay.com/buy/browse/v1/item_summary/search?q=jayden+daniels+rookie+prizm&limit=100&filter=buyingOptions%3A%7BFIXED_PRICE%7CAUCTION%7D%2CitemLocationCountry%3AUS%2Cprice%3A%5B15..200%5D%2CpriceCurrency%3AUSD
  Browse API failed for '2024 panini prizm rookie psa 10': 429 Client Error: Too Many Requests for url: https://api.ebay.com/buy/browse/v1/item_summary/search?q=2024+panini+prizm+rookie+psa+10&limit=100&filter=buyingOptions%3A%7BFIXED_PRICE%7CAUCTION%7D%2CitemLocationCountry%3AUS%2Cprice%3A%5B25..500%5D%2CpriceCurrency%3AUSD
  Browse API failed for 'victor wembanyama prizm rookie': 429 Client Error: Too Many Requests for url: https://api.ebay.com/buy/browse/v1/item_summary/search?q=victor+wembanyama+prizm+rookie&limit=100&filter=buyingOptions%3A%7BFIXED_PRICE%7CAUCTION%7D%2CitemLocationCountry%3AUS%2Cprice%3A%5B25..600%5D%2CpriceCurrency%3AUSD
  Browse API failed for 'luka doncic prizm rookie': 429 Client Error: Too Many Requests for url: https://api.ebay.com/buy/browse/v1/item_summary/search?q=luka+doncic+prizm+rookie&limit=100&filter=buyingOptions%3A%7BFIXED_PRICE%7CAUCTION%7D%2CitemLocationCountry%3AUS%2Cprice%3A%5B30..800%5D%2CpriceCurrency%3AUSD
  Browse API failed for 'wemby prizm rookie psa 10': 429 Client Error: Too Many Requests for url: https://api.ebay.com/buy/browse/v1/item_summary/search?q=wemby+prizm+rookie+psa+10&limit=100&filter=buyingOptions%3A%7BFIXED_PRICE%7CAUCTION%7D%2CitemLocationCountry%3AUS%2Cprice%3A%5B40..800%5D%2CpriceCurrency%3AUSD
  Browse API failed for 'paul skenes rookie bowman chrome': 429 Client Error: Too Many Requests for url: https://api.ebay.com/buy/browse/v1/item_summary/search?q=paul+skenes+rookie+bowman+chrome&limit=100&filter=buyingOptions%3A%7BFIXED_PRICE%7CAUCTION%7D%2CitemLocationCountry%3AUS%2Cprice%3A%5B15..400%5D%2CpriceCurrency%3AUSD
  Browse API failed for 'elly de la cruz bowman chrome rookie': 429 Client Error: Too Many Requests for url: https://api.ebay.com/buy/browse/v1/item_summary/search?q=elly+de+la+cruz+bowman+chrome+rookie&limit=100&filter=buyingOptions%3A%7BFIXED_PRICE%7CAUCTION%7D%2CitemLocationCountry%3AUS%2Cprice%3A%5B12..250%5D%2CpriceCurrency%3AUSD
  Browse API failed for 'shohei ohtani rookie topps chrome': 429 Client Error: Too Many Requests for url: https://api.ebay.com/buy/browse/v1/item_summary/search?q=shohei+ohtani+rookie+topps+chrome&limit=100&filter=buyingOptions%3A%7BFIXED_PRICE%7CAUCTION%7D%2CitemLocationCountry%3AUS%2Cprice%3A%5B25..600%5D%2CpriceCurrency%3AUSD
  Browse API failed for 'charizard holo psa': 429 Client Error: Too Many Requests for url: https://api.ebay.com/buy/browse/v1/item_summary/search?q=charizard+holo+psa&limit=100&filter=buyingOptions%3A%7BFIXED_PRICE%7CAUCTION%7D%2CitemLocationCountry%3AUS%2Cprice%3A%5B50..1500%5D%2CpriceCurrency%3AUSD
  Browse API failed for 'pokemon base set holo near mint': 429 Client Error: Too Many Requests for url: https://api.ebay.com/buy/browse/v1/item_summary/search?q=pokemon+base+set+holo+near+mint&limit=100&filter=buyingOptions%3A%7BFIXED_PRICE%7CAUCTION%7D%2CitemLocationCountry%3AUS%2Cprice%3A%5B20..500%5D%2CpriceCurrency%3AUSD
  Browse API failed for 'pokemon mega evolution promo near mint': 429 Client Error: Too Many Requests for url: https://api.ebay.com/buy/browse/v1/item_summary/search?q=pokemon+mega+evolution+promo+near+mint&limit=100&filter=buyingOptions%3A%7BFIXED_PRICE%7CAUCTION%7D%2CitemLocationCountry%3AUS%2Cprice%3A%5B8..120%5D%2CpriceCurrency%3AUSD
  Browse API failed for 'wolverine psa 10': 429 Client Error: Too Many Requests for url: https://api.ebay.com/buy/browse/v1/item_summary/search?q=wolverine+psa+10&limit=100&filter=buyingOptions%3A%7BFIXED_PRICE%7CAUCTION%7D%2CitemLocationCountry%3AUS%2Cprice%3A%5B20..800%5D%2CpriceCurrency%3AUSD
  Browse API failed for 'weapon x psa 10': 429 Client Error: Too Many Requests for url: https://api.ebay.com/buy/browse/v1/item_summary/search?q=weapon+x+psa+10&limit=100&filter=buyingOptions%3A%7BFIXED_PRICE%7CAUCTION%7D%2CitemLocationCountry%3AUS%2Cprice%3A%5B15..600%5D%2CpriceCurrency%3AUSD
  Browse API failed for 'elektra psa 10': 429 Client Error: Too Many Requests for url: https://api.ebay.com/buy/browse/v1/item_summary/search?q=elektra+psa+10&limit=100&filter=buyingOptions%3A%7BFIXED_PRICE%7CAUCTION%7D%2CitemLocationCountry%3AUS%2Cprice%3A%5B15..600%5D%2CpriceCurrency%3AUSD
  Browse API failed for 'spider-man psa 10': 429 Client Error: Too Many Requests for url: https://api.ebay.com/buy/browse/v1/item_summary/search?q=spider-man+psa+10&limit=100&filter=buyingOptions%3A%7BFIXED_PRICE%7CAUCTION%7D%2CitemLocationCountry%3AUS%2Cprice%3A%5B20..1000%5D%2CpriceCurrency%3AUSD
  Browse API failed for 'punisher psa 10': 429 Client Error: Too Many Requests for url: https://api.ebay.com/buy/browse/v1/item_summary/search?q=punisher+psa+10&limit=100&filter=buyingOptions%3A%7BFIXED_PRICE%7CAUCTION%7D%2CitemLocationCountry%3AUS%2Cprice%3A%5B15..500%5D%2CpriceCurrency%3AUSD
  Browse API failed for 'deadpool psa 10': 429 Client Error: Too Many Requests for url: https://api.ebay.com/buy/browse/v1/item_summary/search?q=deadpool+psa+10&limit=100&filter=buyingOptions%3A%7BFIXED_PRICE%7CAUCTION%7D%2CitemLocationCountry%3AUS%2Cprice%3A%5B15..700%5D%2CpriceCurrency%3AUSD
  Browse API failed for 'daredevil psa 10': 429 Client Error: Too Many Requests for url: https://api.ebay.com/buy/browse/v1/item_summary/search?q=daredevil+psa+10&limit=100&filter=buyingOptions%3A%7BFIXED_PRICE%7CAUCTION%7D%2CitemLocationCountry%3AUS%2Cprice%3A%5B12..500%5D%2CpriceCurrency%3AUSD
  Browse API failed for 'x-men psa 10': 429 Client Error: Too Many Requests for url: https://api.ebay.com/buy/browse/v1/item_summary/search?q=x-men+psa+10&limit=100&filter=buyingOptions%3A%7BFIXED_PRICE%7CAUCTION%7D%2CitemLocationCountry%3AUS%2Cprice%3A%5B15..600%5D%2CpriceCurrency%3AUSD
  Browse API failed for 'marvel masterpieces psa 10': 429 Client Error: Too Many Requests for url: https://api.ebay.com/buy/browse/v1/item_summary/search?q=marvel+masterpieces+psa+10&limit=100&filter=buyingOptions%3A%7BFIXED_PRICE%7CAUCTION%7D%2CitemLocationCountry%3AUS%2Cprice%3A%5B20..600%5D%2CpriceCurrency%3AUSD
  Browse API failed for '1990 marvel universe psa 10': 429 Client Error: Too Many Requests for url: https://api.ebay.com/buy/browse/v1/item_summary/search?q=1990+marvel+universe+psa+10&limit=100&filter=buyingOptions%3A%7BFIXED_PRICE%7CAUCTION%7D%2CitemLocationCountry%3AUS%2Cprice%3A%5B12..400%5D%2CpriceCurrency%3AUSD[exit 124]
