===== repricing --apply =====
  Failure histogram:
    113x  21919474: This operation is not allowed for inventory items.

  Result: 6/119 applied successfully.
  Report: /Users/jason.chletsos/Documents/GitHub/jason_chletsos_ebay_lots/docs/repricing.html

===== relist --apply =====
  Relisting 307007319145 as FP at $5.00...
  Relisting 307006882928 as FP at $4.00...
  Report: /Users/jason.chletsos/Documents/GitHub/jason_chletsos_ebay_lots/docs/relist.html
  Plan:   /Users/jason.chletsos/Documents/GitHub/jason_chletsos_ebay_lots/output/relist_plan.json

===== best_offer --apply =====

  Result: 198/198 applied successfully.
  Report:  /Users/jason.chletsos/Documents/GitHub/jason_chletsos_ebay_lots/docs/best_offer.html
  Plan:    /Users/jason.chletsos/Documents/GitHub/jason_chletsos_ebay_lots/output/best_offer_plan.json

===== watchers_offer --apply =====
  → 306993602568: 1w · $2.33 → $1.98 (15%)
  → 306997074902: 1w · $2.33 → $1.98 (15%)

  Result: 3/3 offers sent successfully.
  Report: /Users/jason.chletsos/Documents/GitHub/jason_chletsos_ebay_lots/docs/watchers.html

===== promoted_listings --apply =====
  Using existing campaign 155010049019 (Campaign 12/12/2025 18:05:01)
  Pushing 2258 per-listing bid percentages...
  Result: 2258/2258 bids accepted.
  Report: /Users/jason.chletsos/Documents/GitHub/jason_chletsos_ebay_lots/docs/promoted_listings.html
