[1/209] ENDED 306953637845 2025 Panini Icon Collection-Mahomes #TW-2 Title Wa
 live.
  Re-run when sqlite is unlocked:
      python3 -c "import linkage_db; linkage_db.connect().__enter__().execute(\"UPDATE listings SET status='ended', updated_at=datetime('now') WHERE ebay_item_id=306953637845\")"
  snapshot: removed item 306953637845
Done. Item 306953637845 is no longer live.
---
[2/209] ENDED 306953391681 #IC11 Patrick Mahomes II Icon Collection
 live.
  Re-run when sqlite is unlocked:
      python3 -c "import linkage_db; linkage_db.connect().__enter__().execute(\"UPDATE listings SET status='ended', updated_at=datetime('now') WHERE ebay_item_id=306953391681\")"
  snapshot: removed item 306953391681
Done. Item 306953391681 is no longer live.
---
[3/209] ENDED 306960248762 2025 Panini Phoenix - Drake Maye #111
 live.
  Re-run when sqlite is unlocked:
      python3 -c "import linkage_db; linkage_db.connect().__enter__().execute(\"UPDATE listings SET status='ended', updated_at=datetime('now') WHERE ebay_item_id=306960248762\")"
  snapshot: removed item 306960248762
Done. Item 306960248762 is no longer live.
---
[4/209] ENDED 306958936006 2025 Panini Phoenix - Jared Goff #62 Silver
 live.
  Re-run when sqlite is unlocked:
      python3 -c "import linkage_db; linkage_db.connect().__enter__().execute(\"UPDATE listings SET status='ended', updated_at=datetime('now') WHERE ebay_item_id=306958936006\")"
  snapshot: removed item 306958936006
Done. Item 306958936006 is no longer live.
---
[5/209] ENDED 306993395777 2025 Topps Signature Class Bo Nix Denver Broncos F
 live.
  Re-run when sqlite is unlocked:
      python3 -c "import linkage_db; linkage_db.connect().__enter__().execute(\"UPDATE listings SET status='ended', updated_at=datetime('now') WHERE ebay_item_id=306993395777\")"
  snapshot: removed item 306993395777
Done. Item 306993395777 is no longer live.
---
[6/209] ENDED 306993379891 2025 Topps Signature Class Patrick Mahomes Kansas 
 live.
  Re-run when sqlite is unlocked:
      python3 -c "import linkage_db; linkage_db.connect().__enter__().execute(\"UPDATE listings SET status='ended', updated_at=datetime('now') WHERE ebay_item_id=306993379891\")"
  snapshot: removed item 306993379891
Done. Item 306993379891 is no longer live.
---
[7/209] ENDED 306993413352 2025 Topps Signature Class Patrick Mahomes Kansas 
 live.
  Re-run when sqlite is unlocked:
      python3 -c "import linkage_db; linkage_db.connect().__enter__().execute(\"UPDATE listings SET status='ended', updated_at=datetime('now') WHERE ebay_item_id=306993413352\")"
  snapshot: removed item 306993413352
Done. Item 306993413352 is no longer live.
---
[8/209] ENDED 306993413449 2025 Topps Signature Class Patrick Mahomes Kansas 
 live.
  Re-run when sqlite is unlocked:
      python3 -c "import linkage_db; linkage_db.connect().__enter__().execute(\"UPDATE listings SET status='ended', updated_at=datetime('now') WHERE ebay_item_id=306993413449\")"
  snapshot: removed item 306993413449
Done. Item 306993413449 is no longer live.
---
[9/209] ENDED 306993344463 2025 Topps Signature Class Harold Fannin Jr Clevel
 live.
  Re-run when sqlite is unlocked:
      python3 -c "import linkage_db; linkage_db.connect().__enter__().execute(\"UPDATE listings SET status='ended', updated_at=datetime('now') WHERE ebay_item_id=306993344463\")"
  snapshot: removed item 306993344463
Done. Item 306993344463 is no longer live.
---
[10/209] ENDED 306993381647 2025 Topps Signature Class Harold Fannin Jr Clevel
 live.
  Re-run when sqlite is unlocked:
      python3 -c "import linkage_db; linkage_db.connect().__enter__().execute(\"UPDATE listings SET status='ended', updated_at=datetime('now') WHERE ebay_item_id=306993381647\")"
  snapshot: removed item 306993381647
Done. Item 306993381647 is no longer live.
---
[11/209] ENDED 306993395903 2025 Topps Signature Class Justin Jefferson Minnes
 live.
  Re-run when sqlite is unlocked:
      python3 -c "import linkage_db; linkage_db.connect().__enter__().execute(\"UPDATE listings SET status='ended', updated_at=datetime('now') WHERE ebay_item_id=306993395903\")"
  snapshot: removed item 306993395903
Done. Item 306993395903 is no longer live.
---
[12/209] ENDED 306993395928 2025 Topps Signature Class Lamar Jackson Baltimore
 live.
  Re-run when sqlite is unlocked:
      python3 -c "import linkage_db; linkage_db.connect().__enter__().execute(\"UPDATE listings SET status='ended', updated_at=datetime('now') WHERE ebay_item_id=306993395928\")"
  snapshot: removed item 306993395928
Done. Item 306993395928 is no longer live.
---
[13/209] ENDED 306993413414 2025 Topps Signature Class Lamar Jackson Baltimore
 live.
  Re-run when sqlite is unlocked:
      python3 -c "import linkage_db; linkage_db.connect().__enter__().execute(\"UPDATE listings SET status='ended', updated_at=datetime('now') WHERE ebay_item_id=306993413414\")"
  snapshot: removed item 306993413414
Done. Item 306993413414 is no longer live.
---
[14/209] ENDED 306993413432 2025 Topps Signature Class Lamar Jackson Baltimore
 live.
  Re-run when sqlite is unlocked:
      python3 -c "import linkage_db; linkage_db.connect().__enter__().execute(\"UPDATE listings SET status='ended', updated_at=datetime('now') WHERE ebay_item_id=306993413432\")"
  snapshot: removed item 306993413432
Done. Item 306993413432 is no longer live.
---
[15/209] ENDED 306993381692 2025 Topps Signature Class Jayden Daniels Washingt
 live.
  Re-run when sqlite is unlocked:
      python3 -c "import linkage_db; linkage_db.connect().__enter__().execute(\"UPDATE listings SET status='ended', updated_at=datetime('now') WHERE ebay_item_id=306993381692\")"
  snapshot: removed item 306993381692
Done. Item 306993381692 is no longer live.
---
[16/209] ENDED 306993395852 2025 Topps Signature Class Jayden Daniels Washingt
 live.
  Re-run when sqlite is unlocked:
      python3 -c "import linkage_db; linkage_db.connect().__enter__().execute(\"UPDATE listings SET status='ended', updated_at=datetime('now') WHERE ebay_item_id=306993395852\")"
  snapshot: removed item 306993395852
Done. Item 306993395852 is no longer live.
---
[17/209] ENDED 306993430604 2025 Topps Signature Class Jayden Daniels Washingt
 live.
  Re-run when sqlite is unlocked:
      python3 -c "import linkage_db; linkage_db.connect().__enter__().execute(\"UPDATE listings SET status='ended', updated_at=datetime('now') WHERE ebay_item_id=306993430604\")"
  snapshot: removed item 306993430604
Done. Item 306993430604 is no longer live.
---
[18/209] ENDED 306993413392 2025 Topps Signature Class Josh Allen Buffalo Bill
 live.
  Re-run when sqlite is unlocked:
      python3 -c "import linkage_db; linkage_db.connect().__enter__().execute(\"UPDATE listings SET status='ended', updated_at=datetime('now') WHERE ebay_item_id=306993413392\")"
  snapshot: removed item 306993413392
Done. Item 306993413392 is no longer live.
---
[19/209] ENDED 306994581591 2025 Topps Signature Class Omarion Hampton Los Ang
 live.
  Re-run when sqlite is unlocked:
      python3 -c "import linkage_db; linkage_db.connect().__enter__().execute(\"UPDATE listings SET status='ended', updated_at=datetime('now') WHERE ebay_item_id=306994581591\")"
  snapshot: removed item 306994581591
Done. Item 306994581591 is no longer live.
---
[20/209] ENDED 306993482398 2025 Topps Signature Class Christian McCaffrey San
 live.
  Re-run when sqlite is unlocked:
      python3 -c "import linkage_db; linkage_db.connect().__enter__().execute(\"UPDATE listings SET status='ended', updated_at=datetime('now') WHERE ebay_item_id=306993482398\")"
  snapshot: removed item 306993482398
Done. Item 306993482398 is no longer live.
---
[21/209] ENDED 306994554452 2025 Topps Signature Class Danny Stutsman New Orle
 live.
  Re-run when sqlite is unlocked:
      python3 -c "import linkage_db; linkage_db.connect().__enter__().execute(\"UPDATE listings SET status='ended', updated_at=datetime('now') WHERE ebay_item_id=306994554452\")"
  snapshot: removed item 306994554452
Done. Item 306994554452 is no longer live.
---
[22/209] ENDED 306994581487 2025 Topps Signature Class RJ Harvey Denver Bronco
 live.
  Re-run when sqlite is unlocked:
      python3 -c "import linkage_db; linkage_db.connect().__enter__().execute(\"UPDATE listings SET status='ended', updated_at=datetime('now') WHERE ebay_item_id=306994581487\")"
  snapshot: removed item 306994581487
Done. Item 306994581487 is no longer live.
---
[23/209] ENDED 306993483451 2025 Topps Signature Class Deebo Samuel Washington
 live.
  Re-run when sqlite is unlocked:
      python3 -c "import linkage_db; linkage_db.connect().__enter__().execute(\"UPDATE listings SET status='ended', updated_at=datetime('now') WHERE ebay_item_id=306993483451\")"
  snapshot: removed item 306993483451
Done. Item 306993483451 is no longer live.
---
[24/209] ENDED 306993481934 2025 Topps Signature Class Tory Horton Seattle Sea
 live.
  Re-run when sqlite is unlocked:
      python3 -c "import linkage_db; linkage_db.connect().__enter__().execute(\"UPDATE listings SET status='ended', updated_at=datetime('now') WHERE ebay_item_id=306993481934\")"
  snapshot: removed item 306993481934
Done. Item 306993481934 is no longer live.
---
[25/209] ENDED 306994555261 2025 Topps Signature Class Kyle Kennard Los Angele
 live.
  Re-run when sqlite is unlocked:
      python3 -c "import linkage_db; linkage_db.connect().__enter__().execute(\"UPDATE listings SET status='ended', updated_at=datetime('now') WHERE ebay_item_id=306994555261\")"
  snapshot: removed item 306994555261
Done. Item 306994555261 is no longer live.
---
[26/209] ENDED 306994581761 2025 Topps Signature Class DK Metcalf Pittsburgh S
 live.
  Re-run when sqlite is unlocked:
      python3 -c "import linkage_db; linkage_db.connect().__enter__().execute(\"UPDATE listings SET status='ended', updated_at=datetime('now') WHERE ebay_item_id=306994581761\")"
  snapshot: removed item 306994581761
Done. Item 306994581761 is no longer live.
---
[27/209] ENDED 306993554566 Panini Mosaic Josh Allen Buffalo Bills #17 Base Fo
 live.
  Re-run when sqlite is unlocked:
      python3 -c "import linkage_db; linkage_db.connect().__enter__().execute(\"UPDATE listings SET status='ended', updated_at=datetime('now') WHERE ebay_item_id=306993554566\")"
  snapshot: removed item 306993554566
Done. Item 306993554566 is no longer live.
---
[28/209] ENDED 306993495510 Panini Phoenix Josh Allen Buffalo Bills #17 Base F
 live.
  Re-run when sqlite is unlocked:
      python3 -c "import linkage_db; linkage_db.connect().__enter__().execute(\"UPDATE listings SET status='ended', updated_at=datetime('now') WHERE ebay_item_id=306993495510\")"
  snapshot: removed item 306993495510
Done. Item 306993495510 is no longer live.
---
[29/209] ENDED 306993554542 Panini Phoenix Josh Allen Buffalo Bills #17 Base F
 live.
  Re-run when sqlite is unlocked:
      python3 -c "import linkage_db; linkage_db.connect().__enter__().execute(\"UPDATE listings SET status='ended', updated_at=datetime('now') WHERE ebay_item_id=306993554542\")"
  snapshot: removed item 306993554542
Done. Item 306993554542 is no longer live.
---
[30/209] ENDED 306993554488 2025 Panini Select Josh Allen Buffalo Bills Base F
 live.
  Re-run when sqlite is unlocked:
      python3 -c "import linkage_db; linkage_db.connect().__enter__().execute(\"UPDATE listings SET status='ended', updated_at=datetime('now') WHERE ebay_item_id=306993554488\")"
  snapshot: removed item 306993554488
Done. Item 306993554488 is no longer live.
---
[31/209] ENDED 306993554527 2025 Panini Select Josh Allen Buffalo Bills Base F
 live.
  Re-run when sqlite is unlocked:
      python3 -c "import linkage_db; linkage_db.connect().__enter__().execute(\"UPDATE listings SET status='ended', updated_at=datetime('now') WHERE ebay_item_id=306993554527\")"
  snapshot: removed item 306993554527
Done. Item 306993554527 is no longer live.
---
[32/209] ENDED 306993602424 2025 Panini Select Travis Hunter Jacksonville Jagu
 live.
  Re-run when sqlite is unlocked:
      python3 -c "import linkage_db; linkage_db.connect().__enter__().execute(\"UPDATE listings SET status='ended', updated_at=datetime('now') WHERE ebay_item_id=306993602424\")"
  snapshot: removed item 306993602424
Done. Item 306993602424 is no longer live.
---
[33/209] ENDED 306993602643 2025 Panini Select Travis Hunter Jacksonville Jagu
 live.
  Re-run when sqlite is unlocked:
      python3 -c "import linkage_db; linkage_db.connect().__enter__().execute(\"UPDATE listings SET status='ended', updated_at=datetime('now') WHERE ebay_item_id=306993602643\")"
  snapshot: removed item 306993602643
Done. Item 306993602643 is no longer live.
---
[34/209] ENDED 306994910172 2025 Panini Phoenix Thunderbirds Travis Hunter Jac
 live.
  Re-run when sqlite is unlocked:
      python3 -c "import linkage_db; linkage_db.connect().__enter__().execute(\"UPDATE listings SET status='ended', updated_at=datetime('now') WHERE ebay_item_id=306994910172\")"
  snapshot: removed item 306994910172
Done. Item 306994910172 is no longer live.
---
[35/209] ENDED 306993605708 2025 Panini Phoenix Ashton Jeanty Las Vegas Raider
 live.
  Re-run when sqlite is unlocked:
      python3 -c "import linkage_db; linkage_db.connect().__enter__().execute(\"UPDATE listings SET status='ended', updated_at=datetime('now') WHERE ebay_item_id=306993605708\")"
  snapshot: removed item 306993605708
Done. Item 306993605708 is no longer live.
---
[36/209] ENDED 306993606464 2025 Panini Select Ashton Jeanty Las Vegas Raiders
 live.
  Re-run when sqlite is unlocked:
      python3 -c "import linkage_db; linkage_db.connect().__enter__().execute(\"UPDATE listings SET status='ended', updated_at=datetime('now') WHERE ebay_item_id=306993606464\")"
  snapshot: removed item 306993606464
Done. Item 306993606464 is no longer live.
---
[37/209] ENDED 306994502338 2025 Topps Signature Class Nick Nash Atlanta Falco
 live.
  Re-run when sqlite is unlocked:
      python3 -c "import linkage_db; linkage_db.connect().__enter__().execute(\"UPDATE listings SET status='ended', updated_at=datetime('now') WHERE ebay_item_id=306994502338\")"
  snapshot: removed item 306994502338
Done. Item 306994502338 is no longer live.
---
[38/209] ENDED 306930773940 2025 Panini Prizm - Jared Verse #30 Silver Prizm N
 live.
  Re-run when sqlite is unlocked:
      python3 -c "import linkage_db; linkage_db.connect().__enter__().execute(\"UPDATE listings SET status='ended', updated_at=datetime('now') WHERE ebay_item_id=306930773940\")"
  snapshot: removed item 306930773940
Done. Item 306930773940 is no longer live.
---
[39/209] ENDED 306997263274 2025 Panini Phoenix Myles Garrett #73 Cleveland Br
 live.
  Re-run when sqlite is unlocked:
      python3 -c "import linkage_db; linkage_db.connect().__enter__().execute(\"UPDATE listings SET status='ended', updated_at=datetime('now') WHERE ebay_item_id=306997263274\")"
  snapshot: removed item 306997263274
Done. Item 306997263274 is no longer live.
---
[40/209] ENDED 306997263352 2025 Panini Phoenix Myles Garrett #73 Cleveland Br
 live.
  Re-run when sqlite is unlocked:
      python3 -c "import linkage_db; linkage_db.connect().__enter__().execute(\"UPDATE listings SET status='ended', updated_at=datetime('now') WHERE ebay_item_id=306997263352\")"
  snapshot: removed item 306997263352
Done. Item 306997263352 is no longer live.
---
[41/209] ENDED 306997183081 2024-25 Panini Contenders NIL James Peoples School
 live.
  Re-run when sqlite is unlocked:
      python3 -c "import linkage_db; linkage_db.connect().__enter__().execute(\"UPDATE listings SET status='ended', updated_at=datetime('now') WHERE ebay_item_id=306997183081\")"
  snapshot: removed item 306997183081
Done. Item 306997183081 is no longer live.
---
[42/209] ENDED 306997225040 2025 Panini Select Ashton Jeanty RC Las Vegas Raid
 live.
  Re-run when sqlite is unlocked:
      python3 -c "import linkage_db; linkage_db.connect().__enter__().execute(\"UPDATE listings SET status='ended', updated_at=datetime('now') WHERE ebay_item_id=306997225040\")"
  snapshot: removed item 306997225040
Done. Item 306997225040 is no longer live.
---
[43/209] ENDED 306997228681 2025 Panini Mosaic Luther Burden III RC Chicago Be
 live.
  Re-run when sqlite is unlocked:
      python3 -c "import linkage_db; linkage_db.connect().__enter__().execute(\"UPDATE listings SET status='ended', updated_at=datetime('now') WHERE ebay_item_id=306997228681\")"
  snapshot: removed item 306997228681
Done. Item 306997228681 is no longer live.
---
[44/209] ENDED 306997228729 2025 Panini Select Luther Burden III RC Green Priz
 live.
  Re-run when sqlite is unlocked:
      python3 -c "import linkage_db; linkage_db.connect().__enter__().execute(\"UPDATE listings SET status='ended', updated_at=datetime('now') WHERE ebay_item_id=306997228729\")"
  snapshot: removed item 306997228729
Done. Item 306997228729 is no longer live.
---
[45/209] ENDED 306997558945 Panini Prizm Draft Picks Luther Burden III RC Mizz
 live.
  Re-run when sqlite is unlocked:
      python3 -c "import linkage_db; linkage_db.connect().__enter__().execute(\"UPDATE listings SET status='ended', updated_at=datetime('now') WHERE ebay_item_id=306997558945\")"
  snapshot: removed item 306997558945
Done. Item 306997558945 is no longer live.
---
[46/209] ENDED 306997558981 Panini Prizm Draft Picks Luther Burden III RC Mizz
 live.
  Re-run when sqlite is unlocked:
      python3 -c "import linkage_db; linkage_db.connect().__enter__().execute(\"UPDATE listings SET status='ended', updated_at=datetime('now') WHERE ebay_item_id=306997558981\")"
  snapshot: removed item 306997558981
Done. Item 306997558981 is no longer live.
---
[47/209] ENDED 306997228533 2025 Panini Select Luther Burden III Future RC Chi
 live.
  Re-run when sqlite is unlocked:
      python3 -c "import linkage_db; linkage_db.connect().__enter__().execute(\"UPDATE listings SET status='ended', updated_at=datetime('now') WHERE ebay_item_id=306997228533\")"
  snapshot: removed item 306997228533
Done. Item 306997228533 is no longer live.
---
[48/209] ENDED 306997228622 2025 Panini Select Luther Burden III Future RC Chi
 live.
  Re-run when sqlite is unlocked:
      python3 -c "import linkage_db; linkage_db.connect().__enter__().execute(\"UPDATE listings SET status='ended', updated_at=datetime('now') WHERE ebay_item_id=306997228622\")"
  snapshot: removed item 306997228622
Done. Item 306997228622 is no longer live.
---
[49/209] ENDED 306997263410 2025 Topps Signature Class Myles Garrett #14 Cleve
 live.
  Re-run when sqlite is unlocked:
      python3 -c "import linkage_db; linkage_db.connect().__enter__().execute(\"UPDATE listings SET status='ended', updated_at=datetime('now') WHERE ebay_item_id=306997263410\")"
  snapshot: removed item 306997263410
Done. Item 306997263410 is no longer live.
---
[50/209] ENDED 306997263475 2025 Topps Signature Class Myles Garrett #14 Cleve
 live.
  Re-run when sqlite is unlocked:
      python3 -c "import linkage_db; linkage_db.connect().__enter__().execute(\"UPDATE listings SET status='ended', updated_at=datetime('now') WHERE ebay_item_id=306997263475\")"
  snapshot: removed item 306997263475
Done. Item 306997263475 is no longer live.
---
[51/209] ENDED 306997559148 Panini Prizm Draft Picks Emeka Egbuka RC Silver Oh
 live.
  Re-run when sqlite is unlocked:
      python3 -c "import linkage_db; linkage_db.connect().__enter__().execute(\"UPDATE listings SET status='ended', updated_at=datetime('now') WHERE ebay_item_id=306997559148\")"
  snapshot: removed item 306997559148
Done. Item 306997559148 is no longer live.
---
[52/209] ENDED 306997558910 Panini Prizm Draft Picks Carnell Tate Rated Prospe
 live.
  Re-run when sqlite is unlocked:
      python3 -c "import linkage_db; linkage_db.connect().__enter__().execute(\"UPDATE listings SET status='ended', updated_at=datetime('now') WHERE ebay_item_id=306997558910\")"
  snapshot: removed item 306997558910
Done. Item 306997558910 is no longer live.
---
[53/209] ENDED 306997559072 2025 Panini Phoenix Dillon Gabriel RC Red Clevelan
 live.
  Re-run when sqlite is unlocked:
      python3 -c "import linkage_db; linkage_db.connect().__enter__().execute(\"UPDATE listings SET status='ended', updated_at=datetime('now') WHERE ebay_item_id=306997559072\")"
  snapshot: removed item 306997559072
Done. Item 306997559072 is no longer live.
---
[54/209] ENDED 306999411006 2025 Panini Select Emeka Egbuka RC Green Wave Priz
 live.
  Re-run when sqlite is unlocked:
      python3 -c "import linkage_db; linkage_db.connect().__enter__().execute(\"UPDATE listings SET status='ended', updated_at=datetime('now') WHERE ebay_item_id=306999411006\")"
  snapshot: removed item 306999411006
Done. Item 306999411006 is no longer live.
---
[55/209] ENDED 306999472495 2025 Topps Signature Class Lamar Jackson Round 1 P
 live.
  Re-run when sqlite is unlocked:
      python3 -c "import linkage_db; linkage_db.connect().__enter__().execute(\"UPDATE listings SET status='ended', updated_at=datetime('now') WHERE ebay_item_id=306999472495\")"
  snapshot: removed item 306999472495
Done. Item 306999472495 is no longer live.
---
[56/209] ENDED 306999544289 2025 Panini Select Ashton Jeanty RC Green Prizm Co
 live.
  Re-run when sqlite is unlocked:
      python3 -c "import linkage_db; linkage_db.connect().__enter__().execute(\"UPDATE listings SET status='ended', updated_at=datetime('now') WHERE ebay_item_id=306999544289\")"
  snapshot: removed item 306999544289
Done. Item 306999544289 is no longer live.
---
[57/209] ENDED 306999815732 2025 Panini Select Ashton Jeanty RC Green Prizm Co
 live.
  Re-run when sqlite is unlocked:
      python3 -c "import linkage_db; linkage_db.connect().__enter__().execute(\"UPDATE listings SET status='ended', updated_at=datetime('now') WHERE ebay_item_id=306999815732\")"
  snapshot: removed item 306999815732
Done. Item 306999815732 is no longer live.
---
[58/209] ENDED 306999544271 2025 Panini Select Ashton Jeanty RC Base Concourse
 live.
  Re-run when sqlite is unlocked:
      python3 -c "import linkage_db; linkage_db.connect().__enter__().execute(\"UPDATE listings SET status='ended', updated_at=datetime('now') WHERE ebay_item_id=306999544271\")"
  snapshot: removed item 306999544271
Done. Item 306999544271 is no longer live.
---
[59/209] ENDED 306999507156 2025 Panini Select Dillon Gabriel RC Concourse Cle
 live.
  Re-run when sqlite is unlocked:
      python3 -c "import linkage_db; linkage_db.connect().__enter__().execute(\"UPDATE listings SET status='ended', updated_at=datetime('now') WHERE ebay_item_id=306999507156\")"
  snapshot: removed item 306999507156
Done. Item 306999507156 is no longer live.
---
[60/209] ENDED 306999507350 2025 Panini Prizm Draft Picks Luther Burden III RC
 live.
  Re-run when sqlite is unlocked:
      python3 -c "import linkage_db; linkage_db.connect().__enter__().execute(\"UPDATE listings SET status='ended', updated_at=datetime('now') WHERE ebay_item_id=306999507350\")"
  snapshot: removed item 306999507350
Done. Item 306999507350 is no longer live.
---
[61/209] ENDED 306999506479 2025 Topps Signature Class Josh Allen Round 1 Pick
 live.
  Re-run when sqlite is unlocked:
      python3 -c "import linkage_db; linkage_db.connect().__enter__().execute(\"UPDATE listings SET status='ended', updated_at=datetime('now') WHERE ebay_item_id=306999506479\")"
  snapshot: removed item 306999506479
Done. Item 306999506479 is no longer live.
---
[62/209] ENDED 306999507270 2025 Panini Select Omarion Hampton RC Concourse Lo
 live.
  Re-run when sqlite is unlocked:
      python3 -c "import linkage_db; linkage_db.connect().__enter__().execute(\"UPDATE listings SET status='ended', updated_at=datetime('now') WHERE ebay_item_id=306999507270\")"
  snapshot: removed item 306999507270
Done. Item 306999507270 is no longer live.
---
[63/209] ENDED 306999683884 2025 Panini Select Omarion Hampton RC Concourse Lo
 live.
  Re-run when sqlite is unlocked:
      python3 -c "import linkage_db; linkage_db.connect().__enter__().execute(\"UPDATE listings SET status='ended', updated_at=datetime('now') WHERE ebay_item_id=306999683884\")"
  snapshot: removed item 306999683884
Done. Item 306999683884 is no longer live.
---
[64/209] ENDED 306999507322 2025 Panini Select Josh Allen Concourse Buffalo Bi
 live.
  Re-run when sqlite is unlocked:
      python3 -c "import linkage_db; linkage_db.connect().__enter__().execute(\"UPDATE listings SET status='ended', updated_at=datetime('now') WHERE ebay_item_id=306999507322\")"
  snapshot: removed item 306999507322
Done. Item 306999507322 is no longer live.
---
[65/209] ENDED 306999683906 2025 Panini Select Josh Allen Concourse Buffalo Bi
 live.
  Re-run when sqlite is unlocked:
      python3 -c "import linkage_db; linkage_db.connect().__enter__().execute(\"UPDATE listings SET status='ended', updated_at=datetime('now') WHERE ebay_item_id=306999683906\")"
  snapshot: removed item 306999683906
Done. Item 306999683906 is no longer live.
---
[66/209] ENDED 306999507297 2025 Panini Prizm Draft Picks Emeka Egbuka RC Ohio
 live.
  Re-run when sqlite is unlocked:
      python3 -c "import linkage_db; linkage_db.connect().__enter__().execute(\"UPDATE listings SET status='ended', updated_at=datetime('now') WHERE ebay_item_id=306999507297\")"
  snapshot: removed item 306999507297
Done. Item 306999507297 is no longer live.
---
[67/209] ENDED 306999510005 2025 Panini Mosaic Dillon Gabriel RC Cleveland Bro
 live.
  Re-run when sqlite is unlocked:
      python3 -c "import linkage_db; linkage_db.connect().__enter__().execute(\"UPDATE listings SET status='ended', updated_at=datetime('now') WHERE ebay_item_id=306999510005\")"
  snapshot: removed item 306999510005
Done. Item 306999510005 is no longer live.
---
[68/209] ENDED 306999550993 2025 Panini Mosaic Travis Hunter RC Jacksonville J
 live.
  Re-run when sqlite is unlocked:
      python3 -c "import linkage_db; linkage_db.connect().__enter__().execute(\"UPDATE listings SET status='ended', updated_at=datetime('now') WHERE ebay_item_id=306999550993\")"
  snapshot: removed item 306999550993
Done. Item 306999550993 is no longer live.
---
[69/209] ENDED 307007015274 2025 Panini Mosaic Travis Hunter RC Jacksonville J
 live.
  Re-run when sqlite is unlocked:
      python3 -c "import linkage_db; linkage_db.connect().__enter__().execute(\"UPDATE listings SET status='ended', updated_at=datetime('now') WHERE ebay_item_id=307007015274\")"
  snapshot: removed item 307007015274
Done. Item 307007015274 is no longer live.
---
[70/209] ENDED 306999832579 2025 Panini Select Shedeur Sanders Select Certifie
 live.
  Re-run when sqlite is unlocked:
      python3 -c "import linkage_db; linkage_db.connect().__enter__().execute(\"UPDATE listings SET status='ended', updated_at=datetime('now') WHERE ebay_item_id=306999832579\")"
  snapshot: removed item 306999832579
Done. Item 306999832579 is no longer live.
---
[71/209] ENDED 307004688579 2025 Panini Mosaic Shedeur Sanders RC Cleveland Br
 live.
  Re-run when sqlite is unlocked:
      python3 -c "import linkage_db; linkage_db.connect().__enter__().execute(\"UPDATE listings SET status='ended', updated_at=datetime('now') WHERE ebay_item_id=307004688579\")"
  snapshot: removed item 307004688579
Done. Item 307004688579 is no longer live.
---
[72/209] ENDED 306999831151 2025 Panini Select Cam Ward Select Certified RC In
 live.
  Re-run when sqlite is unlocked:
      python3 -c "import linkage_db; linkage_db.connect().__enter__().execute(\"UPDATE listings SET status='ended', updated_at=datetime('now') WHERE ebay_item_id=306999831151\")"
  snapshot: removed item 306999831151
Done. Item 306999831151 is no longer live.
---
[73/209] ENDED 307001193274 2025 Topps Signature Class Caleb Williams Round 1 
 live.
  Re-run when sqlite is unlocked:
      python3 -c "import linkage_db; linkage_db.connect().__enter__().execute(\"UPDATE listings SET status='ended', updated_at=datetime('now') WHERE ebay_item_id=307001193274\")"
  snapshot: removed item 307001193274
Done. Item 307001193274 is no longer live.
---
[74/209] ENDED 307004672386 2025 Topps Signature Class Caleb Williams Round 1 
 live.
  Re-run when sqlite is unlocked:
      python3 -c "import linkage_db; linkage_db.connect().__enter__().execute(\"UPDATE listings SET status='ended', updated_at=datetime('now') WHERE ebay_item_id=307004672386\")"
  snapshot: removed item 307004672386
Done. Item 307004672386 is no longer live.
---
[75/209] ENDED 307004672549 2025 Topps Signature Class Caleb Williams Round 1 
 live.
  Re-run when sqlite is unlocked:
      python3 -c "import linkage_db; linkage_db.connect().__enter__().execute(\"UPDATE listings SET status='ended', updated_at=datetime('now') WHERE ebay_item_id=307004672549\")"
  snapshot: removed item 307004672549
Done. Item 307004672549 is no longer live.
---
[76/209] ENDED 307004672832 2025 Topps Signature Class Caleb Williams Round 1 
 live.
  Re-run when sqlite is unlocked:
      python3 -c "import linkage_db; linkage_db.connect().__enter__().execute(\"UPDATE listings SET status='ended', updated_at=datetime('now') WHERE ebay_item_id=307004672832\")"
  snapshot: removed item 307004672832
Done. Item 307004672832 is no longer live.
---
[77/209] ENDED 307000599307 2025 Panini Select Cam Ward Field Level #426 RC Te
 live.
  Re-run when sqlite is unlocked:
      python3 -c "import linkage_db; linkage_db.connect().__enter__().execute(\"UPDATE listings SET status='ended', updated_at=datetime('now') WHERE ebay_item_id=307000599307\")"
  snapshot: removed item 307000599307
Done. Item 307000599307 is no longer live.
---
[78/209] ENDED 307001158610 2025 Topps Signature Class Patrick Mahomes Round 1
 live.
  Re-run when sqlite is unlocked:
      python3 -c "import linkage_db; linkage_db.connect().__enter__().execute(\"UPDATE listings SET status='ended', updated_at=datetime('now') WHERE ebay_item_id=307001158610\")"
  snapshot: removed item 307001158610
Done. Item 307001158610 is no longer live.
---
[79/209] ENDED 307001076002 2025 Panini Phoenix Brock Purdy Contours Insert Sa
 live.
  Re-run when sqlite is unlocked:
      python3 -c "import linkage_db; linkage_db.connect().__enter__().execute(\"UPDATE listings SET status='ended', updated_at=datetime('now') WHERE ebay_item_id=307001076002\")"
  snapshot: removed item 307001076002
Done. Item 307001076002 is no longer live.
---
[80/209] ENDED 307001158554 2025 Panini Prizm Draft Picks Carnell Tate RC Ohio
 live.
  Re-run when sqlite is unlocked:
      python3 -c "import linkage_db; linkage_db.connect().__enter__().execute(\"UPDATE listings SET status='ended', updated_at=datetime('now') WHERE ebay_item_id=307001158554\")"
  snapshot: removed item 307001158554
Done. Item 307001158554 is no longer live.
---
[81/209] ENDED 307001117011 2025 Panini Select Tetairoa McMillan RC Concourse 
 live.
  Re-run when sqlite is unlocked:
      python3 -c "import linkage_db; linkage_db.connect().__enter__().execute(\"UPDATE listings SET status='ended', updated_at=datetime('now') WHERE ebay_item_id=307001117011\")"
  snapshot: removed item 307001117011
Done. Item 307001117011 is no longer live.
---
[82/209] ENDED 307001144801 2025 Topps Signature Class CJ Stroud Round 1 Pick 
 live.
  Re-run when sqlite is unlocked:
      python3 -c "import linkage_db; linkage_db.connect().__enter__().execute(\"UPDATE listings SET status='ended', updated_at=datetime('now') WHERE ebay_item_id=307001144801\")"
  snapshot: removed item 307001144801
Done. Item 307001144801 is no longer live.
---
[83/209] ENDED 307001145231 2025 Topps Signature Class CJ Stroud Round 1 Pick 
 live.
  Re-run when sqlite is unlocked:
      python3 -c "import linkage_db; linkage_db.connect().__enter__().execute(\"UPDATE listings SET status='ended', updated_at=datetime('now') WHERE ebay_item_id=307001145231\")"
  snapshot: removed item 307001145231
Done. Item 307001145231 is no longer live.
---
[84/209] ENDED 307001158434 2025 Panini Donruss CJ Stroud Base Houston Texans 
 live.
  Re-run when sqlite is unlocked:
      python3 -c "import linkage_db; linkage_db.connect().__enter__().execute(\"UPDATE listings SET status='ended', updated_at=datetime('now') WHERE ebay_item_id=307001158434\")"
  snapshot: removed item 307001158434
Done. Item 307001158434 is no longer live.
---
[85/209] ENDED 307003202700 2025 Panini Phoenix CJ Stroud Thunderbirds Insert 
 live.
  Re-run when sqlite is unlocked:
      python3 -c "import linkage_db; linkage_db.connect().__enter__().execute(\"UPDATE listings SET status='ended', updated_at=datetime('now') WHERE ebay_item_id=307003202700\")"
  snapshot: removed item 307003202700
Done. Item 307003202700 is no longer live.
---
[86/209] ENDED 307001189947 2025 Panini Mosaic Brock Purdy #221 San Francisco 
 live.
  Re-run when sqlite is unlocked:
      python3 -c "import linkage_db; linkage_db.connect().__enter__().execute(\"UPDATE listings SET status='ended', updated_at=datetime('now') WHERE ebay_item_id=307001189947\")"
  snapshot: removed item 307001189947
Done. Item 307001189947 is no longer live.
---
[87/209] ENDED 307001193343 2025 Topps Signature Class Brock Purdy Round 7 Pic
 live.
  Re-run when sqlite is unlocked:
      python3 -c "import linkage_db; linkage_db.connect().__enter__().execute(\"UPDATE listings SET status='ended', updated_at=datetime('now') WHERE ebay_item_id=307001193343\")"
  snapshot: removed item 307001193343
Done. Item 307001193343 is no longer live.
---
[88/209] ENDED 307001365364 2025 Panini Icon Collection Patrick Mahomes II Kan
 live.
  Re-run when sqlite is unlocked:
      python3 -c "import linkage_db; linkage_db.connect().__enter__().execute(\"UPDATE listings SET status='ended', updated_at=datetime('now') WHERE ebay_item_id=307001365364\")"
  snapshot: removed item 307001365364
Done. Item 307001365364 is no longer live.
---
[89/209] ENDED 307001365383 2025 Panini Icon Collection Patrick Mahomes II Kan
 live.
  Re-run when sqlite is unlocked:
      python3 -c "import linkage_db; linkage_db.connect().__enter__().execute(\"UPDATE listings SET status='ended', updated_at=datetime('now') WHERE ebay_item_id=307001365383\")"
  snapshot: removed item 307001365383
Done. Item 307001365383 is no longer live.
---
[90/209] ENDED 307004673052 2025 Panini Select Jayden Daniels Numbers Game Ins
 live.
  Re-run when sqlite is unlocked:
      python3 -c "import linkage_db; linkage_db.connect().__enter__().execute(\"UPDATE listings SET status='ended', updated_at=datetime('now') WHERE ebay_item_id=307004673052\")"
  snapshot: removed item 307004673052
Done. Item 307004673052 is no longer live.
---
[91/209] ENDED 307006088580 2025 Topps Signature Class Patrick Mahomes Class A
 live.
  Re-run when sqlite is unlocked:
      python3 -c "import linkage_db; linkage_db.connect().__enter__().execute(\"UPDATE listings SET status='ended', updated_at=datetime('now') WHERE ebay_item_id=307006088580\")"
  snapshot: removed item 307006088580
Done. Item 307006088580 is no longer live.
---
[92/209] ENDED 307006881226 2025 Topps Signature Class Dak Prescott Sunday Sho
 live.
  Re-run when sqlite is unlocked:
      python3 -c "import linkage_db; linkage_db.connect().__enter__().execute(\"UPDATE listings SET status='ended', updated_at=datetime('now') WHERE ebay_item_id=307006881226\")"
  snapshot: removed item 307006881226
Done. Item 307006881226 is no longer live.
---
[93/209] ENDED 307003199544 2025 Panini Select Lamar Jackson Turbocharged Inse
 live.
  Re-run when sqlite is unlocked:
      python3 -c "import linkage_db; linkage_db.connect().__enter__().execute(\"UPDATE listings SET status='ended', updated_at=datetime('now') WHERE ebay_item_id=307003199544\")"
  snapshot: removed item 307003199544
Done. Item 307003199544 is no longer live.
---
[94/209] ENDED 307003199773 2025 Panini Select Lamar Jackson Numbers Game Inse
 live.
  Re-run when sqlite is unlocked:
      python3 -c "import linkage_db; linkage_db.connect().__enter__().execute(\"UPDATE listings SET status='ended', updated_at=datetime('now') WHERE ebay_item_id=307003199773\")"
  snapshot: removed item 307003199773
Done. Item 307003199773 is no longer live.
---
[95/209] ENDED 307006959702 2025 Panini Select Lamar Jackson Numbers Game Inse
 live.
  Re-run when sqlite is unlocked:
      python3 -c "import linkage_db; linkage_db.connect().__enter__().execute(\"UPDATE listings SET status='ended', updated_at=datetime('now') WHERE ebay_item_id=307006959702\")"
  snapshot: removed item 307006959702
Done. Item 307006959702 is no longer live.
---
[96/209] ENDED 307003201263 2025 Panini Score Lamar Jackson Celebration Baltim
 live.
  Re-run when sqlite is unlocked:
      python3 -c "import linkage_db; linkage_db.connect().__enter__().execute(\"UPDATE listings SET status='ended', updated_at=datetime('now') WHERE ebay_item_id=307003201263\")"
  snapshot: removed item 307003201263
Done. Item 307003201263 is no longer live.
---
[97/209] ENDED 307003201764 2025 Panini Select Lamar Jackson Suite Level Balti
 live.
  Re-run when sqlite is unlocked:
      python3 -c "import linkage_db; linkage_db.connect().__enter__().execute(\"UPDATE listings SET status='ended', updated_at=datetime('now') WHERE ebay_item_id=307003201764\")"
  snapshot: removed item 307003201764
Done. Item 307003201764 is no longer live.
---
[98/209] ENDED 307003202383 2025 Panini Select Lamar Jackson Suite Level Balti
 live.
  Re-run when sqlite is unlocked:
      python3 -c "import linkage_db; linkage_db.connect().__enter__().execute(\"UPDATE listings SET status='ended', updated_at=datetime('now') WHERE ebay_item_id=307003202383\")"
  snapshot: removed item 307003202383
Done. Item 307003202383 is no longer live.
---
[99/209] ENDED 307003201324 2025 Panini Donruss Optic Lamar Jackson Baltimore 
 live.
  Re-run when sqlite is unlocked:
      python3 -c "import linkage_db; linkage_db.connect().__enter__().execute(\"UPDATE listings SET status='ended', updated_at=datetime('now') WHERE ebay_item_id=307003201324\")"
  snapshot: removed item 307003201324
Done. Item 307003201324 is no longer live.
---
[100/209] ENDED 307003201348 2025 Topps Signature Class Lamar Jackson Round 1 P
 live.
  Re-run when sqlite is unlocked:
      python3 -c "import linkage_db; linkage_db.connect().__enter__().execute(\"UPDATE listings SET status='ended', updated_at=datetime('now') WHERE ebay_item_id=307003201348\")"
  snapshot: removed item 307003201348
Done. Item 307003201348 is no longer live.
---
[101/209] ENDED 307010510352 2025 Topps Signature Class Lamar Jackson Round 1 P
 live.
  Re-run when sqlite is unlocked:
      python3 -c "import linkage_db; linkage_db.connect().__enter__().execute(\"UPDATE listings SET status='ended', updated_at=datetime('now') WHERE ebay_item_id=307010510352\")"
  snapshot: removed item 307010510352
Done. Item 307010510352 is no longer live.
---
[102/209] ENDED 307010510787 2025 Topps Signature Class Lamar Jackson Round 1 P
 live.
  Re-run when sqlite is unlocked:
      python3 -c "import linkage_db; linkage_db.connect().__enter__().execute(\"UPDATE listings SET status='ended', updated_at=datetime('now') WHERE ebay_item_id=307010510787\")"
  snapshot: removed item 307010510787
Done. Item 307010510787 is no longer live.
---
[103/209] ENDED 307003201380 2025 Panini Prizm Lamar Jackson Baltimore Ravens Q
 live.
  Re-run when sqlite is unlocked:
      python3 -c "import linkage_db; linkage_db.connect().__enter__().execute(\"UPDATE listings SET status='ended', updated_at=datetime('now') WHERE ebay_item_id=307003201380\")"
  snapshot: removed item 307003201380
Done. Item 307003201380 is no longer live.
---
[104/209] ENDED 307003201434 Panini Prizm Draft Picks Lamar Jackson RC Louisvil
 live.
  Re-run when sqlite is unlocked:
      python3 -c "import linkage_db; linkage_db.connect().__enter__().execute(\"UPDATE listings SET status='ended', updated_at=datetime('now') WHERE ebay_item_id=307003201434\")"
  snapshot: removed item 307003201434
Done. Item 307003201434 is no longer live.
---
[105/209] ENDED 307004673032 2025 Panini Select Jayden Daniels Concourse Washin
 live.
  Re-run when sqlite is unlocked:
      python3 -c "import linkage_db; linkage_db.connect().__enter__().execute(\"UPDATE listings SET status='ended', updated_at=datetime('now') WHERE ebay_item_id=307004673032\")"
  snapshot: removed item 307004673032
Done. Item 307004673032 is no longer live.
---
[106/209] ENDED 307003202524 2025 Panini Select Jayden Daniels Numbers Game Ins
 live.
  Re-run when sqlite is unlocked:
      python3 -c "import linkage_db; linkage_db.connect().__enter__().execute(\"UPDATE listings SET status='ended', updated_at=datetime('now') WHERE ebay_item_id=307003202524\")"
  snapshot: removed item 307003202524
Done. Item 307003202524 is no longer live.
---
[107/209] ENDED 307004672808 2025 Panini Select Jayden Daniels Numbers Game Ins
 live.
  Re-run when sqlite is unlocked:
      python3 -c "import linkage_db; linkage_db.connect().__enter__().execute(\"UPDATE listings SET status='ended', updated_at=datetime('now') WHERE ebay_item_id=307004672808\")"
  snapshot: removed item 307004672808
Done. Item 307004672808 is no longer live.
---
[108/209] ENDED 307006959882 2025 Panini Select Colston Loveland Select Certifi
 live.
  Re-run when sqlite is unlocked:
      python3 -c "import linkage_db; linkage_db.connect().__enter__().execute(\"UPDATE listings SET status='ended', updated_at=datetime('now') WHERE ebay_item_id=307006959882\")"
  snapshot: removed item 307006959882
Done. Item 307006959882 is no longer live.
---
[109/209] ENDED 307004672997 2025 Panini Select Jayden Daniels Turbocharged Ins
 live.
  Re-run when sqlite is unlocked:
      python3 -c "import linkage_db; linkage_db.connect().__enter__().execute(\"UPDATE listings SET status='ended', updated_at=datetime('now') WHERE ebay_item_id=307004672997\")"
  snapshot: removed item 307004672997
Done. Item 307004672997 is no longer live.
---
[110/209] ENDED 307010510571 2025 Topps Signature Class Patrick Mahomes Round 1
 live.
  Re-run when sqlite is unlocked:
      python3 -c "import linkage_db; linkage_db.connect().__enter__().execute(\"UPDATE listings SET status='ended', updated_at=datetime('now') WHERE ebay_item_id=307010510571\")"
  snapshot: removed item 307010510571
Done. Item 307010510571 is no longer live.
---
[111/209] ENDED 307010510919 2025 Topps Signature Class Patrick Mahomes Round 1
 live.
  Re-run when sqlite is unlocked:
      python3 -c "import linkage_db; linkage_db.connect().__enter__().execute(\"UPDATE listings SET status='ended', updated_at=datetime('now') WHERE ebay_item_id=307010510919\")"
  snapshot: removed item 307010510919
Done. Item 307010510919 is no longer live.
---
[112/209] ENDED 307004672626 2024 Panini Phoenix Jayden Daniels RC Washington C
 live.
  Re-run when sqlite is unlocked:
      python3 -c "import linkage_db; linkage_db.connect().__enter__().execute(\"UPDATE listings SET status='ended', updated_at=datetime('now') WHERE ebay_item_id=307004672626\")"
  snapshot: removed item 307004672626
Done. Item 307004672626 is no longer live.
---
[113/209] ENDED 307010509677 2025 Topps Signature Class Brock Purdy Round 7 Pic
 live.
  Re-run when sqlite is unlocked:
      python3 -c "import linkage_db; linkage_db.connect().__enter__().execute(\"UPDATE listings SET status='ended', updated_at=datetime('now') WHERE ebay_item_id=307010509677\")"
  snapshot: removed item 307010509677
Done. Item 307010509677 is no longer live.
---
[114/209] ENDED 307010509844 2025 Topps Signature Class Brock Purdy Round 7 Pic
 live.
  Re-run when sqlite is unlocked:
      python3 -c "import linkage_db; linkage_db.connect().__enter__().execute(\"UPDATE listings SET status='ended', updated_at=datetime('now') WHERE ebay_item_id=307010509844\")"
  snapshot: removed item 307010509844
Done. Item 307010509844 is no longer live.
---
[115/209] ENDED 307010510771 2025 Topps Signature Class Brock Purdy Round 7 Pic
 live.
  Re-run when sqlite is unlocked:
      python3 -c "import linkage_db; linkage_db.connect().__enter__().execute(\"UPDATE listings SET status='ended', updated_at=datetime('now') WHERE ebay_item_id=307010510771\")"
  snapshot: removed item 307010510771
Done. Item 307010510771 is no longer live.
---
[116/209] ENDED 307007015384 2025 Panini Mosaic Ashton Jeanty RC Las Vegas Raid
 live.
  Re-run when sqlite is unlocked:
      python3 -c "import linkage_db; linkage_db.connect().__enter__().execute(\"UPDATE listings SET status='ended', updated_at=datetime('now') WHERE ebay_item_id=307007015384\")"
  snapshot: removed item 307007015384
Done. Item 307007015384 is no longer live.
---
[117/209] ENDED 307004744773 2025 Topps Signature Class Cam Ward RC Round 1 Pic
 live.
  Re-run when sqlite is unlocked:
      python3 -c "import linkage_db; linkage_db.connect().__enter__().execute(\"UPDATE listings SET status='ended', updated_at=datetime('now') WHERE ebay_item_id=307004744773\")"
  snapshot: removed item 307004744773
Done. Item 307004744773 is no longer live.
---
[118/209] ENDED 307005063512 2025 Topps Signature Class Cam Ward The Pick Inser
 live.
  Re-run when sqlite is unlocked:
      python3 -c "import linkage_db; linkage_db.connect().__enter__().execute(\"UPDATE listings SET status='ended', updated_at=datetime('now') WHERE ebay_item_id=307005063512\")"
  snapshot: removed item 307005063512
Done. Item 307005063512 is no longer live.
---
[119/209] ENDED 307006881251 2025 Topps Signature Class Jayden Daniels Sunday S
 live.
  Re-run when sqlite is unlocked:
      python3 -c "import linkage_db; linkage_db.connect().__enter__().execute(\"UPDATE listings SET status='ended', updated_at=datetime('now') WHERE ebay_item_id=307006881251\")"
  snapshot: removed item 307006881251
Done. Item 307006881251 is no longer live.
---
[120/209] ENDED 307006881378 2025 Topps Signature Class Emeka Egbuka Class Icon
 live.
  Re-run when sqlite is unlocked:
      python3 -c "import linkage_db; linkage_db.connect().__enter__().execute(\"UPDATE listings SET status='ended', updated_at=datetime('now') WHERE ebay_item_id=307006881378\")"
  snapshot: removed item 307006881378
Done. Item 307006881378 is no longer live.
---
[121/209] ENDED 307007016289 2025 Topps Signature Class Colston Loveland Round 
 live.
  Re-run when sqlite is unlocked:
      python3 -c "import linkage_db; linkage_db.connect().__enter__().execute(\"UPDATE listings SET status='ended', updated_at=datetime('now') WHERE ebay_item_id=307007016289\")"
  snapshot: removed item 307007016289
Done. Item 307007016289 is no longer live.
---
[122/209] ENDED 307007016365 2025 Topps Signature Class Colston Loveland Round 
 live.
  Re-run when sqlite is unlocked:
      python3 -c "import linkage_db; linkage_db.connect().__enter__().execute(\"UPDATE listings SET status='ended', updated_at=datetime('now') WHERE ebay_item_id=307007016365\")"
  snapshot: removed item 307007016365
Done. Item 307007016365 is no longer live.
---
[123/209] ENDED 307006959409 2025 Panini Select Omarion Hampton Concourse RC Lo
 live.
  Re-run when sqlite is unlocked:
      python3 -c "import linkage_db; linkage_db.connect().__enter__().execute(\"UPDATE listings SET status='ended', updated_at=datetime('now') WHERE ebay_item_id=307006959409\")"
  snapshot: removed item 307006959409
Done. Item 307006959409 is no longer live.
---
[124/209] ENDED 307006959809 2025 Panini Select Omarion Hampton Concourse RC Lo
 live.
  Re-run when sqlite is unlocked:
      python3 -c "import linkage_db; linkage_db.connect().__enter__().execute(\"UPDATE listings SET status='ended', updated_at=datetime('now') WHERE ebay_item_id=307006959809\")"
  snapshot: removed item 307006959809
Done. Item 307006959809 is no longer live.
---
[125/209] ENDED 307006876652 2025 Panini Select Matthew Golden Future Insert RC
 live.
  Re-run when sqlite is unlocked:
      python3 -c "import linkage_db; linkage_db.connect().__enter__().execute(\"UPDATE listings SET status='ended', updated_at=datetime('now') WHERE ebay_item_id=307006876652\")"
  snapshot: removed item 307006876652
Done. Item 307006876652 is no longer live.
---
[126/209] ENDED 307006881396 2025 Topps Signature Class George Pickens Class Ac
 live.
  Re-run when sqlite is unlocked:
      python3 -c "import linkage_db; linkage_db.connect().__enter__().execute(\"UPDATE listings SET status='ended', updated_at=datetime('now') WHERE ebay_item_id=307006881396\")"
  snapshot: removed item 307006881396
Done. Item 307006881396 is no longer live.
---
[127/209] ENDED 307006958632 2025 Panini Select Travis Hunter Concourse RC Jack
 live.
  Re-run when sqlite is unlocked:
      python3 -c "import linkage_db; linkage_db.connect().__enter__().execute(\"UPDATE listings SET status='ended', updated_at=datetime('now') WHERE ebay_item_id=307006958632\")"
  snapshot: removed item 307006958632
Done. Item 307006958632 is no longer live.
---
[128/209] ENDED 307006958740 2025 Panini Select Travis Hunter Concourse RC Jack
 live.
  Re-run when sqlite is unlocked:
      python3 -c "import linkage_db; linkage_db.connect().__enter__().execute(\"UPDATE listings SET status='ended', updated_at=datetime('now') WHERE ebay_item_id=307006958740\")"
  snapshot: removed item 307006958740
Done. Item 307006958740 is no longer live.
---
[129/209] ENDED 307006959608 2025 Panini Select Emeka Egbuka Concourse RC Tampa
 live.
  Re-run when sqlite is unlocked:
      python3 -c "import linkage_db; linkage_db.connect().__enter__().execute(\"UPDATE listings SET status='ended', updated_at=datetime('now') WHERE ebay_item_id=307006959608\")"
  snapshot: removed item 307006959608
Done. Item 307006959608 is no longer live.
---
[130/209] ENDED 307006959641 2025 Panini Select Emeka Egbuka Concourse RC Tampa
 live.
  Re-run when sqlite is unlocked:
      python3 -c "import linkage_db; linkage_db.connect().__enter__().execute(\"UPDATE listings SET status='ended', updated_at=datetime('now') WHERE ebay_item_id=307006959641\")"
  snapshot: removed item 307006959641
Done. Item 307006959641 is no longer live.
---
[131/209] ENDED 307006958968 2025 Panini Select Caleb Williams Concourse RC Chi
 live.
  Re-run when sqlite is unlocked:
      python3 -c "import linkage_db; linkage_db.connect().__enter__().execute(\"UPDATE listings SET status='ended', updated_at=datetime('now') WHERE ebay_item_id=307006958968\")"
  snapshot: removed item 307006958968
Done. Item 307006958968 is no longer live.
---
[132/209] ENDED 307006958899 2025 Panini Select Ashton Jeanty Concourse RC Las 
 live.
  Re-run when sqlite is unlocked:
      python3 -c "import linkage_db; linkage_db.connect().__enter__().execute(\"UPDATE listings SET status='ended', updated_at=datetime('now') WHERE ebay_item_id=307006958899\")"
  snapshot: removed item 307006958899
Done. Item 307006958899 is no longer live.
---
[133/209] ENDED 307006959750 2025 Panini Select Ashton Jeanty Concourse RC Las 
 live.
  Re-run when sqlite is unlocked:
      python3 -c "import linkage_db; linkage_db.connect().__enter__().execute(\"UPDATE listings SET status='ended', updated_at=datetime('now') WHERE ebay_item_id=307006959750\")"
  snapshot: removed item 307006959750
Done. Item 307006959750 is no longer live.
---
[134/209] ENDED 307006958813 2025 Panini Select Tyler Warren Concourse RC India
 live.
  Re-run when sqlite is unlocked:
      python3 -c "import linkage_db; linkage_db.connect().__enter__().execute(\"UPDATE listings SET status='ended', updated_at=datetime('now') WHERE ebay_item_id=307006958813\")"
  snapshot: removed item 307006958813
Done. Item 307006958813 is no longer live.
---
[135/209] ENDED 307006959934 2025 Panini Select Matthew Golden Concourse RC Gre
 live.
  Re-run when sqlite is unlocked:
      python3 -c "import linkage_db; linkage_db.connect().__enter__().execute(\"UPDATE listings SET status='ended', updated_at=datetime('now') WHERE ebay_item_id=307006959934\")"
  snapshot: removed item 307006959934
Done. Item 307006959934 is no longer live.
---
[136/209] ENDED 307006960367 2025 Panini Select Omarion Hampton Select Certifie
 live.
  Re-run when sqlite is unlocked:
      python3 -c "import linkage_db; linkage_db.connect().__enter__().execute(\"UPDATE listings SET status='ended', updated_at=datetime('now') WHERE ebay_item_id=307006960367\")"
  snapshot: removed item 307006960367
Done. Item 307006960367 is no longer live.
---
[137/209] ENDED 307009714782 2025 Panini Donruss Optic Emeka Egbuka Rated Rooki
 live.
  Re-run when sqlite is unlocked:
      python3 -c "import linkage_db; linkage_db.connect().__enter__().execute(\"UPDATE listings SET status='ended', updated_at=datetime('now') WHERE ebay_item_id=307009714782\")"
  snapshot: removed item 307009714782
Done. Item 307009714782 is no longer live.
---
[138/209] ENDED 307007015077 2025 Topps Signature Class Josh Allen Phoenix Inse
 live.
  Re-run when sqlite is unlocked:
      python3 -c "import linkage_db; linkage_db.connect().__enter__().execute(\"UPDATE listings SET status='ended', updated_at=datetime('now') WHERE ebay_item_id=307007015077\")"
  snapshot: removed item 307007015077
Done. Item 307007015077 is no longer live.
---
[139/209] ENDED 307007015501 2025 Topps Signature Class Jaylen Waddle Round 1 P
 live.
  Re-run when sqlite is unlocked:
      python3 -c "import linkage_db; linkage_db.connect().__enter__().execute(\"UPDATE listings SET status='ended', updated_at=datetime('now') WHERE ebay_item_id=307007015501\")"
  snapshot: removed item 307007015501
Done. Item 307007015501 is no longer live.
---
[140/209] ENDED 307007015718 2025 Topps Signature Class Cam Ward Round 1 Pick 1
 live.
  Re-run when sqlite is unlocked:
      python3 -c "import linkage_db; linkage_db.connect().__enter__().execute(\"UPDATE listings SET status='ended', updated_at=datetime('now') WHERE ebay_item_id=307007015718\")"
  snapshot: removed item 307007015718
Done. Item 307007015718 is no longer live.
---
[141/209] ENDED 307007016462 2025 Topps Signature Class Cam Ward Round 1 Pick 1
 live.
  Re-run when sqlite is unlocked:
      python3 -c "import linkage_db; linkage_db.connect().__enter__().execute(\"UPDATE listings SET status='ended', updated_at=datetime('now') WHERE ebay_item_id=307007016462\")"
  snapshot: removed item 307007016462
Done. Item 307007016462 is no longer live.
---
[142/209] ENDED 307007015748 2025 Panini Prizm Emeka Egbuka RC Tampa Bay Buccan
 live.
  Re-run when sqlite is unlocked:
      python3 -c "import linkage_db; linkage_db.connect().__enter__().execute(\"UPDATE listings SET status='ended', updated_at=datetime('now') WHERE ebay_item_id=307007015748\")"
  snapshot: removed item 307007015748
Done. Item 307007015748 is no longer live.
---
[143/209] ENDED 307007318864 2025 Topps Signature Class Brock Purdy Round 7 Pic
 live.
  Re-run when sqlite is unlocked:
      python3 -c "import linkage_db; linkage_db.connect().__enter__().execute(\"UPDATE listings SET status='ended', updated_at=datetime('now') WHERE ebay_item_id=307007318864\")"
  snapshot: removed item 307007318864
Done. Item 307007318864 is no longer live.
---
[144/209] ENDED 307007319041 2025 Topps Signature Class Brock Purdy Round 7 Pic
 live.
  Re-run when sqlite is unlocked:
      python3 -c "import linkage_db; linkage_db.connect().__enter__().execute(\"UPDATE listings SET status='ended', updated_at=datetime('now') WHERE ebay_item_id=307007319041\")"
  snapshot: removed item 307007319041
Done. Item 307007319041 is no longer live.
---
[145/209] ENDED 307007319801 2025 Topps Signature Class Brock Purdy Round 7 Pic
 live.
  Re-run when sqlite is unlocked:
      python3 -c "import linkage_db; linkage_db.connect().__enter__().execute(\"UPDATE listings SET status='ended', updated_at=datetime('now') WHERE ebay_item_id=307007319801\")"
  snapshot: removed item 307007319801
Done. Item 307007319801 is no longer live.
---
[146/209] ENDED 307007320174 2025 Topps Signature Class Brock Purdy Round 7 Pic
 live.
  Re-run when sqlite is unlocked:
      python3 -c "import linkage_db; linkage_db.connect().__enter__().execute(\"UPDATE listings SET status='ended', updated_at=datetime('now') WHERE ebay_item_id=307007320174\")"
  snapshot: removed item 307007320174
Done. Item 307007320174 is no longer live.
---
[147/209] ENDED 307007318482 2025 Topps Signature Class Josh Allen Round 1 Pick
 live.
  Re-run when sqlite is unlocked:
      python3 -c "import linkage_db; linkage_db.connect().__enter__().execute(\"UPDATE listings SET status='ended', updated_at=datetime('now') WHERE ebay_item_id=307007318482\")"
  snapshot: removed item 307007318482
Done. Item 307007318482 is no longer live.
---
[148/209] ENDED 307007319612 2025 Topps Signature Class Josh Allen Round 1 Pick
 live.
  Re-run when sqlite is unlocked:
      python3 -c "import linkage_db; linkage_db.connect().__enter__().execute(\"UPDATE listings SET status='ended', updated_at=datetime('now') WHERE ebay_item_id=307007319612\")"
  snapshot: removed item 307007319612
Done. Item 307007319612 is no longer live.
---
[149/209] ENDED 307007323544 2025 Topps Signature Class Josh Allen Round 1 Pick
 live.
  Re-run when sqlite is unlocked:
      python3 -c "import linkage_db; linkage_db.connect().__enter__().execute(\"UPDATE listings SET status='ended', updated_at=datetime('now') WHERE ebay_item_id=307007323544\")"
  snapshot: removed item 307007323544
Done. Item 307007323544 is no longer live.
---
[150/209] ENDED 307007563472 2025 Topps Signature Class Josh Allen Round 1 Pick
 live.
  Re-run when sqlite is unlocked:
      python3 -c "import linkage_db; linkage_db.connect().__enter__().execute(\"UPDATE listings SET status='ended', updated_at=datetime('now') WHERE ebay_item_id=307007563472\")"
  snapshot: removed item 307007563472
Done. Item 307007563472 is no longer live.
---
[151/209] ENDED 307007320492 2025 Topps Signature Class Jaylen Waddle Round 1 P
 live.
  Re-run when sqlite is unlocked:
      python3 -c "import linkage_db; linkage_db.connect().__enter__().execute(\"UPDATE listings SET status='ended', updated_at=datetime('now') WHERE ebay_item_id=307007320492\")"
  snapshot: removed item 307007320492
Done. Item 307007320492 is no longer live.
---
[152/209] ENDED 307007320622 2025 Topps Signature Class Jaylen Waddle Round 1 P
 live.
  Re-run when sqlite is unlocked:
      python3 -c "import linkage_db; linkage_db.connect().__enter__().execute(\"UPDATE listings SET status='ended', updated_at=datetime('now') WHERE ebay_item_id=307007320622\")"
  snapshot: removed item 307007320622
Done. Item 307007320622 is no longer live.
---
[153/209] ENDED 307007320732 2025 Topps Signature Class Jaylen Waddle Round 1 P
 live.
  Re-run when sqlite is unlocked:
      python3 -c "import linkage_db; linkage_db.connect().__enter__().execute(\"UPDATE listings SET status='ended', updated_at=datetime('now') WHERE ebay_item_id=307007320732\")"
  snapshot: removed item 307007320732
Done. Item 307007320732 is no longer live.
---
[154/209] ENDED 307007322607 2025 Topps Signature Class Jaylen Waddle Round 1 P
 live.
  Re-run when sqlite is unlocked:
      python3 -c "import linkage_db; linkage_db.connect().__enter__().execute(\"UPDATE listings SET status='ended', updated_at=datetime('now') WHERE ebay_item_id=307007322607\")"
  snapshot: removed item 307007322607
Done. Item 307007322607 is no longer live.
---
[155/209] ENDED 307007569030 2025 Topps Signature Class Jaylen Waddle Round 1 P
 live.
  Re-run when sqlite is unlocked:
      python3 -c "import linkage_db; linkage_db.connect().__enter__().execute(\"UPDATE listings SET status='ended', updated_at=datetime('now') WHERE ebay_item_id=307007569030\")"
  snapshot: removed item 307007569030
Done. Item 307007569030 is no longer live.
---
[156/209] ENDED 307007318735 2025 Topps Signature Class Patrick Mahomes Round 1
 live.
  Re-run when sqlite is unlocked:
      python3 -c "import linkage_db; linkage_db.connect().__enter__().execute(\"UPDATE listings SET status='ended', updated_at=datetime('now') WHERE ebay_item_id=307007318735\")"
  snapshot: removed item 307007318735
Done. Item 307007318735 is no longer live.
---
[157/209] ENDED 307007318811 2025 Topps Signature Class Patrick Mahomes Round 1
 live.
  Re-run when sqlite is unlocked:
      python3 -c "import linkage_db; linkage_db.connect().__enter__().execute(\"UPDATE listings SET status='ended', updated_at=datetime('now') WHERE ebay_item_id=307007318811\")"
  snapshot: removed item 307007318811
Done. Item 307007318811 is no longer live.
---
[158/209] ENDED 307007319657 2025 Topps Signature Class Patrick Mahomes Round 1
 live.
  Re-run when sqlite is unlocked:
      python3 -c "import linkage_db; linkage_db.connect().__enter__().execute(\"UPDATE listings SET status='ended', updated_at=datetime('now') WHERE ebay_item_id=307007319657\")"
  snapshot: removed item 307007319657
Done. Item 307007319657 is no longer live.
---
[159/209] ENDED 307007320101 2025 Topps Signature Class Patrick Mahomes Round 1
 live.
  Re-run when sqlite is unlocked:
      python3 -c "import linkage_db; linkage_db.connect().__enter__().execute(\"UPDATE listings SET status='ended', updated_at=datetime('now') WHERE ebay_item_id=307007320101\")"
  snapshot: removed item 307007320101
Done. Item 307007320101 is no longer live.
---
[160/209] ENDED 307007323587 2025 Topps Signature Class Patrick Mahomes Round 1
 live.
  Re-run when sqlite is unlocked:
      python3 -c "import linkage_db; linkage_db.connect().__enter__().execute(\"UPDATE listings SET status='ended', updated_at=datetime('now') WHERE ebay_item_id=307007323587\")"
  snapshot: removed item 307007323587
Done. Item 307007323587 is no longer live.
---
[161/209] ENDED 307007320387 2025 Topps Signature Class Kyle Williams RC Round 
 live.
  Re-run when sqlite is unlocked:
      python3 -c "import linkage_db; linkage_db.connect().__enter__().execute(\"UPDATE listings SET status='ended', updated_at=datetime('now') WHERE ebay_item_id=307007320387\")"
  snapshot: removed item 307007320387
Done. Item 307007320387 is no longer live.
---
[162/209] ENDED 307007318940 2025 Topps Signature Class Lamar Jackson Round 1 P
 live.
  Re-run when sqlite is unlocked:
      python3 -c "import linkage_db; linkage_db.connect().__enter__().execute(\"UPDATE listings SET status='ended', updated_at=datetime('now') WHERE ebay_item_id=307007318940\")"
  snapshot: removed item 307007318940
Done. Item 307007318940 is no longer live.
---
[163/209] ENDED 307007318980 2025 Topps Signature Class Lamar Jackson Round 1 P
 live.
  Re-run when sqlite is unlocked:
      python3 -c "import linkage_db; linkage_db.connect().__enter__().execute(\"UPDATE listings SET status='ended', updated_at=datetime('now') WHERE ebay_item_id=307007318980\")"
  snapshot: removed item 307007318980
Done. Item 307007318980 is no longer live.
---
[164/209] ENDED 307007319077 2025 Topps Signature Class Lamar Jackson Round 1 P
 live.
  Re-run when sqlite is unlocked:
      python3 -c "import linkage_db; linkage_db.connect().__enter__().execute(\"UPDATE listings SET status='ended', updated_at=datetime('now') WHERE ebay_item_id=307007319077\")"
  snapshot: removed item 307007319077
Done. Item 307007319077 is no longer live.
---
[165/209] ENDED 307007320260 2025 Topps Signature Class Lamar Jackson Round 1 P
 live.
  Re-run when sqlite is unlocked:
      python3 -c "import linkage_db; linkage_db.connect().__enter__().execute(\"UPDATE listings SET status='ended', updated_at=datetime('now') WHERE ebay_item_id=307007320260\")"
  snapshot: removed item 307007320260
Done. Item 307007320260 is no longer live.
---
[166/209] ENDED 307007323507 2025 Topps Signature Class Lamar Jackson Round 1 P
 live.
  Re-run when sqlite is unlocked:
      python3 -c "import linkage_db; linkage_db.connect().__enter__().execute(\"UPDATE listings SET status='ended', updated_at=datetime('now') WHERE ebay_item_id=307007323507\")"
  snapshot: removed item 307007323507
Done. Item 307007323507 is no longer live.
---
[167/209] ENDED 307007319479 2025 Topps Signature Class Jayden Daniels Round 1 
 live.
  Re-run when sqlite is unlocked:
      python3 -c "import linkage_db; linkage_db.connect().__enter__().execute(\"UPDATE listings SET status='ended', updated_at=datetime('now') WHERE ebay_item_id=307007319479\")"
  snapshot: removed item 307007319479
Done. Item 307007319479 is no longer live.
---
[168/209] ENDED 307007319706 2025 Topps Signature Class Jayden Daniels Round 1 
 live.
  Re-run when sqlite is unlocked:
      python3 -c "import linkage_db; linkage_db.connect().__enter__().execute(\"UPDATE listings SET status='ended', updated_at=datetime('now') WHERE ebay_item_id=307007319706\")"
  snapshot: removed item 307007319706
Done. Item 307007319706 is no longer live.
---
[169/209] ENDED 307007319764 2025 Topps Signature Class Jayden Daniels Round 1 
 live.
  Re-run when sqlite is unlocked:
      python3 -c "import linkage_db; linkage_db.connect().__enter__().execute(\"UPDATE listings SET status='ended', updated_at=datetime('now') WHERE ebay_item_id=307007319764\")"
  snapshot: removed item 307007319764
Done. Item 307007319764 is no longer live.
---
[170/209] ENDED 307007318605 2025 Topps Signature Class Josh Allen Round 1 Pick
 live.
  Re-run when sqlite is unlocked:
      python3 -c "import linkage_db; linkage_db.connect().__enter__().execute(\"UPDATE listings SET status='ended', updated_at=datetime('now') WHERE ebay_item_id=307007318605\")"
  snapshot: removed item 307007318605
Done. Item 307007318605 is no longer live.
---
[171/209] ENDED 307007318765 2025 Topps Signature Class Josh Allen Round 1 Pick
 live.
  Re-run when sqlite is unlocked:
      python3 -c "import linkage_db; linkage_db.connect().__enter__().execute(\"UPDATE listings SET status='ended', updated_at=datetime('now') WHERE ebay_item_id=307007318765\")"
  snapshot: removed item 307007318765
Done. Item 307007318765 is no longer live.
---
[172/209] ENDED 307007322396 2025 Topps Signature Class Will Johnson RC Round 2
 live.
  Re-run when sqlite is unlocked:
      python3 -c "import linkage_db; linkage_db.connect().__enter__().execute(\"UPDATE listings SET status='ended', updated_at=datetime('now') WHERE ebay_item_id=307007322396\")"
  snapshot: removed item 307007322396
Done. Item 307007322396 is no longer live.
---
[173/209] ENDED 307007319176 2025 Topps Signature Class CJ Stroud Round 1 Pick 
 live.
  Re-run when sqlite is unlocked:
      python3 -c "import linkage_db; linkage_db.connect().__enter__().execute(\"UPDATE listings SET status='ended', updated_at=datetime('now') WHERE ebay_item_id=307007319176\")"
  snapshot: removed item 307007319176
Done. Item 307007319176 is no longer live.
---
[174/209] ENDED 307007323641 2025 Topps Signature Class CJ Stroud Round 1 Pick 
 live.
  Re-run when sqlite is unlocked:
      python3 -c "import linkage_db; linkage_db.connect().__enter__().execute(\"UPDATE listings SET status='ended', updated_at=datetime('now') WHERE ebay_item_id=307007323641\")"
  snapshot: removed item 307007323641
Done. Item 307007323641 is no longer live.
---
[175/209] ENDED 307007322543 2025 Topps Signature Class Matthew Golden RC Round
 live.
  Re-run when sqlite is unlocked:
      python3 -c "import linkage_db; linkage_db.connect().__enter__().execute(\"UPDATE listings SET status='ended', updated_at=datetime('now') WHERE ebay_item_id=307007322543\")"
  snapshot: removed item 307007322543
Done. Item 307007322543 is no longer live.
---
[176/209] ENDED 307007561021 2025 Topps Signature Class Matthew Golden RC Round
 live.
  Re-run when sqlite is unlocked:
      python3 -c "import linkage_db; linkage_db.connect().__enter__().execute(\"UPDATE listings SET status='ended', updated_at=datetime('now') WHERE ebay_item_id=307007561021\")"
  snapshot: removed item 307007561021
Done. Item 307007561021 is no longer live.
---
[177/209] ENDED 307007565380 2025 Topps Signature Class Matthew Golden RC Round
 live.
  Re-run when sqlite is unlocked:
      python3 -c "import linkage_db; linkage_db.connect().__enter__().execute(\"UPDATE listings SET status='ended', updated_at=datetime('now') WHERE ebay_item_id=307007565380\")"
  snapshot: removed item 307007565380
Done. Item 307007565380 is no longer live.
---
[178/209] ENDED 307007323429 2025 Topps Signature Class Myles Garrett Round 1 P
 live.
  Re-run when sqlite is unlocked:
      python3 -c "import linkage_db; linkage_db.connect().__enter__().execute(\"UPDATE listings SET status='ended', updated_at=datetime('now') WHERE ebay_item_id=307007323429\")"
  snapshot: removed item 307007323429
Done. Item 307007323429 is no longer live.
---
[179/209] ENDED 307007323464 2025 Topps Signature Class Myles Garrett Round 1 P
 live.
  Re-run when sqlite is unlocked:
      python3 -c "import linkage_db; linkage_db.connect().__enter__().execute(\"UPDATE listings SET status='ended', updated_at=datetime('now') WHERE ebay_item_id=307007323464\")"
  snapshot: removed item 307007323464
Done. Item 307007323464 is no longer live.
---
[180/209] ENDED 307007323007 2025 Panini Phoenix Colston Loveland RC Chicago Be
 live.
  Re-run when sqlite is unlocked:
      python3 -c "import linkage_db; linkage_db.connect().__enter__().execute(\"UPDATE listings SET status='ended', updated_at=datetime('now') WHERE ebay_item_id=307007323007\")"
  snapshot: removed item 307007323007
Done. Item 307007323007 is no longer live.
---
[181/209] ENDED 307007323069 2025 Panini Select Matthew Golden Select Certified
 live.
  Re-run when sqlite is unlocked:
      python3 -c "import linkage_db; linkage_db.connect().__enter__().execute(\"UPDATE listings SET status='ended', updated_at=datetime('now') WHERE ebay_item_id=307007323069\")"
  snapshot: removed item 307007323069
Done. Item 307007323069 is no longer live.
---
[182/209] ENDED 307007562785 2025 Topps Signature Class Harold Fannin Jr RC Rou
 live.
  Re-run when sqlite is unlocked:
      python3 -c "import linkage_db; linkage_db.connect().__enter__().execute(\"UPDATE listings SET status='ended', updated_at=datetime('now') WHERE ebay_item_id=307007562785\")"
  snapshot: removed item 307007562785
Done. Item 307007562785 is no longer live.
---
[183/209] ENDED 307007567470 2025 Topps Signature Class Harold Fannin Jr RC Rou
 live.
  Re-run when sqlite is unlocked:
      python3 -c "import linkage_db; linkage_db.connect().__enter__().execute(\"UPDATE listings SET status='ended', updated_at=datetime('now') WHERE ebay_item_id=307007567470\")"
  snapshot: removed item 307007567470
Done. Item 307007567470 is no longer live.
---
[184/209] ENDED 307007567753 2025 Panini Select Tyler Warren Future RC Indianap
 live.
  Re-run when sqlite is unlocked:
      python3 -c "import linkage_db; linkage_db.connect().__enter__().execute(\"UPDATE listings SET status='ended', updated_at=datetime('now') WHERE ebay_item_id=307007567753\")"
  snapshot: removed item 307007567753
Done. Item 307007567753 is no longer live.
---
[185/209] ENDED 307007569133 2025 Panini Select Mykel Williams Field Level RC S
 live.
  Re-run when sqlite is unlocked:
      python3 -c "import linkage_db; linkage_db.connect().__enter__().execute(\"UPDATE listings SET status='ended', updated_at=datetime('now') WHERE ebay_item_id=307007569133\")"
  snapshot: removed item 307007569133
Done. Item 307007569133 is no longer live.
---
[186/209] ENDED 307007568914 2025 Panini Score Mason Graham Rookie RC Cleveland
 live.
  Re-run when sqlite is unlocked:
      python3 -c "import linkage_db; linkage_db.connect().__enter__().execute(\"UPDATE listings SET status='ended', updated_at=datetime('now') WHERE ebay_item_id=307007568914\")"
  snapshot: removed item 307007568914
Done. Item 307007568914 is no longer live.
---
[187/209] ENDED 307007567370 2025 Panini Select Mykel Williams Future RC San Fr
 live.
  Re-run when sqlite is unlocked:
      python3 -c "import linkage_db; linkage_db.connect().__enter__().execute(\"UPDATE listings SET status='ended', updated_at=datetime('now') WHERE ebay_item_id=307007567370\")"
  snapshot: removed item 307007567370
Done. Item 307007567370 is no longer live.
---
[188/209] ENDED 307007567104 2025 Topps Signature Class Mason Graham RC Round 1
 live.
  Re-run when sqlite is unlocked:
      python3 -c "import linkage_db; linkage_db.connect().__enter__().execute(\"UPDATE listings SET status='ended', updated_at=datetime('now') WHERE ebay_item_id=307007567104\")"
  snapshot: removed item 307007567104
Done. Item 307007567104 is no longer live.
---
[189/209] ENDED 307007559510 2025 Panini Select Mykel Williams Select Certified
 live.
  Re-run when sqlite is unlocked:
      python3 -c "import linkage_db; linkage_db.connect().__enter__().execute(\"UPDATE listings SET status='ended', updated_at=datetime('now') WHERE ebay_item_id=307007559510\")"
  snapshot: removed item 307007559510
Done. Item 307007559510 is no longer live.
---
[190/209] ENDED 307007764552 2025 Panini Select Will Johnson Suite Level RC Ari
 live.
  Re-run when sqlite is unlocked:
      python3 -c "import linkage_db; linkage_db.connect().__enter__().execute(\"UPDATE listings SET status='ended', updated_at=datetime('now') WHERE ebay_item_id=307007764552\")"
  snapshot: removed item 307007764552
Done. Item 307007764552 is no longer live.
---
[191/209] ENDED 307007766125 2025 Panini Donruss Optic Jaylen Waddle Miami Dolp
 live.
  Re-run when sqlite is unlocked:
      python3 -c "import linkage_db; linkage_db.connect().__enter__().execute(\"UPDATE listings SET status='ended', updated_at=datetime('now') WHERE ebay_item_id=307007766125\")"
  snapshot: removed item 307007766125
Done. Item 307007766125 is no longer live.
---
[192/209] ENDED 307007566712 2025 Panini Select Will Johnson Field Level RC Ari
 live.
  Re-run when sqlite is unlocked:
      python3 -c "import linkage_db; linkage_db.connect().__enter__().execute(\"UPDATE listings SET status='ended', updated_at=datetime('now') WHERE ebay_item_id=307007566712\")"
  snapshot: removed item 307007566712
Done. Item 307007566712 is no longer live.
---
[193/209] ENDED 307007567232 2025 Panini Phoenix Tyler Warren RC Indianapolis C
 live.
  Re-run when sqlite is unlocked:
      python3 -c "import linkage_db; linkage_db.connect().__enter__().execute(\"UPDATE listings SET status='ended', updated_at=datetime('now') WHERE ebay_item_id=307007567232\")"
  snapshot: removed item 307007567232
Done. Item 307007567232 is no longer live.
---
[194/209] ENDED 307007566085 2025 Panini Select Kyle Williams Concourse RC New 
 live.
  Re-run when sqlite is unlocked:
      python3 -c "import linkage_db; linkage_db.connect().__enter__().execute(\"UPDATE listings SET status='ended', updated_at=datetime('now') WHERE ebay_item_id=307007566085\")"
  snapshot: removed item 307007566085
Done. Item 307007566085 is no longer live.
---
[195/209] ENDED 307007765769 2025 Panini Select Brock Purdy Numbers San Francis
 live.
  Re-run when sqlite is unlocked:
      python3 -c "import linkage_db; linkage_db.connect().__enter__().execute(\"UPDATE listings SET status='ended', updated_at=datetime('now') WHERE ebay_item_id=307007765769\")"
  snapshot: removed item 307007765769
Done. Item 307007765769 is no longer live.
---
[196/209] ENDED 307009714635 2025 Panini Donruss Optic CJ Stroud Houston Texans
 live.
  Re-run when sqlite is unlocked:
      python3 -c "import linkage_db; linkage_db.connect().__enter__().execute(\"UPDATE listings SET status='ended', updated_at=datetime('now') WHERE ebay_item_id=307009714635\")"
  snapshot: removed item 307009714635
Done. Item 307009714635 is no longer live.
---
[197/209] ENDED 307009713696 2025 Panini Donruss Optic Mykel Williams Rated Roo
 live.
  Re-run when sqlite is unlocked:
      python3 -c "import linkage_db; linkage_db.connect().__enter__().execute(\"UPDATE listings SET status='ended', updated_at=datetime('now') WHERE ebay_item_id=307009713696\")"
  snapshot: removed item 307009713696
Done. Item 307009713696 is no longer live.
---
[198/209] ENDED 307010707293 2025 Panini Phoenix Caleb Williams Chicago Bears F
 live.
  Re-run when sqlite is unlocked:
      python3 -c "import linkage_db; linkage_db.connect().__enter__().execute(\"UPDATE listings SET status='ended', updated_at=datetime('now') WHERE ebay_item_id=307010707293\")"
  snapshot: removed item 307010707293
Done. Item 307010707293 is no longer live.
---
[199/209] ENDED 307009714694 2025 Panini Donruss Optic Dillon Gabriel Rated Roo
 live.
  Re-run when sqlite is unlocked:
      python3 -c "import linkage_db; linkage_db.connect().__enter__().execute(\"UPDATE listings SET status='ended', updated_at=datetime('now') WHERE ebay_item_id=307009714694\")"
  snapshot: removed item 307009714694
Done. Item 307009714694 is no longer live.
---
[200/209] ENDED 307010514283 2024 Panini Select CJ Stroud Houston Texans Footba
 live.
  Re-run when sqlite is unlocked:
      python3 -c "import linkage_db; linkage_db.connect().__enter__().execute(\"UPDATE listings SET status='ended', updated_at=datetime('now') WHERE ebay_item_id=307010514283\")"
  snapshot: removed item 307010514283
Done. Item 307010514283 is no longer live.
---
[201/209] ENDED 307010510648 2025 Topps Signature Class Puka Nacua Round 5 Pick
 live.
  Re-run when sqlite is unlocked:
      python3 -c "import linkage_db; linkage_db.connect().__enter__().execute(\"UPDATE listings SET status='ended', updated_at=datetime('now') WHERE ebay_item_id=307010510648\")"
  snapshot: removed item 307010510648
Done. Item 307010510648 is no longer live.
---
[202/209] ENDED 307010510516 2025 Topps Signature Class George Kittle Round 5 S
 live.
  Re-run when sqlite is unlocked:
      python3 -c "import linkage_db; linkage_db.connect().__enter__().execute(\"UPDATE listings SET status='ended', updated_at=datetime('now') WHERE ebay_item_id=307010510516\")"
  snapshot: removed item 307010510516
Done. Item 307010510516 is no longer live.
---
[203/209] ENDED 307010511088 2025 Topps Signature Class George Kittle Round 5 S
 live.
  Re-run when sqlite is unlocked:
      python3 -c "import linkage_db; linkage_db.connect().__enter__().execute(\"UPDATE listings SET status='ended', updated_at=datetime('now') WHERE ebay_item_id=307010511088\")"
  snapshot: removed item 307010511088
Done. Item 307010511088 is no longer live.
---
[204/209] ENDED 307010520202 2025 Topps Signature Class George Kittle Round 5 S
 live.
  Re-run when sqlite is unlocked:
      python3 -c "import linkage_db; linkage_db.connect().__enter__().execute(\"UPDATE listings SET status='ended', updated_at=datetime('now') WHERE ebay_item_id=307010520202\")"
  snapshot: removed item 307010520202
Done. Item 307010520202 is no longer live.
---
[205/209] ENDED 307010510755 2025 Topps Signature Class Ja'Marr Chase Round 1 P
 live.
  Re-run when sqlite is unlocked:
      python3 -c "import linkage_db; linkage_db.connect().__enter__().execute(\"UPDATE listings SET status='ended', updated_at=datetime('now') WHERE ebay_item_id=307010510755\")"
  snapshot: removed item 307010510755
Done. Item 307010510755 is no longer live.
---
[206/209] ENDED 307010510810 2025 Topps Signature Class Jayden Daniels RC Round
 live.
  Re-run when sqlite is unlocked:
      python3 -c "import linkage_db; linkage_db.connect().__enter__().execute(\"UPDATE listings SET status='ended', updated_at=datetime('now') WHERE ebay_item_id=307010510810\")"
  snapshot: removed item 307010510810
Done. Item 307010510810 is no longer live.
---
[207/209] ENDED 307010518053 2024 Panini Select Jaylen Waddle Miami Dolphins Fo
 live.
  Re-run when sqlite is unlocked:
      python3 -c "import linkage_db; linkage_db.connect().__enter__().execute(\"UPDATE listings SET status='ended', updated_at=datetime('now') WHERE ebay_item_id=307010518053\")"
  snapshot: removed item 307010518053
Done. Item 307010518053 is no longer live.
---
[208/209] ENDED 307010519560 2024 Panini Select Patrick Mahomes Kansas City Chi
 live.
  Re-run when sqlite is unlocked:
      python3 -c "import linkage_db; linkage_db.connect().__enter__().execute(\"UPDATE listings SET status='ended', updated_at=datetime('now') WHERE ebay_item_id=307010519560\")"
  snapshot: removed item 307010519560
Done. Item 307010519560 is no longer live.
---
[209/209] ENDED 307010739498 2022 Panini Contenders Season Ticket Patrick Mahom
 live.
  Re-run when sqlite is unlocked:
      python3 -c "import linkage_db; linkage_db.connect().__enter__().execute(\"UPDATE listings SET status='ended', updated_at=datetime('now') WHERE ebay_item_id=307010739498\")"
  snapshot: removed item 307010739498
Done. Item 307010739498 is no longer live.
---

DONE: 209 ended, 0 failed of 209
