  Using cached snapshot (1292 listings)
  Loaded 1292 active listings
  1171 missing start times; fetching 40 this run (rest use heuristic age, cache fills over future runs)
  Fetching listing start times via Trading API GetItem for 40 item(s)...

  Markdown plan: 434 to apply · 858 skip · 0 blocked
    tiers: 5%→21 · 12%→116 · 22%→297
  Volume discount: skipped
  Capping run at 30 of 434 eligible markdowns

  Applying 30 markdown(s) to eBay...
    → 307008900021: $14.99 → $13.99 (61-120d)
    → 306962001495: $5.99 → $4.99 (181-9999d)
    → 306962126602: $4.99 → $3.99 (181-9999d)
    → 306962137413: $2.99 → $1.99 (181-9999d)
    → 306984769329: $6.99 → $4.99 (181-9999d)
    → 306984864600: $5.99 → $4.99 (181-9999d)
    → 306984867488: $4.99 → $3.99 (181-9999d)
    → 306985879757: $5.99 → $4.99 (181-9999d)
    → 306989643227: $12.34 → $9.99 (181-9999d)
    → 306990504883: $7.99 → $5.99 (181-9999d)
    → 306992907206: $18.99 → $14.99 (181-9999d)
    → 306992907279: $14.99 → $11.99 (181-9999d)
    → 306992907473: $7.99 → $5.99 (181-9999d)
    → 306992907726: $2.99 → $1.99 (181-9999d)
    → 306992916874: $2.99 → $1.99 (181-9999d)
    → 306993277556: $2.99 → $1.99 (181-9999d)
    → 306993277602: $4.99 → $3.99 (181-9999d)
    → 306993277683: $2.99 → $1.99 (181-9999d)
    → 306993277701: $3.99 → $2.99 (181-9999d)
    → 306993277900: $2.99 → $1.99 (181-9999d)
    → 306993277936: $2.99 → $1.99 (181-9999d)
    → 306993278037: $2.99 → $1.99 (181-9999d)
    → 306993278172: $2.99 → $1.99 (181-9999d)
    → 306993278231: $2.99 → $1.99 (181-9999d)
    → 306993344674: $3.99 → $2.99 (181-9999d)
    → 306993358761: $3.99 → $2.99 (181-9999d)
    → 306993379925: $3.99 → $2.99 (181-9999d)
    → 306993413369: $4.99 → $3.99 (181-9999d)
    → 306993495244: $2.99 → $1.99 (181-9999d)
    → 306993495361: $2.99 → $1.99 (181-9999d)

  Result: 0/30 applied successfully.
  Report: /Users/jason.chletsos/Documents/GitHub/jason_chletsos_ebay_lots/docs/promotions.html
