========== inventory_agent ==========
  Inventory: 1443 cards loaded  (1443 ready, 0 need photos)
  Plan:   /Users/jason.chletsos/Documents/GitHub/jason_chletsos_ebay_lots/output/inventory_plan.json
  Report: /Users/jason.chletsos/Documents/GitHub/jason_chletsos_ebay_lots/docs/inventory.html
========== cassini_score_agent ==========
  Henrik Lundqvist (Cassini Score) reporting in.

  Cassini score: green=0  yellow=0  red=1292  avg=24.0  (n=1292)
  Biggest mover: +0 -> 15 · 307005815557 3 Neon Green Pulsar and 5 Purple Wave Prizm 2025 Cards

  Top 3 RED rescue candidates (by price):
    $199.99  score=20  307005063457  2025 Topps Signature Class Joe Burrow Fluidity Clear SS
    $109.99  score=20  307005018631  2025 Topps Signature Class Omarion Hampton First Class 
    $ 99.99  score=20  307010502095  2025 Topps Signature Class Dak Prescott Roses Acetate S

  Report: /Users/jason.chletsos/Documents/GitHub/jason_chletsos_ebay_lots/docs/cassini.html
  Plan:   /Users/jason.chletsos/Documents/GitHub/jason_chletsos_ebay_lots/output/cassini_score_plan.json
  Snap:   /Users/jason.chletsos/Documents/GitHub/jason_chletsos_ebay_lots/output/cassini_score_snapshot.json
========== photo_audit_agent ==========
  Walt "Clyde" Frazier (Photo Audit) reporting in.
  Capping audit at 200 of 1292 listings
  Getting eBay access token...
  Auditing photos for 200 listings...
    [10/200]  306951588245  POOR    2 photos  pri=4.86
    [20/200]  306953377589  POOR    2 photos  pri=16.25
    [30/200]  306953932686  POOR    2 photos  pri=6.48
    [40/200]  306955916587  POOR    2 photos  pri=3.23
    [50/200]  306956213135  POOR    2 photos  pri=4.86
    [60/200]  306956583122  POOR    2 photos  pri=3.25
    [70/200]  306956771456  POOR    2 photos  pri=5.25
    [80/200]  306956953500  POOR    2 photos  pri=3.23
    [90/200]  306958873698  POOR    2 photos  pri=5.88
    [100/200]  306960323710  SEVERE  1 photos  pri=5.17
    [110/200]  306961913158  SEVERE  1 photos  pri=6.88
    [120/200]  306962126602  SEVERE  1 photos  pri=6.88
    [130/200]  306904174454  SEVERE  1 photos  pri=9.18
    [140/200]  306913790653  SEVERE  1 photos  pri=11.48
    [150/200]  306914500757  SEVERE  1 photos  pri=4.58
    [160/200]  306985879757  POOR    2 photos  pri=13.81
    [170/200]  306993277556  SEVERE  1 photos  pri=6.88
    [180/200]  306993344341  SEVERE  1 photos  pri=9.2
    [190/200]  306993358686  SEVERE  1 photos  pri=9.2
    [200/200]  306993395590  SEVERE  1 photos  pri=9.18

  Severity tally: 99 severe · 98 poor · 2 ok · 1 good

  Top reshoot priorities:
    #1  306913934898  SEVERE pri=    69.0  $ 14.99  20 Warren Moon Cards Oilers Vikings
    #2  306960252436  SEVERE pri=    47.6  $  1.99  2025 Panini Absolute - Drake Maye #79
    #3  306954025783  POOR   pri=    40.6  $  1.99  2025 Bowman University Chrome - Reggie Virgil #164 Green Shi

  Report: /Users/jason.chletsos/Documents/GitHub/jason_chletsos_ebay_lots/docs/photo_audit.html
  JSON:   /Users/jason.chletsos/Documents/GitHub/jason_chletsos_ebay_lots/output/photo_audit.json
========== price_consistency_agent ==========
  David Wright (Price Consistency) reporting in.
  Loading live prices from eBay GetMyeBaySelling...
  Fetched 1335 listings across 7 page(s)
  Live listings: 1332
  Clean: 0 drift across 1407 files / 1332 live listings.
========== price_drops_agent ==========
  Mike Richter (Price Drops) reporting in.
[snapshot] 424 tracked listings across 7 plan files
[diff] drops=0 new=105 gone=0 (prior=319, current=424)
[wrote] /Users/jason.chletsos/Documents/GitHub/jason_chletsos_ebay_lots/output/price_drops_snapshot.json
[wrote] /Users/jason.chletsos/Documents/GitHub/jason_chletsos_ebay_lots/output/price_drops_plan.json
[wrote] /Users/jason.chletsos/Documents/GitHub/jason_chletsos_ebay_lots/docs/price_drops.html
========== card_price_agent ==========
Pricing 399 listings (of 1292 total). Rate: 1 req/sec.
Estimated runtime: ~838s (2 API calls each).

[1/399] 307008900021  2026 Garrett Nussmeier 5 Card Draw Wild Card RC 1/2 Silver Holo Queen
    → Garrett Nussmeier #13 · raw $0.06 · conf 0.58
[2/399] 307009045898  2025 Topps Update Series - 1990 Topps Baseball Marcelo Mayer #U90-9 Gr
    → low conf (0.41): Dansby Swanson #TSHA-DS
[3/399] 306994603012  2025 Topps Signature Class Action Trey McBride Arizona Cardinals TE Fo
    → Isaac TeSlaa #CA-11 · raw $2.39 · conf 0.43
[4/399] 306995192451  2025 Prizm Draft Picks Kurtis Rourke RC Purple Wave 49ers Football
    → low conf (0.41): Kurtis Rourke #6
[5/399] 306995330075  2025 Panini Select Kyren Williams Concourse Green Prizm Rams Football
    → Kyren Williams #138 · raw $1.75 · conf 0.61
[6/399] 306995330103  2025 Panini Select Jalen Royals RC Premier Level Green Prizm Chiefs Fo
    → low conf (0.66): Jalen Royals [Green] #RSW-JRS
[7/399] 306995330251  2025 Panini Select Mykel Williams RC Club Level Green Red Shock 49ers
    → Mykel Williams [Teal Levels] #231 · raw $2.99 · conf 0.74
[8/399] 306995849361  2025 Panini Phoenix Nick Barnett Red Prizm 034/399 Packers Football
    → Nick Barnett [Phoenix] #68 · raw $1.00 · conf 0.64
[9/399] 306996196400  2025 Topps Signature Class Drake Maye Sunday Showcase SS-9 Patriots Fo
    → low conf (0.38): Drake Maye #38
[10/399] 306996196495  2025 Topps Signature Class Shedeur Sanders RC #228 Cleveland Browns Fo
    → Shedeur Sanders #228 · raw $1.38 · conf 0.55
[11/399] 306996196578  2025 Topps Signature Class Paramount Pairings CeeDee Lamb George Picke
    → low conf (0.42): Cam Skattebo / Jaxson Dart [Magenta] #PP-2
[12/399] 306996196636  2025 Topps Signature Class Joe Burrow #13 Cincinnati Bengals Football
    → low conf (0.51): Joe Burrow [Blue Chrome Autograph] #13
[13/399] 306996196674  2025 Topps Signature Class Xavier Restrepo RC Auto #159 Titans Footbal
    → low conf (0.53): Xavier Restrepo #159
[14/399] 306996196722  2025 Topps Signature Class Jordan Love The Pick TP-12 Packers Football
    → Josh Jacobs / Jordan Love #PP-20 · raw $1.85 · conf 0.42
[15/399] 306996196878  2025 Topps Signature Class CJ Stroud Class Action CA-13 Texans Footbal
    → low conf (0.44): CJ Stroud [Red Lava] #23
[16/399] 306996197289  2025 Topps Signature Class Trevor Etienne RC #179 Carolina Panthers Fo
    → low conf (0.53): Trevor Etienne #179
[17/399] 306996197790  2025 Topps Signature Class Elic Ayomanor RC #120 Tennessee Titans Foot
    → low conf (0.49): Elic Ayomanor #120
[18/399] 306996232904  2025 Topps Signature Class Omarion Hampton RC #109 Chargers Football
    → Omarion Hampton #109 · raw $1.00 · conf 0.55
[19/399] 306996232991  2025 Topps Signature Class Colston Loveland Class Icons CI-22 Bears TE
    → low conf (0.42): Luther Burden III / Colston Loveland #SCDS-LB
[20/399] 306996233039  2025 Topps Signature Class Travis Etienne Jr #27 Jacksonville Jaguars 
    → low conf (0.52): Travis Etienne Jr. #27
[21/399] 306996233122  2025 Topps Signature Class Matthew Stafford #32 Los Angeles Rams QB
    → Matthew Stafford #32 · raw $4.00 · conf 0.55
[22/399] 306996233162  2025 Topps Signature Class Tyler Warren Class Action CA-14 Colts TE RC
    → low conf (0.38): Colston Loveland / Tyler Warren / Mason Taylor #SCTS-CMT
[23/399] 306996233203  2025 Topps Signature Class Riley Leonard RC #116 Indianapolis Colts QB
    → Riley Leonard #116 · raw $2.12 · conf 0.52
[24/399] 306996233264  2025 Topps Signature Class Jalen Milroe RC #151 Seattle Seahawks QB
    → Jalen Milroe #151 · raw $1.49 · conf 0.52
[25/399] 306996233310  2025 Topps Signature Class Jabbar Muhammad RC Refractor #250 Jaguars C
    → Jabbar Muhammad #250 · raw $2.50 · conf 0.53
[26/399] 306996337379  2025 Topps Signature Class Malaki Starks RC #140 Baltimore Ravens S Fo
    → Malaki Starks #140 · raw $2.04 · conf 0.54
[27/399] 306996337413  2025 Topps Signature Class TreVeyon Henderson The Pick TP-22 Patriots 
    → TreVeyon Henderson #117 · raw $1.00 · conf 0.40
[28/399] 306996337438  2025 Topps Signature Class Jaydon Blue RC #225 Dallas Cowboys RB Footb
    → low conf (0.54): Jaydon Blue #225
[29/399] 306996337492  2025 Topps Signature Class Daniel Jones Jonathan Taylor Paramount Pair
    → low conf (0.46): Dyson Daniels #26
[30/399] 306996340101  2025 Topps Signature Class J.J. McCarthy Sunday Showcase SS-20 Vikings
    → low conf (0.43): Justin Jefferson #SCL-JJ
[31/399] 306996418096  2025 Panini Prizm Myles Garrett #73 Silver Prizm Browns RAMS TRADE Foo
    → Myles Garrett #73 · raw $2.75 · conf 0.99
[32/399] 306996418135  2025 Panini Phoenix Myles Garrett #73 Cleveland Browns RAMS TRADE Foot
    → Myles Garrett [Phoenix] #73 · raw $3.25 · conf 0.79
[33/399] 306996418174  2025 Panini Prizm Draft Picks Myles Garrett #197 Red Cracked Ice Texas
    → Myles Garrett #197 · raw $1.08 · conf 0.58
[34/399] 306996418216  2025 Panini Select Myles Garrett Numbers Insert #4 Browns RAMS TRADE F
    → Myles Garrett #4 · raw $1.45 · conf 0.79
[35/399] 306996418241  2025 Topps Signature Class Myles Garrett #14 Cleveland Browns DE Footb
    → Myles Garrett #14 · raw $1.64 · conf 0.52
[36/399] 306996418289  2023 Panini Contenders Season Ticket Myles Garrett #25 Browns RAMS TRA
    → Kyrie Irving [Season Ticket] #25 · raw $3.24 · conf 0.64
[37/399] 306996418342  2025 Panini Prizm Draft Picks Myles Garrett #197 Silver Texas A&M Foot
    → Myles Garrett #197 · raw $1.08 · conf 0.58
[38/399] 306996418474  2025 Panini Score Myles Garrett Sack Attack Insert Cleveland Browns DE
    → Myles Garrett #4 · raw $1.04 · conf 0.67
[39/399] 306996420937  2025 Topps Signature Class Jayden Daniels Sunday Showcase SS-6 Command
    → Terry McLaurin / Jayden Daniels #PP-16 · raw $2.09 · conf 0.45
[40/399] 306996421029  2025 Topps Signature Class Jordan Love In Session IS-11 Packers QB Foo
    → Josh Jacobs / Jordan Love #PP-20 · raw $1.85 · conf 0.42
[41/399] 306996421151  2025 Topps Signature Class Jayden Daniels Terry McLaurin Paramount Pai
    → Terry McLaurin / Jayden Daniels #PP-16 · raw $2.09 · conf 0.45
[42/399] 306996421252  2025 Topps Signature Class Omarion Hampton Class Action CA-18 Chargers
    → low conf (0.40): Omarion Hampton #109
[43/399] 306996421391  2025 Topps Signature Class Jalen Royals RC #125 Kansas City Chiefs WR 
    → low conf (0.52): Jalen Royals #125
[44/399] 306996434947  2025 Topps Signature Class Travis Hunter RC #224 Jacksonville Jaguars 
    → Travis Hunter #224 · raw $1.79 · conf 0.54
[45/399] 306996435200  2025 Topps Signature Class Tyreek Hill Refractor #86 Miami Dolphins WR
    → low conf (0.55): Tyreek Hill #86
[46/399] 306996441756  2025 Panini Phoenix Cam Ward #194 Tennessee Titans QB RC Football
    → Cam Ward [Phoenix] #194 · raw $25.00 · conf 0.73
[47/399] 306996441863  2025 Panini Select Travis Hunter RC #128 Premier Level Green Jaguars W
    → Travis Hunter #128 · raw $0.99 · conf 0.98
[48/399] 306996441984  2025 Panini Select Shedeur Sanders RC #54 Concourse Red Blue Shock Bro
    → Shedeur Sanders #54 · raw $1.09 · conf 1.00
[49/399] 306996442093  2025 Panini Select Cam Ward RC #126 Premier Level Gold Green Titans QB
    → Cam Ward #126 · raw $1.25 · conf 0.94
[50/399] 306996442169  2025 Panini Select Ashton Jeanty RC #4 Concourse Green Prizm Raiders R
    → Ashton Jeanty #4 · raw $732.76 · conf 1.00
[51/399] 306996442271  2025 Panini Select Shedeur Sanders RC #54 Concourse Silver Prizm Brown
    → Shedeur Sanders [Red Prizm] #54 · raw $22.26 · conf 0.89
[52/399] 306996442389  2025 Panini Select Cam Ward RC #126 Premier Level Silver Prizm Titans 
    → Cam Ward [Pink Prizm] #126 · raw $4.49 · conf 0.81
[53/399] 306996442504  2025 Topps Signature Class Colston Loveland After Image AI-6 Bears TE 
    → low conf (0.42): Luther Burden III / Colston Loveland #SCDS-LB
[54/399] 306996442601  2025 Topps Signature Class Jalon Walker Class Icons CI-19 Falcons LB R
    → low conf (0.37): Jalon Walker #121
[55/399] 307006876675  2025 Panini Select Brock Purdy Pink Shock Prizm San Francisco 49ers Fo
    → Brock Purdy [Pink] #255 · raw $2.17 · conf 0.82
[56/399] 307006876695  2025 Panini Select Emeka Egbuka Pink Shock Prizm RC Tampa Bay Buccanee
    → Emeka Egbuka [Pink] #351 · raw $2.72 · conf 0.82
[57/399] 307006881230  2025 Topps Signature Class CJ Stroud Class Action #10/10 Houston Texan
    → low conf (0.44): CJ Stroud [Black] #SS-CS
[58/399] 307006882891  2025 Panini Prizm Draft Picks Travis Hunter Xfractor RC Jacksonville J
    → Jordan Travis #84 · raw $3.09 · conf 0.53
[59/399] 307006882928  2025 Topps Signature Class Nick Bosa Fred Warner Paramount Pairings Sa
    → Fred Warner / Nick Bosa #PP-15 · raw $2.19 · conf 0.41
[60/399] 307006882952  2025 Panini Select Travis Hunter Concourse RC #645/699 Jacksonville Ja
    → low conf (0.61): Travis Hunter [Cosmic] #28
[61/399] 307006883243  2025 Panini Donruss Optic Cam Ward RC Tennessee Titans Football
    → low conf (0.75): Cam Ward Tennessee Titans #4
[62/399] 307006958490  2025 Panini Select Ashton Jeanty Select Certified RC Las Vegas Raiders
    → Ashton Jeanty #4 · raw $1.27 · conf 0.62
[63/399] 307006958533  2025 Panini Select Cam Ward Numbers Game Insert #1 RC Tennessee Titans
    → Cam Ward [Black Prizm] #24 · raw $3.25 · conf 0.51
[64/399] 307006958591  2025 Panini Select Josh Allen Buffalo Bills Football
    → Josh Allen #9 · raw $1209.43 · conf 0.62
[65/399] 307006958672  2025 Panini Select Ashton Jeanty Concourse RC Las Vegas Raiders Footba
    → low conf (0.62): Ashton Jeanty [Cosmic] #4
[66/399] 307006959042  2025 Panini Select Emeka Egbuka Turbocharged Insert RC Tampa Bay Bucca
    → Emeka Egbuka #2 · raw $1.62 · conf 0.59
[67/399] 307006959181  2025 Panini Select Ashton Jeanty Turbocharged Insert RC Las Vegas Raid
    → Ashton Jeanty #10 · raw $1.39 · conf 0.59
[68/399] 307006959520  2025 Panini Select Omarion Hampton Select Certified RC Los Angeles Cha
    → Omarion Hampton #16 · raw $1.40 · conf 0.63
[69/399] 307006959555  2025 Panini Select Ashton Jeanty Club Level RC Las Vegas Raiders Footb
    → Ashton Jeanty [Gold Levels] #202 · raw $1.49 · conf 0.73
[70/399] 307006960016  2025 Panini Donruss Optic Mykel Williams Rated Rookie RC San Francisco
    → Mykel Williams #17 · raw $1.27 · conf 0.70
[71/399] 307006960190  2025 Panini Donruss Optic Luther Burden III Rated Rookie RC Chicago Be
    → Luther Burden III #6 · raw $179.75 · conf 0.96
[72/399] 307006961210  2025 Panini Donruss Optic Travis Hunter Rated Rookie RC Jacksonville J
    → Travis Hunter #4 · raw $1.40 · conf 0.71
[73/399] 307007014328  2025 Topps Signature Class DK Metcalf Round 2 Pick 32 Pittsburgh Steel
    → low conf (0.40): Dak Prescott [Black Gold] #15
[74/399] 307007014358  2025 Topps Signature Class Travis Hunter Round 1 Pick 2 RC Jacksonvill
    → Patrick Mahomes II / Travis Kelce #PP-11 · raw $3.64 · conf 0.42
[75/399] 307007015355  2025 Panini Prizm Tyler Warren RC Indianapolis Colts Football
    → low conf (0.78): Tyler Warren Indianapolis Colts #39
[76/399] 307007015411  2025 Panini Prizm Draft Picks Brock Purdy Iowa State Cyclones College 
    → Brock Purdy #176 · raw $1.01 · conf 0.44
[77/399] 307007015786  2025 Panini Prizm Brock Purdy San Francisco 49ers Football
    → Brock Purdy [Orange] #255 · raw $5.13 · conf 0.61
[78/399] 307007015876  2025 Panini Prizm Tyler Warren Prizmatic RC Indianapolis Colts Footbal
    → Tyler Warren #15 · raw $1.47 · conf 0.61
[79/399] 307007016138  2025 Panini Donruss Davante Adams Green Bay Packers Football
    → Davante Adams [Green] #8 · raw $1.07 · conf 0.85
[80/399] 307007016400  2025 Topps Signature Class CJ Stroud Round 1 Pick 2 Houston Texans Foo
    → low conf (0.44): CJ Stroud [Red Lava] #23
[81/399] 307007016438  2025 Topps Signature Class Mason Graham Round 1 Pick 5 RC Cleveland Br
    → low conf (0.40): Colston Loveland / Tyler Warren / Mason Taylor #SCTS-CMT
[82/399] 307007016752  2025 Topps Signature Class Will Blackwell Round 2 Pick 15 RC Arizona C
    → low conf (0.41): Drake Powell / Will Riley #DA-WD
[83/399] 307007318024  2025 Topps Signature Class Brock Purdy Round 7 Pick 41 49ers Football
    → low conf (0.42): George Kittle / Brock Purdy #SCDS-PK
[84/399] 307007318068  2025 Topps Signature Class Josh Allen Round 1 Pick 7 Buffalo Bills Foo
    → low conf (0.39): James Cook / Josh Allen #PP-12
[85/399] 307007318105  2025 Topps Signature Class Jaylen Waddle Round 1 Pick 6 Dolphins Footb
    → low conf (0.39): Jaylen Reed #168
[86/399] 307007318162  2025 Topps Signature Class Patrick Mahomes Round 1 Pick 10 Chiefs Foot
    → low conf (0.39): Patrick Mahomes II #29
[87/399] 307007318202  2025 Topps Signature Class Kyle Williams RC Round 3 Pick 5 Patriots Fo
    → low conf (0.35): Kyler Murray #2
[88/399] 307007318247  2025 Topps Signature Class Lamar Jackson Round 1 Pick 32 Ravens Footba
    → Derrick Henry / Lamar Jackson #PP-18 · raw $2.54 · conf 0.41
[89/399] 307007318304  2025 Topps Signature Class Jayden Daniels Round 1 Pick 2 Commanders Fo
    → Terry McLaurin / Jayden Daniels #PP-16 · raw $2.09 · conf 0.45
[90/399] 307007318537  2025 Topps Signature Class Josh Allen Round 1 Pick 7 Bills Football
    → low conf (0.39): James Cook / Josh Allen #PP-12
[91/399] 307007318676  2025 Topps Signature Class Will Johnson RC Round 2 Pick 15 Cardinals F
    → low conf (0.41): Drake Powell / Will Riley #DA-WD
[92/399] 307007319025  2025 Topps Signature Class CJ Stroud Round 1 Pick 2 Texans Football
    → low conf (0.44): CJ Stroud [Red Lava] #23
[93/399] 307007319112  2025 Topps Signature Class Cole Kmet Round 2 Pick 11 Chicago Bears Foo
    → low conf (0.36): Cole Kmet #68
[94/399] 307007319145  2025 Topps Signature Class Cam Ward RC Round 1 Pick 1 Tennessee Titans
    → Cam Whitmore #CCA-CW · raw $45.00 · conf 0.43
[95/399] 307007319411  2025 Topps Signature Class Matthew Golden RC Round 2 Pick 23 Packers F
    → low conf (0.40): Matthew Golden #111
[96/399] 307007320030  2025 Topps Signature Class Myles Garrett Round 1 Pick 1 Browns Footbal
    → low conf (0.37): Myles Turner #92
[97/399] 307007321044  2025 Panini Mosaic Colston Loveland RC Chicago Bears Football
    → low conf (0.78): Colston Loveland Chicago Bears #5
[98/399] 307007321191  2025 Panini Phoenix Mason Graham RC Cleveland Browns Football
    → Mason Graham [Phoenix] #162 · raw $1.79 · conf 0.63
[99/399] 307007321254  2025 Panini Phoenix Colston Loveland RC Chicago Bears Football
    → Colston Loveland [Phoenix] #179 · raw $17.18 · conf 0.66
[100/399] 307007321305  2025 Panini Mosaic Matthew Golden RC Green Bay Packers Football
    → Matthew Golden [Green] #323 · raw $2.26 · conf 0.83
[101/399] 307007321367  2025 Panini Select Matthew Golden Select Certified RC Green Bay Packer
    → Matthew Golden #18 · raw $1.27 · conf 0.62
[102/399] 307007322313  2025 Topps Signature Class Jayden Reed Round 2 Pick 19 Packers Footbal
    → Terry McLaurin / Jayden Daniels #PP-16 · raw $2.09 · conf 0.45
[103/399] 307007322466  2025 Topps Signature Class Maxx Crosby Round 4 Pick 4 Raiders Football
    → low conf (0.35): Maxx Crosby #83
[104/399] 307007322663  2025 Topps Signature Class Sauce Gardner Round 1 Pick 4 Colts Football
    → low conf (0.37): Sauce Gardner #91
[105/399] 307007322741  2025 Topps Signature Class Tate Ratledge RC Round 2 Pick 25 Lions Foot
    → low conf (0.34): Tate Ratledge #219
[106/399] 307007322795  2025 Topps Signature Class Rashee Rice The Pick Round 2 Chiefs Footbal
    → low conf (0.39): Rashee Rice #TP-16
[107/399] 307007322954  2025 Topps Signature Class Harold Fannin Jr RC Round 3 Pick 3 Browns F
    → low conf (0.37): Harold Fannin Jr. #152
[108/399] 307007323124  2025 Panini Select Tyler Warren Future RC Indianapolis Colts Football
    → Tyler Warren #9 · raw $0.99 · conf 0.64
[109/399] 307007323173  2025 Panini Select Mykel Williams Field Level RC San Francisco 49ers F
    → Mykel Williams #7 · raw $1.49 · conf 0.67
[110/399] 307007323192  2025 Panini Score Colston Loveland Rookie RC Chicago Bears Football
    → low conf (0.83): Colston Loveland Chicago Bears #5
[111/399] 307007323237  2025 Panini Score Mason Graham Rookie RC Cleveland Browns Football  [agent error/timeout — continuing]
========== repricing_agent ==========
  [agent error/timeout — continuing]
========== relist_agent ==========
  Mookie Wilson (Relist) reporting in.
  Getting eBay access token...
  Fetching UnsoldList (last 14 days)...
  Found 200 unsold listing(s).
  [dry-run] would relist 307010739498 as FP at $5.00
  [dry-run] would relist 307010519560 as FP at $4.00
  [dry-run] would relist 307010518053 as FP at $4.00
  [dry-run] would relist 307010510810 as FP at $4.00
  [dry-run] would relist 307010510755 as FP at $4.00
  [dry-run] would relist 307010520202 as FP at $4.00
  [dry-run] would relist 307010511088 as FP at $4.00
  [dry-run] would relist 307010510516 as FP at $4.00
  [dry-run] would relist 307010510648 as FP at $3.00
  [dry-run] would relist 307010514283 as FP at $4.00
  [dry-run] would relist 307009714694 as FP at $4.00
  [dry-run] would relist 307010707293 as FP at $3.00
  [dry-run] would relist 307009713696 as FP at $3.00
  [dry-run] would relist 307009714635 as FP at $4.00
  [dry-run] would relist 307007765769 as FP at $5.00
  [dry-run] would relist 307007566085 as FP at $3.00
  [dry-run] would relist 307007567232 as FP at $4.00
  [dry-run] would relist 307007566712 as FP at $3.00
  [dry-run] would relist 307007766125 as FP at $4.00
  [dry-run] would relist 307007764552 as FP at $4.00
  [dry-run] would relist 307007559510 as FP at $5.00
  [dry-run] would relist 307007567104 as FP at $4.00
  [dry-run] would relist 307007567370 as FP at $4.00
  [dry-run] would relist 307007568914 as FP at $2.00
  [dry-run] would relist 307007569133 as FP at $4.00
  [dry-run] would relist 307007567753 as FP at $5.00
  [dry-run] would relist 307007567470 as FP at $3.00
  [dry-run] would relist 307007562785 as FP at $3.00
  [dry-run] would relist 307007323069 as FP at $4.00
  [dry-run] would relist 307007323007 as FP at $4.00
  [dry-run] would relist 307007323464 as FP at $4.00
  [dry-run] would relist 307007323429 as FP at $4.00
  [dry-run] would relist 307007565380 as FP at $3.00
  [dry-run] would relist 307007561021 as FP at $3.00
  [dry-run] would relist 307007322543 as FP at $3.00
  [dry-run] would relist 307007323641 as FP at $4.00
  [dry-run] would relist 307007319176 as FP at $4.00
  [dry-run] would relist 307007322396 as FP at $3.00
  [dry-run] would relist 307007318765 as FP at $5.00
  [dry-run] would relist 307007318605 as FP at $5.00
  [dry-run] would relist 307007319764 as FP at $4.00
  [dry-run] would relist 307007319706 as FP at $4.00
  [dry-run] would relist 307007319479 as FP at $4.00
  [dry-run] would relist 307007323507 as FP at $5.00
  [dry-run] would relist 307007320260 as FP at $5.00
  [dry-run] would relist 307007319077 as FP at $5.00
  [dry-run] would relist 307007318980 as FP at $5.00
  [dry-run] would relist 307007318940 as FP at $5.00
  [dry-run] would relist 307007320387 as FP at $3.00
  [dry-run] would relist 307007323587 as FP at $5.00
  [dry-run] would relist 307007320101 as FP at $5.00
  [dry-run] would relist 307007319657 as FP at $5.00
  [dry-run] would relist 307007318811 as FP at $5.00
  [dry-run] would relist 307007318735 as FP at $5.00
  [dry-run] would relist 307007569030 as FP at $4.00
  [dry-run] would relist 307007322607 as FP at $4.00
  [dry-run] would relist 307007320732 as FP at $4.00
  [dry-run] would relist 307007320622 as FP at $4.00
  [dry-run] would relist 307007320492 as FP at $4.00
  [dry-run] would relist 307007563472 as FP at $5.00
  [dry-run] would relist 307007323544 as FP at $5.00
  [dry-run] would relist 307007319612 as FP at $5.00
  [dry-run] would relist 307007318482 as FP at $5.00
  [dry-run] would relist 307007320174 as FP at $4.00
  [dry-run] would relist 307007319801 as FP at $4.00
  [dry-run] would relist 307007319041 as FP at $4.00
  [dry-run] would relist 307007318864 as FP at $4.00
  [dry-run] would relist 307007015748 as FP at $2.50
  [dry-run] would relist 307007016462 as FP at $5.00
  [dry-run] would relist 307007015718 as FP at $5.00
  [dry-run] would relist 307007015501 as FP at $4.00
  [dry-run] would relist 307007015077 as FP at $6.00
  [dry-run] would relist 307009714782 as FP at $5.00
  [dry-run] would relist 307006960367 as FP at $2.00
  [dry-run] would relist 307006959934 as FP at $3.00
  [dry-run] would relist 307006958813 as FP at $4.00
  [dry-run] would relist 307006959750 as FP at $3.00
  [dry-run] would relist 307006958899 as FP at $3.00
  [dry-run] would relist 307006958968 as FP at $3.00
  [dry-run] would relist 307006959641 as FP at $3.00
  [dry-run] would relist 307006959608 as FP at $3.00
  [dry-run] would relist 307006958740 as FP at $3.00
  [dry-run] would relist 307006958632 as FP at $3.00
  [dry-run] would relist 307006881396 as FP at $3.00
  [dry-run] would relist 307006876652 as FP at $2.00
  [dry-run] would relist 307006959809 as FP at $3.00
  [dry-run] would relist 307006959409 as FP at $3.00
  [dry-run] would relist 307007016365 as FP at $5.00
  [dry-run] would relist 307007016289 as FP at $5.00
  [dry-run] would relist 307006881378 as FP at $5.00
  [dry-run] would relist 307006881251 as FP at $5.00
  [dry-run] would relist 307005063512 as FP at $3.50
  [dry-run] would relist 307004744773 as FP at $5.00
  [dry-run] would relist 307007015384 as FP at $3.50
  [dry-run] would relist 307010510771 as FP at $4.00
  [dry-run] would relist 307010509844 as FP at $4.00
  [dry-run] would relist 307010509677 as FP at $4.00
  [dry-run] would relist 307004672626 as FP at $2.50
  [dry-run] would relist 307010510919 as FP at $4.00
  [dry-run] would relist 307010510571 as FP at $4.00
  [dry-run] would relist 307004672997 as FP at $2.50
  [dry-run] would relist 307006959882 as FP at $2.00
  [dry-run] would relist 307004672808 as FP at $5.50
  [dry-run] would relist 307003202524 as FP at $5.50
  [dry-run] would relist 307004673032 as FP at $3.00
  [dry-run] would relist 307003201434 as FP at $5.50
  [dry-run] would relist 307003201380 as FP at $5.00
  [dry-run] would relist 307010510787 as FP at $4.00
  [dry-run] would relist 307010510352 as FP at $4.00
  [dry-run] would relist 307003201348 as FP at $5.50
  [dry-run] would relist 307003201324 as FP at $3.00
  [dry-run] would relist 307003202383 as FP at $3.50
  [dry-run] would relist 307003201764 as FP at $3.50
  [dry-run] would relist 307003201263 as FP at $3.00
  [dry-run] would relist 307006959702 as FP at $7.00
  [dry-run] would relist 307003199773 as FP at $7.00
  [dry-run] would relist 307003199544 as FP at $3.50
  [dry-run] would relist 307006881226 as FP at $5.00
  [dry-run] would relist 307006088580 as FP at $4.00
  [dry-run] would relist 307004673052 as FP at $5.50
  [dry-run] would relist 307001365383 as FP at $3.00
  [dry-run] would relist 307001365364 as FP at $3.00
  [dry-run] would relist 307001193343 as FP at $5.50
  [dry-run] would relist 307001189947 as FP at $3.50
  [dry-run] would relist 307003202700 as FP at $2.50
  [dry-run] would relist 307001158434 as FP at $1.76
  [dry-run] would relist 307001145231 as FP at $2.50
  [dry-run] would relist 307001144801 as FP at $2.50
  [dry-run] would relist 307001117011 as FP at $1.50
  [dry-run] would relist 307001158554 as FP at $3.00
  [dry-run] would relist 307001076002 as FP at $2.00
  [dry-run] would relist 307001158610 as FP at $2.00
  [dry-run] would relist 307000599307 as FP at $7.00
  [dry-run] would relist 307004672832 as FP at $4.00
  [dry-run] would relist 307004672549 as FP at $4.00
  [dry-run] would relist 307004672386 as FP at $4.00
  [dry-run] would relist 307001193274 as FP at $3.00
  [dry-run] would relist 306999831151 as FP at $2.50
  [dry-run] would relist 307004688579 as FP at $2.50
  [dry-run] would relist 306999832579 as FP at $2.00
  [dry-run] would relist 307007015274 as FP at $3.50
  [dry-run] would relist 306999550993 as FP at $11.00
  [dry-run] would relist 306999510005 as FP at $1.76
  [dry-run] would relist 306999507297 as FP at $9.00
  [dry-run] would relist 306999683906 as FP at $2.50
  [dry-run] would relist 306999507322 as FP at $2.50
  [dry-run] would relist 306999683884 as FP at $3.50
  [dry-run] would relist 306999507270 as FP at $1.00
  [dry-run] would relist 306999506479 as FP at $2.50
  [dry-run] would relist 306999507350 as FP at $1.50
  [dry-run] would relist 306999507156 as FP at $3.00
  [dry-run] would relist 306999544271 as FP at $1.00
  [dry-run] would relist 306999815732 as FP at $17.00
  [dry-run] would relist 306999544289 as FP at $17.00
  [dry-run] would relist 306999472495 as FP at $5.50
  [dry-run] would relist 306999411006 as FP at $9.00
  [dry-run] would relist 306997559072 as FP at $4.00
  [dry-run] would relist 306997558910 as FP at $5.00
  [dry-run] would relist 306997559148 as FP at $3.00
  [dry-run] would relist 306997263475 as FP at $7.00
  [dry-run] would relist 306997263410 as FP at $7.00
  [dry-run] would relist 306997228622 as FP at $4.00
  [dry-run] would relist 306997228533 as FP at $4.00
  [dry-run] would relist 306997558981 as FP at $4.00
  [dry-run] would relist 306997558945 as FP at $4.00
  [dry-run] would relist 306997228729 as FP at $4.00
  [dry-run] would relist 306997228681 as FP at $4.00
  [dry-run] would relist 306997225040 as FP at $6.00
  [dry-run] would relist 306997183081 as FP at $3.00
  [dry-run] would relist 306997263352 as FP at $13.00
  [dry-run] would relist 306997263274 as FP at $11.00
  [dry-run] would relist 306930773940 as FP at $2.00
  [dry-run] would relist 306994502338 as FP at $2.00
  [dry-run] would relist 306993606464 as FP at $3.00
  [dry-run] would relist 306993605708 as FP at $3.00
  [dry-run] would relist 306994910172 as FP at $6.00
  [dry-run] would relist 306993602643 as FP at $3.00
  [dry-run] would relist 306993602424 as FP at $3.00
  [dry-run] would relist 306993554527 as FP at $3.00
  [dry-run] would relist 306993554488 as FP at $3.00
  [dry-run] would relist 306993554542 as FP at $3.00
  [dry-run] would relist 306993495510 as FP at $3.00
  [dry-run] would relist 306993554566 as FP at $3.00
  [dry-run] would relist 306994581761 as FP at $3.00
  [dry-run] would relist 306994555261 as FP at $2.00
  [dry-run] would relist 306993481934 as FP at $2.00
  [dry-run] would relist 306993483451 as FP at $3.00
  [dry-run] would relist 306994581487 as FP at $3.00
  [dry-run] would relist 306994554452 as FP at $2.00
  [dry-run] would relist 306993482398 as FP at $3.00
  [dry-run] would relist 306994581591 as FP at $3.00
  [dry-run] would relist 306993413392 as FP at $3.00
  [dry-run] would relist 306993430604 as FP at $4.00
  [dry-run] would relist 306993395852 as FP at $4.00
  [dry-run] would relist 306993381692 as FP at $4.00
  [dry-run] would relist 306993413432 as FP at $3.00
  [dry-run] would relist 306993413414 as FP at $3.00
  [dry-run] would relist 306993395928 as FP at $3.00
  [dry-run] would relist 306993395903 as FP at $3.00
  [dry-run] would relist 306993381647 as FP at $3.00
  Report: /Users/jason.chletsos/Documents/GitHub/jason_chletsos_ebay_lots/docs/relist.html
  Plan:   /Users/jason.chletsos/Documents/GitHub/jason_chletsos_ebay_lots/output/relist_plan.json
========== returns_agent ==========
  Getting eBay access token...
  Fetching active returns (Post-Order v2 /return/search)...
  Post-Order GET /return/search → 200 (header style: iaf)
  Found 0 open return(s).

  Dry run only — dashboard rendered for review.
  Report: /Users/jason.chletsos/Documents/GitHub/jason_chletsos_ebay_lots/docs/returns.html
  Plan:   /Users/jason.chletsos/Documents/GitHub/jason_chletsos_ebay_lots/output/returns_plan.json
========== seller_hub_agent ==========
  Plan written: /Users/jason.chletsos/Documents/GitHub/jason_chletsos_ebay_lots/output/seller_hub_plan.json
  Report written: /Users/jason.chletsos/Documents/GitHub/jason_chletsos_ebay_lots/docs/seller_hub.html
  Categories: 7  · Listings: 1292
  Featured: 6  · PL queued: 1118
========== promoted_listings_agent ==========
  Mike Piazza (Promoted Listings) reporting in.

  Tier breakdown across 1292 listings:
         NO_AD (  0)
           LOW (1207)
      STANDARD ( 85)
    AGGRESSIVE (  0)
           MAX (  0)
  Projected 30-day ad spend: $67.53

  Dry run only. Re-run with --apply to push bids to eBay.
  Report: /Users/jason.chletsos/Documents/GitHub/jason_chletsos_ebay_lots/docs/promoted_listings.html
========== best_offer_agent ==========
  [agent error/timeout — continuing]
========== best_offer_autorespond_agent ==========
  Loaded 1257 listings from best_offer_plan.json
  Fetching eBay access token...
  GetBestOffers (status=Pending)...
  Found 0 pending offer(s)
  Decisions: accept=0  decline=0  counter=0  leave=0  uplift≈$0.00

  Nothing to do — inbox empty.
  Inbox:  /Users/jason.chletsos/Documents/GitHub/jason_chletsos_ebay_lots/docs/best_offer_inbox.html
========== watchers_offer_agent ==========
  Patrick Ewing (Watchers Offer) reporting in.
  Fetching access token + active listings...
  Fetched 1335 listings across 7 page(s)
  Loaded 1335 active listings · 196 sold history records
  Fetching watcher counts (Trading API GetMyeBaySelling)...
  Got watcher counts for 1335 listings (59 with ≥1 watcher)

  Plan summary: 17 to send · 1276 no-watchers · 42 blocked · expected uplift $8.22

  Dry run only. Re-run with --apply to send offers.
  Report: /Users/jason.chletsos/Documents/GitHub/jason_chletsos_ebay_lots/docs/watchers.html
========== buyer_watchlist_agent ==========
  John Starks (Buyer Watchlist) reporting in.
  → Jaxson Dart (Giants)
  → Cam Skattebo (Giants)
  → Saquon Barkley (Eagles)
  → Marvel's Punisher (Marvel)
  → Marvel's Wolverine (Marvel)
  Players: 5  ·  Listings scanned: 1243  ·  Deals: 405
  Plan:   /Users/jason.chletsos/Documents/GitHub/jason_chletsos_ebay_lots/output/buyer_watchlist_plan.json
  Report: /Users/jason.chletsos/Documents/GitHub/jason_chletsos_ebay_lots/docs/collect.html
========== top_sellers_agent ==========
  Wayne Gretzky (Top Sellers) reporting in.
  -> DCSports87
  -> COMC
  -> Greg Morris Cards
  -> Burbank Sports Cards
  -> Probstein123
  -> 4 Sharp Corners
  -> Remember When Sports Cards
  Sellers: 7  ·  Listings indexed: 10
  Plan:   /Users/jason.chletsos/Documents/GitHub/jason_chletsos_ebay_lots/output/top_sellers_plan.json
  Report: /Users/jason.chletsos/Documents/GitHub/jason_chletsos_ebay_lots/docs/top_sellers.html
========== under_10_agent ==========
  Jeremy Lin (Under $10) reporting in.
  -> Vintage Sports Holos
  -> Modern Rookie Cards (sports)
  -> Loose Pokemon Boosters
  -> Pokemon Singles Under $10
  -> Graded Cards Under $10
  -> Jaxson Dart (under $10)
  -> Cam Skattebo (under $10)
  -> Saquon Barkley (under $10)
  -> Marvel's Punisher (under $10)
  -> Marvel's Wolverine (under $10)
  -> Pikachu (under $10)
  -> Charizard (under $10)
  -> Mew (under $10)
  -> Mewtwo (under $10)
  -> Eevee (under $10)
  Buckets: 15  ·  Listings: 417
  Plan:   /Users/jason.chletsos/Documents/GitHub/jason_chletsos_ebay_lots/output/under_10_plan.json
  Report: /Users/jason.chletsos/Documents/GitHub/jason_chletsos_ebay_lots/docs/under_10.html
========== vault_eligibility ==========
/Users/jason.chletsos/.pyenv/versions/3.12.11/bin/python3: can't open file '/Users/jason.chletsos/Documents/GitHub/jason_chletsos_ebay_lots/vault_eligibility.py': [Errno 2] No such file or directory
  [agent error/timeout — continuing]
========== pokemon_news_agent ==========
  Tiki Barber (Pokémon News) reporting in.
  -> Monochrome BWR: Reshiram & Zekrom
  -> Mega Brave
  -> Mega Symphonia
  -> Destined Rivals
  -> Black Bolt & White Flare
  -> Journey Together
  -> Prismatic Evolutions
  -> Surging Sparks
  Sets: 8  ·  Listings: 27  ·  Pre-orders: 3
  Plan:   /Users/jason.chletsos/Documents/GitHub/jason_chletsos_ebay_lots/output/pokemon_news_plan.json
  Report: /Users/jason.chletsos/Documents/GitHub/jason_chletsos_ebay_lots/docs/pokemon_news.html
========== orders_watch_agent ==========
  Mark Messier (Orders Watch) reporting in.
  Getting eBay access token...
  Fetching most recent 50 orders (last 30 days)...
  Got 50 order row(s).

  Today        : $0.00 across 0 order(s)
  7-day total  : $0.00
  30-day total : $460.14
  Rows in plan : 50

  Plan:   /Users/jason.chletsos/Documents/GitHub/jason_chletsos_ebay_lots/output/orders_watch_plan.json
  Live:   /Users/jason.chletsos/Documents/GitHub/jason_chletsos_ebay_lots/docs/orders_watch_plan.json
  Page:   /Users/jason.chletsos/Documents/GitHub/jason_chletsos_ebay_lots/docs/orders_watch.html
========== site_health_agent ==========
  Luc Robitaille (Site Health) reporting in.
  Site health check @ 2026-06-19 16:05 UTC

  Checking Site Index... OK
  Checking Key Pages... OK
  Checking Snapshot Freshness... OK
  Checking Daily Freshness... WARN
  Checking Lambda Health... OK
  Checking Ebay Token... OK
  Checking Plan Freshness... WARN
  Checking Listing Count... OK
  Checking Sold History... OK

  CHECK                   STATUS  DETAIL
  --------------------------------------
  GitHub Pages index      GREEN   HTTP 200 — https://fivetran-jasonchletsos.github.io/jason_chletsos_ebay_lots/index.html
  Key pages               GREEN   daily, browse, deals — all 200
  Snapshot freshness      GREEN   0.4h old
  Daily digest freshness  YELLOW  16.3h old — run daily_digest_agent.py
  Lambda /health          GREEN   HTTP 200 — https://jw0hur2091.execute-api.us-east-1.amazonaws.com/health
  eBay OAuth token        GREEN   valid — sell/account ping HTTP 400
  Plan file freshness     YELLOW  stale: browse_index_plan.json (273h)
  Active listing count    GREEN   1292 listings (15.6% change from 1118)
  Sold history            GREEN   last sale 0.7d ago (2026-06-18)

  Report JSON: /Users/jason.chletsos/Documents/GitHub/jason_chletsos_ebay_lots/output/site_health_report.json
  Report HTML: /Users/jason.chletsos/Documents/GitHub/jason_chletsos_ebay_lots/docs/health.html

  Overall: All checks passed.
========== daily_digest_agent ==========
  Bob Murphy (Daily Digest) reporting in.
  Daily digest @ 2026-06-19 16:06 UTC
  Yesterday: $19.20 on 6 order(s)
  7-day: $384.89 | 30-day: $1,029.79
  Active: 1292 | Watchers: 0 | Offers pending: 0 | Msgs: 0
  TODO items: 1
  Wrote /Users/jason.chletsos/Documents/GitHub/jason_chletsos_ebay_lots/docs/daily.html
DRYRUN DONE Fri Jun 19 12:06:02 EDT 2026
