========== inventory_agent ==========
  Inventory: 1443 cards loaded  (1443 ready, 0 need photos)
  Plan:   /Users/jason.chletsos/Documents/GitHub/jason_chletsos_ebay_lots/output/inventory_plan.json
  Report: /Users/jason.chletsos/Documents/GitHub/jason_chletsos_ebay_lots/docs/inventory.html
========== cassini_score_agent ==========
  Henrik Lundqvist (Cassini Score) reporting in.

  Cassini score: green=0  yellow=0  red=1398  avg=23.7  (n=1398)
  Biggest mover: +0 -> 15 · 307008900021 2026 Garrett Nussmeier 5 Card Draw Wild Card RC 1/2 Silver H

  Top 3 RED rescue candidates (by price):
    $175.99  score=20  307005063457  2025 Topps Signature Class Joe Burrow Fluidity Clear SS
    $ 99.99  score=20  307010502095  2025 Topps Signature Class Dak Prescott Roses Acetate S
    $ 96.79  score=20  307005018631  2025 Topps Signature Class Omarion Hampton First Class 

  Report: /Users/jason.chletsos/Documents/GitHub/jason_chletsos_ebay_lots/docs/cassini.html
  Plan:   /Users/jason.chletsos/Documents/GitHub/jason_chletsos_ebay_lots/output/cassini_score_plan.json
  Snap:   /Users/jason.chletsos/Documents/GitHub/jason_chletsos_ebay_lots/output/cassini_score_snapshot.json
========== photo_audit_agent ==========
  Walt "Clyde" Frazier (Photo Audit) reporting in.
  Capping audit at 200 of 1398 listings
  Getting eBay access token...
  Auditing photos for 200 listings...
    [10/200]  306951588245  POOR    2 photos  pri=4.86
    [20/200]  306953377589  POOR    2 photos  pri=16.25
    [30/200]  306953932686  POOR    2 photos  pri=6.48
    [40/200]  306955916587  POOR    2 photos  pri=3.23
    [50/200]  306956213135  POOR    2 photos  pri=4.86
    [60/200]  306956583122  POOR    2 photos  pri=3.25
    [70/200]  306956771456  POOR    2 photos  pri=5.25
    [80/200]  306956953500  POOR    2 photos  pri=3.23
    [90/200]  306958873698  POOR    2 photos  pri=5.88
    [100/200]  306960323710  SEVERE  1 photos  pri=5.17
    [110/200]  306961913158  SEVERE  1 photos  pri=6.88
    [120/200]  306962126602  SEVERE  1 photos  pri=6.88
    [130/200]  306904174454  SEVERE  1 photos  pri=9.18
    [140/200]  306913790653  SEVERE  1 photos  pri=11.48
    [150/200]  306914500757  SEVERE  1 photos  pri=4.58
    [160/200]  306985879757  POOR    2 photos  pri=6.91
    [170/200]  306993277556  SEVERE  1 photos  pri=6.9
    [180/200]  306993344341  SEVERE  1 photos  pri=9.2
    [190/200]  306993358686  SEVERE  1 photos  pri=9.2
    [200/200]  306993395590  SEVERE  1 photos  pri=9.18

  Severity tally: 99 severe · 98 poor · 2 ok · 1 good

  Top reshoot priorities:
    #1  306913934898  SEVERE pri=    69.0  $ 14.99  20 Warren Moon Cards Oilers Vikings
    #2  306954025783  POOR   pri=    40.6  $  1.99  2025 Bowman University Chrome - Reggie Virgil #164 Green Shi
    #3  306960252436  SEVERE pri=    35.4  $  1.99  2025 Panini Absolute - Drake Maye #79

  Report: /Users/jason.chletsos/Documents/GitHub/jason_chletsos_ebay_lots/docs/photo_audit.html
  JSON:   /Users/jason.chletsos/Documents/GitHub/jason_chletsos_ebay_lots/output/photo_audit.json
========== price_consistency_agent ==========
  David Wright (Price Consistency) reporting in.
  Loading live prices from eBay GetMyeBaySelling...
  Fetched 1394 listings across 7 page(s)
  Live listings: 1391
  DRIFT DETECTED: 429 occurrences across 427 items.
  Full report: /Users/jason.chletsos/Documents/GitHub/jason_chletsos_ebay_lots/output/price_consistency_report.json
  Admin page:  /Users/jason.chletsos/Documents/GitHub/jason_chletsos_ebay_lots/docs/price_consistency.html
    docs/by_player.html: 306985879757 rendered $5.99 vs live $4.67
    docs/by_player.html: 306998583035 rendered $12.99 vs live $10.13
    docs/items/306962001495.html: 306962001495 rendered $5.99 vs live $4.67
    docs/items/306984769329.html: 306984769329 rendered $6.99 vs live $5.45
    docs/items/306984864600.html: 306984864600 rendered $5.99 vs live $4.67
    docs/items/306984867488.html: 306984867488 rendered $4.99 vs live $3.89
    docs/items/306985879757.html: 306985879757 rendered $5.99 vs live $4.67
    docs/items/306989643227.html: 306989643227 rendered $12.34 vs live $9.63
    docs/items/306990504883.html: 306990504883 rendered $7.99 vs live $6.23
    docs/items/306992907206.html: 306992907206 rendered $18.99 vs live $14.81
========== price_drops_agent ==========
  Mike Richter (Price Drops) reporting in.
[snapshot] 421 tracked listings across 7 plan files
[diff] drops=1 new=10 gone=13 (prior=424, current=421)
[top drop] '360Pcs Pokemon Cards Prismatic Evolutions Booster Card Box K' $15.99 -> $14.99 (6.25%)
[wrote] /Users/jason.chletsos/Documents/GitHub/jason_chletsos_ebay_lots/output/price_drops_snapshot.json
[wrote] /Users/jason.chletsos/Documents/GitHub/jason_chletsos_ebay_lots/output/price_drops_plan.json
[wrote] /Users/jason.chletsos/Documents/GitHub/jason_chletsos_ebay_lots/docs/price_drops.html
========== card_price_agent ==========
Pricing 378 listings (of 1398 total). Rate: 1 req/sec.
Estimated runtime: ~794s (2 API calls each).

[1/378] 307007562561  2025 Panini Rookies Stars Tyler Warren RC Indianapolis Colts Football
    → Tyler Warren [Stars] #21 · raw $3.37 · conf 0.49
[2/378] 307007563064  2025 Panini Select Jaylen Waddle Concourse Miami Dolphins Football
    → low conf (0.61): Jaylen Waddle #37
[3/378] 307007563260  2025 Panini Select Mykel Williams Club Level RC San Francisco 49ers Fo
    → Mykel Williams [Teal Levels] #231 · raw $2.99 · conf 0.74
[4/378] 307007563691  2025 Panini Phoenix Tyler Warren RC Indianapolis Colts Football
    → Tyler Warren #2 · raw $192.51 · conf 0.56
[5/378] 307007564620  2025 Panini Select Harold Fannin Jr Field Level RC Cleveland Browns Fo
    → low conf (0.85): Harold Fannin Jr. #9
[6/378] 307007564949  2025 Panini Mosaic DK Metcalf Elevate Pittsburgh Steelers Football
    → DK Metcalf #20 · raw $1.57 · conf 0.61
[7/378] 307007565168  2025 Panini Select Kyle Williams Concourse RC New England Patriots Foo
    → Kyle Williams #RSI-KWS · raw $8.00 · conf 0.62
[8/378] 307007565594  2025 Panini Select Kyle Williams Future RC New England Patriots Footba
    → Kyle Williams #16 · raw $1.49 · conf 0.64
[9/378] 307007565844  2025 Panini Mosaic Mason Graham RC Cleveland Browns Football
    → Mason Graham #13 · raw $4.12 · conf 0.61
[10/378] 307007566268  2025 Panini Phoenix Kyle Williams RC New England Patriots Football
    → Kyle Williams #25 · raw $14.77 · conf 0.56
[11/378] 307007566848  2025 Panini Select Matthew Golden Silver Prizm RC Green Bay Packers Fo
    → Matthew Golden [Silver Prizm] #66 · raw $1.25 · conf 0.80
[12/378] 307007566968  2025 Panini Prizm Draft Picks Tyler Warren RC Indianapolis Colts Footb
    → Drew Allar / Tyler Warren #7 · raw $177.25 · conf 0.50
[13/378] 307007567600  2025 Panini Score Kyle Williams Rookie RC New England Patriots Footbal
    → low conf (0.80): Kyle Williams [New Era] #23
[14/378] 307007568198  2025 Panini Phoenix Harold Fannin Jr Crystal RC Cleveland Browns Footb
    → Harold Fannin Jr. [Phoenix] #217 · raw $4.17 · conf 0.62
[15/378] 307007568353  2025 Panini Rookies Stars Kyle Williams RC New England Patriots Footba
    → Kyle Williams [Stars] #57 · raw $2.00 · conf 0.51
[16/378] 307007568591  2025 Panini Score Harold Fannin Jr Rookie RC Cleveland Browns Football
    → Harold Fannin Jr. #4 · raw $1.65 · conf 0.90
[17/378] 307007568704  2025 Panini Phoenix Harold Fannin Jr RC Cleveland Browns Football
    → Harold Fannin Jr. [Phoenix] #217 · raw $4.17 · conf 0.62
[18/378] 307007568814  2025 Panini Prizm Draft Picks Harold Fannin Jr RC Cleveland Browns Foo
    → Harold Fannin Jr. #3 · raw $2.00 · conf 0.44
[19/378] 307007764296  2025 Panini Phoenix Arik Armstead Jacksonville Jaguars Football
    → Arik Armstead [Phoenix] #46 · raw $0.99 · conf 0.64
[20/378] 307007764338  2025 Panini Select Josh Allen Turbocharged Buffalo Bills Football
    → Josh Allen #86 · raw $1.50 · conf 0.57
[21/378] 307007764389  2025 Panini Phoenix CJ Stroud Houston Texans Football
    → C.J. Stroud #19 · raw $1.17 · conf 0.50
[22/378] 307007764421  2025 Panini Select Travis Hunter Club Level RC Jacksonville Jaguars Fo
    → Travis Hunter [Gold Levels] #242 · raw $3.15 · conf 0.73
[23/378] 307007764482  2025 Panini Select CJ Stroud Suite Level Houston Texans Football
    → C.J. Stroud #34 · raw $1.90 · conf 0.60
[24/378] 307007764619  2025 Panini Select Josh Allen Turbocharged Bills Football
    → Josh Allen #86 · raw $1.50 · conf 0.57
[25/378] 307007764708  2025 Panini Phoenix Josh Jacobs Green Bay Packers Football
    → Josh Jacobs [Phoenix] #5 · raw $1.62 · conf 0.63
[26/378] 307007764993  2025 Panini Select Brock Purdy Numbers San Francisco 49ers Football
    → Brock Purdy #117 · raw $1.46 · conf 0.61
[27/378] 307007765043  2024 Panini Select Jayden Daniels Future RC Washington Commanders Foot
    → Jayden Daniels #4 · raw $1.25 · conf 0.66
[28/378] 307007765170  2025 Panini Select Patrick Mahomes Turbocharged Kansas City Chiefs Foo
    → Patrick Mahomes II #6 · raw $2.18 · conf 0.59
[29/378] 307007765217  2025 Panini Select Tetairoa McMillan Concourse RC Carolina Panthers Fo
    → low conf (0.63): Tetairoa McMillan [Cosmic] #44
[30/378] 307007765272  2025 Panini Phoenix Cam Ward RC Tennessee Titans Football
    → Cam Ward [Phoenix] #194 · raw $25.00 · conf 0.58
[31/378] 307007765313  2025 Panini Mosaic Kyle Williams RC New England Patriots Football
    → low conf (0.75): Kyle Williams [New Era] #23
[32/378] 307007765366  2025 Panini Select Patrick Mahomes Turbocharged Chiefs Football
    → Patrick Mahomes II #6 · raw $2.18 · conf 0.59
[33/378] 307007765430  2025 Panini Select Josh Allen Concourse Buffalo Bills Football
    → Josh Allen #9 · raw $1210.97 · conf 0.60
[34/378] 307007765491  2025 Panini Mosaic Tyler Warren RC Indianapolis Colts Football
    → low conf (0.78): Tyler Warren Indianapolis Colts #39
[35/378] 307007765813  2025 Panini Donruss Optic Tetairoa McMillan Rated Rookie RC Panthers F
    → Tetairoa McMillan [Ice] #7 · raw $36.39 · conf 0.75
[36/378] 307007765858  2025 Panini Donruss Optic Myles Garrett Stars Cleveland Browns Footbal
    → Myles Garrett [Stars] #158 · raw $1.44 · conf 0.88
[37/378] 307007765912  2025 Panini Select Luther Burden III Future RC Chicago Bears Football
    → Luther Burden III #2 · raw $1.90 · conf 0.86
[38/378] 307007765944  2025 Panini Donruss Optic Omarion Hampton Phenom RC Relic Chargers Foo
    → Omarion Hampton #RPBH-OHN · raw $1.99 · conf 0.71
[39/378] 307007765981  2025 Panini Donruss Optic Tyler Warren Rated Rookie RC Colts Football
    → Tyler Warren #16 · raw $1.11 · conf 0.74
[40/378] 307007766032  2025 Panini Select Caleb Williams Turbocharged Chicago Bears Football
    → Caleb Williams #4 · raw $2.34 · conf 0.61
[41/378] 307007766063  2025 Panini Select Omarion Hampton Draft Selections RC Relic Chargers 
    → Omarion Hampton #DSM-OHN · raw $2.99 · conf 0.64
[42/378] 307009648554  2025 Panini Phoenix Brock Purdy San Francisco 49ers Football
    → Brock Purdy [Phoenix] #33 · raw $5.99 · conf 0.62
[43/378] 307009648593  2025 Panini Donruss Optic Omarion Hampton Rated Rookie RC Chargers Foo
    → Omarion Hampton [Ice] #8 · raw $22.52 · conf 0.74
[44/378] 307009648635  2025 Panini Donruss Optic Harold Fannin Jr Rated Rookie RC Browns Foot
    → Harold Fannin Jr. #284 · raw $1.37 · conf 0.88
[45/378] 307009648719  2025 Panini Donruss Optic CJ Stroud Houston Texans Football
    → C.J. Stroud [Holo] #162 · raw $1.00 · conf 0.64
[46/378] 307009648753  2025 Panini Donruss Optic Joe Burrow Passing Grade Cincinnati Bengals 
    → Joe Burrow #6 · raw $0.99 · conf 0.67
[47/378] 307009648804  2025 Panini Donruss Optic Caleb Williams Chicago Bears Football
    → Caleb Williams #8 · raw $1.59 · conf 0.70
[48/378] 307009648853  2025 Panini Donruss Optic Shedeur Sanders Rookie Recruits RC Browns Fo
    → Shedeur Sanders #20 · raw $1.32 · conf 0.73
[49/378] 307009648915  2025 Panini Donruss Optic Mason Graham Blue Rated Rookie RC Browns Foo
    → Mason Graham [Blue] #206 · raw $1.99 · conf 0.87
[50/378] 307009649363  2025 Panini Donruss Optic Mason Graham Rated Rookie RC Cleveland Brown
    → Mason Graham #RPA-MGM · raw $25.00 · conf 0.75
[51/378] 307009649401  2025 Panini Donruss Optic Will Johnson Blue Rated Rookie RC Cardinals 
    → Will Johnson [Blue] #247 · raw $2.80 · conf 0.87
[52/378] 307009649428  2025 Panini Donruss Optic Emeka Egbuka Blue Rated Rookie RC Buccaneers
    → Emeka Egbuka [Blue] #265 · raw $2.45 · conf 0.87
[53/378] 307009649511  2025 Panini Donruss Optic Colston Loveland Red RC Chicago Bears Footba
    → Colston Loveland [Red] #204 · raw $17.14 · conf 0.88
[54/378] 307009649529  2025 Panini Donruss Optic Brock Purdy Red San Francisco 49ers Football
    → Brock Purdy [Red] #38 · raw $11.88 · conf 0.88
[55/378] 307009649551  2025 Panini Donruss Optic Travis Hunter Rated Rookie RC Jaguars Footba
    → Travis Hunter [Ice] #3 · raw $11.24 · conf 0.73
[56/378] 307009649582  2025 Panini Donruss Optic Mykel Williams Rated Rookie RC 49ers Footbal
    → Mykel Williams #RPA-MWS · raw $13.55 · conf 0.76
[57/378] 307009712217  2025 Panini Optic Dillon Gabriel First Year Fresh RC Relic Browns Foot
    → Dillon Gabriel #FYFBH-DGL · raw $0.99 · conf 0.63
[58/378] 307009712327  2025 Panini Donruss Optic Will Johnson Rated Rookie RC Arizona Cardina
    → Will Johnson [Red] #247 · raw $3.14 · conf 0.70
[59/378] 307009712568  2025 Panini Phoenix Caleb Williams Chicago Bears Football
    → Caleb Williams [Phoenix] #11 · raw $10.85 · conf 0.65
[60/378] 307009713187  2025 Panini Optic Shedeur Sanders Light It Up RC Cleveland Browns Foot
    → Shedeur Sanders #8 · raw $0.99 · conf 0.67
[61/378] 307009713544  2025 Panini Donruss Optic Kyle Williams Rated Rookie RC Patriots Footb
    → Kyle Williams #RPA-KWS · raw $10.00 · conf 0.75
[62/378] 307009713803  2025 Panini Donruss Optic Colston Loveland Rated Rookie RC Bears Footb
    → Colston Loveland [Ice] #10 · raw $41.33 · conf 0.74
[63/378] 307009713909  2025 Panini Donruss Optic Dillon Gabriel Rated Rookie RC Cleveland Bro
    → Dillon Gabriel #RPBH-DGL · raw $0.99 · conf 0.75
[64/378] 307009714331  2025 Panini Prizm Josh Allen Fractal Buffalo Bills Football
    → Josh Allen #14 · raw $1.59 · conf 0.61
[65/378] 307009714435  2025 Panini Donruss Optic Will Johnson Red Rated Rookie RC Cardinals F
    → Will Johnson [Red] #247 · raw $3.14 · conf 0.87
[66/378] 307009714529  2025 Panini Donruss Optic Mason Graham Red Rated Rookie RC Browns Foot
    → Mason Graham [Red] #206 · raw $1.25 · conf 0.87
[67/378] 307009714561  2025 Panini Donruss Optic Emeka Egbuka Rated Rookie RC Buccaneers Foot
    → Emeka Egbuka #5 · raw $112.50 · conf 0.76
[68/378] 307009714604  2025 Panini Donruss Optic Lamar Jackson Purple Baltimore Ravens Footba
    → Lamar Jackson [Purple] #80 · raw $29.99 · conf 0.89
[69/378] 307009714744  2025 Panini Donruss Optic Jayden Daniels Commanders Football
    → Jayden Daniels [Orange] #23 · raw $4.25 · conf 0.68
[70/378] 307009714914  2025 Panini Phoenix Drake Maye Paragon New England Patriots Football
    → Drake Maye [Phoenix] #111 · raw $16.42 · conf 0.61
[71/378] 307009714978  2025 Panini Donruss Optic Cameron Heyward Chain Reaction Steelers Foot
    → Cameron Heyward #1 · raw $1.50 · conf 0.72
[72/378] 307009715067  2025 Panini Donruss Optic Riley Leonard Blue Rated Rookie RC Colts Foo
    → Riley Leonard [Blue] #255 · raw $3.95 · conf 0.88
[73/378] 307009715129  2025 Panini Donruss Optic KeAndre Lambert-Smith Blue RC Chargers Footb
    → KeAndre Lambert-Smith [Blue] #271 · raw $1.84 · conf 0.90
[74/378] 307009715174  2025 Panini Donruss Optic DeVon Achane Chain Reaction Miami Dolphins F
    → De'Von Achane #3 · raw $0.99 · conf 0.69
[75/378] 307009715241  2025 Panini Donruss Optic Tre Harris Blue Rated Rookie RC Chargers Foo
    → low conf (0.86): Tre Harris [Blue] #229
[76/378] 307009715286  2025 Panini Donruss Optic Pat Bryant Rookie Recruits RC Denver Broncos
    → Pat Bryant #18 · raw $0.99 · conf 0.70
[77/378] 307009715356  2025 Panini Donruss Optic Keon Coleman Josh Allen Best Buddies Bills F
    → Josh Allen / Keon Coleman #13 · raw $1.00 · conf 0.75
[78/378] 307009715448  2025 Panini Donruss Optic RJ Harvey Green Rated Rookie RC Broncos Foot
    → RJ Harvey [Green] #208 · raw $1.50 · conf 0.86
[79/378] 307009715678  2025 Panini Donruss Optic Howie Long Orange 37/79 Raiders Football
    → Howie Long [Orange] #115 · raw $2.05 · conf 0.87
[80/378] 307009715733  2025 Panini Donruss Optic Jaylin Lane Green Rated Rookie RC Commanders
    → low conf (0.87): Jaylin Lane [Green] #249
[81/378] 307009715800  2025 Panini Donruss Optic Devin Neal Blue Rated Rookie RC Saints Footb
    → Devin Neal [Blue] #282 · raw $0.22 · conf 0.86
[82/378] 307009715866  2025 Panini Donruss Optic Jimmy Horn Jr Green Rated Rookie RC Panthers
    → Jimmy Horn Jr. #281 · raw $0.99 · conf 0.87
[83/378] 307009715912  2025 Panini Donruss Optic Trey Amos Green Rated Rookie RC Commanders F
    → Trey Amos [Green] #267 · raw $5.00 · conf 0.86
[84/378] 307009715950  2025 Panini Donruss Optic James Pearce Jr Blue Rated Rookie RC Falcons
    → James Pearce Jr. #240 · raw $1.24 · conf 0.88
[85/378] 307009716044  2025 Panini Donruss Optic Jackson Hawes Blue Rated Rookie RC Bills Foo
    → Jackson Hawes [Blue] #224 · raw $5.00 · conf 0.88
[86/378] 307009716113  2025 Panini Donruss Optic Tai Felton Green Rated Rookie RC Vikings Foo
    → Tai Felton [Green] #239 · raw $2.25 · conf 0.87
[87/378] 307010000228  2025 Panini Donruss Threads Christian McCaffrey Relic 49ers Football
    → Christian McCaffrey #DTH-CMY · raw $3.35 · conf 0.61
[88/378] 307010000372  2025 Panini Prizm Malaki Starks Rookie Gear RC Jersey Relic Ravens Foo
    → Malaki Starks #RGR-MSS · raw $1.20 · conf 0.71
[89/378] 307010000442  2025 Panini Optic Mason Taylor First Year Fresh RC Relic Jets Football
    → Mason Taylor #FYFBH-MTR · raw $1.15 · conf 0.64
[90/378] 307010000478  2025 Panini Prizm Shemar Stewart Rookie Gear RC Jersey Relic Bengals F
    → Shemar Stewart #RGR-SST · raw $1.54 · conf 0.71
[91/378] 307010000508  2025 Panini Prizm Marshall Faulk Purple Indianapolis Colts Football
    → Marshall Faulk [Purple] #75 · raw $3.27 · conf 0.84
[92/378] 307010000636  2025 Panini Prizm Brashard Smith Purple RC Kansas City Chiefs Football
    → Brashard Smith [Purple] #110 · raw $2.00 · conf 0.84
[93/378] 307010000747  2025 Panini Prizm Pat Bryant Purple RC Denver Broncos Football
    → Pat Bryant [Purple] #35 · raw $1.68 · conf 0.83
[94/378] 307010000924  2025 Panini Prizm Jamien Sherwood Purple New York Jets Football
    → low conf (0.84): Jamien Sherwood [Purple] #221
[95/378] 307010001037  2025 Panini Prizm James Conner Purple Arizona Cardinals Football
    → James Conner [Purple] #171 · raw $3.25 · conf 0.83
[96/378] 307010502095  2025 Topps Signature Class Dak Prescott Roses Acetate SSP Dallas Cowbo
    → low conf (0.37): Dak Prescott [Blue Chrome Autograph] #15
[97/378] 307010509391  2025 Panini Prizm Tyreek Hill Purple Miami Dolphins Football
    → Tyreek Hill [Purple] #249 · raw $1.00 · conf 0.83
[98/378] 307010509414  2025 Panini Prizm Emeka Egbuka Purple RC Tampa Bay Buccaneers Football
    → Emeka Egbuka [Purple] #85 · raw $12.00 · conf 0.84
[99/378] 307010509434  2025 Panini Prizm Will Johnson Purple RC Arizona Cardinals Football
    → Will Johnson [Purple] #60 · raw $5.62 · conf 0.84
[100/378] 307010509456  2025 Panini Prizm Luther Burden III Emergent RC Chicago Bears Football
    → Luther Burden III #7 · raw $1.89 · conf 0.86
[101/378] 307010509473  2025 Panini Prizm Tyler Booker Purple RC Dallas Cowboys Football
    → low conf (0.84): Tyler Booker [Purple] #12
[102/378] 307010509530  2025 Panini Prizm Chase Brown Purple Cincinnati Bengals Football
    → Chase Brown [Purple] #130 · raw $10.63 · conf 0.83
[103/378] 307010509576  2025 Panini Prizm Terrance Ferguson Purple RC Los Angeles Rams Footbal
    → Terrance Ferguson [Purple] #99 · raw $3.04 · conf 0.85
[104/378] 307010509616  2025 Panini Prizm LJarius Sneed Purple Tennessee Titans Football
    → low conf (0.68): L'Jarius Sneed [Purple] #24
[105/378] 307010509763  2024 Panini Select CJ Stroud Houston Texans Football
    → C.J. Stroud #9 · raw $1.28 · conf 0.59
[106/378] 307010509927  2025 Topps Signature Class Puka Nacua Round 5 Pick 42 Los Angeles Rams
    → low conf (0.36): Puka Nacua #33
[107/378] 307010509999  2024 Panini Select George Kittle Club Level San Francisco 49ers Footba
    → George Kittle #3 · raw $1.08 · conf 0.66
[108/378] 307010510049  2025 Topps Signature Class George Kittle Round 5 San Francisco 49ers F
    → Paul George #R-10 · raw $89.99 · conf 0.48
[109/378] 307010510112  2025 Topps Signature Class Omarion Hampton RC Round 1 Pick 22 Los Ange
    → low conf (0.40): Omarion Hampton #109
[110/378] 307010510178  2024 Panini Select Caleb Williams Numbers RC Chicago Bears Football
    → Caleb Williams #19 · raw $1.81 · conf 0.64
[111/378] 307010510265  2025 Topps Signature Class Ja'Marr Chase Round 1 Pick 5 Cincinnati Ben
    → Ja'Marr Chase #12 · raw $1.75 · conf 0.41
[112/378] 307010510300  2025 Topps Signature Class Tyreek Hill Round 5 Pick 26 Miami Dolphins 
    → low conf (0.40): Tyreek Hill #86
[113/378] 307010510321  2025 Topps Signature Class Shedeur Sanders RC Round 1 Pick 5 Cleveland
    → low conf (0.40): Shedeur Sanders #S-9
[114/378] 307010510400  2025 Topps Signature Class Emeka Egbuka RC Round 1 Pick 19 Tampa Bay B
    → low conf (0.40): Baker Mayfield / Emeka Egbuka #PP-9
[115/378] 307010510469  2025 Topps Signature Class Brian Thomas Jr RC Round 1 Pick 23 Jacksonv
    → low conf (0.37): Brian Burns #CI-3
[116/378] 307010510713  2025 Topps Signature Class Jayden Daniels RC Round 1 Pick 2 Washington
    → Terry McLaurin / Jayden Daniels #PP-16 · raw $2.00 · conf 0.45
[117/378] 307010510884  2025 Topps Signature Class Justin Jefferson Round 1 Pick 22 Minnesota 
    → low conf (0.39): Ladd McConkey / Justin Herbert #PP-10
[118/378] 307010510939  2025 Topps Signature Class Ashton Jeanty RC Round 1 Pick 6 Las Vegas R
    → low conf (0.39): Ashton Jeanty #102
[119/378] 307010510968  2025 Topps Signature Class Jackson Hawes RC Auto /100 Buffalo Bills Fo
    → Lamar Jackson #5 · raw $1.99 · conf 0.48
[120/378] 307010510980  2025 Topps Signature Class Zach Ertz Teal 225/225 Washington Commander
    → low conf (0.36): Zach Edey #23
[121/378] 307010510998  2025 Topps Signature Class Class Action Jayden Daniels RC Washington C
    → Vince Carter #AR-10 · raw $21.90 · conf 0.43
[122/378] 307010511056  2025 Topps Signature Class The Pick George Kittle San Francisco 49ers 
    → Tetairoa McMillan #TP-5 · raw $2.85 · conf 0.42
[123/378] 307010511103  2025 Topps Signature Class Tony Pollard Fractal 118/275 Tennessee Tita
    → low conf (0.35): Tony Pollard #54
[124/378] 307010511123  2025 Topps Signature Class Total Touchdowns Josh Jacobs Green Bay Pack
    → low conf (0.44): Trey Amos [Autograph] #156
[125/378] 307010511139  2025 Topps Signature Class The Pick Malaki Starks RC Baltimore Ravens 
    → Tetairoa McMillan #TP-5 · raw $2.85 · conf 0.42
[126/378] 307010511154  2025 Topps Signature Class In Session Marvin Harrison Jr RC Arizona Ca
    → low conf (0.44): Clint Capela [Bronze] #48
[127/378] 307010511188  2025 Topps Signature Class CeeDee Lamb Round 1 Pick 17 Dallas Cowboys 
    → low conf (0.40): CeeDee Lamb #16
[128/378] 307010511252  2024 Panini Select Justin Jefferson Numbers Minnesota Vikings Football
    → Justin Jefferson #1 · raw $1.27 · conf 0.66
[129/378] 307010511440  2024 Panini Select Josh Allen Turbocharged Buffalo Bills Football
    → Josh Allen #18 · raw $1.25 · conf 0.57
[130/378] 307010511674  2025 Topps Signature Class Drake Maye RC Round 1 Pick 3 New England Pa
    → low conf (0.38): Drake Maye #38
[131/378] 307010511832  2025 Panini Donruss Optic George Kittle San Francisco 49ers Football
    → George Kittle #48 · raw $1.40 · conf 0.72
[132/378] 307010512078  2024 Panini Select Brock Purdy Numbers San Francisco 49ers Football
    → Brock Purdy #22 · raw $1.49 · conf 0.62
[133/378] 307010512244  2025 Panini Donruss Optic Myles Garrett Cleveland Browns Football
    → Myles Garrett #13 · raw $1.58 · conf 0.67
[134/378] 307010512457  2024 Panini Select Joe Burrow Turbocharged Cincinnati Bengals Football
    → Joe Burrow #7 · raw $1.27 · conf 0.57
[135/378] 307010512648  2024 Panini Select Jaylen Waddle Miami Dolphins Football
    → Jaylen Waddle #7 · raw $1.62 · conf 0.66
[136/378] 307010512881  2024 Panini Select Willie Gault Auto Chicago Bears Football
    → Willie Gault #30 · raw $10.50 · conf 0.62
[137/378] 307010513031  2024 Panini Select Jayden Daniels RC Washington Commanders Football
    → low conf (0.64): Jayden Daniels [White] #2
[138/378] 307010513456  2024 Panini Select Jaylen Waddle Numbers Miami Dolphins Football
    → Jaylen Waddle #21 · raw $1.11 · conf 0.63
[139/378] 307010514084  2024 Panini Select Derrick Henry Baltimore Ravens Football
    → Derrick Henry #4 · raw $288.09 · conf 0.62
[140/378] 307010514481  2024 Panini Select Josh Allen Buffalo Bills Football
    → Josh Allen #34 · raw $1.02 · conf 0.61
[141/378] 307010514668  2024 Panini Select George Kittle San Francisco 49ers Football
    → George Kittle #3 · raw $1.08 · conf 0.68
[142/378] 307010514842  2024 Panini Select Future CJ Stroud Houston Texans Football
    → C.J. Stroud #9 · raw $1.28 · conf 0.57
[143/378] 307010515237  2024 Panini Select Puka Nacua Numbers Los Angeles Rams Football
    → Puka Nacua #2 · raw $1.09 · conf 0.62
[144/378] 307010515398  2025 Panini Donruss Optic Mason Graham Red Rated Rookie RC Cleveland B
    → Mason Graham [Red] #206 · raw $1.25 · conf 0.87
[145/378] 307010515619  2025 Panini Select Joe Burrow Cincinnati Bengals Football
    → low conf (0.59): Joe Burrow [Cosmic] #57
[146/378] 307010515846  2024 Panini Select Lamar Jackson Turbocharged Baltimore Ravens Footbal
    → Lamar Jackson #3 · raw $1.49 · conf 0.60
[147/378] 307010516049  2024 Panini Select Brian Thomas Jr Numbers Jacksonville Jaguars Footba
    → low conf (0.85): Brian Thomas Jr. #3
[148/378] 307010516270  2024 Panini Select Patrick Mahomes Kansas City Chiefs Football
    → Patrick Mahomes II #9 · raw $1.25 · conf 0.64
[149/378] 307010516479  2025 Topps Signature Class Joe Burrow Round 1 Pick 1 Cincinnati Bengal
    → low conf (0.40): Joe Cribbs #PI-JC
[150/378] 307010516686  2024 Panini Select Tyreek Hill Miami Dolphins Football
    → Tyreek Hill #5 · raw $0.77 · conf 0.65
[151/378] 307010516833  2025 Panini Select CeeDee Lamb Red Blue Dallas Cowboys Football
    → CeeDee Lamb [Red Prizm] #98 · raw $9.19 · conf 0.77
[152/378] 307010517070  2025 Topps Signature Class Paramount Pairings Joe Burrow Ja'Marr Chase
    → low conf (0.42): Cam Skattebo / Jaxson Dart [Magenta] #PP-2
[153/378] 307010517294  2024 Panini Select Lamar Jackson Baltimore Ravens Football
    → low conf (0.61): Lamar Jackson [Tie-Dye] #19
[154/378] 307010517462  2024 Panini Select Select Certified Jayden Daniels RC Washington Comma
    → Jayden Daniels #2 · raw $1.45 · conf 0.61
[155/378] 307010517641  2024 Panini Select Turbocharged CJ Stroud Houston Texans Football
    → C.J. Stroud #10 · raw $1.48 · conf 0.52
[156/378] 307010517811  2024 Panini Select Turbocharged CeeDee Lamb Dallas Cowboys Football
    → CeeDee Lamb #23 · raw $1.27 · conf 0.55
[157/378] 307010518223  2024 Panini Select Patrick Mahomes Numbers Kansas City Chiefs Football
    → Patrick Mahomes II #9 · raw $1.25 · conf 0.63
[158/378] 307010518420  2024 Panini Select Future Jayden Daniels RC Washington Commanders Foot
    → Jayden Daniels #4 · raw $1.25 · conf 0.63
[159/378] 307010518858  2024 Panini Select Tyreek Hill Turbocharged Miami Dolphins Football
    → Tyreek Hill #5 · raw $0.77 · conf 0.58
[160/378] 307010519031  2025 Topps Signature Class Class Icons Emeka Egbuka RC Tampa Bay Bucca
    → Vince Carter #AR-10 · raw $21.90 · conf 0.43
[161/378] 307010519211  2025 Topps Signature Class Sunday Showcase Josh Allen Buffalo Bills Fo
    → low conf (0.43): Jaxson Dart [Red] #SS-1
[162/378] 307010519380  2024 Panini Select Brock Purdy Field Level San Francisco 49ers Footbal
    → low conf (0.62): Brock Purdy [Gold] #24
[163/378] 307010519419  2025 Topps Signature Class Class Icons Roquan Smith Chicago Bears Foot
    → Vince Carter #AR-10 · raw $21.90 · conf 0.43
[164/378] 307010519456  2025 Topps Signature Class Paramount Pairings Justin Herbert Ladd McCo
    → low conf (0.42): Cam Skattebo / Jaxson Dart [Magenta] #PP-2
[165/378] 307010519486  2025 Panini Prizm Brian Thomas Jr Jacksonville Jaguars Football
    → Brian Thomas Jr. #7 · raw $0.99 · conf 0.85
[166/378] 307010519529  2025 Topps Signature Class Sunday Showcase Trevor Lawrence Jacksonvill
    → low conf (0.43): Jaxson Dart [Red] #SS-1
[167/378] 307010519635  2025 Topps Signature Class Paramount Pairings Aaron Rodgers DK Metcalf
    → low conf (0.42): Cam Skattebo / Jaxson Dart [Magenta] #PP-2  [agent error/timeout]
========== repricing_agent ==========
  Keith Hernandez (Repricing) reporting in.
  Getting eBay access token...
  Fetching active listings...
  Fetched 1394 listings across 7 page(s)
  Evaluating 250 of 1394 listings this run (rotating slice from offset 500)
  Fetching market comps...
  Fetching market comps for 250 listings (250 unique queries, parallel)...
  Browse rate limit (429) exhausted — comps skipped this run (falls back to sold_history/pricecharting). Quota resets daily.
  Market comps done — 0 underpriced, 0 overpriced
  Loading sold history...
  Aggregating multi-source pricing...
  Loaded 250 active listings

  Plan summary: 102 to apply · 100 dead-zone · 48 blocked

  Dry run only. Re-run with --apply to push changes.
  Report: /Users/jason.chletsos/Documents/GitHub/jason_chletsos_ebay_lots/docs/repricing.html
========== relist_agent ==========
  Mookie Wilson (Relist) reporting in.
  Getting eBay access token...
  Fetching UnsoldList (last 14 days)...
  Found 200 unsold listing(s).
  [dry-run] would relist 307012274628 as FP at $1.01
  [dry-run] would relist 307010739498 as FP at $5.00
  [dry-run] would relist 307010519560 as FP at $4.00
  [dry-run] would relist 307010518053 as FP at $4.00
  [dry-run] would relist 307010510810 as FP at $4.00
  [dry-run] would relist 307010510755 as FP at $4.00
  [dry-run] would relist 307010520202 as FP at $4.00
  [dry-run] would relist 307010511088 as FP at $4.00
  [dry-run] would relist 307010510516 as FP at $4.00
  [dry-run] would relist 307010510648 as FP at $3.00
  [dry-run] would relist 307010514283 as FP at $4.00
  [dry-run] would relist 307009714694 as FP at $4.00
  [dry-run] would relist 307010707293 as FP at $3.00
  [dry-run] would relist 307009713696 as FP at $3.00
  [dry-run] would relist 307009714635 as FP at $4.00
  [dry-run] would relist 307007765769 as FP at $5.00
  [dry-run] would relist 307007566085 as FP at $3.00
  [dry-run] would relist 307007567232 as FP at $4.00
  [dry-run] would relist 307007566712 as FP at $3.00
  [dry-run] would relist 307007766125 as FP at $4.00
  [dry-run] would relist 307007764552 as FP at $4.00
  [dry-run] would relist 307007559510 as FP at $5.00
  [dry-run] would relist 307007567104 as FP at $4.00
  [dry-run] would relist 307007567370 as FP at $4.00
  [dry-run] would relist 307007568914 as FP at $2.00
  [dry-run] would relist 307007569133 as FP at $4.00
  [dry-run] would relist 307007567753 as FP at $5.00
  [dry-run] would relist 307007567470 as FP at $3.00
  [dry-run] would relist 307007562785 as FP at $3.00
  [dry-run] would relist 307007323069 as FP at $4.00
  [dry-run] would relist 307007323007 as FP at $4.00
  [dry-run] would relist 307007323464 as FP at $4.00
  [dry-run] would relist 307007323429 as FP at $4.00
  [dry-run] would relist 307007565380 as FP at $3.00
  [dry-run] would relist 307007561021 as FP at $3.00
  [dry-run] would relist 307007322543 as FP at $3.00
  [dry-run] would relist 307007323641 as FP at $4.00
  [dry-run] would relist 307007319176 as FP at $4.00
  [dry-run] would relist 307007322396 as FP at $3.00
  [dry-run] would relist 307007318765 as FP at $5.00
  [dry-run] would relist 307007318605 as FP at $5.00
  [dry-run] would relist 307007319764 as FP at $4.00
  [dry-run] would relist 307007319706 as FP at $4.00
  [dry-run] would relist 307007319479 as FP at $4.00
  [dry-run] would relist 307007323507 as FP at $5.00
  [dry-run] would relist 307007320260 as FP at $5.00
  [dry-run] would relist 307007319077 as FP at $5.00
  [dry-run] would relist 307007318980 as FP at $5.00
  [dry-run] would relist 307007318940 as FP at $5.00
  [dry-run] would relist 307007320387 as FP at $3.00
  [dry-run] would relist 307007323587 as FP at $5.00
  [dry-run] would relist 307007320101 as FP at $5.00
  [dry-run] would relist 307007319657 as FP at $5.00
  [dry-run] would relist 307007318811 as FP at $5.00
  [dry-run] would relist 307007318735 as FP at $5.00
  [dry-run] would relist 307007569030 as FP at $4.00
  [dry-run] would relist 307007322607 as FP at $4.00
  [dry-run] would relist 307007320732 as FP at $4.00
  [dry-run] would relist 307007320622 as FP at $4.00
  [dry-run] would relist 307007320492 as FP at $4.00
  [dry-run] would relist 307007563472 as FP at $5.00
  [dry-run] would relist 307007323544 as FP at $5.00
  [dry-run] would relist 307007319612 as FP at $5.00
  [dry-run] would relist 307007318482 as FP at $5.00
  [dry-run] would relist 307007320174 as FP at $4.00
  [dry-run] would relist 307007319801 as FP at $4.00
  [dry-run] would relist 307007319041 as FP at $4.00
  [dry-run] would relist 307007318864 as FP at $4.00
  [dry-run] would relist 307007015748 as FP at $2.50
  [dry-run] would relist 307007016462 as FP at $5.00
  [dry-run] would relist 307007015718 as FP at $5.00
  [dry-run] would relist 307007015501 as FP at $4.00
  [dry-run] would relist 307007015077 as FP at $6.00
  [dry-run] would relist 307009714782 as FP at $5.00
  [dry-run] would relist 307006960367 as FP at $2.00
  [dry-run] would relist 307006959934 as FP at $3.00
  [dry-run] would relist 307006958813 as FP at $4.00
  [dry-run] would relist 307006959750 as FP at $3.00
  [dry-run] would relist 307006958899 as FP at $3.00
  [dry-run] would relist 307006958968 as FP at $3.00
  [dry-run] would relist 307006959641 as FP at $3.00
  [dry-run] would relist 307006959608 as FP at $3.00
  [dry-run] would relist 307006958740 as FP at $3.00
  [dry-run] would relist 307006958632 as FP at $3.00
  [dry-run] would relist 307006881396 as FP at $3.00
  [dry-run] would relist 307006876652 as FP at $2.00
  [dry-run] would relist 307006959809 as FP at $3.00
  [dry-run] would relist 307006959409 as FP at $3.00
  [dry-run] would relist 307007016365 as FP at $5.00
  [dry-run] would relist 307007016289 as FP at $5.00
  [dry-run] would relist 307006881378 as FP at $5.00
  [dry-run] would relist 307006881251 as FP at $5.00
  [dry-run] would relist 307005063512 as FP at $3.50
  [dry-run] would relist 307004744773 as FP at $5.00
  [dry-run] would relist 307007015384 as FP at $3.50
  [dry-run] would relist 307010510771 as FP at $4.00
  [dry-run] would relist 307010509844 as FP at $4.00
  [dry-run] would relist 307010509677 as FP at $4.00
  [dry-run] would relist 307004672626 as FP at $2.50
  [dry-run] would relist 307010510919 as FP at $4.00
  [dry-run] would relist 307010510571 as FP at $4.00
  [dry-run] would relist 307004672997 as FP at $2.50
  [dry-run] would relist 307006959882 as FP at $2.00
  [dry-run] would relist 307004672808 as FP at $5.50
  [dry-run] would relist 307003202524 as FP at $5.50
  [dry-run] would relist 307004673032 as FP at $3.00
  [dry-run] would relist 307003201434 as FP at $5.50
  [dry-run] would relist 307003201380 as FP at $5.00
  [dry-run] would relist 307010510787 as FP at $4.00
  [dry-run] would relist 307010510352 as FP at $4.00
  [dry-run] would relist 307003201348 as FP at $5.50
  [dry-run] would relist 307003201324 as FP at $3.00
  [dry-run] would relist 307003202383 as FP at $3.50
  [dry-run] would relist 307003201764 as FP at $3.50
  [dry-run] would relist 307003201263 as FP at $3.00
  [dry-run] would relist 307006959702 as FP at $7.00
  [dry-run] would relist 307003199773 as FP at $7.00
  [dry-run] would relist 307003199544 as FP at $3.50
  [dry-run] would relist 307006881226 as FP at $5.00
  [dry-run] would relist 307006088580 as FP at $4.00
  [dry-run] would relist 307004673052 as FP at $5.50
  [dry-run] would relist 307001365383 as FP at $3.00
  [dry-run] would relist 307001365364 as FP at $3.00
  [dry-run] would relist 307001193343 as FP at $5.50
  [dry-run] would relist 307001189947 as FP at $3.50
  [dry-run] would relist 307003202700 as FP at $2.50
  [dry-run] would relist 307001158434 as FP at $1.76
  [dry-run] would relist 307001145231 as FP at $2.50
  [dry-run] would relist 307001144801 as FP at $2.50
  [dry-run] would relist 307001117011 as FP at $1.50
  [dry-run] would relist 307001158554 as FP at $3.00
  [dry-run] would relist 307001076002 as FP at $2.00
  [dry-run] would relist 307001158610 as FP at $2.00
  [dry-run] would relist 307000599307 as FP at $7.00
  [dry-run] would relist 307004672832 as FP at $4.00
  [dry-run] would relist 307004672549 as FP at $4.00
  [dry-run] would relist 307004672386 as FP at $4.00
  [dry-run] would relist 307001193274 as FP at $3.00
  [dry-run] would relist 306999831151 as FP at $2.50
  [dry-run] would relist 307004688579 as FP at $2.50
  [dry-run] would relist 306999832579 as FP at $2.00
  [dry-run] would relist 307007015274 as FP at $3.50
  [dry-run] would relist 306999550993 as FP at $11.00
  [dry-run] would relist 306999510005 as FP at $1.76
  [dry-run] would relist 306999507297 as FP at $9.00
  [dry-run] would relist 306999683906 as FP at $2.50
  [dry-run] would relist 306999507322 as FP at $2.50
  [dry-run] would relist 306999683884 as FP at $3.50
  [dry-run] would relist 306999507270 as FP at $1.00
  [dry-run] would relist 306999506479 as FP at $2.50
  [dry-run] would relist 306999507350 as FP at $1.50
  [dry-run] would relist 306999507156 as FP at $3.00
  [dry-run] would relist 306999544271 as FP at $1.00
  [dry-run] would relist 306999815732 as FP at $17.00
  [dry-run] would relist 306999544289 as FP at $17.00
  [dry-run] would relist 306999472495 as FP at $5.50
  [dry-run] would relist 306999411006 as FP at $9.00
  [dry-run] would relist 306997559072 as FP at $4.00
  [dry-run] would relist 306997558910 as FP at $5.00
  [dry-run] would relist 306997559148 as FP at $3.00
  [dry-run] would relist 306997263475 as FP at $7.00
  [dry-run] would relist 306997263410 as FP at $7.00
  [dry-run] would relist 306997228622 as FP at $4.00
  [dry-run] would relist 306997228533 as FP at $4.00
  [dry-run] would relist 306997558981 as FP at $4.00
  [dry-run] would relist 306997558945 as FP at $4.00
  [dry-run] would relist 306997228729 as FP at $4.00
  [dry-run] would relist 306997228681 as FP at $4.00
  [dry-run] would relist 306997225040 as FP at $6.00
  [dry-run] would relist 306997183081 as FP at $3.00
  [dry-run] would relist 306997263352 as FP at $13.00
  [dry-run] would relist 306997263274 as FP at $11.00
  [dry-run] would relist 306930773940 as FP at $2.00
  [dry-run] would relist 306994502338 as FP at $2.00
  [dry-run] would relist 306993606464 as FP at $3.00
  [dry-run] would relist 306993605708 as FP at $3.00
  [dry-run] would relist 306994910172 as FP at $6.00
  [dry-run] would relist 306993602643 as FP at $3.00
  [dry-run] would relist 306993602424 as FP at $3.00
  [dry-run] would relist 306993554527 as FP at $3.00
  [dry-run] would relist 306993554488 as FP at $3.00
  [dry-run] would relist 306993554542 as FP at $3.00
  [dry-run] would relist 306993495510 as FP at $3.00
  [dry-run] would relist 306993554566 as FP at $3.00
  [dry-run] would relist 306994581761 as FP at $3.00
  [dry-run] would relist 306994555261 as FP at $2.00
  [dry-run] would relist 306993481934 as FP at $2.00
  [dry-run] would relist 306993483451 as FP at $3.00
  [dry-run] would relist 306994581487 as FP at $3.00
  [dry-run] would relist 306994554452 as FP at $2.00
  [dry-run] would relist 306993482398 as FP at $3.00
  [dry-run] would relist 306994581591 as FP at $3.00
  [dry-run] would relist 306993413392 as FP at $3.00
  [dry-run] would relist 306993430604 as FP at $4.00
  [dry-run] would relist 306993395852 as FP at $4.00
  [dry-run] would relist 306993381692 as FP at $4.00
  [dry-run] would relist 306993413432 as FP at $3.00
  [dry-run] would relist 306993413414 as FP at $3.00
  [dry-run] would relist 306993395928 as FP at $3.00
  [dry-run] would relist 306993395903 as FP at $3.00
  Report: /Users/jason.chletsos/Documents/GitHub/jason_chletsos_ebay_lots/docs/relist.html
  Plan:   /Users/jason.chletsos/Documents/GitHub/jason_chletsos_ebay_lots/output/relist_plan.json
========== returns_agent ==========
  Getting eBay access token...
  Fetching active returns (Post-Order v2 /return/search)...
  Post-Order GET /return/search → 200 (header style: iaf)
  Found 0 open return(s).

  Dry run only — dashboard rendered for review.
  Report: /Users/jason.chletsos/Documents/GitHub/jason_chletsos_ebay_lots/docs/returns.html
  Plan:   /Users/jason.chletsos/Documents/GitHub/jason_chletsos_ebay_lots/output/returns_plan.json
========== seller_hub_agent ==========
  Plan written: /Users/jason.chletsos/Documents/GitHub/jason_chletsos_ebay_lots/output/seller_hub_plan.json
  Report written: /Users/jason.chletsos/Documents/GitHub/jason_chletsos_ebay_lots/docs/seller_hub.html
  Categories: 7  · Listings: 1394
  Featured: 6  · PL queued: 1292
========== promoted_listings_agent ==========
  Mike Piazza (Promoted Listings) reporting in.

  Tier breakdown across 1394 listings:
         NO_AD (  0)
           LOW (294)
      STANDARD (  0)
    AGGRESSIVE (  0)
           MAX (  0)
  Projected 30-day ad spend: $153.66

  Dry run only. Re-run with --apply to push bids to eBay.
  Report: /Users/jason.chletsos/Documents/GitHub/jason_chletsos_ebay_lots/docs/promoted_listings.html
========== best_offer_agent ==========
  Phil Simms (Best Offer) reporting in.
  Loaded 1394 listings from listings_snapshot.json
  Fetching market medians (Browse API)...
  Fetching market comps for 1394 listings (1393 unique queries, parallel)...
  Browse rate limit (429) exhausted — comps skipped this run (falls back to sold_history/pricecharting). Quota resets daily.
  Market comps done — 0 underpriced, 0 overpriced
  Getting eBay access token for GetItem hydration...
  GetItem hydrated 200 listings (parallel; capped this run)
  Plan: fp_eligible=958  would_apply=842  vault_eligible=0  skipped=552

  Dry run only. Re-run with --apply to push to eBay.
  Report:  /Users/jason.chletsos/Documents/GitHub/jason_chletsos_ebay_lots/docs/best_offer.html
  Plan:    /Users/jason.chletsos/Documents/GitHub/jason_chletsos_ebay_lots/output/best_offer_plan.json
========== best_offer_autorespond_agent ==========
  Loaded 1394 listings from best_offer_plan.json
  Fetching eBay access token...
  GetBestOffers (status=Pending)...
  Found 0 pending offer(s)
  Decisions: accept=0  decline=0  counter=0  leave=0  uplift≈$0.00

  Nothing to do — inbox empty.
  Inbox:  /Users/jason.chletsos/Documents/GitHub/jason_chletsos_ebay_lots/docs/best_offer_inbox.html
========== watchers_offer_agent ==========
  Patrick Ewing (Watchers Offer) reporting in.
  Fetching access token + active listings...
  Fetched 1394 listings across 7 page(s)
  Loaded 1394 active listings · 202 sold history records
  Fetching watcher counts (Trading API GetMyeBaySelling)...
  Got watcher counts for 1394 listings (57 with ≥1 watcher)

  Plan summary: 28 to send · 1337 no-watchers · 29 blocked · expected uplift $12.46

  Dry run only. Re-run with --apply to send offers.
  Report: /Users/jason.chletsos/Documents/GitHub/jason_chletsos_ebay_lots/docs/watchers.html
========== buyer_watchlist_agent ==========
  John Starks (Buyer Watchlist) reporting in.
  → Jaxson Dart (Giants)
  Browse failed for 'jaxson dart psa 10': 429 Client Error: Too Many Requests for url: https://api.ebay.com/buy/browse/v1/item_summary/search?q=jaxson+dart+psa+10&limit=100&filter=buyingOptions%3A%7BFIXED_PRICE%7CAUCTION%7D%2CitemLocationCountry%3AUS%2Cprice%3A%5B30..500%5D%2CpriceCurrency%3AUSD
  Browse failed for 'jaxson dart rookie': 429 Client Error: Too Many Requests for url: https://api.ebay.com/buy/browse/v1/item_summary/search?q=jaxson+dart+rookie&limit=100&filter=buyingOptions%3A%7BFIXED_PRICE%7CAUCTION%7D%2CitemLocationCountry%3AUS%2Cprice%3A%5B4..25%5D%2CpriceCurrency%3AUSD
  Browse failed for 'jaxson dart refractor': 429 Client Error: Too Many Requests for url: https://api.ebay.com/buy/browse/v1/item_summary/search?q=jaxson+dart+refractor&limit=100&filter=buyingOptions%3A%7BFIXED_PRICE%7CAUCTION%7D%2CitemLocationCountry%3AUS%2Cprice%3A%5B5..60%5D%2CpriceCurrency%3AUSD
  → Cam Skattebo (Giants)
  Browse failed for 'cam skattebo psa 10': 429 Client Error: Too Many Requests for url: https://api.ebay.com/buy/browse/v1/item_summary/search?q=cam+skattebo+psa+10&limit=100&filter=buyingOptions%3A%7BFIXED_PRICE%7CAUCTION%7D%2CitemLocationCountry%3AUS%2Cprice%3A%5B30..500%5D%2CpriceCurrency%3AUSD
  Browse failed for 'cam skattebo bowman chrome': 429 Client Error: Too Many Requests for url: https://api.ebay.com/buy/browse/v1/item_summary/search?q=cam+skattebo+bowman+chrome&limit=100&filter=buyingOptions%3A%7BFIXED_PRICE%7CAUCTION%7D%2CitemLocationCountry%3AUS%2Cprice%3A%5B4..150%5D%2CpriceCurrency%3AUSD
  Browse failed for 'cam skattebo rookie': 429 Client Error: Too Many Requests for url: https://api.ebay.com/buy/browse/v1/item_summary/search?q=cam+skattebo+rookie&limit=100&filter=buyingOptions%3A%7BFIXED_PRICE%7CAUCTION%7D%2CitemLocationCountry%3AUS%2Cprice%3A%5B4..25%5D%2CpriceCurrency%3AUSD
  → Saquon Barkley (Eagles)
  Browse failed for 'saquon barkley psa 10': 429 Client Error: Too Many Requests for url: https://api.ebay.com/buy/browse/v1/item_summary/search?q=saquon+barkley+psa+10&limit=100&filter=buyingOptions%3A%7BFIXED_PRICE%7CAUCTION%7D%2CitemLocationCountry%3AUS%2Cprice%3A%5B25..600%5D%2CpriceCurrency%3AUSD
  Browse failed for 'saquon barkley rookie': 429 Client Error: Too Many Requests for url: https://api.ebay.com/buy/browse/v1/item_summary/search?q=saquon+barkley+rookie&limit=100&filter=buyingOptions%3A%7BFIXED_PRICE%7CAUCTION%7D%2CitemLocationCountry%3AUS%2Cprice%3A%5B5..60%5D%2CpriceCurrency%3AUSD
  Browse failed for 'saquon barkley prizm': 429 Client Error: Too Many Requests for url: https://api.ebay.com/buy/browse/v1/item_summary/search?q=saquon+barkley+prizm&limit=100&filter=buyingOptions%3A%7BFIXED_PRICE%7CAUCTION%7D%2CitemLocationCountry%3AUS%2Cprice%3A%5B8..120%5D%2CpriceCurrency%3AUSD
  → Marvel's Punisher (Marvel)
  Browse failed for 'punisher marvel psa 10': 429 Client Error: Too Many Requests for url: https://api.ebay.com/buy/browse/v1/item_summary/search?q=punisher+marvel+psa+10&limit=100&filter=buyingOptions%3A%7BFIXED_PRICE%7CAUCTION%7D%2CitemLocationCountry%3AUS%2Cprice%3A%5B30..1500%5D%2CpriceCurrency%3AUSD
  Browse failed for 'punisher marvel card': 429 Client Error: Too Many Requests for url: https://api.ebay.com/buy/browse/v1/item_summary/search?q=punisher+marvel+card&limit=100&filter=buyingOptions%3A%7BFIXED_PRICE%7CAUCTION%7D%2CitemLocationCountry%3AUS%2Cprice%3A%5B5..200%5D%2CpriceCurrency%3AUSD
  Browse failed for 'punisher marvel cover': 429 Client Error: Too Many Requests for url: https://api.ebay.com/buy/browse/v1/item_summary/search?q=punisher+marvel+cover&limit=100&filter=buyingOptions%3A%7BFIXED_PRICE%7CAUCTION%7D%2CitemLocationCountry%3AUS%2Cprice%3A%5B5..300%5D%2CpriceCurrency%3AUSD
  → Marvel's Wolverine (Marvel)
  Browse failed for 'wolverine marvel psa 10': 429 Client Error: Too Many Requests for url: https://api.ebay.com/buy/browse/v1/item_summary/search?q=wolverine+marvel+psa+10&limit=100&filter=buyingOptions%3A%7BFIXED_PRICE%7CAUCTION%7D%2CitemLocationCountry%3AUS%2Cprice%3A%5B30..2500%5D%2CpriceCurrency%3AUSD
  Browse failed for 'wolverine marvel card': 429 Client Error: Too Many Requests for url: https://api.ebay.com/buy/browse/v1/item_summary/search?q=wolverine+marvel+card&limit=100&filter=buyingOptions%3A%7BFIXED_PRICE%7CAUCTION%7D%2CitemLocationCountry%3AUS%2Cprice%3A%5B5..250%5D%2CpriceCurrency%3AUSD
  Browse failed for 'wolverine x-men card': 429 Client Error: Too Many Requests for url: https://api.ebay.com/buy/browse/v1/item_summary/search?q=wolverine+x-men+card&limit=100&filter=buyingOptions%3A%7BFIXED_PRICE%7CAUCTION%7D%2CitemLocationCountry%3AUS%2Cprice%3A%5B5..300%5D%2CpriceCurrency%3AUSD
  Players: 5  ·  Listings scanned: 0  ·  Deals: 0
  Plan:   /Users/jason.chletsos/Documents/GitHub/jason_chletsos_ebay_lots/output/buyer_watchlist_plan.json
  Report: /Users/jason.chletsos/Documents/GitHub/jason_chletsos_ebay_lots/docs/collect.html
========== top_sellers_agent ==========
  Wayne Gretzky (Top Sellers) reporting in.
  -> DCSports87
  Browse failed for seller=dcsports87 q='rookie card': 429 Client Error: Too Many Requests for url: https://api.ebay.com/buy/browse/v1/item_summary/search?q=rookie+card&limit=50&filter=sellers%3A%7Bdcsports87%7D%2CbuyingOptions%3A%7BFIXED_PRICE%7CAUCTION%7D%2CitemLocationCountry%3AUS%2Cprice%3A%5B1..100%5D%2CpriceCurrency%3AUSD&sort=price
  Browse failed for seller=dcsports87 q='graded card': 429 Client Error: Too Many Requests for url: https://api.ebay.com/buy/browse/v1/item_summary/search?q=graded+card&limit=50&filter=sellers%3A%7Bdcsports87%7D%2CbuyingOptions%3A%7BFIXED_PRICE%7CAUCTION%7D%2CitemLocationCountry%3AUS%2Cprice%3A%5B1..100%5D%2CpriceCurrency%3AUSD&sort=price
  -> COMC
  Browse failed for seller=comc_consignment q='single card': 429 Client Error: Too Many Requests for url: https://api.ebay.com/buy/browse/v1/item_summary/search?q=single+card&limit=50&filter=sellers%3A%7Bcomc_consignment%7D%2CbuyingOptions%3A%7BFIXED_PRICE%7CAUCTION%7D%2CitemLocationCountry%3AUS%2Cprice%3A%5B1..100%5D%2CpriceCurrency%3AUSD&sort=price
  Browse failed for seller=comc_consignment q='rookie': 429 Client Error: Too Many Requests for url: https://api.ebay.com/buy/browse/v1/item_summary/search?q=rookie&limit=50&filter=sellers%3A%7Bcomc_consignment%7D%2CbuyingOptions%3A%7BFIXED_PRICE%7CAUCTION%7D%2CitemLocationCountry%3AUS%2Cprice%3A%5B1..100%5D%2CpriceCurrency%3AUSD&sort=price
  Browse failed for seller=comc_consignment q='pokemon': 429 Client Error: Too Many Requests for url: https://api.ebay.com/buy/browse/v1/item_summary/search?q=pokemon&limit=50&filter=sellers%3A%7Bcomc_consignment%7D%2CbuyingOptions%3A%7BFIXED_PRICE%7CAUCTION%7D%2CitemLocationCountry%3AUS%2Cprice%3A%5B1..100%5D%2CpriceCurrency%3AUSD&sort=price
  -> Greg Morris Cards
  Browse failed for seller=gregmorriscards q='vintage card': 429 Client Error: Too Many Requests for url: https://api.ebay.com/buy/browse/v1/item_summary/search?q=vintage+card&limit=50&filter=sellers%3A%7Bgregmorriscards%7D%2CbuyingOptions%3A%7BFIXED_PRICE%7CAUCTION%7D%2CitemLocationCountry%3AUS%2Cprice%3A%5B1..100%5D%2CpriceCurrency%3AUSD&sort=price
  Browse failed for seller=gregmorriscards q='1970': 429 Client Error: Too Many Requests for url: https://api.ebay.com/buy/browse/v1/item_summary/search?q=1970&limit=50&filter=sellers%3A%7Bgregmorriscards%7D%2CbuyingOptions%3A%7BFIXED_PRICE%7CAUCTION%7D%2CitemLocationCountry%3AUS%2Cprice%3A%5B1..100%5D%2CpriceCurrency%3AUSD&sort=price
  Browse failed for seller=gregmorriscards q='1980': 429 Client Error: Too Many Requests for url: https://api.ebay.com/buy/browse/v1/item_summary/search?q=1980&limit=50&filter=sellers%3A%7Bgregmorriscards%7D%2CbuyingOptions%3A%7BFIXED_PRICE%7CAUCTION%7D%2CitemLocationCountry%3AUS%2Cprice%3A%5B1..100%5D%2CpriceCurrency%3AUSD&sort=price
  -> Burbank Sports Cards
  Browse failed for seller=burbanksportscards q='football single': 429 Client Error: Too Many Requests for url: https://api.ebay.com/buy/browse/v1/item_summary/search?q=football+single&limit=50&filter=sellers%3A%7Bburbanksportscards%7D%2CbuyingOptions%3A%7BFIXED_PRICE%7CAUCTION%7D%2CitemLocationCountry%3AUS%2Cprice%3A%5B1..100%5D%2CpriceCurrency%3AUSD&sort=price
  Browse failed for seller=burbanksportscards q='baseball single': 429 Client Error: Too Many Requests for url: https://api.ebay.com/buy/browse/v1/item_summary/search?q=baseball+single&limit=50&filter=sellers%3A%7Bburbanksportscards%7D%2CbuyingOptions%3A%7BFIXED_PRICE%7CAUCTION%7D%2CitemLocationCountry%3AUS%2Cprice%3A%5B1..100%5D%2CpriceCurrency%3AUSD&sort=price
  Browse failed for seller=burbanksportscards q='basketball single': 429 Client Error: Too Many Requests for url: https://api.ebay.com/buy/browse/v1/item_summary/search?q=basketball+single&limit=50&filter=sellers%3A%7Bburbanksportscards%7D%2CbuyingOptions%3A%7BFIXED_PRICE%7CAUCTION%7D%2CitemLocationCountry%3AUS%2Cprice%3A%5B1..100%5D%2CpriceCurrency%3AUSD&sort=price
  -> Probstein123
  Browse failed for seller=probstein123 q='football card': 429 Client Error: Too Many Requests for url: https://api.ebay.com/buy/browse/v1/item_summary/search?q=football+card&limit=50&filter=sellers%3A%7Bprobstein123%7D%2CbuyingOptions%3A%7BFIXED_PRICE%7CAUCTION%7D%2CitemLocationCountry%3AUS%2Cprice%3A%5B1..100%5D%2CpriceCurrency%3AUSD&sort=price
  Browse failed for seller=probstein123 q='basketball card': 429 Client Error: Too Many Requests for url: https://api.ebay.com/buy/browse/v1/item_summary/search?q=basketball+card&limit=50&filter=sellers%3A%7Bprobstein123%7D%2CbuyingOptions%3A%7BFIXED_PRICE%7CAUCTION%7D%2CitemLocationCountry%3AUS%2Cprice%3A%5B1..100%5D%2CpriceCurrency%3AUSD&sort=price
  Browse failed for seller=probstein123 q='baseball card': 429 Client Error: Too Many Requests for url: https://api.ebay.com/buy/browse/v1/item_summary/search?q=baseball+card&limit=50&filter=sellers%3A%7Bprobstein123%7D%2CbuyingOptions%3A%7BFIXED_PRICE%7CAUCTION%7D%2CitemLocationCountry%3AUS%2Cprice%3A%5B1..100%5D%2CpriceCurrency%3AUSD&sort=price
  -> 4 Sharp Corners
  Browse failed for seller=4sharpcorners q='rookie card': 429 Client Error: Too Many Requests for url: https://api.ebay.com/buy/browse/v1/item_summary/search?q=rookie+card&limit=50&filter=sellers%3A%7B4sharpcorners%7D%2CbuyingOptions%3A%7BFIXED_PRICE%7CAUCTION%7D%2CitemLocationCountry%3AUS%2Cprice%3A%5B1..100%5D%2CpriceCurrency%3AUSD&sort=price
  Browse failed for seller=4sharpcorners q='graded': 429 Client Error: Too Many Requests for url: https://api.ebay.com/buy/browse/v1/item_summary/search?q=graded&limit=50&filter=sellers%3A%7B4sharpcorners%7D%2CbuyingOptions%3A%7BFIXED_PRICE%7CAUCTION%7D%2CitemLocationCountry%3AUS%2Cprice%3A%5B1..100%5D%2CpriceCurrency%3AUSD&sort=price
  -> Remember When Sports Cards
  Browse failed for seller=rememberwhensportscards q='vintage': 429 Client Error: Too Many Requests for url: https://api.ebay.com/buy/browse/v1/item_summary/search?q=vintage&limit=50&filter=sellers%3A%7Brememberwhensportscards%7D%2CbuyingOptions%3A%7BFIXED_PRICE%7CAUCTION%7D%2CitemLocationCountry%3AUS%2Cprice%3A%5B1..100%5D%2CpriceCurrency%3AUSD&sort=price
  Browse failed for seller=rememberwhensportscards q='1960': 429 Client Error: Too Many Requests for url: https://api.ebay.com/buy/browse/v1/item_summary/search?q=1960&limit=50&filter=sellers%3A%7Brememberwhensportscards%7D%2CbuyingOptions%3A%7BFIXED_PRICE%7CAUCTION%7D%2CitemLocationCountry%3AUS%2Cprice%3A%5B1..100%5D%2CpriceCurrency%3AUSD&sort=price
  Browse failed for seller=rememberwhensportscards q='1970': 429 Client Error: Too Many Requests for url: https://api.ebay.com/buy/browse/v1/item_summary/search?q=1970&limit=50&filter=sellers%3A%7Brememberwhensportscards%7D%2CbuyingOptions%3A%7BFIXED_PRICE%7CAUCTION%7D%2CitemLocationCountry%3AUS%2Cprice%3A%5B1..100%5D%2CpriceCurrency%3AUSD&sort=price
  Sellers: 7  ·  Listings indexed: 0
  Plan:   /Users/jason.chletsos/Documents/GitHub/jason_chletsos_ebay_lots/output/top_sellers_plan.json
  Report: /Users/jason.chletsos/Documents/GitHub/jason_chletsos_ebay_lots/docs/top_sellers.html
========== under_10_agent ==========
  Jeremy Lin (Under $10) reporting in.
  -> Vintage Sports Holos
  Browse failed for '1990s football holo card': 429 Client Error: Too Many Requests for url: https://api.ebay.com/buy/browse/v1/item_summary/search?q=1990s+football+holo+card&limit=100&filter=buyingOptions%3A%7BFIXED_PRICE%7CAUCTION%7D%2CitemLocationCountry%3AUS%2Cprice%3A%5B1.0..10.0%5D%2CpriceCurrency%3AUSD
  Browse failed for '1990s basketball holo card': 429 Client Error: Too Many Requests for url: https://api.ebay.com/buy/browse/v1/item_summary/search?q=1990s+basketball+holo+card&limit=100&filter=buyingOptions%3A%7BFIXED_PRICE%7CAUCTION%7D%2CitemLocationCountry%3AUS%2Cprice%3A%5B1.0..10.0%5D%2CpriceCurrency%3AUSD
  Browse failed for '1990s baseball holo card': 429 Client Error: Too Many Requests for url: https://api.ebay.com/buy/browse/v1/item_summary/search?q=1990s+baseball+holo+card&limit=100&filter=buyingOptions%3A%7BFIXED_PRICE%7CAUCTION%7D%2CitemLocationCountry%3AUS%2Cprice%3A%5B1.0..10.0%5D%2CpriceCurrency%3AUSD
  -> Modern Rookie Cards (sports)
  Browse failed for '2024 rookie card prizm': 429 Client Error: Too Many Requests for url: https://api.ebay.com/buy/browse/v1/item_summary/search?q=2024+rookie+card+prizm&limit=100&filter=buyingOptions%3A%7BFIXED_PRICE%7CAUCTION%7D%2CitemLocationCountry%3AUS%2Cprice%3A%5B1.0..10.0%5D%2CpriceCurrency%3AUSD
  Browse failed for '2025 rookie card chrome refractor': 429 Client Error: Too Many Requests for url: https://api.ebay.com/buy/browse/v1/item_summary/search?q=2025+rookie+card+chrome+refractor&limit=100&filter=buyingOptions%3A%7BFIXED_PRICE%7CAUCTION%7D%2CitemLocationCountry%3AUS%2Cprice%3A%5B1.0..10.0%5D%2CpriceCurrency%3AUSD
  Browse failed for '2024 panini rookie auto': 429 Client Error: Too Many Requests for url: https://api.ebay.com/buy/browse/v1/item_summary/search?q=2024+panini+rookie+auto&limit=100&filter=buyingOptions%3A%7BFIXED_PRICE%7CAUCTION%7D%2CitemLocationCountry%3AUS%2Cprice%3A%5B1.0..10.0%5D%2CpriceCurrency%3AUSD
  -> Loose Pokemon Boosters
  Browse failed for 'pokemon booster pack loose': 429 Client Error: Too Many Requests for url: https://api.ebay.com/buy/browse/v1/item_summary/search?q=pokemon+booster+pack+loose&limit=100&filter=buyingOptions%3A%7BFIXED_PRICE%7CAUCTION%7D%2CitemLocationCountry%3AUS%2Cprice%3A%5B1.0..10.0%5D%2CpriceCurrency%3AUSD
  Browse failed for 'pokemon booster pack scarlet violet': 429 Client Error: Too Many Requests for url: https://api.ebay.com/buy/browse/v1/item_summary/search?q=pokemon+booster+pack+scarlet+violet&limit=100&filter=buyingOptions%3A%7BFIXED_PRICE%7CAUCTION%7D%2CitemLocationCountry%3AUS%2Cprice%3A%5B1.0..10.0%5D%2CpriceCurrency%3AUSD
  -> Pokemon Singles Under $10
  Browse failed for 'pokemon holo rare card': 429 Client Error: Too Many Requests for url: https://api.ebay.com/buy/browse/v1/item_summary/search?q=pokemon+holo+rare+card&limit=100&filter=buyingOptions%3A%7BFIXED_PRICE%7CAUCTION%7D%2CitemLocationCountry%3AUS%2Cprice%3A%5B1.0..10.0%5D%2CpriceCurrency%3AUSD
  Browse failed for 'pokemon ex card': 429 Client Error: Too Many Requests for url: https://api.ebay.com/buy/browse/v1/item_summary/search?q=pokemon+ex+card&limit=100&filter=buyingOptions%3A%7BFIXED_PRICE%7CAUCTION%7D%2CitemLocationCountry%3AUS%2Cprice%3A%5B1.0..10.0%5D%2CpriceCurrency%3AUSD
  Browse failed for 'pokemon full art': 429 Client Error: Too Many Requests for url: https://api.ebay.com/buy/browse/v1/item_summary/search?q=pokemon+full+art&limit=100&filter=buyingOptions%3A%7BFIXED_PRICE%7CAUCTION%7D%2CitemLocationCountry%3AUS%2Cprice%3A%5B1.0..10.0%5D%2CpriceCurrency%3AUSD
  -> Graded Cards Under $10
  Browse failed for 'psa graded card': 429 Client Error: Too Many Requests for url: https://api.ebay.com/buy/browse/v1/item_summary/search?q=psa+graded+card&limit=100&filter=buyingOptions%3A%7BFIXED_PRICE%7CAUCTION%7D%2CitemLocationCountry%3AUS%2Cprice%3A%5B1.0..10.0%5D%2CpriceCurrency%3AUSD
  Browse failed for 'bgs graded card': 429 Client Error: Too Many Requests for url: https://api.ebay.com/buy/browse/v1/item_summary/search?q=bgs+graded+card&limit=100&filter=buyingOptions%3A%7BFIXED_PRICE%7CAUCTION%7D%2CitemLocationCountry%3AUS%2Cprice%3A%5B1.0..10.0%5D%2CpriceCurrency%3AUSD
  -> Jaxson Dart (under $10)
  Browse failed for 'jaxson dart rookie': 429 Client Error: Too Many Requests for url: https://api.ebay.com/buy/browse/v1/item_summary/search?q=jaxson+dart+rookie&limit=100&filter=buyingOptions%3A%7BFIXED_PRICE%7CAUCTION%7D%2CitemLocationCountry%3AUS%2Cprice%3A%5B1.0..10.0%5D%2CpriceCurrency%3AUSD
  Browse failed for 'jaxson dart card': 429 Client Error: Too Many Requests for url: https://api.ebay.com/buy/browse/v1/item_summary/search?q=jaxson+dart+card&limit=100&filter=buyingOptions%3A%7BFIXED_PRICE%7CAUCTION%7D%2CitemLocationCountry%3AUS%2Cprice%3A%5B1.0..10.0%5D%2CpriceCurrency%3AUSD
  -> Cam Skattebo (under $10)
  Browse failed for 'cam skattebo rookie': 429 Client Error: Too Many Requests for url: https://api.ebay.com/buy/browse/v1/item_summary/search?q=cam+skattebo+rookie&limit=100&filter=buyingOptions%3A%7BFIXED_PRICE%7CAUCTION%7D%2CitemLocationCountry%3AUS%2Cprice%3A%5B1.0..10.0%5D%2CpriceCurrency%3AUSD
  Browse failed for 'cam skattebo card': 429 Client Error: Too Many Requests for url: https://api.ebay.com/buy/browse/v1/item_summary/search?q=cam+skattebo+card&limit=100&filter=buyingOptions%3A%7BFIXED_PRICE%7CAUCTION%7D%2CitemLocationCountry%3AUS%2Cprice%3A%5B1.0..10.0%5D%2CpriceCurrency%3AUSD
  -> Saquon Barkley (under $10)
  Browse failed for 'saquon barkley rookie': 429 Client Error: Too Many Requests for url: https://api.ebay.com/buy/browse/v1/item_summary/search?q=saquon+barkley+rookie&limit=100&filter=buyingOptions%3A%7BFIXED_PRICE%7CAUCTION%7D%2CitemLocationCountry%3AUS%2Cprice%3A%5B1.0..10.0%5D%2CpriceCurrency%3AUSD
  Browse failed for 'saquon barkley card': 429 Client Error: Too Many Requests for url: https://api.ebay.com/buy/browse/v1/item_summary/search?q=saquon+barkley+card&limit=100&filter=buyingOptions%3A%7BFIXED_PRICE%7CAUCTION%7D%2CitemLocationCountry%3AUS%2Cprice%3A%5B1.0..10.0%5D%2CpriceCurrency%3AUSD
  -> Marvel's Punisher (under $10)
  Browse failed for 'marvel's punisher rookie': 429 Client Error: Too Many Requests for url: https://api.ebay.com/buy/browse/v1/item_summary/search?q=marvel%27s+punisher+rookie&limit=100&filter=buyingOptions%3A%7BFIXED_PRICE%7CAUCTION%7D%2CitemLocationCountry%3AUS%2Cprice%3A%5B1.0..10.0%5D%2CpriceCurrency%3AUSD
  Browse failed for 'marvel's punisher card': 429 Client Error: Too Many Requests for url: https://api.ebay.com/buy/browse/v1/item_summary/search?q=marvel%27s+punisher+card&limit=100&filter=buyingOptions%3A%7BFIXED_PRICE%7CAUCTION%7D%2CitemLocationCountry%3AUS%2Cprice%3A%5B1.0..10.0%5D%2CpriceCurrency%3AUSD
  -> Marvel's Wolverine (under $10)
  Browse failed for 'marvel's wolverine rookie': 429 Client Error: Too Many Requests for url: https://api.ebay.com/buy/browse/v1/item_summary/search?q=marvel%27s+wolverine+rookie&limit=100&filter=buyingOptions%3A%7BFIXED_PRICE%7CAUCTION%7D%2CitemLocationCountry%3AUS%2Cprice%3A%5B1.0..10.0%5D%2CpriceCurrency%3AUSD
  Browse failed for 'marvel's wolverine card': 429 Client Error: Too Many Requests for url: https://api.ebay.com/buy/browse/v1/item_summary/search?q=marvel%27s+wolverine+card&limit=100&filter=buyingOptions%3A%7BFIXED_PRICE%7CAUCTION%7D%2CitemLocationCountry%3AUS%2Cprice%3A%5B1.0..10.0%5D%2CpriceCurrency%3AUSD
  -> Pikachu (under $10)
  Browse failed for 'pikachu card': 429 Client Error: Too Many Requests for url: https://api.ebay.com/buy/browse/v1/item_summary/search?q=pikachu+card&limit=100&filter=buyingOptions%3A%7BFIXED_PRICE%7CAUCTION%7D%2CitemLocationCountry%3AUS%2Cprice%3A%5B1.0..10.0%5D%2CpriceCurrency%3AUSD
  Browse failed for 'pikachu holo': 429 Client Error: Too Many Requests for url: https://api.ebay.com/buy/browse/v1/item_summary/search?q=pikachu+holo&limit=100&filter=buyingOptions%3A%7BFIXED_PRICE%7CAUCTION%7D%2CitemLocationCountry%3AUS%2Cprice%3A%5B1.0..10.0%5D%2CpriceCurrency%3AUSD
  -> Charizard (under $10)
  Browse failed for 'charizard card': 429 Client Error: Too Many Requests for url: https://api.ebay.com/buy/browse/v1/item_summary/search?q=charizard+card&limit=100&filter=buyingOptions%3A%7BFIXED_PRICE%7CAUCTION%7D%2CitemLocationCountry%3AUS%2Cprice%3A%5B1.0..10.0%5D%2CpriceCurrency%3AUSD
  Browse failed for 'charizard holo': 429 Client Error: Too Many Requests for url: https://api.ebay.com/buy/browse/v1/item_summary/search?q=charizard+holo&limit=100&filter=buyingOptions%3A%7BFIXED_PRICE%7CAUCTION%7D%2CitemLocationCountry%3AUS%2Cprice%3A%5B1.0..10.0%5D%2CpriceCurrency%3AUSD
  -> Mew (under $10)
  Browse failed for 'mew card': 429 Client Error: Too Many Requests for url: https://api.ebay.com/buy/browse/v1/item_summary/search?q=mew+card&limit=100&filter=buyingOptions%3A%7BFIXED_PRICE%7CAUCTION%7D%2CitemLocationCountry%3AUS%2Cprice%3A%5B1.0..10.0%5D%2CpriceCurrency%3AUSD
  Browse failed for 'mew holo': 429 Client Error: Too Many Requests for url: https://api.ebay.com/buy/browse/v1/item_summary/search?q=mew+holo&limit=100&filter=buyingOptions%3A%7BFIXED_PRICE%7CAUCTION%7D%2CitemLocationCountry%3AUS%2Cprice%3A%5B1.0..10.0%5D%2CpriceCurrency%3AUSD
  -> Mewtwo (under $10)
  Browse failed for 'mewtwo card': 429 Client Error: Too Many Requests for url: https://api.ebay.com/buy/browse/v1/item_summary/search?q=mewtwo+card&limit=100&filter=buyingOptions%3A%7BFIXED_PRICE%7CAUCTION%7D%2CitemLocationCountry%3AUS%2Cprice%3A%5B1.0..10.0%5D%2CpriceCurrency%3AUSD
  Browse failed for 'mewtwo holo': 429 Client Error: Too Many Requests for url: https://api.ebay.com/buy/browse/v1/item_summary/search?q=mewtwo+holo&limit=100&filter=buyingOptions%3A%7BFIXED_PRICE%7CAUCTION%7D%2CitemLocationCountry%3AUS%2Cprice%3A%5B1.0..10.0%5D%2CpriceCurrency%3AUSD
  -> Eevee (under $10)
  Browse failed for 'eevee card': 429 Client Error: Too Many Requests for url: https://api.ebay.com/buy/browse/v1/item_summary/search?q=eevee+card&limit=100&filter=buyingOptions%3A%7BFIXED_PRICE%7CAUCTION%7D%2CitemLocationCountry%3AUS%2Cprice%3A%5B1.0..10.0%5D%2CpriceCurrency%3AUSD
  Browse failed for 'eevee holo': 429 Client Error: Too Many Requests for url: https://api.ebay.com/buy/browse/v1/item_summary/search?q=eevee+holo&limit=100&filter=buyingOptions%3A%7BFIXED_PRICE%7CAUCTION%7D%2CitemLocationCountry%3AUS%2Cprice%3A%5B1.0..10.0%5D%2CpriceCurrency%3AUSD
  Buckets: 15  ·  Listings: 0
  Plan:   /Users/jason.chletsos/Documents/GitHub/jason_chletsos_ebay_lots/output/under_10_plan.json
  Report: /Users/jason.chletsos/Documents/GitHub/jason_chletsos_ebay_lots/docs/under_10.html
========== vault_eligibility ==========
/Users/jason.chletsos/.pyenv/versions/3.12.11/bin/python3: can't open file '/Users/jason.chletsos/Documents/GitHub/jason_chletsos_ebay_lots/vault_eligibility.py': [Errno 2] No such file or directory
  [agent error/timeout]
========== pokemon_news_agent ==========
  Tiki Barber (Pokémon News) reporting in.
  -> Monochrome BWR: Reshiram & Zekrom
  Browse failed for 'pokemon monochrome BWR reshiram zekrom japanese': 429 Client Error: Too Many Requests for url: https://api.ebay.com/buy/browse/v1/item_summary/search?q=pokemon+monochrome+BWR+reshiram+zekrom+japanese&limit=48&filter=buyingOptions%3A%7BFIXED_PRICE%7CAUCTION%7D%2CpriceCurrency%3AUSD&sort=price
  Browse failed for 'pokemon reshiram zekrom japanese 2026': 429 Client Error: Too Many Requests for url: https://api.ebay.com/buy/browse/v1/item_summary/search?q=pokemon+reshiram+zekrom+japanese+2026&limit=48&filter=buyingOptions%3A%7BFIXED_PRICE%7CAUCTION%7D%2CpriceCurrency%3AUSD&sort=price
  Browse failed for 'Reshiram ex SAR Monochrome BWR': 429 Client Error: Too Many Requests for url: https://api.ebay.com/buy/browse/v1/item_summary/search?q=Reshiram+ex+SAR+Monochrome+BWR&limit=8&filter=buyingOptions%3A%7BFIXED_PRICE%7CAUCTION%7D%2CpriceCurrency%3AUSD&sort=price
  Browse failed for 'Zekrom ex SAR Monochrome BWR': 429 Client Error: Too Many Requests for url: https://api.ebay.com/buy/browse/v1/item_summary/search?q=Zekrom+ex+SAR+Monochrome+BWR&limit=8&filter=buyingOptions%3A%7BFIXED_PRICE%7CAUCTION%7D%2CpriceCurrency%3AUSD&sort=price
  Browse failed for 'Reshiram & Zekrom UR Monochrome BWR': 429 Client Error: Too Many Requests for url: https://api.ebay.com/buy/browse/v1/item_summary/search?q=Reshiram+%26+Zekrom+UR+Monochrome+BWR&limit=8&filter=buyingOptions%3A%7BFIXED_PRICE%7CAUCTION%7D%2CpriceCurrency%3AUSD&sort=price
  Browse failed for 'N's Reshiram Monochrome BWR': 429 Client Error: Too Many Requests for url: https://api.ebay.com/buy/browse/v1/item_summary/search?q=N%27s+Reshiram+Monochrome+BWR&limit=8&filter=buyingOptions%3A%7BFIXED_PRICE%7CAUCTION%7D%2CpriceCurrency%3AUSD&sort=price
  Browse failed for 'N's Zekrom Monochrome BWR': 429 Client Error: Too Many Requests for url: https://api.ebay.com/buy/browse/v1/item_summary/search?q=N%27s+Zekrom+Monochrome+BWR&limit=8&filter=buyingOptions%3A%7BFIXED_PRICE%7CAUCTION%7D%2CpriceCurrency%3AUSD&sort=price
  -> Mega Brave
  Browse failed for 'pokemon mega brave japanese booster': 429 Client Error: Too Many Requests for url: https://api.ebay.com/buy/browse/v1/item_summary/search?q=pokemon+mega+brave+japanese+booster&limit=48&filter=buyingOptions%3A%7BFIXED_PRICE%7CAUCTION%7D%2CpriceCurrency%3AUSD&sort=price
  Browse failed for 'pokemon mega lucario japanese 2026': 429 Client Error: Too Many Requests for url: https://api.ebay.com/buy/browse/v1/item_summary/search?q=pokemon+mega+lucario+japanese+2026&limit=48&filter=buyingOptions%3A%7BFIXED_PRICE%7CAUCTION%7D%2CpriceCurrency%3AUSD&sort=price
  Browse failed for 'Mega Lucario ex SAR Mega Brave': 429 Client Error: Too Many Requests for url: https://api.ebay.com/buy/browse/v1/item_summary/search?q=Mega+Lucario+ex+SAR+Mega+Brave&limit=8&filter=buyingOptions%3A%7BFIXED_PRICE%7CAUCTION%7D%2CpriceCurrency%3AUSD&sort=price
  Browse failed for 'Mega Garchomp ex SAR Mega Brave': 429 Client Error: Too Many Requests for url: https://api.ebay.com/buy/browse/v1/item_summary/search?q=Mega+Garchomp+ex+SAR+Mega+Brave&limit=8&filter=buyingOptions%3A%7BFIXED_PRICE%7CAUCTION%7D%2CpriceCurrency%3AUSD&sort=price
  Browse failed for 'Mega Salamence ex Mega Brave': 429 Client Error: Too Many Requests for url: https://api.ebay.com/buy/browse/v1/item_summary/search?q=Mega+Salamence+ex+Mega+Brave&limit=8&filter=buyingOptions%3A%7BFIXED_PRICE%7CAUCTION%7D%2CpriceCurrency%3AUSD&sort=price
  -> Mega Symphonia
  Browse failed for 'pokemon mega symphonia japanese': 429 Client Error: Too Many Requests for url: https://api.ebay.com/buy/browse/v1/item_summary/search?q=pokemon+mega+symphonia+japanese&limit=48&filter=buyingOptions%3A%7BFIXED_PRICE%7CAUCTION%7D%2CpriceCurrency%3AUSD&sort=price
  Browse failed for 'pokemon mega gardevoir japanese 2026': 429 Client Error: Too Many Requests for url: https://api.ebay.com/buy/browse/v1/item_summary/search?q=pokemon+mega+gardevoir+japanese+2026&limit=48&filter=buyingOptions%3A%7BFIXED_PRICE%7CAUCTION%7D%2CpriceCurrency%3AUSD&sort=price
  Browse failed for 'Mega Gardevoir ex SAR Mega Symphonia': 429 Client Error: Too Many Requests for url: https://api.ebay.com/buy/browse/v1/item_summary/search?q=Mega+Gardevoir+ex+SAR+Mega+Symphonia&limit=8&filter=buyingOptions%3A%7BFIXED_PRICE%7CAUCTION%7D%2CpriceCurrency%3AUSD&sort=price
  Browse failed for 'Mega Rayquaza ex SAR Mega Symphonia': 429 Client Error: Too Many Requests for url: https://api.ebay.com/buy/browse/v1/item_summary/search?q=Mega+Rayquaza+ex+SAR+Mega+Symphonia&limit=8&filter=buyingOptions%3A%7BFIXED_PRICE%7CAUCTION%7D%2CpriceCurrency%3AUSD&sort=price
  Browse failed for 'Mega Diancie ex Mega Symphonia': 429 Client Error: Too Many Requests for url: https://api.ebay.com/buy/browse/v1/item_summary/search?q=Mega+Diancie+ex+Mega+Symphonia&limit=8&filter=buyingOptions%3A%7BFIXED_PRICE%7CAUCTION%7D%2CpriceCurrency%3AUSD&sort=price
  -> Destined Rivals
  Browse failed for 'pokemon destined rivals booster box ETB': 429 Client Error: Too Many Requests for url: https://api.ebay.com/buy/browse/v1/item_summary/search?q=pokemon+destined+rivals+booster+box+ETB&limit=48&filter=buyingOptions%3A%7BFIXED_PRICE%7CAUCTION%7D%2CpriceCurrency%3AUSD&sort=price
  Browse failed for 'pokemon destined rivals': 429 Client Error: Too Many Requests for url: https://api.ebay.com/buy/browse/v1/item_summary/search?q=pokemon+destined+rivals&limit=48&filter=buyingOptions%3A%7BFIXED_PRICE%7CAUCTION%7D%2CpriceCurrency%3AUSD&sort=price
  Browse failed for 'Team Rocket's Mewtwo ex Destined Rivals': 429 Client Error: Too Many Requests for url: https://api.ebay.com/buy/browse/v1/item_summary/search?q=Team+Rocket%27s+Mewtwo+ex+Destined+Rivals&limit=8&filter=buyingOptions%3A%7BFIXED_PRICE%7CAUCTION%7D%2CpriceCurrency%3AUSD&sort=price
  Browse failed for 'Cynthia's Garchomp ex Destined Rivals': 429 Client Error: Too Many Requests for url: https://api.ebay.com/buy/browse/v1/item_summary/search?q=Cynthia%27s+Garchomp+ex+Destined+Rivals&limit=8&filter=buyingOptions%3A%7BFIXED_PRICE%7CAUCTION%7D%2CpriceCurrency%3AUSD&sort=price
  Browse failed for 'Marnie's Morpeko Destined Rivals': 429 Client Error: Too Many Requests for url: https://api.ebay.com/buy/browse/v1/item_summary/search?q=Marnie%27s+Morpeko+Destined+Rivals&limit=8&filter=buyingOptions%3A%7BFIXED_PRICE%7CAUCTION%7D%2CpriceCurrency%3AUSD&sort=price
  Browse failed for 'Ethan's Ho-Oh ex Destined Rivals': 429 Client Error: Too Many Requests for url: https://api.ebay.com/buy/browse/v1/item_summary/search?q=Ethan%27s+Ho-Oh+ex+Destined+Rivals&limit=8&filter=buyingOptions%3A%7BFIXED_PRICE%7CAUCTION%7D%2CpriceCurrency%3AUSD&sort=price
  -> Black Bolt & White Flare
  Browse failed for 'pokemon black bolt white flare ETB': 429 Client Error: Too Many Requests for url: https://api.ebay.com/buy/browse/v1/item_summary/search?q=pokemon+black+bolt+white+flare+ETB&limit=48&filter=buyingOptions%3A%7BFIXED_PRICE%7CAUCTION%7D%2CpriceCurrency%3AUSD&sort=price
  Browse failed for 'pokemon white flare booster': 429 Client Error: Too Many Requests for url: https://api.ebay.com/buy/browse/v1/item_summary/search?q=pokemon+white+flare+booster&limit=48&filter=buyingOptions%3A%7BFIXED_PRICE%7CAUCTION%7D%2CpriceCurrency%3AUSD&sort=price
  Browse failed for 'Reshiram ex Black Bolt & White Flare': 429 Client Error: Too Many Requests for url: https://api.ebay.com/buy/browse/v1/item_summary/search?q=Reshiram+ex+Black+Bolt+%26+White+Flare&limit=8&filter=buyingOptions%3A%7BFIXED_PRICE%7CAUCTION%7D%2CpriceCurrency%3AUSD&sort=price
  Browse failed for 'Zekrom ex Black Bolt & White Flare': 429 Client Error: Too Many Requests for url: https://api.ebay.com/buy/browse/v1/item_summary/search?q=Zekrom+ex+Black+Bolt+%26+White+Flare&limit=8&filter=buyingOptions%3A%7BFIXED_PRICE%7CAUCTION%7D%2CpriceCurrency%3AUSD&sort=price
  Browse failed for 'N's Zoroark Black Bolt & White Flare': 429 Client Error: Too Many Requests for url: https://api.ebay.com/buy/browse/v1/item_summary/search?q=N%27s+Zoroark+Black+Bolt+%26+White+Flare&limit=8&filter=buyingOptions%3A%7BFIXED_PRICE%7CAUCTION%7D%2CpriceCurrency%3AUSD&sort=price
  Browse failed for 'Hilda Full Art Black Bolt & White Flare': 429 Client Error: Too Many Requests for url: https://api.ebay.com/buy/browse/v1/item_summary/search?q=Hilda+Full+Art+Black+Bolt+%26+White+Flare&limit=8&filter=buyingOptions%3A%7BFIXED_PRICE%7CAUCTION%7D%2CpriceCurrency%3AUSD&sort=price
  -> Journey Together
  Browse failed for 'pokemon journey together booster box': 429 Client Error: Too Many Requests for url: https://api.ebay.com/buy/browse/v1/item_summary/search?q=pokemon+journey+together+booster+box&limit=48&filter=buyingOptions%3A%7BFIXED_PRICE%7CAUCTION%7D%2CpriceCurrency%3AUSD&sort=price
  Browse failed for 'pokemon journey together ETB': 429 Client Error: Too Many Requests for url: https://api.ebay.com/buy/browse/v1/item_summary/search?q=pokemon+journey+together+ETB&limit=48&filter=buyingOptions%3A%7BFIXED_PRICE%7CAUCTION%7D%2CpriceCurrency%3AUSD&sort=price
  Browse failed for 'N's Zoroark ex Journey Together': 429 Client Error: Too Many Requests for url: https://api.ebay.com/buy/browse/v1/item_summary/search?q=N%27s+Zoroark+ex+Journey+Together&limit=8&filter=buyingOptions%3A%7BFIXED_PRICE%7CAUCTION%7D%2CpriceCurrency%3AUSD&sort=price
  Browse failed for 'Iono's Bellibolt ex Journey Together': 429 Client Error: Too Many Requests for url: https://api.ebay.com/buy/browse/v1/item_summary/search?q=Iono%27s+Bellibolt+ex+Journey+Together&limit=8&filter=buyingOptions%3A%7BFIXED_PRICE%7CAUCTION%7D%2CpriceCurrency%3AUSD&sort=price
  Browse failed for 'Lillie's Clefairy ex Journey Together': 429 Client Error: Too Many Requests for url: https://api.ebay.com/buy/browse/v1/item_summary/search?q=Lillie%27s+Clefairy+ex+Journey+Together&limit=8&filter=buyingOptions%3A%7BFIXED_PRICE%7CAUCTION%7D%2CpriceCurrency%3AUSD&sort=price
  -> Prismatic Evolutions
  Browse failed for 'pokemon prismatic evolutions ETB booster bundle': 429 Client Error: Too Many Requests for url: https://api.ebay.com/buy/browse/v1/item_summary/search?q=pokemon+prismatic+evolutions+ETB+booster+bundle&limit=48&filter=buyingOptions%3A%7BFIXED_PRICE%7CAUCTION%7D%2CpriceCurrency%3AUSD&sort=price
  Browse failed for 'pokemon prismatic evolutions': 429 Client Error: Too Many Requests for url: https://api.ebay.com/buy/browse/v1/item_summary/search?q=pokemon+prismatic+evolutions&limit=48&filter=buyingOptions%3A%7BFIXED_PRICE%7CAUCTION%7D%2CpriceCurrency%3AUSD&sort=price
  Browse failed for 'Umbreon ex SIR Prismatic Evolutions': 429 Client Error: Too Many Requests for url: https://api.ebay.com/buy/browse/v1/item_summary/search?q=Umbreon+ex+SIR+Prismatic+Evolutions&limit=8&filter=buyingOptions%3A%7BFIXED_PRICE%7CAUCTION%7D%2CpriceCurrency%3AUSD&sort=price
  Browse failed for 'Sylveon ex Prismatic Evolutions': 429 Client Error: Too Many Requests for url: https://api.ebay.com/buy/browse/v1/item_summary/search?q=Sylveon+ex+Prismatic+Evolutions&limit=8&filter=buyingOptions%3A%7BFIXED_PRICE%7CAUCTION%7D%2CpriceCurrency%3AUSD&sort=price
  Browse failed for 'Espeon ex Prismatic Evolutions': 429 Client Error: Too Many Requests for url: https://api.ebay.com/buy/browse/v1/item_summary/search?q=Espeon+ex+Prismatic+Evolutions&limit=8&filter=buyingOptions%3A%7BFIXED_PRICE%7CAUCTION%7D%2CpriceCurrency%3AUSD&sort=price
  Browse failed for 'Eevee Promo Prismatic Evolutions': 429 Client Error: Too Many Requests for url: https://api.ebay.com/buy/browse/v1/item_summary/search?q=Eevee+Promo+Prismatic+Evolutions&limit=8&filter=buyingOptions%3A%7BFIXED_PRICE%7CAUCTION%7D%2CpriceCurrency%3AUSD&sort=price
  -> Surging Sparks
  Browse failed for 'pokemon surging sparks ETB booster box': 429 Client Error: Too Many Requests for url: https://api.ebay.com/buy/browse/v1/item_summary/search?q=pokemon+surging+sparks+ETB+booster+box&limit=48&filter=buyingOptions%3A%7BFIXED_PRICE%7CAUCTION%7D%2CpriceCurrency%3AUSD&sort=price
  Browse failed for 'pokemon surging sparks': 429 Client Error: Too Many Requests for url: https://api.ebay.com/buy/browse/v1/item_summary/search?q=pokemon+surging+sparks&limit=48&filter=buyingOptions%3A%7BFIXED_PRICE%7CAUCTION%7D%2CpriceCurrency%3AUSD&sort=price
  Browse failed for 'Pikachu ex Hyper Rare Surging Sparks': 429 Client Error: Too Many Requests for url: https://api.ebay.com/buy/browse/v1/item_summary/search?q=Pikachu+ex+Hyper+Rare+Surging+Sparks&limit=8&filter=buyingOptions%3A%7BFIXED_PRICE%7CAUCTION%7D%2CpriceCurrency%3AUSD&sort=price
  Browse failed for 'Latias ex Surging Sparks': 429 Client Error: Too Many Requests for url: https://api.ebay.com/buy/browse/v1/item_summary/search?q=Latias+ex+Surging+Sparks&limit=8&filter=buyingOptions%3A%7BFIXED_PRICE%7CAUCTION%7D%2CpriceCurrency%3AUSD&sort=price
  Browse failed for 'Milotic ex Surging Sparks': 429 Client Error: Too Many Requests for url: https://api.ebay.com/buy/browse/v1/item_summary/search?q=Milotic+ex+Surging+Sparks&limit=8&filter=buyingOptions%3A%7BFIXED_PRICE%7CAUCTION%7D%2CpriceCurrency%3AUSD&sort=price
  Sets: 8  ·  Listings: 0  ·  Pre-orders: 0
  Plan:   /Users/jason.chletsos/Documents/GitHub/jason_chletsos_ebay_lots/output/pokemon_news_plan.json
  Report: /Users/jason.chletsos/Documents/GitHub/jason_chletsos_ebay_lots/docs/pokemon_news.html
========== orders_watch_agent ==========
  Mark Messier (Orders Watch) reporting in.
  Getting eBay access token...
  Fetching most recent 50 orders (last 30 days)...
  Got 50 order row(s).

  Today        : $0.00 across 0 order(s)
  7-day total  : $0.00
  30-day total : $418.60
  Rows in plan : 50

  Plan:   /Users/jason.chletsos/Documents/GitHub/jason_chletsos_ebay_lots/output/orders_watch_plan.json
  Live:   /Users/jason.chletsos/Documents/GitHub/jason_chletsos_ebay_lots/docs/orders_watch_plan.json
  Page:   /Users/jason.chletsos/Documents/GitHub/jason_chletsos_ebay_lots/docs/orders_watch.html
========== site_health_agent ==========
  Luc Robitaille (Site Health) reporting in.
  Site health check @ 2026-06-20 15:53 UTC

  Checking Site Index... OK
  Checking Key Pages... OK
  Checking Snapshot Freshness... OK
  Checking Daily Freshness... WARN
  Checking Lambda Health... OK
  Checking Ebay Token... OK
  Checking Plan Freshness... WARN
  Checking Listing Count... OK
  Checking Sold History... OK

  CHECK                   STATUS  DETAIL
  --------------------------------------
  GitHub Pages index      GREEN   HTTP 200 — https://fivetran-jasonchletsos.github.io/jason_chletsos_ebay_lots/index.html
  Key pages               GREEN   daily, browse, deals — all 200
  Snapshot freshness      GREEN   0.0h old
  Daily digest freshness  YELLOW  20.0h old — run daily_digest_agent.py
  Lambda /health          GREEN   HTTP 200 — https://jw0hur2091.execute-api.us-east-1.amazonaws.com/health
  eBay OAuth token        GREEN   valid — sell/account ping HTTP 400
  Plan file freshness     YELLOW  stale: browse_index_plan.json (297h)
  Active listing count    GREEN   1394 listings (7.9% change from 1292)
  Sold history            GREEN   last sale 0.6d ago (2026-06-20)

  Report JSON: /Users/jason.chletsos/Documents/GitHub/jason_chletsos_ebay_lots/output/site_health_report.json
  Report HTML: /Users/jason.chletsos/Documents/GitHub/jason_chletsos_ebay_lots/docs/health.html

  Overall: All checks passed.
========== daily_digest_agent ==========
  Bob Murphy (Daily Digest) reporting in.
  Daily digest @ 2026-06-20 15:53 UTC
  Yesterday: $41.63 on 4 order(s)
  7-day: $373.43 | 30-day: $1,034.91
  Active: 1394 | Watchers: 0 | Offers pending: 0 | Msgs: 0
  TODO items: 1
  Wrote /Users/jason.chletsos/Documents/GitHub/jason_chletsos_ebay_lots/docs/daily.html
DRYRUN DONE Sat Jun 20 11:53:06 EDT 2026
