=== sell-5 daemon started Fri Jun 12 08:40:44 UTC 2026 ===
=== A: posting scan 73 Fri Jun 12 08:40:44 UTC 2026 ===

  Card: 2025 Panini Phoenix Travis Hunter RC Teal Jacksonville Jagua
  Image: hunter_phoenix.jpg  Price: $9.99
  Uploading image to eBay EPS...
  Picture URL: https://i.ebayimg.com/00/s/MTEwMVg4MjI=/z/6tIAAeSwfxhqK8YN/$_12.JPG?set_id=880000500F
  FAILED (Failure): ['Listing violates the Duplicate Listing policy.']

Done — 0/1 posted successfully.

  Card: Panini Prizm Draft Picks Travis Hunter RC Colorado Buffaloes
  Image: hunter_prizm_dp.jpg  Price: $6.99
  Uploading image to eBay EPS...
  Picture URL: https://i.ebayimg.com/00/s/MTEwMVg4MjI=/z/a1IAAeSwf9FqK8YQ/$_12.JPG?set_id=880000500F
  FAILED (Failure): ['Listing violates the Duplicate Listing policy.']

Done — 0/1 posted successfully.

  Card: Panini Prizm Draft Picks Carnell Tate Rated Prospect RC Ohio
  Image: tate_rated_1.jpg  Price: $5.99
  Uploading image to eBay EPS...
  Picture URL: https://i.ebayimg.com/00/s/MTEwMVg4MjI=/z/1v8AAeSwbbVqK8YU/$_12.JPG?set_id=880000500F
  FAILED (Failure): ['Listing violates the Duplicate Listing policy.']

Done — 0/1 posted successfully.

  Card: Panini Prizm Draft Picks Carnell Tate Rated Prospect RC Ohio
  Image: tate_rated_2.jpg  Price: $5.99
  Uploading image to eBay EPS...
  Picture URL: https://i.ebayimg.com/00/s/MTEwMVg4MjI=/z/ozUAAeSwwsJqK8YX/$_12.JPG?set_id=880000500F
  FAILED (Failure): ['Listing violates the Duplicate Listing policy.']

Done — 0/1 posted successfully.

  Card: Panini Prizm Draft Picks Luther Burden III RC Mizzou Tigers 
  Image: burden_prizm_dp_1.jpg  Price: $4.99
  Uploading image to eBay EPS...
  Picture URL: https://i.ebayimg.com/00/s/MTEwMVg4MjI=/z/45wAAeSwEnNqK8Ya/$_12.JPG?set_id=880000500F
  FAILED (Failure): ['Listing violates the Duplicate Listing policy.']

Done — 0/1 posted successfully.

  Card: Panini Prizm Draft Picks Luther Burden III RC Mizzou Tigers 
  Image: burden_prizm_dp_2.jpg  Price: $4.99
  Uploading image to eBay EPS...
  Picture URL: https://i.ebayimg.com/00/s/MTEwMVg4MjI=/z/4hgAAeSwA8BqK8Yd/$_12.JPG?set_id=880000500F
  FAILED (Failure): ['Listing violates the Duplicate Listing policy.']

Done — 0/1 posted successfully.

  Card: 2025 Panini Phoenix Dillon Gabriel RC Red Cleveland Browns Q
  Image: gabriel_phoenix_1.jpg  Price: $4.99
  Uploading image to eBay EPS...
  Picture URL: https://i.ebayimg.com/00/s/MTEwMVg4MjI=/z/IuoAAeSwXCJqK8Yg/$_12.JPG?set_id=880000500F
  FAILED (Failure): ['Listing violates the Duplicate Listing policy.']

Done — 0/1 posted successfully.

  Card: 2025 Panini Phoenix Dillon Gabriel RC Red Cleveland Browns Q
  Image: gabriel_phoenix_2.jpg  Price: $4.99
  Uploading image to eBay EPS...
  Picture URL: https://i.ebayimg.com/00/s/MTEwMVg4MjI=/z/8OgAAeSwmWhqK8Yj/$_12.JPG?set_id=880000500F
  FAILED (Failure): ['Listing violates the Duplicate Listing policy.']

Done — 0/1 posted successfully.

  Card: Panini Prizm Draft Picks Emeka Egbuka RC Silver Ohio State B
  Image: egbuka_prizm_dp.jpg  Price: $3.99
  Uploading image to eBay EPS...
  Picture URL: https://i.ebayimg.com/00/s/MTEwMVg4MjI=/z/3~UAAeSw8HVqK8Yn/$_12.JPG?set_id=880000500F
  FAILED (Failure): ['Listing violates the Duplicate Listing policy.']

Done — 0/1 posted successfully.
=== A2: specifics x2, repricing x2 (raises frozen) Fri Jun 12 08:41:12 UTC 2026 ===
=== sell-5 v2 started Fri Jun 12 08:42:36 UTC 2026 ===
=== A2: specifics x2, repricing x2 Fri Jun 12 08:42:36 UTC 2026 ===
  Result: 23/25 listings updated successfully.
  Result: 23/25 listings updated successfully.
  Result: 23/25 listings updated successfully.
  Skipping 6 item(s) already revised to target (stale snapshot)
  Skipping 19 item(s) blocked by previous eBay rejection:
  Result: 25/25 applied successfully.
  Skipping 31 item(s) already revised to target (stale snapshot)
  Skipping 19 item(s) blocked by previous eBay rejection:
  Result: 25/25 applied successfully.
=== B: watcher canary Fri Jun 12 09:45:36 UTC 2026 ===
canary: max_offers_per_run=3
  Patrick Ewing (Watchers Offer) reporting in.
  Fetching access token + active listings...
  Fetched 622 listings across 4 page(s)
  Loaded 622 active listings · 122 sold history records
  Fetching watcher counts (Trading API GetMyeBaySelling)...
  Got watcher counts for 622 listings (36 with ≥1 watcher)

  Plan summary: 36 to send · 586 no-watchers · 0 blocked · expected uplift $22.27

  Sending offers to eBay...
  Checking findEligibleItems for eBay-confirmed eligible listings...
  eBay reports 38 listing(s) with eligible buyers.
  Capping run at 3 of 18 eligible offers
  → 306994572803: 1w · $34.99 → $29.74 (15%)
  → 306992907356: 1w · $10.99 → $9.34 (15%)
  → 306994572483: 1w · $8.99 → $7.64 (15%)

  Result: 3/3 offers sent successfully.
  Report: /Users/jason.chletsos/Documents/GitHub/jason_chletsos_ebay_lots/docs/watchers.html
canary clean
=== C: impulse reprice Fri Jun 12 09:45:50 UTC 2026 ===
  306995330033 $3.99 -> $1.99: OK
  306995237653 $4.99 -> $1.99: OK
  306997225451 $4.99 -> $1.99: OK
  306993277806 $2.99 -> $1.99: OK
  306992916837 $3.99 -> $1.99: OK
  306996418342 $4.99 -> $1.99: OK
  306947440872 $3.99 -> $1.99: OK
  306995330295 $4.99 -> $1.99: OK
impulse reprice: 8/8
impulse cards locked against re-raise
=== D: volume discount Fri Jun 12 09:46:08 UTC 2026 ===
  Getting eBay access token...
  Fetching active listings...
  Fetched 622 listings across 4 page(s)
  Loaded 622 active listings
    item_promotion GET HTTP 400: {"errors":[{"errorId":2004,"domain":"ACCESS","category":"REQUEST","message":"Invalid request","longMessage":"The request has errors. For help, see the documentation for this API."}]}

  Markdown plan: 0 to apply · 0 skip · 0 blocked
    tiers: 5%→0 · 12%→0 · 22%→0
  Volume discount: create_failed

  Dry run only. Re-run with --apply to push changes.
  Report: /Users/jason.chletsos/Documents/GitHub/jason_chletsos_ebay_lots/docs/promotions.html
  Yesterday: $0.00 on 0 order(s)
  7-day: $98.23 | 30-day: $519.82
  Active: 600 | Watchers: 0 | Offers pending: 0 | Msgs: 0
  TODO items: 4
  Wrote /Users/jason.chletsos/Documents/GitHub/jason_chletsos_ebay_lots/docs/daily.html
=== E1: morning blast (Friday desk traffic), 15 offers Fri Jun 12 16:08:25 UTC 2026 ===
morning blast: max_offers_per_run=15
  Fetching eBay access token...
  Calling GetMyeBaySelling...
  Fetched 638 listings across 4 page(s)
  Wrote /Users/jason.chletsos/Documents/GitHub/jason_chletsos_ebay_lots/output/listings_snapshot.json (638 listings)
  Patrick Ewing (Watchers Offer) reporting in.
  Fetching access token + active listings...
  Fetched 638 listings across 4 page(s)
  Loaded 638 active listings · 122 sold history records
  Fetching watcher counts (Trading API GetMyeBaySelling)...
  Got watcher counts for 638 listings (38 with ≥1 watcher)

  Plan summary: 35 to send · 600 no-watchers · 3 blocked · expected uplift $34.60

  Sending offers to eBay...
  Checking findEligibleItems for eBay-confirmed eligible listings...
  eBay reports 43 listing(s) with eligible buyers.
  Capping run at 15 of 18 eligible offers
  → 306997224562: 1w · $10.99 → $9.34 (15%)
  → 306997125758: 1w · $7.99 → $6.79 (15%)
  → 306960410595: 1w · $6.99 → $5.94 (15%)
  → 306967151525: 3w · $1.99 → $1.69 (15%)
  → 306994501328: 1w · $5.99 → $5.09 (15%)
  → 306993395652: 1w · $4.99 → $4.24 (15%)
  → 306993413465: 1w · $4.99 → $4.24 (15%)
  → 306914248743: 2w · $1.99 → $1.69 (15%)
  → 306988782310: 2w · $1.99 → $1.69 (15%)
  → 306993358686: 1w · $2.99 → $2.54 (15%)
  → 306954025783: 1w · $1.99 → $1.69 (15%)
  → 306956129162: 1w · $1.99 → $1.69 (15%)
  → 306956218601: 1w · $1.99 → $1.69 (15%)
  → 306958930201: 1w · $1.99 → $1.69 (15%)
  → 306967136198: 1w · $1.99 → $1.69 (15%)

  Result: 15/15 offers sent successfully.
  Report: /Users/jason.chletsos/Documents/GitHub/jason_chletsos_ebay_lots/docs/watchers.html
=== E1 done Fri Jun 12 16:09:04 UTC 2026 ===
=== E: full watcher blast Sat Jun 13 05:15:06 UTC 2026 ===
blast: max_offers_per_run=50
  Fetching eBay access token...
  Calling GetMyeBaySelling...
  Fetched 679 listings across 4 page(s)
  Wrote /Users/jason.chletsos/Documents/GitHub/jason_chletsos_ebay_lots/output/listings_snapshot.json (679 listings)
  Patrick Ewing (Watchers Offer) reporting in.
  Fetching access token + active listings...
  Fetched 679 listings across 4 page(s)
  Loaded 679 active listings · 122 sold history records
  Fetching watcher counts (Trading API GetMyeBaySelling)...
  Got watcher counts for 679 listings (35 with ≥1 watcher)

  Plan summary: 15 to send · 644 no-watchers · 20 blocked · expected uplift $8.49

  Sending offers to eBay...
  Checking findEligibleItems for eBay-confirmed eligible listings...
  eBay reports 27 listing(s) with eligible buyers.
  → 306967210472: 3w · $4.99 → $4.24 (15%)

  Result: 1/1 offers sent successfully.
  Report: /Users/jason.chletsos/Documents/GitHub/jason_chletsos_ebay_lots/docs/watchers.html
=== F: scoreboard Sat Jun 13 05:15:22 UTC 2026 ===
  Fetching eBay access token...
  Calling GetMyeBaySelling...
  Fetched 679 listings across 4 page(s)
  Wrote /Users/jason.chletsos/Documents/GitHub/jason_chletsos_ebay_lots/output/listings_snapshot.json (679 listings)
Pulling SoldList for the last 30 days...
  eBay returned 98 sold listings in the window.
  Matched to CollX (linkage DB): 17
  eBay-only (pre-CollX or unlinked): 81
Dry run only. Re-run with --apply to mark sold in linkage DB.

Plan written to: /Users/jason.chletsos/Documents/GitHub/jason_chletsos_ebay_lots/output/sold_reconciler_plan.json
HTML report:     /Users/jason.chletsos/Documents/GitHub/jason_chletsos_ebay_lots/docs/sold_reconciler.html

Cards to mark sold in CollX:
  collx_id=1075055776351138816      item=306953888258   $   6.99   2025 Score - Top 100 Nick Bosa #27
  collx_id=1075884396313648128      item=306930462076   $   3.99   2025 Panini Prizm - Bo Nix #142 White Disco Prizm NFL Footba
  collx_id=1075073952258470912      item=306953960912   $   1.99   2025 Topps Chrome - 1975 Topps CeeDee Lamb #1975-9 X-Fractor
  collx_id=1075607147576368128      item=306953125963   $   4.99   2025 Panini Icon Collection Mahomes - Mahomes Magic MM-1
  collx_id=1075921101263543296      item=306955961451   $   1.99   2025 Panini Phoenix - Contours Tyler Shough #23 (RC)
  collx_id=1075891807304883200      item=306930939967   $   1.99   2025 Panini Prizm Draft Picks - Keelon Russell #150 Red Ice 
  collx_id=1075917418169703424      item=306914173441   $   1.99   2025 Panini Rookies &amp; Stars - Stellar Rookies Shedeur Sa
  collx_id=1075056855998542848      item=306939369726   $   1.99   2025 Topps Chrome Football Brock Bowers Fortune 15 Xfractor 
  collx_id=1075934849579686912      item=306934506774   $   1.99   2025 Panini Rookies &amp; Stars - Crusade Caleb Williams #5 
  collx_id=1076528686001889280      item=306967149977   $  19.99   2024 Panini Select - Concourse Drake Maye #27 Red &amp; Yell
  collx_id=1075635178713979904      item=306931446668   $  10.99   2025 Panini Donruss Optic - My House DK Metcalf #8 Black Pan
  collx_id=1075929488705526784      item=306956335494   $  11.22   2025 Panini Mosaic Purple Prizm Jacksonville Jaguars /49 Bha
  collx_id=1075926231006387200      item=306955942735   $   2.99   2025 Panini Phoenix - Rookies Dont'e Thornton Jr. #204 Yello
  collx_id=1077179423073849344      item=306968929116   $  89.99   2025 Panini Select - Select Signatures Prizm Ashton Jeanty #
  collx_id=1075054826987205632      item=306955941549   $   2.99   2025 Panini Select - Premier Level Yahya Black #153 Copper S
  collx_id=1075930069532744704      item=306930909038   $   3.99   2025 Panini Prizm Draft Picks - Bryce Underwood #28 Red Ice 
  collx_id=1075183592285413376      item=306914913674   $   3.99   2025 Panini Select - Premier Level Travis Hunter #128 Pink S
  Daily digest @ 2026-06-13 05:15 UTC
  Yesterday: $0.00 on 0 order(s)
  7-day: $77.25 | 30-day: $514.82
  Active: 679 | Watchers: 0 | Offers pending: 0 | Msgs: 0
  TODO items: 4
  Wrote /Users/jason.chletsos/Documents/GitHub/jason_chletsos_ebay_lots/docs/daily.html
=== sell-5 v2 finished Sat Jun 13 05:15:28 UTC 2026 ===
