RUN START Thu Jun 18 19:54:28 EDT 2026
===== BATCH 167 =====

  Card: 2025 Panini Donruss Optic Cam Ward Rated Rookie RC Tennessee
  Image: card_1.jpg  Price: $5.99
  BLOCKED: live listing 307006960901 already has this title ($3.99). Re-run with --force to post anyway.

  Card: 2025 Panini Phoenix Brock Purdy San Francisco 49ers Football
  Image: card_2.jpg  Price: $3.99
  Uploading image to eBay EPS...
  Picture URL: https://i.ebayimg.com/00/s/MTEyMVg4Mjc=/z/FqcAAeSwQl1qNIU2/$_12.JPG?set_id=880000500F
  FAILED (Failure): ['Listing violates the Duplicate Listing policy.']

  Card: 2025 Panini Donruss Optic Omarion Hampton Rated Rookie RC Ch
  Image: card_3.jpg  Price: $4.99
  Uploading image to eBay EPS...
  Picture URL: https://i.ebayimg.com/00/s/MTEyMVg4Mjc=/z/3p4AAeSwp91qNIU4/$_12.JPG?set_id=880000500F
  FAILED (Failure): ['Listing violates the Duplicate Listing policy.']

  Card: 2025 Panini Donruss Optic Harold Fannin Jr Rated Rookie RC B
  Image: card_4.jpg  Price: $3.99
  Uploading image to eBay EPS...
  Picture URL: https://i.ebayimg.com/00/s/MTEyMVg4Mjc=/z/AN4AAeSwh8lqNIU7/$_12.JPG?set_id=880000500F
  FAILED (Failure): ['Listing violates the Duplicate Listing policy.']

  Card: 2025 Panini Donruss Optic CJ Stroud Houston Texans Football
  Image: card_5.jpg  Price: $3.99
  Uploading image to eBay EPS...
  Picture URL: https://i.ebayimg.com/00/s/MTEyMVg4Mjc=/z/W28AAeSwzm9qNIU9/$_12.JPG?set_id=880000500F
  FAILED (Failure): ['Listing violates the Duplicate Listing policy.']

  Card: 2025 Panini Donruss Optic Joe Burrow Passing Grade Cincinnat
  Image: card_6.jpg  Price: $7.99
  Uploading image to eBay EPS...
  Picture URL: https://i.ebayimg.com/00/s/MTEyMVg4Mjc=/z/UlMAAeSwplVqNIU~/$_12.JPG?set_id=880000500F
  FAILED (Failure): ['Listing violates the Duplicate Listing policy.']

  Card: 2025 Panini Donruss Optic Caleb Williams Chicago Bears Footb
  Image: card_7.jpg  Price: $2.99
  Uploading image to eBay EPS...
  Picture URL: https://i.ebayimg.com/00/s/MTEyMVg4Mjc=/z/5s4AAeSwsa1qNIVC/$_12.JPG?set_id=880000500F
  FAILED (Failure): ['Listing violates the Duplicate Listing policy.']

  Card: 2025 Panini Donruss Optic Shedeur Sanders Rookie Recruits RC
  Image: card_8.jpg  Price: $6.99
  Uploading image to eBay EPS...
  Picture URL: https://i.ebayimg.com/00/s/MTEyMVg4Mjc=/z/bfkAAeSw3XhqNIVE/$_12.JPG?set_id=880000500F
  FAILED (Failure): ['Listing violates the Duplicate Listing policy.']

  Card: 2025 Panini Donruss Optic Mason Graham Blue Rated Rookie RC 
  Image: card_9.jpg  Price: $4.99
  Uploading image to eBay EPS...
  Picture URL: https://i.ebayimg.com/00/s/MTEyMVg4Mjc=/z/4Q8AAeSwBdhqNIVH/$_12.JPG?set_id=880000500F
  FAILED (Failure): ['Listing violates the Duplicate Listing policy.']

Done — 0/9 posted successfully.
===== BATCH 168 =====

  Card: 2025 Panini Mosaic Omarion Hampton RC Los Angeles Chargers F
  Image: card_1.jpg  Price: $2.99
  BLOCKED: live listing 307007015139 already has this title ($3.49). Re-run with --force to post anyway.

  Card: 2025 Panini Phoenix Arik Armstead Jacksonville Jaguars Footb
  Image: card_2.jpg  Price: $1.99
  BLOCKED: live listing 307007764296 already has this title ($1.99). Re-run with --force to post anyway.

  Card: 2025 Panini Select Josh Allen Turbocharged Buffalo Bills Foo
  Image: card_3.jpg  Price: $5.99
  BLOCKED: live listing 307007764338 already has this title ($5.99). Re-run with --force to post anyway.

  Card: 2025 Panini Phoenix CJ Stroud Houston Texans Football
  Image: card_4.jpg  Price: $3.99
  BLOCKED: live listing 307007764389 already has this title ($3.99). Re-run with --force to post anyway.

  Card: 2025 Panini Select Travis Hunter Club Level RC Jacksonville 
  Image: card_5.jpg  Price: $11.99
  BLOCKED: live listing 307007764421 already has this title ($11.99). Re-run with --force to post anyway.

  Card: 2025 Panini Select CJ Stroud Suite Level Houston Texans Foot
  Image: card_6.jpg  Price: $4.99
  BLOCKED: live listing 307007764482 already has this title ($4.99). Re-run with --force to post anyway.

  Card: 2025 Panini Select Will Johnson Suite Level RC Arizona Cardi
  Image: card_7.jpg  Price: $3.99
  BLOCKED: live listing 307007560023 already has this title ($3.99). Re-run with --force to post anyway.

  Card: 2025 Panini Select Josh Allen Turbocharged Bills Football
  Image: card_8.jpg  Price: $5.99
  BLOCKED: live listing 307007764619 already has this title ($5.99). Re-run with --force to post anyway.

  Card: 2025 Panini Phoenix Josh Jacobs Green Bay Packers Football
  Image: card_9.jpg  Price: $2.99
  BLOCKED: live listing 307007764708 already has this title ($2.99). Re-run with --force to post anyway.

Done — 0/9 posted successfully.
===== BATCH 169 =====

  Card: 2024 Panini Select Jayden Daniels Future RC Washington Comma
  Image: card_1.jpg  Price: $6.99
  BLOCKED: live listing 307007765043 already has this title ($6.99). Re-run with --force to post anyway.

  Card: 2025 Panini Donruss Optic Mason Graham Rated Rookie RC Cleve
  Image: card_2.jpg  Price: $3.99
  Uploading image to eBay EPS...
  Picture URL: https://i.ebayimg.com/00/s/MTEyMVg4Mjc=/z/5UEAAeSwwMBqNIVQ/$_12.JPG?set_id=880000500F
  FAILED (Failure): ['Listing violates the Duplicate Listing policy.']

  Card: 2025 Panini Donruss Optic Will Johnson Blue Rated Rookie RC 
  Image: card_3.jpg  Price: $4.99
  Uploading image to eBay EPS...
  Picture URL: https://i.ebayimg.com/00/s/MTEyMVg4Mjc=/z/8qAAAeSw2MlqNIVS/$_12.JPG?set_id=880000500F
  FAILED (Failure): ['Listing violates the Duplicate Listing policy.']

  Card: 2025 Topps Signature Class Myles Garrett Round 1 Pick 1 Brow
  Image: card_4.jpg  Price: $3.99
  BLOCKED: live listing 307007320030 already has this title ($3.99). Re-run with --force to post anyway.

  Card: 2025 Panini Donruss Optic Emeka Egbuka Blue Rated Rookie RC 
  Image: card_5.jpg  Price: $6.99
  Uploading image to eBay EPS...
  Picture URL: https://i.ebayimg.com/00/s/MTEyMVg4Mjc=/z/8J8AAeSwQjhqNIVV/$_12.JPG?set_id=880000500F
  FAILED (Failure): ['Listing violates the Duplicate Listing policy.']

  Card: 2025 Panini Donruss Optic Colston Loveland Red RC Chicago Be
  Image: card_6.jpg  Price: $5.99
  Uploading image to eBay EPS...
  Picture URL: https://i.ebayimg.com/00/s/MTEyMVg4Mjc=/z/3uAAAeSwfyZqNIVX/$_12.JPG?set_id=880000500F
  FAILED (Failure): ['Listing violates the Duplicate Listing policy.']

  Card: 2025 Panini Donruss Optic Brock Purdy Red San Francisco 49er
  Image: card_7.jpg  Price: $4.99
  Uploading image to eBay EPS...
  Picture URL: https://i.ebayimg.com/00/s/MTEyMVg4Mjc=/z/VfAAAeSw3ZNqNIVa/$_12.JPG?set_id=880000500F
  FAILED (Failure): ['Listing violates the Duplicate Listing policy.']

  Card: 2025 Panini Donruss Optic Travis Hunter Rated Rookie RC Jagu
  Image: card_8.jpg  Price: $7.99
  Uploading image to eBay EPS...
  Picture URL: https://i.ebayimg.com/00/s/MTEyMVg4Mjc=/z/4Q0AAeSw60hqNIVd/$_12.JPG?set_id=880000500F
  FAILED (Failure): ['Listing violates the Duplicate Listing policy.']

  Card: 2025 Panini Donruss Optic Mykel Williams Rated Rookie RC 49e
  Image: card_9.jpg  Price: $3.99
  Uploading image to eBay EPS...
  Picture URL: https://i.ebayimg.com/00/s/MTEyMVg4Mjc=/z/5KQAAeSwMm1qNIVf/$_12.JPG?set_id=880000500F
  FAILED (Failure): ['Listing violates the Duplicate Listing policy.']

Done — 0/9 posted successfully.
===== BATCH 170 =====

  Card: 2025 Panini Optic Dillon Gabriel First Year Fresh RC Relic B
  Image: card_1.jpg  Price: $14.99
  Uploading image to eBay EPS...
  Picture URL: https://i.ebayimg.com/00/s/MTEyMVg4Mjc=/z/IuwAAeSw1~xqNIVj/$_12.JPG?set_id=880000500F
  FAILED (Failure): ['Listing violates the Duplicate Listing policy.']

  Card: 2025 Panini Donruss Optic Will Johnson Rated Rookie RC Arizo
  Image: card_2.jpg  Price: $2.99
  Uploading image to eBay EPS...
  Picture URL: https://i.ebayimg.com/00/s/MTEyMVg4Mjc=/z/5lEAAeSwiXBqNIVl/$_12.JPG?set_id=880000500F
  FAILED (Failure): ['Listing violates the Duplicate Listing policy.']

  Card: 2025 Panini Phoenix Caleb Williams Chicago Bears Football
  Image: card_3.jpg  Price: $2.99
  Uploading image to eBay EPS...
  Picture URL: https://i.ebayimg.com/00/s/MTEyMVg4Mjc=/z/0-oAAeSwFcFqNIVn/$_12.JPG?set_id=880000500F
  Ack: Success  ItemID: 307010707293
  Live: https://www.ebay.com/itm/307010707293

  Card: 2025 Panini Optic Shedeur Sanders Light It Up RC Cleveland B
  Image: card_4.jpg  Price: $8.99
  Uploading image to eBay EPS...
  Picture URL: https://i.ebayimg.com/00/s/MTEyMVg4Mjc=/z/9VUAAeSw~49qNIVq/$_12.JPG?set_id=880000500F
  FAILED (Failure): ['Listing violates the Duplicate Listing policy.']

  Card: 2025 Panini Donruss Optic Kyle Williams Rated Rookie RC Patr
  Image: card_5.jpg  Price: $2.99
  Uploading image to eBay EPS...
  Picture URL: https://i.ebayimg.com/00/s/MTEyMVg4Mjc=/z/5kYAAeSwX5NqNIVs/$_12.JPG?set_id=880000500F
  FAILED (Failure): ['Listing violates the Duplicate Listing policy.']

  Card: 2025 Panini Donruss Optic Mykel Williams Rated Rookie RC 49e
  Image: card_6.jpg  Price: $2.99
  Uploading image to eBay EPS...
  Picture URL: https://i.ebayimg.com/00/s/MTEyMVg4Mjc=/z/FU8AAeSwNk5qNIVv/$_12.JPG?set_id=880000500F
  FAILED (Failure): ['Listing violates the Duplicate Listing policy.']

  Card: 2025 Panini Donruss Optic Colston Loveland Rated Rookie RC B
  Image: card_7.jpg  Price: $2.99
  Uploading image to eBay EPS...
  Picture URL: https://i.ebayimg.com/00/s/MTEyMVg4Mjc=/z/hosAAeSwetZqNIVx/$_12.JPG?set_id=880000500F
  FAILED (Failure): ['Listing violates the Duplicate Listing policy.']

  Card: 2025 Panini Donruss Optic Dillon Gabriel Rated Rookie RC Cle
  Image: card_8.jpg  Price: $3.99
  Uploading image to eBay EPS...
  Picture URL: https://i.ebayimg.com/00/s/MTEyMVg4Mjc=/z/4KoAAeSwZDpqNIV0/$_12.JPG?set_id=880000500F
  FAILED (Failure): ['Listing violates the Duplicate Listing policy.']

Done — 1/8 posted successfully.
===== BATCH 171 =====

  Card: 2025 Panini Prizm Josh Allen Fractal Buffalo Bills Football
  Image: card_1.jpg  Price: $9.99
  Uploading image to eBay EPS...
  Picture URL: https://i.ebayimg.com/00/s/MTEyMVg4Mjc=/z/FZYAAeSwNk5qNIV3/$_12.JPG?set_id=880000500F
  FAILED (Failure): ['Listing violates the Duplicate Listing policy.']

  Card: 2025 Panini Donruss Optic Will Johnson Red Rated Rookie RC C
  Image: card_2.jpg  Price: $4.99
  Uploading image to eBay EPS...
  Picture URL: https://i.ebayimg.com/00/s/MTEyMVg4Mjc=/z/424AAeSwaYlqNIV6/$_12.JPG?set_id=880000500F
  FAILED (Failure): ['Listing violates the Duplicate Listing policy.']

  Card: 2025 Panini Donruss Optic Mason Graham Red Rated Rookie RC B
  Image: card_3.jpg  Price: $4.99
  Uploading image to eBay EPS...
  Picture URL: https://i.ebayimg.com/00/s/MTEyMVg4Mjc=/z/FtQAAeSwzqVqNIV8/$_12.JPG?set_id=880000500F
  FAILED (Failure): ['Listing violates the Duplicate Listing policy.']

  Card: 2025 Panini Donruss Optic Emeka Egbuka Rated Rookie RC Bucca
  Image: card_4.jpg  Price: $4.99
  Uploading image to eBay EPS...
  Picture URL: https://i.ebayimg.com/00/s/MTEyMVg4Mjc=/z/5j8AAeSwnKhqNIV-/$_12.JPG?set_id=880000500F
  FAILED (Failure): ['Listing violates the Duplicate Listing policy.']

  Card: 2025 Panini Donruss Optic Lamar Jackson Purple Baltimore Rav
  Image: card_5.jpg  Price: $7.99
  Uploading image to eBay EPS...
  Picture URL: https://i.ebayimg.com/00/s/MTEyMVg4Mjc=/z/XMwAAeSw8utqNIWB/$_12.JPG?set_id=880000500F
  FAILED (Failure): ['Listing violates the Duplicate Listing policy.']

  Card: 2025 Panini Donruss Optic CJ Stroud Houston Texans Football
  Image: card_6.jpg  Price: $3.99
  Uploading image to eBay EPS...
  Picture URL: https://i.ebayimg.com/00/s/MTEyMVg4Mjc=/z/S9cAAeSwFNhqNIWD/$_12.JPG?set_id=880000500F
  FAILED (Failure): ['Listing violates the Duplicate Listing policy.']

  Card: 2025 Panini Donruss Optic Dillon Gabriel Rated Rookie RC Cle
  Image: card_7.jpg  Price: $3.99
  Uploading image to eBay EPS...
  Picture URL: https://i.ebayimg.com/00/s/MTEyMVg4Mjc=/z/vU0AAeSwSoNqNIWG/$_12.JPG?set_id=880000500F
  FAILED (Failure): ['Listing violates the Duplicate Listing policy.']

  Card: 2025 Panini Donruss Optic Jayden Daniels Commanders Football
  Image: card_8.jpg  Price: $3.99
  Uploading image to eBay EPS...
  Picture URL: https://i.ebayimg.com/00/s/MTEyMVg4Mjc=/z/4tAAAeSwT9VqNIWJ/$_12.JPG?set_id=880000500F
  FAILED (Failure): ['Listing violates the Duplicate Listing policy.']

  Card: 2025 Panini Donruss Optic Emeka Egbuka Rated Rookie RC Tampa
  Image: card_9.jpg  Price: $4.99
  Uploading image to eBay EPS...
  Picture URL: https://i.ebayimg.com/00/s/MTEyMVg4Mjc=/z/4OkAAeSwNUBqNIWL/$_12.JPG?set_id=880000500F
  FAILED (Failure): ['Listing violates the Duplicate Listing policy.']

Done — 0/9 posted successfully.
===== BATCH 172 =====

  Card: 2025 Panini Phoenix Drake Maye Paragon New England Patriots 
  Image: card_1.jpg  Price: $7.99
  Uploading image to eBay EPS...
  Picture URL: https://i.ebayimg.com/00/s/MTEyMVg4Mjc=/z/7lIAAeSwFONqNIWO/$_12.JPG?set_id=880000500F
  FAILED (Failure): ['Listing violates the Duplicate Listing policy.']

  Card: 2025 Panini Donruss Optic Cameron Heyward Chain Reaction Ste
  Image: card_2.jpg  Price: $3.99
  Uploading image to eBay EPS...
  Picture URL: https://i.ebayimg.com/00/s/MTEyMVg4Mjc=/z/StgAAeSwS95qNIWR/$_12.JPG?set_id=880000500F
  FAILED (Failure): ['Listing violates the Duplicate Listing policy.']

  Card: 2025 Panini Donruss Optic Riley Leonard Blue Rated Rookie RC
  Image: card_3.jpg  Price: $4.99
  Uploading image to eBay EPS...
  Picture URL: https://i.ebayimg.com/00/s/MTEyMVg4Mjc=/z/MAcAAeSwcW9qNIWT/$_12.JPG?set_id=880000500F
  FAILED (Failure): ['Listing violates the Duplicate Listing policy.']

  Card: 2025 Panini Donruss Optic KeAndre Lambert-Smith Blue RC Char
  Image: card_4.jpg  Price: $3.99
  Uploading image to eBay EPS...
  Picture URL: https://i.ebayimg.com/00/s/MTEyMVg4Mjc=/z/A0AAAeSwh8lqNIWV/$_12.JPG?set_id=880000500F
  FAILED (Failure): ['Listing violates the Duplicate Listing policy.']

  Card: 2025 Panini Donruss Optic DeVon Achane Chain Reaction Miami 
  Image: card_5.jpg  Price: $3.99
  Uploading image to eBay EPS...
  Picture URL: https://i.ebayimg.com/00/s/MTEyMVg4Mjc=/z/8MEAAeSwubhqNIWY/$_12.JPG?set_id=880000500F
  FAILED (Failure): ['Listing violates the Duplicate Listing policy.']

  Card: 2025 Panini Donruss Optic Tre Harris Blue Rated Rookie RC Ch
  Image: card_6.jpg  Price: $3.99
  Uploading image to eBay EPS...
  Picture URL: https://i.ebayimg.com/00/s/MTEyMVg4Mjc=/z/UAoAAeSwSRNqNIWb/$_12.JPG?set_id=880000500F
  FAILED (Failure): ['Listing violates the Duplicate Listing policy.']

  Card: 2025 Panini Donruss Optic Pat Bryant Rookie Recruits RC Denv
  Image: card_7.jpg  Price: $3.99
  Uploading image to eBay EPS...
  Picture URL: https://i.ebayimg.com/00/s/MTEyMVg4Mjc=/z/VaoAAeSw0olqNIWe/$_12.JPG?set_id=880000500F
  FAILED (Failure): ['Listing violates the Duplicate Listing policy.']

  Card: 2025 Panini Donruss Optic Keon Coleman Josh Allen Best Buddi
  Image: card_8.jpg  Price: $5.99
  Uploading image to eBay EPS...
  Picture URL: https://i.ebayimg.com/00/s/MTEyMVg4Mjc=/z/-nkAAeSw9SNqNIWg/$_12.JPG?set_id=880000500F
  FAILED (Failure): ['Listing violates the Duplicate Listing policy.']

  Card: 2025 Panini Donruss Optic RJ Harvey Green Rated Rookie RC Br
  Image: card_9.jpg  Price: $4.99
  Uploading image to eBay EPS...
  Picture URL: https://i.ebayimg.com/00/s/MTEyMVg4Mjc=/z/4hgAAeSwBhJqNIWj/$_12.JPG?set_id=880000500F
  FAILED (Failure): ['Listing violates the Duplicate Listing policy.']

Done — 0/9 posted successfully.
===== BATCH 173 =====

  Card: 2025 Panini Donruss Optic Howie Long Orange 37/79 Raiders Fo
  Image: card_1.jpg  Price: $14.99
  Uploading image to eBay EPS...
  Picture URL: https://i.ebayimg.com/00/s/MTEyMVg4Mjc=/z/4r0AAeSwY3xqNIWm/$_12.JPG?set_id=880000500F
  FAILED (Failure): ['Listing violates the Duplicate Listing policy.']

  Card: 2025 Panini Donruss Optic Jaylin Lane Green Rated Rookie RC 
  Image: card_2.jpg  Price: $3.99
  Uploading image to eBay EPS...
  Picture URL: https://i.ebayimg.com/00/s/MTEyMVg4Mjc=/z/XXkAAeSw1fdqNIWo/$_12.JPG?set_id=880000500F
  FAILED (Failure): ['Listing violates the Duplicate Listing policy.']

  Card: 2025 Panini Donruss Optic Devin Neal Blue Rated Rookie RC Sa
  Image: card_3.jpg  Price: $2.99
  Uploading image to eBay EPS...
  Picture URL: https://i.ebayimg.com/00/s/MTEyMVg4Mjc=/z/7zAAAeSwav5qNIWr/$_12.JPG?set_id=880000500F
  FAILED (Failure): ['Listing violates the Duplicate Listing policy.']

  Card: 2025 Panini Donruss Optic Jimmy Horn Jr Green Rated Rookie R
  Image: card_4.jpg  Price: $2.99
  Uploading image to eBay EPS...
  Picture URL: https://i.ebayimg.com/00/s/MTEyMVg4Mjc=/z/8wsAAeSw6B9qNIWu/$_12.JPG?set_id=880000500F
  FAILED (Failure): ['Listing violates the Duplicate Listing policy.']

  Card: 2025 Panini Donruss Optic Trey Amos Green Rated Rookie RC Co
  Image: card_5.jpg  Price: $2.99
  Uploading image to eBay EPS...
  Picture URL: https://i.ebayimg.com/00/s/MTEyMVg4Mjc=/z/5pgAAeSwlhpqNIWx/$_12.JPG?set_id=880000500F
  FAILED (Failure): ['Listing violates the Duplicate Listing policy.']

  Card: 2025 Panini Donruss Optic James Pearce Jr Blue Rated Rookie 
  Image: card_6.jpg  Price: $3.99
  Uploading image to eBay EPS...
  Picture URL: https://i.ebayimg.com/00/s/MTEyMVg4Mjc=/z/oDsAAeSwwsJqNIWz/$_12.JPG?set_id=880000500F
  FAILED (Failure): ['Listing violates the Duplicate Listing policy.']

  Card: 2025 Panini Donruss Optic Tyler Shough Green Rated Rookie RC
  Image: card_7.jpg  Price: $2.99
  Uploading image to eBay EPS...
  Picture URL: https://i.ebayimg.com/00/s/MTEyMVg4Mjc=/z/8CUAAeSwHJ5qNIW2/$_12.JPG?set_id=880000500F
  Ack: Success  ItemID: 307010709250
  Live: https://www.ebay.com/itm/307010709250

  Card: 2025 Panini Donruss Optic Jackson Hawes Blue Rated Rookie RC
  Image: card_8.jpg  Price: $2.99
  Uploading image to eBay EPS...
  Picture URL: https://i.ebayimg.com/00/s/MTEyMVg4Mjc=/z/5CIAAeSwlmBqNIW7/$_12.JPG?set_id=880000500F
  FAILED (Failure): ['Listing violates the Duplicate Listing policy.']

  Card: 2025 Panini Donruss Optic Tai Felton Green Rated Rookie RC V
  Image: card_9.jpg  Price: $2.99
  Uploading image to eBay EPS...
  Picture URL: https://i.ebayimg.com/00/s/MTEyMVg4Mjc=/z/34cAAeSwg5NqNIW-/$_12.JPG?set_id=880000500F
  FAILED (Failure): ['Listing violates the Duplicate Listing policy.']

Done — 1/9 posted successfully.
===== BATCH 174 =====

  Card: 2025 Panini Prizm Tyreek Hill Purple Miami Dolphins Football
  Image: card_2.jpg  Price: $9.99
  Uploading image to eBay EPS...
  Picture URL: https://i.ebayimg.com/00/s/MTEyMVg4Mjc=/z/6coAAeSw9mVqNIXC/$_12.JPG?set_id=880000500F
  FAILED (Failure): ['Listing violates the Duplicate Listing policy.']

  Card: 2025 Panini Prizm Tyler Warren RC Indianapolis Colts Footbal
  Image: card_6.jpg  Price: $6.99
  BLOCKED: live listing 307007015355 already has this title ($3.99). Re-run with --force to post anyway.

  Card: 2025 Panini Prizm Emeka Egbuka Purple RC Tampa Bay Buccaneer
  Image: card_8.jpg  Price: $5.99
  Uploading image to eBay EPS...
  Picture URL: https://i.ebayimg.com/00/s/MTEyMVg4Mjc=/z/8r8AAeSwYkxqNIXF/$_12.JPG?set_id=880000500F
  FAILED (Failure): ['Listing violates the Duplicate Listing policy.']

  Card: 2025 Panini Prizm Will Johnson Purple RC Arizona Cardinals F
  Image: card_9.jpg  Price: $5.99
  Uploading image to eBay EPS...
  Picture URL: https://i.ebayimg.com/00/s/MTEyMVg4Mjc=/z/GjMAAeSw4rJqNIXK/$_12.JPG?set_id=880000500F
  FAILED (Failure): ['Listing violates the Duplicate Listing policy.']

  Card: 2025 Panini Prizm Luther Burden III Emergent RC Chicago Bear
  Image: card_3.jpg  Price: $4.99
  Uploading image to eBay EPS...
  Picture URL: https://i.ebayimg.com/00/s/MTEyMVg4Mjc=/z/dlwAAeSw2bRqNIXM/$_12.JPG?set_id=880000500F
  FAILED (Failure): ['Listing violates the Duplicate Listing policy.']

  Card: 2025 Panini Prizm Tyler Booker Purple RC Dallas Cowboys Foot
  Image: card_5.jpg  Price: $3.99
  Uploading image to eBay EPS...
  Picture URL: https://i.ebayimg.com/00/s/MTEyMVg4Mjc=/z/GkoAAeSwcRJqNIXP/$_12.JPG?set_id=880000500F
  FAILED (Failure): ['Listing violates the Duplicate Listing policy.']

  Card: 2025 Panini Prizm Chase Brown Purple Cincinnati Bengals Foot
  Image: card_7.jpg  Price: $3.99
  Uploading image to eBay EPS...
  Picture URL: https://i.ebayimg.com/00/s/MTEyMVg4Mjc=/z/9Z4AAeSw-ghqNIXS/$_12.JPG?set_id=880000500F
  FAILED (Failure): ['Listing violates the Duplicate Listing policy.']

  Card: 2025 Panini Prizm Terrance Ferguson Purple RC Los Angeles Ra
  Image: card_4.jpg  Price: $3.99
  Uploading image to eBay EPS...
  Picture URL: https://i.ebayimg.com/00/s/MTEyMVg4Mjc=/z/wg8AAeSwbtlqNIXV/$_12.JPG?set_id=880000500F
  FAILED (Failure): ['Listing violates the Duplicate Listing policy.']

  Card: 2025 Panini Prizm LJarius Sneed Purple Tennessee Titans Foot
  Image: card_1.jpg  Price: $3.99
  Uploading image to eBay EPS...
  Picture URL: https://i.ebayimg.com/00/s/MTEyMVg4Mjc=/z/6IcAAeSwLodqNIXX/$_12.JPG?set_id=880000500F
  FAILED (Failure): ['Listing violates the Duplicate Listing policy.']

Done — 0/9 posted successfully.
===== BATCH 175 =====

  Card: 2025 Panini Donruss Threads Christian McCaffrey Relic 49ers 
  Image: card_2.jpg  Price: $24.99
  Uploading image to eBay EPS...
  Picture URL: https://i.ebayimg.com/00/s/MTEyMVg4Mjc=/z/Du4AAeSwq1dqNIXb/$_12.JPG?set_id=880000500F
  FAILED (Failure): ['Listing violates the Duplicate Listing policy.']

  Card: 2025 Panini Prizm Malaki Starks Rookie Gear RC Jersey Relic 
  Image: card_4.jpg  Price: $12.99
  Uploading image to eBay EPS...
  Picture URL: https://i.ebayimg.com/00/s/MTEyMVg4Mjc=/z/LlAAAeSwtAZqNIXd/$_12.JPG?set_id=880000500F
  FAILED (Failure): ['Listing violates the Duplicate Listing policy.']

  Card: 2025 Panini Optic Mason Taylor First Year Fresh RC Relic Jet
  Image: card_1.jpg  Price: $11.99
  Uploading image to eBay EPS...
  Picture URL: https://i.ebayimg.com/00/s/MTEyMVg4Mjc=/z/6P8AAeSwnCNqNIXg/$_12.JPG?set_id=880000500F
  FAILED (Failure): ['Listing violates the Duplicate Listing policy.']

  Card: 2025 Panini Prizm Shemar Stewart Rookie Gear RC Jersey Relic
  Image: card_5.jpg  Price: $7.99
  Uploading image to eBay EPS...
  Picture URL: https://i.ebayimg.com/00/s/MTEyMVg4Mjc=/z/X7MAAeSwmWhqNIXj/$_12.JPG?set_id=880000500F
  FAILED (Failure): ['Listing violates the Duplicate Listing policy.']

  Card: 2025 Panini Prizm Marshall Faulk Purple Indianapolis Colts F
  Image: card_8.jpg  Price: $6.99
  Uploading image to eBay EPS...
  Picture URL: https://i.ebayimg.com/00/s/MTEyMVg4Mjc=/z/TmUAAeSwFNhqNIXm/$_12.JPG?set_id=880000500F
  FAILED (Failure): ['Listing violates the Duplicate Listing policy.']

  Card: 2025 Panini Prizm Brashard Smith Purple RC Kansas City Chief
  Image: card_6.jpg  Price: $3.99
  Uploading image to eBay EPS...
  Picture URL: https://i.ebayimg.com/00/s/MTEyMVg4Mjc=/z/6u8AAeSw9mVqNIXo/$_12.JPG?set_id=880000500F
  FAILED (Failure): ['Listing violates the Duplicate Listing policy.']

  Card: 2025 Panini Prizm Pat Bryant Purple RC Denver Broncos Footba
  Image: card_3.jpg  Price: $3.99
  Uploading image to eBay EPS...
  Picture URL: https://i.ebayimg.com/00/s/MTEyMVg4Mjc=/z/TEUAAeSwA8BqNIXr/$_12.JPG?set_id=880000500F
  FAILED (Failure): ['Listing violates the Duplicate Listing policy.']

  Card: 2025 Panini Prizm Jamien Sherwood Purple New York Jets Footb
  Image: card_7.jpg  Price: $2.99
  Uploading image to eBay EPS...
  Picture URL: https://i.ebayimg.com/00/s/MTEyMVg4Mjc=/z/454AAeSwfyZqNIXu/$_12.JPG?set_id=880000500F
  FAILED (Failure): ['Listing violates the Duplicate Listing policy.']

  Card: 2025 Panini Prizm James Conner Purple Arizona Cardinals Foot
  Image: card_9.jpg  Price: $2.99
  Uploading image to eBay EPS...
  Picture URL: https://i.ebayimg.com/00/s/MTEyMVg4Mjc=/z/6Y4AAeSw~DVqNIXw/$_12.JPG?set_id=880000500F
  FAILED (Failure): ['Listing violates the Duplicate Listing policy.']

Done — 0/9 posted successfully.
===== BATCH 176 =====

  Card: 2025 Topps Signature Class Caleb Williams Round 1 Pick 1 Chi
  Image: card_1.jpg  Price: $2.99
  BLOCKED: live listing 306999683861 already has this title ($2.0). Re-run with --force to post anyway.

  Card: 2025 Topps Signature Class Brock Purdy Round 7 Pick 41 San F
  Image: card_2.jpg  Price: $3.99
  Uploading image to eBay EPS...
  Picture URL: https://i.ebayimg.com/00/s/MTExOFg4MjY=/z/YKUAAeSwEiJqNIX0/$_12.JPG?set_id=880000500F
  FAILED (Failure): ['Listing violates the Duplicate Listing policy.']

  Card: 2024 Panini Select CJ Stroud Houston Texans Football
  Image: card_3.jpg  Price: $3.99
  Uploading image to eBay EPS...
  Picture URL: https://i.ebayimg.com/00/s/MTExOFg4MjY=/z/GWgAAeSwNk5qNIX2/$_12.JPG?set_id=880000500F
  FAILED (Failure): ['Listing violates the Duplicate Listing policy.']

  Card: 2025 Topps Signature Class Brock Purdy Round 7 Pick 41 San F
  Image: card_4.jpg  Price: $3.99
  Uploading image to eBay EPS...
  Picture URL: https://i.ebayimg.com/00/s/MTExOFg4MjY=/z/MRcAAeSwMWtqNIX4/$_12.JPG?set_id=880000500F
  FAILED (Failure): ['Listing violates the Duplicate Listing policy.']

  Card: 2025 Topps Signature Class Puka Nacua Round 5 Pick 42 Los An
  Image: card_5.jpg  Price: $2.99
  Uploading image to eBay EPS...
  Picture URL: https://i.ebayimg.com/00/s/MTExOFg4MjY=/z/Tl4AAeSwS95qNIX7/$_12.JPG?set_id=880000500F
  FAILED (Failure): ['Listing violates the Duplicate Listing policy.']

  Card: 2024 Panini Select George Kittle Club Level San Francisco 49
  Image: card_6.jpg  Price: $5.99
  Uploading image to eBay EPS...
  Picture URL: https://i.ebayimg.com/00/s/MTExOFg4MjY=/z/3ikAAeSwQhRqNIX-/$_12.JPG?set_id=880000500F
  FAILED (Failure): ['Listing violates the Duplicate Listing policy.']

  Card: 2025 Topps Signature Class George Kittle Round 5 San Francis
  Image: card_7.jpg  Price: $3.99
  Uploading image to eBay EPS...
  Picture URL: https://i.ebayimg.com/00/s/MTExOFg4MjY=/z/4iEAAeSwmkpqNIYB/$_12.JPG?set_id=880000500F
  FAILED (Failure): ['Listing violates the Duplicate Listing policy.']

  Card: 2025 Topps Signature Class Omarion Hampton RC Round 1 Pick 2
  Image: card_8.jpg  Price: $2.99
  Uploading image to eBay EPS...
  Picture URL: https://i.ebayimg.com/00/s/MTExOFg4MjY=/z/abwAAeSwmqxqNIYD/$_12.JPG?set_id=880000500F
  FAILED (Failure): ['Listing violates the Duplicate Listing policy.']

  Card: 2024 Panini Select Caleb Williams Numbers RC Chicago Bears F
  Image: card_9.jpg  Price: $5.99
  Uploading image to eBay EPS...
  Picture URL: https://i.ebayimg.com/00/s/MTExOFg4MjY=/z/miwAAeSwSHJqNIYG/$_12.JPG?set_id=880000500F
  FAILED (Failure): ['Listing violates the Duplicate Listing policy.']

Done — 0/9 posted successfully.
===== BATCH 177 =====

  Card: 2025 Topps Signature Class Ja'Marr Chase Round 1 Pick 5 Cinc
  Image: card_1.jpg  Price: $3.99
  Uploading image to eBay EPS...
  Picture URL: https://i.ebayimg.com/00/s/MTExOFg4MjY=/z/KVgAAeSwag5qNIYJ/$_12.JPG?set_id=880000500F
  FAILED (Failure): ['Listing violates the Duplicate Listing policy.']

  Card: 2025 Topps Signature Class Tyreek Hill Round 5 Pick 26 Miami
  Image: card_2.jpg  Price: $3.99
  Uploading image to eBay EPS...
  Picture URL: https://i.ebayimg.com/00/s/MTExOFg4MjY=/z/IOAAAeSwvBFqNIYL/$_12.JPG?set_id=880000500F
  FAILED (Failure): ['Listing violates the Duplicate Listing policy.']

  Card: 2025 Topps Signature Class Shedeur Sanders RC Round 1 Pick 5
  Image: card_3.jpg  Price: $3.99
  Uploading image to eBay EPS...
  Picture URL: https://i.ebayimg.com/00/s/MTExOFg4MjY=/z/GlkAAeSwFatqNIYO/$_12.JPG?set_id=880000500F
  FAILED (Failure): ['Listing violates the Duplicate Listing policy.']

  Card: 2025 Topps Signature Class Lamar Jackson Round 1 Pick 32 Bal
  Image: card_4.jpg  Price: $3.99
  Uploading image to eBay EPS...
  Picture URL: https://i.ebayimg.com/00/s/MTExOFg4MjY=/z/2TMAAeSwUCdqNIYQ/$_12.JPG?set_id=880000500F
  FAILED (Failure): ['Listing violates the Duplicate Listing policy.']

  Card: 2025 Topps Signature Class Emeka Egbuka RC Round 1 Pick 19 T
  Image: card_5.jpg  Price: $3.99
  Uploading image to eBay EPS...
  Picture URL: https://i.ebayimg.com/00/s/MTExOFg4MjY=/z/UW4AAeSwUMpqNIYS/$_12.JPG?set_id=880000500F
  FAILED (Failure): ['Listing violates the Duplicate Listing policy.']

  Card: 2025 Topps Signature Class Brian Thomas Jr RC Round 1 Pick 2
  Image: card_6.jpg  Price: $3.99
  Uploading image to eBay EPS...
  Picture URL: https://i.ebayimg.com/00/s/MTExOFg4MjY=/z/9qwAAeSwQjhqNIYU/$_12.JPG?set_id=880000500F
  FAILED (Failure): ['Listing violates the Duplicate Listing policy.']

  Card: 2025 Topps Signature Class George Kittle Round 5 San Francis
  Image: card_7.jpg  Price: $3.99
  Uploading image to eBay EPS...
  Picture URL: https://i.ebayimg.com/00/s/MTExOFg4MjY=/z/uVEAAeSw1cZqNIYX/$_12.JPG?set_id=880000500F
  FAILED (Failure): ['Listing violates the Duplicate Listing policy.']

  Card: 2025 Topps Signature Class Patrick Mahomes Round 1 Pick 10 K
  Image: card_8.jpg  Price: $3.99
  Uploading image to eBay EPS...
  Picture URL: https://i.ebayimg.com/00/s/MTExOFg4MjY=/z/~8kAAeSwfyhqNIYZ/$_12.JPG?set_id=880000500F
  FAILED (Failure): ['Listing violates the Duplicate Listing policy.']

  Card: 2025 Topps Signature Class Puka Nacua Round 5 Pick 42 Los An
  Image: card_9.jpg  Price: $2.99
  Uploading image to eBay EPS...
  Picture URL: https://i.ebayimg.com/00/s/MTExOFg4MjY=/z/9yUAAeSw~4xqNIYc/$_12.JPG?set_id=880000500F
  FAILED (Failure): ['Listing violates the Duplicate Listing policy.']

Done — 0/9 posted successfully.
===== BATCH 178 =====

  Card: 2025 Topps Signature Class Jayden Daniels RC Round 1 Pick 2 
  Image: card_1.jpg  Price: $3.99
  Uploading image to eBay EPS...
  Picture URL: https://i.ebayimg.com/00/s/MTExOFg4MjY=/z/BywAAeSwh8lqNIYf/$_12.JPG?set_id=880000500F
  FAILED (Failure): ['Listing violates the Duplicate Listing policy.']

  Card: 2025 Topps Signature Class Ja'Marr Chase Round 1 Pick 5 Cinc
  Image: card_2.jpg  Price: $3.99
  Uploading image to eBay EPS...
  Picture URL: https://i.ebayimg.com/00/s/MTExOFg4MjY=/z/VkMAAeSw4VlqNIYh/$_12.JPG?set_id=880000500F
  FAILED (Failure): ['Listing violates the Duplicate Listing policy.']

  Card: 2025 Topps Signature Class Brock Purdy Round 7 Pick 41 San F
  Image: card_3.jpg  Price: $3.99
  Uploading image to eBay EPS...
  Picture URL: https://i.ebayimg.com/00/s/MTExOFg4MjY=/z/2-cAAeSwE99qNIYk/$_12.JPG?set_id=880000500F
  FAILED (Failure): ['Listing violates the Duplicate Listing policy.']

  Card: 2025 Topps Signature Class Lamar Jackson Round 1 Pick 32 Bal
  Image: card_4.jpg  Price: $3.99
  Uploading image to eBay EPS...
  Picture URL: https://i.ebayimg.com/00/s/MTExOFg4MjY=/z/IY8AAeSwvBFqNIYm/$_12.JPG?set_id=880000500F
  FAILED (Failure): ['Listing violates the Duplicate Listing policy.']

  Card: 2025 Topps Signature Class Jayden Daniels RC Round 1 Pick 2 
  Image: card_5.jpg  Price: $3.99
  Uploading image to eBay EPS...
  Picture URL: https://i.ebayimg.com/00/s/MTExOFg4MjY=/z/4EsAAeSwfEFqNIYp/$_12.JPG?set_id=880000500F
  FAILED (Failure): ['Listing violates the Duplicate Listing policy.']

  Card: 2025 Topps Signature Class Justin Jefferson Round 1 Pick 22 
  Image: card_6.jpg  Price: $3.99
  Uploading image to eBay EPS...
  Picture URL: https://i.ebayimg.com/00/s/MTExOFg4MjY=/z/VpIAAeSw4VlqNIYr/$_12.JPG?set_id=880000500F
  FAILED (Failure): ['Listing violates the Duplicate Listing policy.']

  Card: 2025 Topps Signature Class CJ Stroud Round 1 Pick 2 Houston 
  Image: card_7.jpg  Price: $3.99
  BLOCKED: live listing 307007016400 already has this title ($3.99). Re-run with --force to post anyway.

  Card: 2025 Topps Signature Class Patrick Mahomes Round 1 Pick 10 K
  Image: card_8.jpg  Price: $3.99
  Uploading image to eBay EPS...
  Picture URL: https://i.ebayimg.com/00/s/MTExOFg4MjY=/z/gfkAAeSwp-1qNIYv/$_12.JPG?set_id=880000500F
  FAILED (Failure): ['Listing violates the Duplicate Listing policy.']

  Card: 2025 Topps Signature Class Ashton Jeanty RC Round 1 Pick 6 L
  Image: card_9.jpg  Price: $3.99
  Uploading image to eBay EPS...
  Picture URL: https://i.ebayimg.com/00/s/MTExOFg4MjY=/z/e7oAAeSw7V9qNIYy/$_12.JPG?set_id=880000500F
  FAILED (Failure): ['Listing violates the Duplicate Listing policy.']

Done — 0/9 posted successfully.
===== BATCH 179 =====

  Card: 2025 Topps Signature Class Jackson Hawes RC Auto /100 Buffal
  Image: card_1.jpg  Price: $34.99
  Uploading image to eBay EPS...
  Picture URL: https://i.ebayimg.com/00/s/MTEyMlg4MDU=/z/9p8AAeSwYkxqNIY1/$_12.JPG?set_id=880000500F
  FAILED (Failure): ['Listing violates the Duplicate Listing policy.']

  Card: 2025 Topps Signature Class Zach Ertz Teal 225/225 Washington
  Image: card_2.jpg  Price: $3.99
  NOTE: title shows serial /225 but price is under $10 — confirm this numbered card isn't underpriced.
  Uploading image to eBay EPS...
  Picture URL: https://i.ebayimg.com/00/s/MTEyMlg4MDU=/z/DcsAAeSw9AZqNIY4/$_12.JPG?set_id=880000500F
  FAILED (Failure): ['Listing violates the Duplicate Listing policy.']

  Card: 2025 Topps Signature Class Class Action Jayden Daniels RC Wa
  Image: card_3.jpg  Price: $4.99
  Uploading image to eBay EPS...
  Picture URL: https://i.ebayimg.com/00/s/MTEyMlg4MDU=/z/YekAAeSw0Q9qNIY6/$_12.JPG?set_id=880000500F
  FAILED (Failure): ['Listing violates the Duplicate Listing policy.']

  Card: 2025 Topps Signature Class The Pick George Kittle San Franci
  Image: card_4.jpg  Price: $4.99
  Uploading image to eBay EPS...
  Picture URL: https://i.ebayimg.com/00/s/MTEyMlg4MDU=/z/QZMAAeSw9SlqNIY8/$_12.JPG?set_id=880000500F
  FAILED (Failure): ['Listing violates the Duplicate Listing policy.']

  Card: 2025 Topps Signature Class George Kittle Round 5 San Francis
  Image: card_5.jpg  Price: $3.99
  Uploading image to eBay EPS...
  Picture URL: https://i.ebayimg.com/00/s/MTEyMlg4MDU=/z/2PgAAeSwPYBqNIY~/$_12.JPG?set_id=880000500F
  FAILED (Failure): ['Listing violates the Duplicate Listing policy.']

  Card: 2025 Topps Signature Class Tony Pollard Fractal 118/275 Tenn
  Image: card_6.jpg  Price: $5.99
  NOTE: title shows serial /275 but price is under $10 — confirm this numbered card isn't underpriced.
  Uploading image to eBay EPS...
  Picture URL: https://i.ebayimg.com/00/s/MTEyMlg4MDU=/z/a4YAAeSwmqxqNIZB/$_12.JPG?set_id=880000500F
  FAILED (Failure): ['Listing violates the Duplicate Listing policy.']

  Card: 2025 Topps Signature Class Total Touchdowns Josh Jacobs Gree
  Image: card_7.jpg  Price: $3.99
  Uploading image to eBay EPS...
  Picture URL: https://i.ebayimg.com/00/s/MTEyMlg4MDU=/z/ky0AAeSwBZ1qNIZD/$_12.JPG?set_id=880000500F
  FAILED (Failure): ['Listing violates the Duplicate Listing policy.']

  Card: 2025 Topps Signature Class The Pick Malaki Starks RC Baltimo
  Image: card_8.jpg  Price: $4.99
  Uploading image to eBay EPS...
  Picture URL: https://i.ebayimg.com/00/s/MTEyMlg4MDU=/z/6LMAAeSwuPNqNIZG/$_12.JPG?set_id=880000500F
  FAILED (Failure): ['Listing violates the Duplicate Listing policy.']

  Card: 2025 Topps Signature Class In Session Marvin Harrison Jr RC 
  Image: card_9.jpg  Price: $5.99
  Uploading image to eBay EPS...
  Picture URL: https://i.ebayimg.com/00/s/MTEyMlg4MDU=/z/-qsAAeSw6zxqNIZI/$_12.JPG?set_id=880000500F
  FAILED (Failure): ['Listing violates the Duplicate Listing policy.']

Done — 0/9 posted successfully.
===== BATCH 180 =====

  Card: 2025 Topps Signature Class CeeDee Lamb Round 1 Pick 17 Dalla
  Image: card_1.jpg  Price: $3.99
  Uploading image to eBay EPS...
  Picture URL: https://i.ebayimg.com/00/s/MTEyMVg4Mjc=/z/VR4AAeSwBO5qNIZL/$_12.JPG?set_id=880000500F
  FAILED (Failure): ['Listing violates the Duplicate Listing policy.']

  Card: 2024 Panini Select Justin Jefferson Numbers Minnesota Viking
  Image: card_2.jpg  Price: $6.99
  Uploading image to eBay EPS...
  Picture URL: https://i.ebayimg.com/00/s/MTEyMVg4Mjc=/z/9zcAAeSwlv5qNIZO/$_12.JPG?set_id=880000500F
  FAILED (Failure): ['Listing violates the Duplicate Listing policy.']

  Card: 2024 Panini Select Josh Allen Turbocharged Buffalo Bills Foo
  Image: card_3.jpg  Price: $5.99
  Uploading image to eBay EPS...
  Picture URL: https://i.ebayimg.com/00/s/MTEyMVg4Mjc=/z/7MMAAeSwkvJqNIZQ/$_12.JPG?set_id=880000500F
  FAILED (Failure): ['Listing violates the Duplicate Listing policy.']

  Card: 2025 Topps Signature Class Drake Maye RC Round 1 Pick 3 New 
  Image: card_4.jpg  Price: $3.99
  Uploading image to eBay EPS...
  Picture URL: https://i.ebayimg.com/00/s/MTEyMVg4Mjc=/z/93cAAeSw7uhqNIZS/$_12.JPG?set_id=880000500F
  FAILED (Failure): ['Listing violates the Duplicate Listing policy.']

  Card: 2025 Panini Donruss Optic George Kittle San Francisco 49ers 
  Image: card_5.jpg  Price: $3.99
  Uploading image to eBay EPS...
  Picture URL: https://i.ebayimg.com/00/s/MTEyMVg4Mjc=/z/508AAeSwp91qNIZV/$_12.JPG?set_id=880000500F
  FAILED (Failure): ['Listing violates the Duplicate Listing policy.']

  Card: 2024 Panini Select Brock Purdy Numbers San Francisco 49ers F
  Image: card_6.jpg  Price: $5.99
  Uploading image to eBay EPS...
  Picture URL: https://i.ebayimg.com/00/s/MTEyMVg4Mjc=/z/FBEAAeSw6MZqNIZX/$_12.JPG?set_id=880000500F
  FAILED (Failure): ['Listing violates the Duplicate Listing policy.']

  Card: 2025 Panini Donruss Optic Myles Garrett Cleveland Browns Foo
  Image: card_7.jpg  Price: $2.99
  Uploading image to eBay EPS...
  Picture URL: https://i.ebayimg.com/00/s/MTEyMVg4Mjc=/z/4NgAAeSwkEFqNIZa/$_12.JPG?set_id=880000500F
  FAILED (Failure): ['Listing violates the Duplicate Listing policy.']

  Card: 2024 Panini Select Joe Burrow Turbocharged Cincinnati Bengal
  Image: card_8.jpg  Price: $4.99
  Uploading image to eBay EPS...
  Picture URL: https://i.ebayimg.com/00/s/MTEyMVg4Mjc=/z/rzMAAeSwIVVqNIZc/$_12.JPG?set_id=880000500F
  FAILED (Failure): ['Listing violates the Duplicate Listing policy.']

  Card: 2024 Panini Select Jaylen Waddle Miami Dolphins Football
  Image: card_9.jpg  Price: $3.99
  Uploading image to eBay EPS...
  Picture URL: https://i.ebayimg.com/00/s/MTEyMVg4Mjc=/z/BLcAAeSw9XlqNIZf/$_12.JPG?set_id=880000500F
  FAILED (Failure): ['Listing violates the Duplicate Listing policy.']

Done — 0/9 posted successfully.
===== BATCH 181 =====

  Card: 2024 Panini Select Willie Gault Auto Chicago Bears Football
  Image: card_1.jpg  Price: $14.99
  Uploading image to eBay EPS...
  Picture URL: https://i.ebayimg.com/00/s/MTEyMVg4Mjc=/z/2aQAAeSwWW5qNIZi/$_12.JPG?set_id=880000500F
  FAILED (Failure): ['Listing violates the Duplicate Listing policy.']

  Card: 2024 Panini Select Jayden Daniels RC Washington Commanders F
  Image: card_2.jpg  Price: $3.99
  Uploading image to eBay EPS...
  Picture URL: https://i.ebayimg.com/00/s/MTEyMVg4Mjc=/z/5T0AAeSwqV1qNIZk/$_12.JPG?set_id=880000500F
  FAILED (Failure): ['Listing violates the Duplicate Listing policy.']

  Card: 2024 Panini Select Drake Maye RC New England Patriots Footba
  Image: card_3.jpg  Price: $3.99
  Uploading image to eBay EPS...
  Picture URL: https://i.ebayimg.com/00/s/MTEyMVg4Mjc=/z/ZxcAAeSwMs1qNIZn/$_12.JPG?set_id=880000500F
  Ack: Success  ItemID: 307010713867
  Live: https://www.ebay.com/itm/307010713867

  Card: 2024 Panini Select Jaylen Waddle Numbers Miami Dolphins Foot
  Image: card_4.jpg  Price: $4.99
  Uploading image to eBay EPS...
  Picture URL: https://i.ebayimg.com/00/s/MTEyMVg4Mjc=/z/bKUAAeSwmqxqNIZq/$_12.JPG?set_id=880000500F
  FAILED (Failure): ['Listing violates the Duplicate Listing policy.']

  Card: 2024 Panini Select Derrick Henry Baltimore Ravens Football
  Image: card_5.jpg  Price: $3.99
  Uploading image to eBay EPS...
  Picture URL: https://i.ebayimg.com/00/s/MTEyMVg4Mjc=/z/7hAAAeSwBsFqNIZs/$_12.JPG?set_id=880000500F
  FAILED (Failure): ['Listing violates the Duplicate Listing policy.']

  Card: 2024 Panini Select CJ Stroud Houston Texans Football
  Image: card_6.jpg  Price: $3.99
  Uploading image to eBay EPS...
  Picture URL: https://i.ebayimg.com/00/s/MTEyMVg4Mjc=/z/~gIAAeSwkfRqNIZv/$_12.JPG?set_id=880000500F
  FAILED (Failure): ['Listing violates the Duplicate Listing policy.']

  Card: 2024 Panini Select Josh Allen Buffalo Bills Football
  Image: card_7.jpg  Price: $3.99
  Uploading image to eBay EPS...
  Picture URL: https://i.ebayimg.com/00/s/MTEyMVg4Mjc=/z/ZJYAAeSwzm9qNIZx/$_12.JPG?set_id=880000500F
  FAILED (Failure): ['Listing violates the Duplicate Listing policy.']

  Card: 2024 Panini Select George Kittle San Francisco 49ers Footbal
  Image: card_8.jpg  Price: $3.99
  Uploading image to eBay EPS...
  Picture URL: https://i.ebayimg.com/00/s/MTEyMVg4Mjc=/z/8G4AAeSwwlRqNIZ0/$_12.JPG?set_id=880000500F
  FAILED (Failure): ['Listing violates the Duplicate Listing policy.']

  Card: 2024 Panini Select Future CJ Stroud Houston Texans Football
  Image: card_9.jpg  Price: $3.99
  Uploading image to eBay EPS...
  Picture URL: https://i.ebayimg.com/00/s/MTEyMVg4Mjc=/z/LYMAAeSwC1pqNIZ2/$_12.JPG?set_id=880000500F
  FAILED (Failure): ['Listing violates the Duplicate Listing policy.']

Done — 1/9 posted successfully.
===== BATCH 182 =====
