===== site refresh 2026-06-22 18:29:59 EDT =====
From https://github.com/fivetran-jasonchletsos/jason_chletsos_ebay_lots
 * branch                main       -> FETCH_HEAD
   76dbdb441..73b0561ff  main       -> origin/main
Created autostash: d3ef13bf2
Rebasing (1/8)Rebasing (2/8)Rebasing (3/8)Rebasing (4/8)Rebasing (5/8)Rebasing (6/8)Rebasing (7/8)Rebasing (8/8)Applying autostash resulted in conflicts.
Your changes are safe in the stash.
You can run "git stash pop" or "git stash drop" at any time.
Successfully rebased and updated refs/heads/main.
  Fetching eBay access token...
  Calling GetMyeBaySelling...
  Fetched 2066 listings across 11 page(s)
  Wrote /Users/jason.chletsos/Documents/GitHub/jason_chletsos_ebay_lots/output/listings_snapshot.json (2066 listings)
  engine.html updated: 2,066 active · $9,862 · 222 sold
  stats.html regenerated
Done.
The following paths are ignored by one of your .gitignore files:
output/listings_snapshot.json
hint: Use -f if you really want to add them.
hint: Disable this message with "git config set advice.addIgnoredFile false"
error: Committing is not possible because you have unmerged files.
hint: Fix them up in the work tree, and then use 'git add/rm <file>'
hint: as appropriate to mark resolution and make a commit.
fatal: Exiting because of an unresolved conflict.
U	docs/cassini.html
U	docs/collect.html
U	docs/daily.html
U	docs/orders_watch.html
U	docs/orders_watch_plan.json
U	docs/photo_audit.html
U	docs/pokemon_news.html
U	docs/price_consistency.html
U	docs/price_drops.html
U	docs/relist.html
U	docs/repricing.html
U	docs/returns.html
U	docs/seller_hub.html
U	docs/top_sellers.html
U	docs/under_10.html
To https://github.com/fivetran-jasonchletsos/jason_chletsos_ebay_lots.git
   73b0561ff..30d7b8095  main -> main
pushed OK

